2025-12-19 11:00:02,571 - INFO - ============================================================
2025-12-19 11:00:02,572 - INFO - 자동 대시보드 업데이트 시작
2025-12-19 11:00:02,572 - INFO - 시작 시간: 2025-12-19 11:00:02
2025-12-19 11:00:02,572 - INFO - ============================================================
2025-12-19 11:00:02,586 - WARNING - 이메일 설정이 없어 알림을 전송하지 않습니다.
2025-12-19 11:00:02,586 - INFO - ============================================================
2025-12-19 11:00:02,586 - INFO - [1] SQL에서 CSV 생성 시작
2025-12-19 11:00:02,586 - INFO - ============================================================
2025-12-19 11:00:28,399 - INFO - SQL → CSV 생성 완료
2025-12-19 11:00:28,399 - INFO - None
2025-12-19 11:00:28,399 - INFO - ============================================================
2025-12-19 11:00:28,399 - INFO - [NON 시즌 처리 시작]
2025-12-19 11:00:28,399 - INFO - ============================================================
2025-12-19 11:00:28,400 - INFO - ============================================================
2025-12-19 11:00:28,400 - INFO - [NON 환율 CSV 생성] FX_NON.csv 생성 시작
2025-12-19 11:00:28,400 - INFO - ============================================================
2025-12-19 11:00:44,111 - INFO - FX_NON.csv 생성 완료
2025-12-19 11:00:44,111 - INFO - None
2025-12-19 11:00:44,111 - INFO - ============================================================
2025-12-19 11:00:44,111 - INFO - [NON CSV 생성] 25FW 시즌 CSV 생성 시작
2025-12-19 11:00:44,111 - INFO - ============================================================
2025-12-19 11:01:23,923 - INFO - 25FW NON 시즌 CSV 생성 완료
2025-12-19 11:01:23,923 - INFO - None
2025-12-19 11:01:23,923 - INFO - ============================================================
2025-12-19 11:01:23,923 - INFO - [NON SUMMARY 생성] 25FW 시즌 SUMMARY JSON 생성 시작
2025-12-19 11:01:23,923 - INFO - ============================================================
2025-12-19 11:01:23,924 - INFO - 
25FW NON 브랜드 M 처리 중...
2025-12-19 11:01:24,425 - INFO - 25FW NON 브랜드 M SUMMARY 생성 완료
2025-12-19 11:01:24,425 - INFO - 
25FW NON 브랜드 I 처리 중...
2025-12-19 11:01:24,825 - INFO - 25FW NON 브랜드 I SUMMARY 생성 완료
2025-12-19 11:01:24,825 - INFO - 
25FW NON 브랜드 X 처리 중...
2025-12-19 11:01:25,233 - INFO - 25FW NON 브랜드 X SUMMARY 생성 완료
2025-12-19 11:01:25,233 - INFO - 
25FW NON SUMMARY 생성 완료: 3/3
2025-12-19 11:01:25,233 - INFO - 25FW_NON 인사이트 생성 (규칙 기반)
2025-12-19 11:01:25,233 - INFO - ============================================================
2025-12-19 11:01:25,233 - INFO - [인사이트 생성] 25FW_NON 시즌 인사이트 CSV 생성 시작
2025-12-19 11:01:25,233 - INFO - ============================================================
2025-12-19 11:01:25,714 - INFO - 25FW_NON 인사이트 CSV 생성 완료
2025-12-19 11:01:25,715 - INFO - None
2025-12-19 11:01:25,715 - INFO - ============================================================
2025-12-19 11:01:25,715 - INFO - [NON CSV 생성] 26SS 시즌 CSV 생성 시작
2025-12-19 11:01:25,715 - INFO - ============================================================
2025-12-19 11:01:49,852 - INFO - 26SS NON 시즌 CSV 생성 완료
2025-12-19 11:01:49,856 - INFO - None
2025-12-19 11:01:49,856 - INFO - ============================================================
2025-12-19 11:01:49,856 - INFO - [NON SUMMARY 생성] 26SS 시즌 SUMMARY JSON 생성 시작
2025-12-19 11:01:49,856 - INFO - ============================================================
2025-12-19 11:01:49,857 - INFO - 
26SS NON 브랜드 M 처리 중...
2025-12-19 11:01:50,271 - INFO - 26SS NON 브랜드 M SUMMARY 생성 완료
2025-12-19 11:01:50,271 - INFO - 
26SS NON 브랜드 I 처리 중...
2025-12-19 11:01:50,768 - INFO - 26SS NON 브랜드 I SUMMARY 생성 완료
2025-12-19 11:01:50,768 - INFO - 
26SS NON 브랜드 X 처리 중...
2025-12-19 11:01:51,177 - INFO - 26SS NON 브랜드 X SUMMARY 생성 완료
2025-12-19 11:01:51,177 - INFO - 
26SS NON SUMMARY 생성 완료: 3/3
2025-12-19 11:01:51,177 - INFO - 26SS_NON 인사이트 생성 (규칙 기반)
2025-12-19 11:01:51,177 - INFO - ============================================================
2025-12-19 11:01:51,177 - INFO - [인사이트 생성] 26SS_NON 시즌 인사이트 CSV 생성 시작
2025-12-19 11:01:51,177 - INFO - ============================================================
2025-12-19 11:01:51,612 - INFO - 26SS_NON 인사이트 CSV 생성 완료
2025-12-19 11:01:51,612 - INFO - None
2025-12-19 11:01:51,612 - INFO - ============================================================
2025-12-19 11:01:51,612 - INFO - [NON CSV 생성] 26FW 시즌 CSV 생성 시작
2025-12-19 11:01:51,613 - INFO - ============================================================
2025-12-19 11:02:14,286 - INFO - 26FW NON 시즌 CSV 생성 완료
2025-12-19 11:02:14,287 - INFO - None
2025-12-19 11:02:14,287 - INFO - ============================================================
2025-12-19 11:02:14,288 - INFO - [NON SUMMARY 생성] 26FW 시즌 SUMMARY JSON 생성 시작
2025-12-19 11:02:14,288 - INFO - ============================================================
2025-12-19 11:02:14,289 - INFO - 
26FW NON 브랜드 M 처리 중...
2025-12-19 11:02:14,739 - INFO - 26FW NON 브랜드 M SUMMARY 생성 완료
2025-12-19 11:02:14,739 - INFO - 
26FW NON 브랜드 I 처리 중...
2025-12-19 11:02:15,159 - INFO - 26FW NON 브랜드 I SUMMARY 생성 완료
2025-12-19 11:02:15,159 - INFO - 
26FW NON 브랜드 X 처리 중...
2025-12-19 11:02:15,593 - INFO - 26FW NON 브랜드 X SUMMARY 생성 완료
2025-12-19 11:02:15,593 - INFO - 
26FW NON SUMMARY 생성 완료: 3/3
2025-12-19 11:02:15,593 - INFO - 26FW_NON 인사이트 생성 (규칙 기반)
2025-12-19 11:02:15,594 - INFO - ============================================================
2025-12-19 11:02:15,594 - INFO - [인사이트 생성] 26FW_NON 시즌 인사이트 CSV 생성 시작
2025-12-19 11:02:15,594 - INFO - ============================================================
2025-12-19 11:02:16,043 - INFO - 26FW_NON 인사이트 CSV 생성 완료
2025-12-19 11:02:16,043 - INFO - None
2025-12-19 11:02:16,043 - INFO - ============================================================
2025-12-19 11:02:16,043 - INFO - [2] 25FW SUMMARY JSON 생성 시작
2025-12-19 11:02:16,043 - INFO - ============================================================
2025-12-19 11:02:16,043 - INFO - 
25FW 브랜드 M 처리 중...
2025-12-19 11:02:18,319 - INFO - 25FW 브랜드 M SUMMARY 생성 완료
2025-12-19 11:02:18,319 - INFO - 
25FW 브랜드 I 처리 중...
2025-12-19 11:02:19,105 - INFO - 25FW 브랜드 I SUMMARY 생성 완료
2025-12-19 11:02:19,105 - INFO - 
25FW 브랜드 X 처리 중...
2025-12-19 11:02:20,150 - INFO - 25FW 브랜드 X SUMMARY 생성 완료
2025-12-19 11:02:20,150 - INFO - 
25FW 브랜드 ST 처리 중...
2025-12-19 11:02:20,707 - INFO - 25FW 브랜드 ST SUMMARY 생성 완료
2025-12-19 11:02:20,707 - INFO - 
25FW 브랜드 V 처리 중...
2025-12-19 11:02:21,438 - INFO - 25FW 브랜드 V SUMMARY 생성 완료
2025-12-19 11:02:21,438 - INFO - 
25FW SUMMARY 생성 완료: 5/5
2025-12-19 11:02:21,438 - INFO - 25FW 인사이트 생성 (제외 브랜드: M, I, X)
2025-12-19 11:02:21,438 - INFO - ============================================================
2025-12-19 11:02:21,438 - INFO - [인사이트 생성] 25FW 시즌 인사이트 CSV 생성 시작
2025-12-19 11:02:21,438 - INFO - ============================================================
2025-12-19 11:02:21,846 - INFO - 25FW 인사이트 CSV 생성 완료
2025-12-19 11:02:21,846 - INFO - None
2025-12-19 11:02:21,846 - INFO - 25FW DISCOVERY-KIDS 인사이트 생성 (DISCOVERY 인사이트는 건드리지 않음)
2025-12-19 11:02:22,239 - INFO - 25FW DISCOVERY-KIDS 인사이트 생성 완료
2025-12-19 11:02:22,240 - INFO - None
2025-12-19 11:02:22,240 - INFO - 25SS 시즌 처리 (generate_summary_26ss.py 사용)
2025-12-19 11:02:22,240 - INFO - ============================================================
2025-12-19 11:02:22,242 - INFO - [3] 25SS SUMMARY JSON 생성 시작
2025-12-19 11:02:22,244 - INFO - ============================================================
2025-12-19 11:02:22,246 - INFO - 
25SS 브랜드 M 처리 중...
2025-12-19 11:02:24,634 - INFO - 25SS 브랜드 M SUMMARY 생성 완료
2025-12-19 11:02:24,634 - INFO - 
25SS 브랜드 I 처리 중...
2025-12-19 11:02:25,494 - INFO - 25SS 브랜드 I SUMMARY 생성 완료
2025-12-19 11:02:25,494 - INFO - 
25SS 브랜드 X 처리 중...
2025-12-19 11:02:26,593 - INFO - 25SS 브랜드 X SUMMARY 생성 완료
2025-12-19 11:02:26,593 - INFO - 
25SS 브랜드 ST 처리 중...
2025-12-19 11:02:27,207 - INFO - 25SS 브랜드 ST SUMMARY 생성 완료
2025-12-19 11:02:27,207 - INFO - 
25SS 브랜드 V 처리 중...
2025-12-19 11:02:28,136 - INFO - 25SS 브랜드 V SUMMARY 생성 완료
2025-12-19 11:02:28,136 - INFO - 
25SS SUMMARY 생성 완료: 5/5
2025-12-19 11:02:28,136 - INFO - 25SS 인사이트 생성 (규칙 기반)
2025-12-19 11:02:28,137 - INFO - ============================================================
2025-12-19 11:02:28,137 - INFO - [인사이트 생성] 25SS 시즌 인사이트 CSV 생성 시작
2025-12-19 11:02:28,137 - INFO - ============================================================
2025-12-19 11:02:28,590 - INFO - 25SS 인사이트 CSV 생성 완료
2025-12-19 11:02:28,590 - INFO - None
2025-12-19 11:02:28,590 - INFO - ============================================================
2025-12-19 11:02:28,590 - INFO - [3] 26SS SUMMARY JSON 생성 시작
2025-12-19 11:02:28,590 - INFO - ============================================================
2025-12-19 11:02:28,590 - INFO - 
26SS 브랜드 M 처리 중...
2025-12-19 11:02:30,956 - INFO - 26SS 브랜드 M SUMMARY 생성 완료
2025-12-19 11:02:30,956 - INFO - 
26SS 브랜드 I 처리 중...
2025-12-19 11:02:31,848 - INFO - 26SS 브랜드 I SUMMARY 생성 완료
2025-12-19 11:02:31,848 - INFO - 
26SS 브랜드 X 처리 중...
2025-12-19 11:02:32,711 - INFO - 26SS 브랜드 X SUMMARY 생성 완료
2025-12-19 11:02:32,711 - INFO - 
26SS 브랜드 ST 처리 중...
2025-12-19 11:02:33,309 - INFO - 26SS 브랜드 ST SUMMARY 생성 완료
2025-12-19 11:02:33,309 - INFO - 
26SS 브랜드 V 처리 중...
2025-12-19 11:02:33,835 - INFO - 26SS 브랜드 V SUMMARY 생성 완료
2025-12-19 11:02:33,835 - INFO - 
26SS SUMMARY 생성 완료: 5/5
2025-12-19 11:02:33,839 - INFO - 26SS 인사이트 생성 (규칙 기반)
2025-12-19 11:02:33,839 - INFO - ============================================================
2025-12-19 11:02:33,841 - INFO - [인사이트 생성] 26SS 시즌 인사이트 CSV 생성 시작
2025-12-19 11:02:33,843 - INFO - ============================================================
2025-12-19 11:02:34,303 - INFO - 26SS 인사이트 CSV 생성 완료
2025-12-19 11:02:34,303 - INFO - None
2025-12-19 11:02:34,303 - INFO - 26FW 시즌 처리 (generate_summary_26ss.py 사용)
2025-12-19 11:02:34,303 - INFO - ============================================================
2025-12-19 11:02:34,303 - INFO - [3] 26FW SUMMARY JSON 생성 시작
2025-12-19 11:02:34,304 - INFO - ============================================================
2025-12-19 11:02:34,304 - INFO - 
26FW 브랜드 M 처리 중...
2025-12-19 11:02:34,724 - INFO - 26FW 브랜드 M SUMMARY 생성 완료
2025-12-19 11:02:34,724 - INFO - 
26FW 브랜드 I 처리 중...
2025-12-19 11:02:35,100 - INFO - 26FW 브랜드 I SUMMARY 생성 완료
2025-12-19 11:02:35,100 - INFO - 
26FW 브랜드 X 처리 중...
2025-12-19 11:02:35,508 - INFO - 26FW 브랜드 X SUMMARY 생성 완료
2025-12-19 11:02:35,508 - INFO - 
26FW 브랜드 ST 처리 중...
2025-12-19 11:02:35,887 - INFO - 26FW 브랜드 ST SUMMARY 생성 완료
2025-12-19 11:02:35,888 - INFO - 
26FW 브랜드 V 처리 중...
2025-12-19 11:02:36,261 - INFO - 26FW 브랜드 V SUMMARY 생성 완료
2025-12-19 11:02:36,261 - INFO - 
26FW SUMMARY 생성 완료: 5/5
2025-12-19 11:02:36,261 - INFO - 26FW 인사이트 생성 (규칙 기반)
2025-12-19 11:02:36,261 - INFO - ============================================================
2025-12-19 11:02:36,261 - INFO - [인사이트 생성] 26FW 시즌 인사이트 CSV 생성 시작
2025-12-19 11:02:36,261 - INFO - ============================================================
2025-12-19 11:02:36,717 - INFO - 26FW 인사이트 CSV 생성 완료
2025-12-19 11:02:36,717 - INFO - None
2025-12-19 11:02:36,717 - INFO - ============================================================
2025-12-19 11:02:36,717 - INFO - [5] 파일 검증 시작
2025-12-19 11:02:36,718 - INFO - ============================================================
2025-12-19 11:02:36,718 - WARNING - 인사이트 CSV 없음: public\COST RAW\25FW\M_insight_25fw.csv
2025-12-19 11:02:36,718 - WARNING - 인사이트 CSV 없음: public\COST RAW\25FW\I_insight_25fw.csv
2025-12-19 11:02:36,718 - WARNING - 인사이트 CSV 없음: public\COST RAW\25FW\X_insight_25fw.csv
2025-12-19 11:02:36,720 - WARNING - CSV 파일 없음: public\COST RAW\26FW\M_26F.csv
2025-12-19 11:02:36,720 - WARNING - SUMMARY JSON 없음: public\COST RAW\26FW\summary_26fw_m.json
2025-12-19 11:02:36,720 - WARNING - 인사이트 CSV 없음: public\COST RAW\26FW\M_insight_26fw.csv
2025-12-19 11:02:36,720 - WARNING - CSV 파일 없음: public\COST RAW\26FW\I_26F.csv
2025-12-19 11:02:36,720 - WARNING - SUMMARY JSON 없음: public\COST RAW\26FW\summary_26fw_i.json
2025-12-19 11:02:36,720 - WARNING - 인사이트 CSV 없음: public\COST RAW\26FW\I_insight_26fw.csv
2025-12-19 11:02:36,720 - WARNING - CSV 파일 없음: public\COST RAW\26FW\X_26F.csv
2025-12-19 11:02:36,720 - WARNING - SUMMARY JSON 없음: public\COST RAW\26FW\summary_26fw_x.json
2025-12-19 11:02:36,720 - WARNING - DISCOVERY-KIDS SUMMARY JSON 없음: public\COST RAW\26FW\summary_26fw_x_kids.json
2025-12-19 11:02:36,721 - WARNING - 인사이트 CSV 없음: public\COST RAW\26FW\X_insight_26fw.csv
2025-12-19 11:02:36,721 - WARNING - DISCOVERY-KIDS 인사이트 CSV 없음: public\COST RAW\26FW\X_insight_26fw_kids.csv
2025-12-19 11:02:36,721 - WARNING - CSV 파일 없음: public\COST RAW\26FW\ST_26F.csv
2025-12-19 11:02:36,721 - WARNING - SUMMARY JSON 없음: public\COST RAW\26FW\summary_26fw_st.json
2025-12-19 11:02:36,721 - WARNING - 인사이트 CSV 없음: public\COST RAW\26FW\ST_insight_26fw.csv
2025-12-19 11:02:36,721 - WARNING - CSV 파일 없음: public\COST RAW\26FW\V_26F.csv
2025-12-19 11:02:36,721 - WARNING - SUMMARY JSON 없음: public\COST RAW\26FW\summary_26fw_v.json
2025-12-19 11:02:36,721 - WARNING - 인사이트 CSV 없음: public\COST RAW\26FW\V_insight_26fw.csv
2025-12-19 11:02:36,721 - WARNING - NON SUMMARY JSON 없음: public\COST RAW\25FW\summary_25fw_non_m_non.json
2025-12-19 11:02:36,721 - WARNING - NON 인사이트 CSV 없음: public\COST RAW\25FW\M_insight_25fw_non_non.csv
2025-12-19 11:02:36,722 - WARNING - NON SUMMARY JSON 없음: public\COST RAW\25FW\summary_25fw_non_i_non.json
2025-12-19 11:02:36,722 - WARNING - NON 인사이트 CSV 없음: public\COST RAW\25FW\I_insight_25fw_non_non.csv
2025-12-19 11:02:36,722 - WARNING - NON SUMMARY JSON 없음: public\COST RAW\25FW\summary_25fw_non_x_non.json
2025-12-19 11:02:36,722 - WARNING - NON 인사이트 CSV 없음: public\COST RAW\25FW\X_insight_25fw_non_non.csv
2025-12-19 11:02:36,722 - WARNING - NON SUMMARY JSON 없음: public\COST RAW\26SS\summary_26ss_non_m_non.json
2025-12-19 11:02:36,722 - WARNING - NON 인사이트 CSV 없음: public\COST RAW\26SS\M_insight_26ss_non_non.csv
2025-12-19 11:02:36,722 - WARNING - NON SUMMARY JSON 없음: public\COST RAW\26SS\summary_26ss_non_i_non.json
2025-12-19 11:02:36,722 - WARNING - NON 인사이트 CSV 없음: public\COST RAW\26SS\I_insight_26ss_non_non.csv
2025-12-19 11:02:36,723 - WARNING - NON SUMMARY JSON 없음: public\COST RAW\26SS\summary_26ss_non_x_non.json
2025-12-19 11:02:36,723 - WARNING - NON 인사이트 CSV 없음: public\COST RAW\26SS\X_insight_26ss_non_non.csv
2025-12-19 11:02:36,723 - WARNING - NON SUMMARY JSON 없음: public\COST RAW\26FW\summary_26fw_non_m_non.json
2025-12-19 11:02:36,723 - WARNING - NON 인사이트 CSV 없음: public\COST RAW\26FW\M_insight_26fw_non_non.csv
2025-12-19 11:02:36,723 - WARNING - NON SUMMARY JSON 없음: public\COST RAW\26FW\summary_26fw_non_i_non.json
2025-12-19 11:02:36,723 - WARNING - NON 인사이트 CSV 없음: public\COST RAW\26FW\I_insight_26fw_non_non.csv
2025-12-19 11:02:36,723 - WARNING - NON SUMMARY JSON 없음: public\COST RAW\26FW\summary_26fw_non_x_non.json
2025-12-19 11:02:36,723 - WARNING - NON 인사이트 CSV 없음: public\COST RAW\26FW\X_insight_26fw_non_non.csv
2025-12-19 11:02:36,723 - WARNING - 일부 파일이 누락되었습니다.
2025-12-19 11:02:36,723 - INFO - ============================================================
2025-12-19 11:02:36,723 - INFO - [5] Git 커밋 및 푸시 시작
2025-12-19 11:02:36,724 - INFO - ============================================================
2025-12-19 11:02:36,919 - INFO - 변경된 파일을 Git에 추가 중...
2025-12-19 11:02:37,029 - INFO - Git 커밋 중: Auto update: 2025-12-19 11:02:37
2025-12-19 11:02:37,142 - INFO - Git 커밋 완료
2025-12-19 11:02:37,142 - INFO - Git 푸시 중...
2025-12-19 11:02:40,055 - INFO - Git 푸시 완료
2025-12-19 11:02:40,056 - INFO - ============================================================
2025-12-19 11:02:40,058 - INFO - [5] Git 커밋 및 푸시 완료
2025-12-19 11:02:40,058 - INFO - ============================================================
2025-12-19 11:02:40,059 - INFO - ============================================================
2025-12-19 11:02:40,059 - INFO - [6] Vercel 배포 시작
2025-12-19 11:02:40,061 - INFO - ============================================================
2025-12-19 11:02:40,065 - WARNING - Vercel CLI가 설치되어 있지 않습니다. 배포를 건너뜁니다.
2025-12-19 11:02:40,069 - WARNING - Vercel 배포 실패했지만 계속 진행합니다.
2025-12-19 11:02:40,071 - INFO - ============================================================
2025-12-19 11:02:40,071 - INFO - 자동 대시보드 업데이트 완료
2025-12-19 11:02:40,072 - INFO - 종료 시간: 2025-12-19 11:02:40
2025-12-19 11:02:40,072 - INFO - 소요 시간: 157.5초
2025-12-19 11:02:40,072 - INFO - ============================================================
2025-12-19 11:02:40,072 - WARNING - 이메일 설정이 없어 알림을 전송하지 않습니다.
2025-12-19 11:30:32,449 - INFO - 윈도우 팝업 알림 표시 완료
2025-12-19 11:30:32,450 - INFO - Teams 메시지 전송 시도 중...
2025-12-19 11:30:32,450 - INFO - Teams Webhook URL 확인됨: https://fnf365.webhook.office.com/webhookb2/dae107...
2025-12-19 11:30:34,315 - INFO - Teams 메시지 전송 완료
