2025-12-04 11:00:02,587 - INFO - ============================================================
2025-12-04 11:00:02,587 - INFO - 자동 대시보드 업데이트 시작
2025-12-04 11:00:02,587 - INFO - 시작 시간: 2025-12-04 11:00:02
2025-12-04 11:00:02,587 - INFO - ============================================================
2025-12-04 11:00:02,600 - WARNING - 이메일 설정이 없어 알림을 전송하지 않습니다.
2025-12-04 11:00:02,600 - INFO - ============================================================
2025-12-04 11:00:02,600 - INFO - [1] SQL에서 CSV 생성 시작
2025-12-04 11:00:02,601 - INFO - ============================================================
2025-12-04 11:00:22,992 - INFO - SQL → CSV 생성 완료
2025-12-04 11:00:22,992 - INFO - None
2025-12-04 11:00:22,992 - INFO - ============================================================
2025-12-04 11:00:22,992 - INFO - [NON 시즌 처리 시작]
2025-12-04 11:00:22,992 - INFO - ============================================================
2025-12-04 11:00:22,993 - INFO - ============================================================
2025-12-04 11:00:22,993 - INFO - [NON 환율 CSV 생성] FX_NON.csv 생성 시작
2025-12-04 11:00:22,993 - INFO - ============================================================
2025-12-04 11:00:40,110 - INFO - FX_NON.csv 생성 완료
2025-12-04 11:00:40,110 - INFO - None
2025-12-04 11:00:40,111 - INFO - ============================================================
2025-12-04 11:00:40,111 - INFO - [NON CSV 생성] 25FW 시즌 CSV 생성 시작
2025-12-04 11:00:40,111 - INFO - ============================================================
2025-12-04 11:01:19,959 - INFO - 25FW NON 시즌 CSV 생성 완료
2025-12-04 11:01:19,960 - INFO - None
2025-12-04 11:01:19,960 - INFO - ============================================================
2025-12-04 11:01:19,961 - INFO - [NON SUMMARY 생성] 25FW 시즌 SUMMARY JSON 생성 시작
2025-12-04 11:01:19,961 - INFO - ============================================================
2025-12-04 11:01:19,962 - INFO - 
25FW NON 브랜드 M 처리 중...
2025-12-04 11:01:20,447 - INFO - 25FW NON 브랜드 M SUMMARY 생성 완료
2025-12-04 11:01:20,447 - INFO - 
25FW NON 브랜드 I 처리 중...
2025-12-04 11:01:20,868 - INFO - 25FW NON 브랜드 I SUMMARY 생성 완료
2025-12-04 11:01:20,868 - INFO - 
25FW NON 브랜드 X 처리 중...
2025-12-04 11:01:21,295 - INFO - 25FW NON 브랜드 X SUMMARY 생성 완료
2025-12-04 11:01:21,295 - INFO - 
25FW NON SUMMARY 생성 완료: 3/3
2025-12-04 11:01:21,295 - INFO - 25FW_NON 인사이트 생성 (규칙 기반)
2025-12-04 11:01:21,295 - INFO - ============================================================
2025-12-04 11:01:21,295 - INFO - [인사이트 생성] 25FW_NON 시즌 인사이트 CSV 생성 시작
2025-12-04 11:01:21,295 - INFO - ============================================================
2025-12-04 11:01:21,715 - INFO - 25FW_NON 인사이트 CSV 생성 완료
2025-12-04 11:01:21,717 - INFO - None
2025-12-04 11:01:21,717 - INFO - ============================================================
2025-12-04 11:01:21,717 - INFO - [NON CSV 생성] 26SS 시즌 CSV 생성 시작
2025-12-04 11:01:21,717 - INFO - ============================================================
2025-12-04 11:01:41,288 - INFO - 26SS NON 시즌 CSV 생성 완료
2025-12-04 11:01:41,289 - INFO - None
2025-12-04 11:01:41,291 - INFO - ============================================================
2025-12-04 11:01:41,291 - INFO - [NON SUMMARY 생성] 26SS 시즌 SUMMARY JSON 생성 시작
2025-12-04 11:01:41,291 - INFO - ============================================================
2025-12-04 11:01:41,291 - INFO - 
26SS NON 브랜드 M 처리 중...
2025-12-04 11:01:41,750 - INFO - 26SS NON 브랜드 M SUMMARY 생성 완료
2025-12-04 11:01:41,751 - INFO - 
26SS NON 브랜드 I 처리 중...
2025-12-04 11:01:42,187 - INFO - 26SS NON 브랜드 I SUMMARY 생성 완료
2025-12-04 11:01:42,187 - INFO - 
26SS NON 브랜드 X 처리 중...
2025-12-04 11:01:42,600 - INFO - 26SS NON 브랜드 X SUMMARY 생성 완료
2025-12-04 11:01:42,601 - INFO - 
26SS NON SUMMARY 생성 완료: 3/3
2025-12-04 11:01:42,601 - INFO - 26SS_NON 인사이트 생성 (규칙 기반)
2025-12-04 11:01:42,601 - INFO - ============================================================
2025-12-04 11:01:42,601 - INFO - [인사이트 생성] 26SS_NON 시즌 인사이트 CSV 생성 시작
2025-12-04 11:01:42,601 - INFO - ============================================================
2025-12-04 11:01:43,031 - INFO - 26SS_NON 인사이트 CSV 생성 완료
2025-12-04 11:01:43,031 - INFO - None
2025-12-04 11:01:43,031 - INFO - ============================================================
2025-12-04 11:01:43,031 - INFO - [NON CSV 생성] 26FW 시즌 CSV 생성 시작
2025-12-04 11:01:43,031 - INFO - ============================================================
2025-12-04 11:02:08,079 - INFO - 26FW NON 시즌 CSV 생성 완료
2025-12-04 11:02:08,079 - INFO - None
2025-12-04 11:02:08,088 - INFO - ============================================================
2025-12-04 11:02:08,088 - INFO - [NON SUMMARY 생성] 26FW 시즌 SUMMARY JSON 생성 시작
2025-12-04 11:02:08,088 - INFO - ============================================================
2025-12-04 11:02:08,097 - INFO - 
26FW NON 브랜드 M 처리 중...
2025-12-04 11:02:08,540 - INFO - 26FW NON 브랜드 M SUMMARY 생성 완료
2025-12-04 11:02:08,541 - INFO - 
26FW NON 브랜드 I 처리 중...
2025-12-04 11:02:08,968 - INFO - 26FW NON 브랜드 I SUMMARY 생성 완료
2025-12-04 11:02:08,968 - INFO - 
26FW NON 브랜드 X 처리 중...
2025-12-04 11:02:09,383 - INFO - 26FW NON 브랜드 X SUMMARY 생성 완료
2025-12-04 11:02:09,383 - INFO - 
26FW NON SUMMARY 생성 완료: 3/3
2025-12-04 11:02:09,383 - INFO - 26FW_NON 인사이트 생성 (규칙 기반)
2025-12-04 11:02:09,383 - INFO - ============================================================
2025-12-04 11:02:09,383 - INFO - [인사이트 생성] 26FW_NON 시즌 인사이트 CSV 생성 시작
2025-12-04 11:02:09,383 - INFO - ============================================================
2025-12-04 11:02:09,818 - INFO - 26FW_NON 인사이트 CSV 생성 완료
2025-12-04 11:02:09,818 - INFO - None
2025-12-04 11:02:09,819 - INFO - ============================================================
2025-12-04 11:02:09,819 - INFO - [2] 25FW SUMMARY JSON 생성 시작
2025-12-04 11:02:09,819 - INFO - ============================================================
2025-12-04 11:02:09,819 - INFO - 
25FW 브랜드 M 처리 중...
2025-12-04 11:02:12,162 - INFO - 25FW 브랜드 M SUMMARY 생성 완료
2025-12-04 11:02:12,163 - INFO - 
25FW 브랜드 I 처리 중...
2025-12-04 11:02:13,014 - INFO - 25FW 브랜드 I SUMMARY 생성 완료
2025-12-04 11:02:13,015 - INFO - 
25FW 브랜드 X 처리 중...
2025-12-04 11:02:14,021 - INFO - 25FW 브랜드 X SUMMARY 생성 완료
2025-12-04 11:02:14,022 - INFO - 
25FW 브랜드 ST 처리 중...
2025-12-04 11:02:14,599 - INFO - 25FW 브랜드 ST SUMMARY 생성 완료
2025-12-04 11:02:14,599 - INFO - 
25FW 브랜드 V 처리 중...
2025-12-04 11:02:15,304 - INFO - 25FW 브랜드 V SUMMARY 생성 완료
2025-12-04 11:02:15,306 - INFO - 
25FW SUMMARY 생성 완료: 5/5
2025-12-04 11:02:15,306 - INFO - 25FW 인사이트 생성 (제외 브랜드: M, I, X)
2025-12-04 11:02:15,306 - INFO - ============================================================
2025-12-04 11:02:15,306 - INFO - [인사이트 생성] 25FW 시즌 인사이트 CSV 생성 시작
2025-12-04 11:02:15,306 - INFO - ============================================================
2025-12-04 11:02:15,709 - INFO - 25FW 인사이트 CSV 생성 완료
2025-12-04 11:02:15,709 - INFO - None
2025-12-04 11:02:15,709 - INFO - 25FW DISCOVERY-KIDS 인사이트 생성 (DISCOVERY 인사이트는 건드리지 않음)
2025-12-04 11:02:16,144 - INFO - 25FW DISCOVERY-KIDS 인사이트 생성 완료
2025-12-04 11:02:16,144 - INFO - None
2025-12-04 11:02:16,144 - INFO - 25SS 시즌 처리 (generate_summary_26ss.py 사용)
2025-12-04 11:02:16,144 - INFO - ============================================================
2025-12-04 11:02:16,145 - INFO - [3] 25SS SUMMARY JSON 생성 시작
2025-12-04 11:02:16,145 - INFO - ============================================================
2025-12-04 11:02:16,145 - INFO - 
25SS 브랜드 M 처리 중...
2025-12-04 11:02:18,564 - INFO - 25SS 브랜드 M SUMMARY 생성 완료
2025-12-04 11:02:18,564 - INFO - 
25SS 브랜드 I 처리 중...
2025-12-04 11:02:19,447 - INFO - 25SS 브랜드 I SUMMARY 생성 완료
2025-12-04 11:02:19,447 - INFO - 
25SS 브랜드 X 처리 중...
2025-12-04 11:02:20,571 - INFO - 25SS 브랜드 X SUMMARY 생성 완료
2025-12-04 11:02:20,571 - INFO - 
25SS 브랜드 ST 처리 중...
2025-12-04 11:02:21,197 - INFO - 25SS 브랜드 ST SUMMARY 생성 완료
2025-12-04 11:02:21,197 - INFO - 
25SS 브랜드 V 처리 중...
2025-12-04 11:02:21,843 - INFO - 25SS 브랜드 V SUMMARY 생성 완료
2025-12-04 11:02:21,843 - INFO - 
25SS SUMMARY 생성 완료: 5/5
2025-12-04 11:02:21,843 - INFO - 25SS 인사이트 생성 (규칙 기반)
2025-12-04 11:02:21,843 - INFO - ============================================================
2025-12-04 11:02:21,843 - INFO - [인사이트 생성] 25SS 시즌 인사이트 CSV 생성 시작
2025-12-04 11:02:21,843 - INFO - ============================================================
2025-12-04 11:02:22,589 - INFO - 25SS 인사이트 CSV 생성 완료
2025-12-04 11:02:22,590 - INFO - None
2025-12-04 11:02:22,590 - INFO - ============================================================
2025-12-04 11:02:22,590 - INFO - [3] 26SS SUMMARY JSON 생성 시작
2025-12-04 11:02:22,590 - INFO - ============================================================
2025-12-04 11:02:22,590 - INFO - 
26SS 브랜드 M 처리 중...
2025-12-04 11:02:24,632 - INFO - 26SS 브랜드 M SUMMARY 생성 완료
2025-12-04 11:02:24,633 - INFO - 
26SS 브랜드 I 처리 중...
2025-12-04 11:02:25,542 - INFO - 26SS 브랜드 I SUMMARY 생성 완료
2025-12-04 11:02:25,542 - INFO - 
26SS 브랜드 X 처리 중...
2025-12-04 11:02:26,380 - INFO - 26SS 브랜드 X SUMMARY 생성 완료
2025-12-04 11:02:26,380 - INFO - 
26SS 브랜드 ST 처리 중...
2025-12-04 11:02:26,933 - INFO - 26SS 브랜드 ST SUMMARY 생성 완료
2025-12-04 11:02:26,933 - INFO - 
26SS 브랜드 V 처리 중...
2025-12-04 11:02:27,420 - INFO - 26SS 브랜드 V SUMMARY 생성 완료
2025-12-04 11:02:27,420 - INFO - 
26SS SUMMARY 생성 완료: 5/5
2025-12-04 11:02:27,420 - INFO - 26SS 인사이트 생성 (규칙 기반)
2025-12-04 11:02:27,420 - INFO - ============================================================
2025-12-04 11:02:27,420 - INFO - [인사이트 생성] 26SS 시즌 인사이트 CSV 생성 시작
2025-12-04 11:02:27,420 - INFO - ============================================================
2025-12-04 11:02:27,947 - INFO - 26SS 인사이트 CSV 생성 완료
2025-12-04 11:02:27,947 - INFO - None
2025-12-04 11:02:27,948 - INFO - 26FW 시즌 처리 (generate_summary_26ss.py 사용)
2025-12-04 11:02:27,949 - INFO - ============================================================
2025-12-04 11:02:27,949 - INFO - [3] 26FW SUMMARY JSON 생성 시작
2025-12-04 11:02:27,949 - INFO - ============================================================
2025-12-04 11:02:27,951 - INFO - 
26FW 브랜드 M 처리 중...
2025-12-04 11:02:28,543 - INFO - 26FW 브랜드 M SUMMARY 생성 완료
2025-12-04 11:02:28,543 - INFO - 
26FW 브랜드 I 처리 중...
2025-12-04 11:02:28,921 - INFO - 26FW 브랜드 I SUMMARY 생성 완료
2025-12-04 11:02:28,922 - INFO - 
26FW 브랜드 X 처리 중...
2025-12-04 11:02:29,299 - INFO - 26FW 브랜드 X SUMMARY 생성 완료
2025-12-04 11:02:29,299 - INFO - 
26FW 브랜드 ST 처리 중...
2025-12-04 11:02:29,674 - INFO - 26FW 브랜드 ST SUMMARY 생성 완료
2025-12-04 11:02:29,674 - INFO - 
26FW 브랜드 V 처리 중...
2025-12-04 11:02:30,123 - INFO - 26FW 브랜드 V SUMMARY 생성 완료
2025-12-04 11:02:30,123 - INFO - 
26FW SUMMARY 생성 완료: 5/5
2025-12-04 11:02:30,123 - INFO - 26FW 인사이트 생성 (규칙 기반)
2025-12-04 11:02:30,123 - INFO - ============================================================
2025-12-04 11:02:30,124 - INFO - [인사이트 생성] 26FW 시즌 인사이트 CSV 생성 시작
2025-12-04 11:02:30,124 - INFO - ============================================================
2025-12-04 11:02:30,501 - INFO - 26FW 인사이트 CSV 생성 완료
2025-12-04 11:02:30,501 - INFO - None
2025-12-04 11:02:30,501 - INFO - ============================================================
2025-12-04 11:02:30,501 - INFO - [5] 파일 검증 시작
2025-12-04 11:02:30,501 - INFO - ============================================================
2025-12-04 11:02:30,501 - WARNING - 인사이트 CSV 없음: public\COST RAW\25FW\M_insight_25fw.csv
2025-12-04 11:02:30,502 - WARNING - 인사이트 CSV 없음: public\COST RAW\25FW\I_insight_25fw.csv
2025-12-04 11:02:30,502 - WARNING - 인사이트 CSV 없음: public\COST RAW\25FW\X_insight_25fw.csv
2025-12-04 11:02:30,503 - WARNING - CSV 파일 없음: public\COST RAW\26FW\M_26F.csv
2025-12-04 11:02:30,503 - WARNING - SUMMARY JSON 없음: public\COST RAW\26FW\summary_26fw_m.json
2025-12-04 11:02:30,503 - WARNING - 인사이트 CSV 없음: public\COST RAW\26FW\M_insight_26fw.csv
2025-12-04 11:02:30,503 - WARNING - CSV 파일 없음: public\COST RAW\26FW\I_26F.csv
2025-12-04 11:02:30,503 - WARNING - SUMMARY JSON 없음: public\COST RAW\26FW\summary_26fw_i.json
2025-12-04 11:02:30,504 - WARNING - 인사이트 CSV 없음: public\COST RAW\26FW\I_insight_26fw.csv
2025-12-04 11:02:30,504 - WARNING - CSV 파일 없음: public\COST RAW\26FW\X_26F.csv
2025-12-04 11:02:30,504 - WARNING - SUMMARY JSON 없음: public\COST RAW\26FW\summary_26fw_x.json
2025-12-04 11:02:30,504 - WARNING - DISCOVERY-KIDS SUMMARY JSON 없음: public\COST RAW\26FW\summary_26fw_x_kids.json
2025-12-04 11:02:30,504 - WARNING - 인사이트 CSV 없음: public\COST RAW\26FW\X_insight_26fw.csv
2025-12-04 11:02:30,504 - WARNING - DISCOVERY-KIDS 인사이트 CSV 없음: public\COST RAW\26FW\X_insight_26fw_kids.csv
2025-12-04 11:02:30,504 - WARNING - CSV 파일 없음: public\COST RAW\26FW\ST_26F.csv
2025-12-04 11:02:30,504 - WARNING - SUMMARY JSON 없음: public\COST RAW\26FW\summary_26fw_st.json
2025-12-04 11:02:30,504 - WARNING - 인사이트 CSV 없음: public\COST RAW\26FW\ST_insight_26fw.csv
2025-12-04 11:02:30,504 - WARNING - CSV 파일 없음: public\COST RAW\26FW\V_26F.csv
2025-12-04 11:02:30,504 - WARNING - SUMMARY JSON 없음: public\COST RAW\26FW\summary_26fw_v.json
2025-12-04 11:02:30,504 - WARNING - 인사이트 CSV 없음: public\COST RAW\26FW\V_insight_26fw.csv
2025-12-04 11:02:30,504 - WARNING - NON SUMMARY JSON 없음: public\COST RAW\25FW\summary_25fw_non_m_non.json
2025-12-04 11:02:30,505 - WARNING - NON 인사이트 CSV 없음: public\COST RAW\25FW\M_insight_25fw_non_non.csv
2025-12-04 11:02:30,505 - WARNING - NON SUMMARY JSON 없음: public\COST RAW\25FW\summary_25fw_non_i_non.json
2025-12-04 11:02:30,505 - WARNING - NON 인사이트 CSV 없음: public\COST RAW\25FW\I_insight_25fw_non_non.csv
2025-12-04 11:02:30,505 - WARNING - NON SUMMARY JSON 없음: public\COST RAW\25FW\summary_25fw_non_x_non.json
2025-12-04 11:02:30,505 - WARNING - NON 인사이트 CSV 없음: public\COST RAW\25FW\X_insight_25fw_non_non.csv
2025-12-04 11:02:30,505 - WARNING - NON SUMMARY JSON 없음: public\COST RAW\26SS\summary_26ss_non_m_non.json
2025-12-04 11:02:30,505 - WARNING - NON 인사이트 CSV 없음: public\COST RAW\26SS\M_insight_26ss_non_non.csv
2025-12-04 11:02:30,505 - WARNING - NON SUMMARY JSON 없음: public\COST RAW\26SS\summary_26ss_non_i_non.json
2025-12-04 11:02:30,505 - WARNING - NON 인사이트 CSV 없음: public\COST RAW\26SS\I_insight_26ss_non_non.csv
2025-12-04 11:02:30,505 - WARNING - NON SUMMARY JSON 없음: public\COST RAW\26SS\summary_26ss_non_x_non.json
2025-12-04 11:02:30,505 - WARNING - NON 인사이트 CSV 없음: public\COST RAW\26SS\X_insight_26ss_non_non.csv
2025-12-04 11:02:30,506 - WARNING - NON SUMMARY JSON 없음: public\COST RAW\26FW\summary_26fw_non_m_non.json
2025-12-04 11:02:30,506 - WARNING - NON 인사이트 CSV 없음: public\COST RAW\26FW\M_insight_26fw_non_non.csv
2025-12-04 11:02:30,506 - WARNING - NON SUMMARY JSON 없음: public\COST RAW\26FW\summary_26fw_non_i_non.json
2025-12-04 11:02:30,506 - WARNING - NON 인사이트 CSV 없음: public\COST RAW\26FW\I_insight_26fw_non_non.csv
2025-12-04 11:02:30,506 - WARNING - NON SUMMARY JSON 없음: public\COST RAW\26FW\summary_26fw_non_x_non.json
2025-12-04 11:02:30,506 - WARNING - NON 인사이트 CSV 없음: public\COST RAW\26FW\X_insight_26fw_non_non.csv
2025-12-04 11:02:30,506 - WARNING - 일부 파일이 누락되었습니다.
2025-12-04 11:02:30,506 - INFO - ============================================================
2025-12-04 11:02:30,506 - INFO - [5] Git 커밋 및 푸시 시작
2025-12-04 11:02:30,506 - INFO - ============================================================
2025-12-04 11:02:30,696 - INFO - 변경된 파일을 Git에 추가 중...
2025-12-04 11:02:30,805 - INFO - Git 커밋 중: Auto update: 2025-12-04 11:02:30
2025-12-04 11:02:30,921 - INFO - Git 커밋 완료
2025-12-04 11:02:30,922 - INFO - Git 푸시 중...
2025-12-04 11:02:33,815 - INFO - Git 푸시 완료
2025-12-04 11:02:33,816 - INFO - ============================================================
2025-12-04 11:02:33,816 - INFO - [5] Git 커밋 및 푸시 완료
2025-12-04 11:02:33,817 - INFO - ============================================================
2025-12-04 11:02:33,825 - INFO - ============================================================
2025-12-04 11:02:33,825 - INFO - 자동 대시보드 업데이트 완료
2025-12-04 11:02:33,833 - INFO - 종료 시간: 2025-12-04 11:02:33
2025-12-04 11:02:33,833 - INFO - 소요 시간: 151.2초
2025-12-04 11:02:33,834 - INFO - ============================================================
2025-12-04 11:02:33,834 - WARNING - 이메일 설정이 없어 알림을 전송하지 않습니다.
