2025-12-01 09:15:09,795 - INFO - ============================================================
2025-12-01 09:15:09,795 - INFO - 자동 대시보드 업데이트 시작
2025-12-01 09:15:09,795 - INFO - 시작 시간: 2025-12-01 09:15:09
2025-12-01 09:15:09,796 - INFO - ============================================================
2025-12-01 09:15:09,806 - WARNING - 이메일 설정이 없어 알림을 전송하지 않습니다.
2025-12-01 09:15:09,806 - INFO - ============================================================
2025-12-01 09:15:09,806 - INFO - [1] SQL에서 CSV 생성 시작
2025-12-01 09:15:09,806 - INFO - ============================================================
2025-12-01 09:15:31,458 - INFO - SQL → CSV 생성 완료
2025-12-01 09:15:31,458 - INFO - None
2025-12-01 09:15:31,467 - INFO - ============================================================
2025-12-01 09:15:31,467 - INFO - [2] 25FW SUMMARY JSON 생성 시작
2025-12-01 09:15:31,473 - INFO - ============================================================
2025-12-01 09:15:31,473 - INFO - 
25FW 브랜드 M 처리 중...
2025-12-01 09:15:34,503 - INFO - 25FW 브랜드 M SUMMARY 생성 완료
2025-12-01 09:15:34,503 - INFO - 
25FW 브랜드 I 처리 중...
2025-12-01 09:15:35,514 - INFO - 25FW 브랜드 I SUMMARY 생성 완료
2025-12-01 09:15:35,514 - INFO - 
25FW 브랜드 X 처리 중...
2025-12-01 09:15:36,270 - INFO - 25FW 브랜드 X SUMMARY 생성 완료
2025-12-01 09:15:36,270 - INFO - 
25FW 브랜드 ST 처리 중...
2025-12-01 09:15:36,816 - INFO - 25FW 브랜드 ST SUMMARY 생성 완료
2025-12-01 09:15:36,818 - INFO - 
25FW 브랜드 V 처리 중...
2025-12-01 09:15:37,534 - INFO - 25FW 브랜드 V SUMMARY 생성 완료
2025-12-01 09:15:37,534 - INFO - 
25FW SUMMARY 생성 완료: 5/5
2025-12-01 09:15:37,534 - INFO - 25FW 인사이트 생성 (제외 브랜드: M, I, X)
2025-12-01 09:15:37,534 - INFO - ============================================================
2025-12-01 09:15:37,534 - INFO - [인사이트 생성] 25FW 시즌 인사이트 CSV 생성 시작
2025-12-01 09:15:37,534 - INFO - ============================================================
2025-12-01 09:15:38,010 - INFO - 25FW 인사이트 CSV 생성 완료
2025-12-01 09:15:38,010 - INFO - None
2025-12-01 09:15:38,010 - INFO - 25FW DISCOVERY-KIDS 인사이트 생성 (DISCOVERY 인사이트는 건드리지 않음)
2025-12-01 09:15:38,435 - INFO - 25FW DISCOVERY-KIDS 인사이트 생성 완료
2025-12-01 09:15:38,435 - INFO - None
2025-12-01 09:15:38,435 - INFO - 25SS 시즌 처리 (generate_summary_26ss.py 사용)
2025-12-01 09:15:38,435 - INFO - ============================================================
2025-12-01 09:15:38,435 - INFO - [3] 25SS SUMMARY JSON 생성 시작
2025-12-01 09:15:38,435 - INFO - ============================================================
2025-12-01 09:15:38,435 - INFO - 
25SS 브랜드 M 처리 중...
2025-12-01 09:15:40,816 - INFO - 25SS 브랜드 M SUMMARY 생성 완료
2025-12-01 09:15:40,816 - INFO - 
25SS 브랜드 I 처리 중...
2025-12-01 09:15:41,730 - INFO - 25SS 브랜드 I SUMMARY 생성 완료
2025-12-01 09:15:41,731 - INFO - 
25SS 브랜드 X 처리 중...
2025-12-01 09:15:42,397 - INFO - 25SS 브랜드 X SUMMARY 생성 완료
2025-12-01 09:15:42,397 - INFO - 
25SS 브랜드 ST 처리 중...
2025-12-01 09:15:43,040 - INFO - 25SS 브랜드 ST SUMMARY 생성 완료
2025-12-01 09:15:43,040 - INFO - 
25SS 브랜드 V 처리 중...
2025-12-01 09:15:43,833 - INFO - 25SS 브랜드 V SUMMARY 생성 완료
2025-12-01 09:15:43,833 - INFO - 
25SS SUMMARY 생성 완료: 5/5
2025-12-01 09:15:43,833 - INFO - 25SS 인사이트 생성 (규칙 기반)
2025-12-01 09:15:43,833 - INFO - ============================================================
2025-12-01 09:15:43,833 - INFO - [인사이트 생성] 25SS 시즌 인사이트 CSV 생성 시작
2025-12-01 09:15:43,833 - INFO - ============================================================
2025-12-01 09:15:44,323 - INFO - 25SS 인사이트 CSV 생성 완료
2025-12-01 09:15:44,323 - INFO - None
2025-12-01 09:15:44,324 - INFO - ============================================================
2025-12-01 09:15:44,324 - INFO - [3] 26SS SUMMARY JSON 생성 시작
2025-12-01 09:15:44,324 - INFO - ============================================================
2025-12-01 09:15:44,324 - INFO - 
26SS 브랜드 M 처리 중...
2025-12-01 09:15:46,486 - INFO - 26SS 브랜드 M SUMMARY 생성 완료
2025-12-01 09:15:46,487 - INFO - 
26SS 브랜드 I 처리 중...
2025-12-01 09:15:47,352 - INFO - 26SS 브랜드 I SUMMARY 생성 완료
2025-12-01 09:15:47,352 - INFO - 
26SS 브랜드 X 처리 중...
2025-12-01 09:15:47,953 - INFO - 26SS 브랜드 X SUMMARY 생성 완료
2025-12-01 09:15:47,953 - INFO - 
26SS 브랜드 ST 처리 중...
2025-12-01 09:15:48,512 - INFO - 26SS 브랜드 ST SUMMARY 생성 완료
2025-12-01 09:15:48,512 - INFO - 
26SS 브랜드 V 처리 중...
2025-12-01 09:15:49,027 - INFO - 26SS 브랜드 V SUMMARY 생성 완료
2025-12-01 09:15:49,029 - INFO - 
26SS SUMMARY 생성 완료: 5/5
2025-12-01 09:15:49,032 - INFO - 26SS 인사이트 생성 (규칙 기반)
2025-12-01 09:15:49,033 - INFO - ============================================================
2025-12-01 09:15:49,033 - INFO - [인사이트 생성] 26SS 시즌 인사이트 CSV 생성 시작
2025-12-01 09:15:49,033 - INFO - ============================================================
2025-12-01 09:15:49,514 - INFO - 26SS 인사이트 CSV 생성 완료
2025-12-01 09:15:49,515 - INFO - None
2025-12-01 09:15:49,515 - INFO - 26FW 시즌 처리 (generate_summary_26ss.py 사용)
2025-12-01 09:15:49,515 - INFO - ============================================================
2025-12-01 09:15:49,515 - INFO - [3] 26FW SUMMARY JSON 생성 시작
2025-12-01 09:15:49,515 - INFO - ============================================================
2025-12-01 09:15:49,515 - INFO - 
26FW 브랜드 M 처리 중...
2025-12-01 09:15:49,971 - INFO - 26FW 브랜드 M SUMMARY 생성 완료
2025-12-01 09:15:49,971 - INFO - 
26FW 브랜드 I 처리 중...
2025-12-01 09:15:50,408 - INFO - 26FW 브랜드 I SUMMARY 생성 완료
2025-12-01 09:15:50,410 - INFO - 
26FW 브랜드 X 처리 중...
2025-12-01 09:15:50,782 - INFO - 26FW 브랜드 X SUMMARY 생성 완료
2025-12-01 09:15:50,782 - INFO - 
26FW 브랜드 ST 처리 중...
2025-12-01 09:15:51,219 - INFO - 26FW 브랜드 ST SUMMARY 생성 완료
2025-12-01 09:15:51,219 - INFO - 
26FW 브랜드 V 처리 중...
2025-12-01 09:15:51,643 - INFO - 26FW 브랜드 V SUMMARY 생성 완료
2025-12-01 09:15:51,643 - INFO - 
26FW SUMMARY 생성 완료: 5/5
2025-12-01 09:15:51,643 - INFO - 26FW 인사이트 생성 (규칙 기반)
2025-12-01 09:15:51,643 - INFO - ============================================================
2025-12-01 09:15:51,643 - INFO - [인사이트 생성] 26FW 시즌 인사이트 CSV 생성 시작
2025-12-01 09:15:51,643 - INFO - ============================================================
2025-12-01 09:15:52,041 - INFO - 26FW 인사이트 CSV 생성 완료
2025-12-01 09:15:52,041 - INFO - None
2025-12-01 09:15:52,042 - INFO - 25FW_NON 시즌 처리 (generate_summary_26ss.py 사용)
2025-12-01 09:15:52,042 - INFO - ============================================================
2025-12-01 09:15:52,042 - INFO - [3] 25FW_NON SUMMARY JSON 생성 시작
2025-12-01 09:15:52,042 - INFO - ============================================================
2025-12-01 09:15:52,042 - INFO - 
25FW_NON 브랜드 M 처리 중...
2025-12-01 09:15:52,429 - INFO - 25FW_NON 브랜드 M SUMMARY 생성 완료
2025-12-01 09:15:52,429 - INFO - 
25FW_NON 브랜드 I 처리 중...
2025-12-01 09:15:52,795 - INFO - 25FW_NON 브랜드 I SUMMARY 생성 완료
2025-12-01 09:15:52,795 - INFO - 
25FW_NON 브랜드 X 처리 중...
2025-12-01 09:15:53,171 - INFO - 25FW_NON 브랜드 X SUMMARY 생성 완료
2025-12-01 09:15:53,171 - INFO - 
25FW_NON SUMMARY 생성 완료: 3/3
2025-12-01 09:15:53,172 - INFO - 25FW_NON 인사이트 생성 (규칙 기반)
2025-12-01 09:15:53,172 - INFO - ============================================================
2025-12-01 09:15:53,172 - INFO - [인사이트 생성] 25FW_NON 시즌 인사이트 CSV 생성 시작
2025-12-01 09:15:53,172 - INFO - ============================================================
2025-12-01 09:15:53,543 - INFO - 25FW_NON 인사이트 CSV 생성 완료
2025-12-01 09:15:53,544 - INFO - None
2025-12-01 09:15:53,544 - INFO - 26SS_NON 시즌 처리 (generate_summary_26ss.py 사용)
2025-12-01 09:15:53,544 - INFO - ============================================================
2025-12-01 09:15:53,544 - INFO - [3] 26SS_NON SUMMARY JSON 생성 시작
2025-12-01 09:15:53,544 - INFO - ============================================================
2025-12-01 09:15:53,544 - INFO - 
26SS_NON 브랜드 M 처리 중...
2025-12-01 09:15:53,918 - INFO - 26SS_NON 브랜드 M SUMMARY 생성 완료
2025-12-01 09:15:53,918 - INFO - 
26SS_NON 브랜드 I 처리 중...
2025-12-01 09:15:54,553 - INFO - 26SS_NON 브랜드 I SUMMARY 생성 완료
2025-12-01 09:15:54,553 - INFO - 
26SS_NON 브랜드 X 처리 중...
2025-12-01 09:15:54,918 - INFO - 26SS_NON 브랜드 X SUMMARY 생성 완료
2025-12-01 09:15:54,918 - INFO - 
26SS_NON SUMMARY 생성 완료: 3/3
2025-12-01 09:15:54,918 - INFO - 26SS_NON 인사이트 생성 (규칙 기반)
2025-12-01 09:15:54,918 - INFO - ============================================================
2025-12-01 09:15:54,919 - INFO - [인사이트 생성] 26SS_NON 시즌 인사이트 CSV 생성 시작
2025-12-01 09:15:54,919 - INFO - ============================================================
2025-12-01 09:15:55,321 - INFO - 26SS_NON 인사이트 CSV 생성 완료
2025-12-01 09:15:55,321 - INFO - None
2025-12-01 09:15:55,322 - INFO - 26FW_NON 시즌 처리 (generate_summary_26ss.py 사용)
2025-12-01 09:15:55,322 - INFO - ============================================================
2025-12-01 09:15:55,322 - INFO - [3] 26FW_NON SUMMARY JSON 생성 시작
2025-12-01 09:15:55,322 - INFO - ============================================================
2025-12-01 09:15:55,322 - INFO - 
26FW_NON 브랜드 M 처리 중...
2025-12-01 09:15:55,682 - INFO - 26FW_NON 브랜드 M SUMMARY 생성 완료
2025-12-01 09:15:55,682 - INFO - 
26FW_NON 브랜드 I 처리 중...
2025-12-01 09:15:56,089 - INFO - 26FW_NON 브랜드 I SUMMARY 생성 완료
2025-12-01 09:15:56,089 - INFO - 
26FW_NON 브랜드 X 처리 중...
2025-12-01 09:15:56,760 - INFO - 26FW_NON 브랜드 X SUMMARY 생성 완료
2025-12-01 09:15:56,760 - INFO - 
26FW_NON SUMMARY 생성 완료: 3/3
2025-12-01 09:15:56,760 - INFO - 26FW_NON 인사이트 생성 (규칙 기반)
2025-12-01 09:15:56,760 - INFO - ============================================================
2025-12-01 09:15:56,760 - INFO - [인사이트 생성] 26FW_NON 시즌 인사이트 CSV 생성 시작
2025-12-01 09:15:56,762 - INFO - ============================================================
2025-12-01 09:15:57,176 - INFO - 26FW_NON 인사이트 CSV 생성 완료
2025-12-01 09:15:57,176 - INFO - None
2025-12-01 09:15:57,176 - INFO - ============================================================
2025-12-01 09:15:57,176 - INFO - [5] 파일 검증 시작
2025-12-01 09:15:57,176 - INFO - ============================================================
2025-12-01 09:15:57,176 - WARNING - 인사이트 CSV 없음: public\COST RAW\25FW\M_insight_25fw.csv
2025-12-01 09:15:57,177 - WARNING - 인사이트 CSV 없음: public\COST RAW\25FW\I_insight_25fw.csv
2025-12-01 09:15:57,177 - WARNING - 인사이트 CSV 없음: public\COST RAW\25FW\X_insight_25fw.csv
2025-12-01 09:15:57,178 - WARNING - CSV 파일 없음: public\COST RAW\26FW\M_26F.csv
2025-12-01 09:15:57,180 - WARNING - SUMMARY JSON 없음: public\COST RAW\26FW\summary_26fw_m.json
2025-12-01 09:15:57,180 - WARNING - 인사이트 CSV 없음: public\COST RAW\26FW\M_insight_26fw.csv
2025-12-01 09:15:57,180 - WARNING - CSV 파일 없음: public\COST RAW\26FW\I_26F.csv
2025-12-01 09:15:57,180 - WARNING - SUMMARY JSON 없음: public\COST RAW\26FW\summary_26fw_i.json
2025-12-01 09:15:57,180 - WARNING - 인사이트 CSV 없음: public\COST RAW\26FW\I_insight_26fw.csv
2025-12-01 09:15:57,180 - WARNING - CSV 파일 없음: public\COST RAW\26FW\X_26F.csv
2025-12-01 09:15:57,180 - WARNING - SUMMARY JSON 없음: public\COST RAW\26FW\summary_26fw_x.json
2025-12-01 09:15:57,180 - WARNING - DISCOVERY-KIDS SUMMARY JSON 없음: public\COST RAW\26FW\summary_26fw_x_kids.json
2025-12-01 09:15:57,180 - WARNING - 인사이트 CSV 없음: public\COST RAW\26FW\X_insight_26fw.csv
2025-12-01 09:15:57,180 - WARNING - DISCOVERY-KIDS 인사이트 CSV 없음: public\COST RAW\26FW\X_insight_26fw_kids.csv
2025-12-01 09:15:57,180 - WARNING - CSV 파일 없음: public\COST RAW\26FW\ST_26F.csv
2025-12-01 09:15:57,180 - WARNING - SUMMARY JSON 없음: public\COST RAW\26FW\summary_26fw_st.json
2025-12-01 09:15:57,181 - WARNING - 인사이트 CSV 없음: public\COST RAW\26FW\ST_insight_26fw.csv
2025-12-01 09:15:57,181 - WARNING - CSV 파일 없음: public\COST RAW\26FW\V_26F.csv
2025-12-01 09:15:57,181 - WARNING - SUMMARY JSON 없음: public\COST RAW\26FW\summary_26fw_v.json
2025-12-01 09:15:57,181 - WARNING - 인사이트 CSV 없음: public\COST RAW\26FW\V_insight_26fw.csv
2025-12-01 09:15:57,181 - WARNING - SUMMARY JSON 없음: public\COST RAW\25FW\summary_25fw_non_m.json
2025-12-01 09:15:57,181 - WARNING - 인사이트 CSV 없음: public\COST RAW\25FW\M_insight_25fw_non.csv
2025-12-01 09:15:57,181 - WARNING - SUMMARY JSON 없음: public\COST RAW\25FW\summary_25fw_non_i.json
2025-12-01 09:15:57,181 - WARNING - 인사이트 CSV 없음: public\COST RAW\25FW\I_insight_25fw_non.csv
2025-12-01 09:15:57,181 - WARNING - SUMMARY JSON 없음: public\COST RAW\25FW\summary_25fw_non_x.json
2025-12-01 09:15:57,181 - WARNING - DISCOVERY-KIDS SUMMARY JSON 없음: public\COST RAW\25FW\summary_25fw_non_x_kids.json
2025-12-01 09:15:57,182 - WARNING - 인사이트 CSV 없음: public\COST RAW\25FW\X_insight_25fw_non.csv
2025-12-01 09:15:57,182 - WARNING - DISCOVERY-KIDS 인사이트 CSV 없음: public\COST RAW\25FW\X_insight_25fw_non_kids.csv
2025-12-01 09:15:57,182 - WARNING - SUMMARY JSON 없음: public\COST RAW\26SS\summary_26ss_non_m.json
2025-12-01 09:15:57,182 - WARNING - 인사이트 CSV 없음: public\COST RAW\26SS\M_insight_26ss_non.csv
2025-12-01 09:15:57,183 - WARNING - SUMMARY JSON 없음: public\COST RAW\26SS\summary_26ss_non_i.json
2025-12-01 09:15:57,183 - WARNING - 인사이트 CSV 없음: public\COST RAW\26SS\I_insight_26ss_non.csv
2025-12-01 09:15:57,183 - WARNING - SUMMARY JSON 없음: public\COST RAW\26SS\summary_26ss_non_x.json
2025-12-01 09:15:57,183 - WARNING - DISCOVERY-KIDS SUMMARY JSON 없음: public\COST RAW\26SS\summary_26ss_non_x_kids.json
2025-12-01 09:15:57,183 - WARNING - 인사이트 CSV 없음: public\COST RAW\26SS\X_insight_26ss_non.csv
2025-12-01 09:15:57,183 - WARNING - DISCOVERY-KIDS 인사이트 CSV 없음: public\COST RAW\26SS\X_insight_26ss_non_kids.csv
2025-12-01 09:15:57,183 - WARNING - CSV 파일 없음: public\COST RAW\26FW\M_26F.csv
2025-12-01 09:15:57,183 - WARNING - SUMMARY JSON 없음: public\COST RAW\26FW\summary_26fw_non_m.json
2025-12-01 09:15:57,183 - WARNING - 인사이트 CSV 없음: public\COST RAW\26FW\M_insight_26fw_non.csv
2025-12-01 09:15:57,183 - WARNING - CSV 파일 없음: public\COST RAW\26FW\I_26F.csv
2025-12-01 09:15:57,183 - WARNING - SUMMARY JSON 없음: public\COST RAW\26FW\summary_26fw_non_i.json
2025-12-01 09:15:57,183 - WARNING - 인사이트 CSV 없음: public\COST RAW\26FW\I_insight_26fw_non.csv
2025-12-01 09:15:57,183 - WARNING - CSV 파일 없음: public\COST RAW\26FW\X_26F.csv
2025-12-01 09:15:57,183 - WARNING - SUMMARY JSON 없음: public\COST RAW\26FW\summary_26fw_non_x.json
2025-12-01 09:15:57,184 - WARNING - DISCOVERY-KIDS SUMMARY JSON 없음: public\COST RAW\26FW\summary_26fw_non_x_kids.json
2025-12-01 09:15:57,184 - WARNING - 인사이트 CSV 없음: public\COST RAW\26FW\X_insight_26fw_non.csv
2025-12-01 09:15:57,184 - WARNING - DISCOVERY-KIDS 인사이트 CSV 없음: public\COST RAW\26FW\X_insight_26fw_non_kids.csv
2025-12-01 09:15:57,184 - WARNING - 일부 파일이 누락되었습니다.
2025-12-01 09:15:57,184 - INFO - ============================================================
2025-12-01 09:15:57,184 - INFO - [5] Git 커밋 및 푸시 시작
2025-12-01 09:15:57,184 - INFO - ============================================================
2025-12-01 09:15:57,359 - INFO - 변경된 파일을 Git에 추가 중...
2025-12-01 09:15:57,530 - INFO - Git 커밋 중: Auto update: 2025-12-01 09:15:57
2025-12-01 09:15:57,662 - INFO - Git 커밋 완료
2025-12-01 09:15:57,662 - INFO - Git 푸시 중...
2025-12-01 09:16:01,398 - INFO - Git 푸시 완료
2025-12-01 09:16:01,398 - INFO - ============================================================
2025-12-01 09:16:01,399 - INFO - [5] Git 커밋 및 푸시 완료
2025-12-01 09:16:01,399 - INFO - ============================================================
2025-12-01 09:16:01,399 - INFO - ============================================================
2025-12-01 09:16:01,399 - INFO - 자동 대시보드 업데이트 완료
2025-12-01 09:16:01,409 - INFO - 종료 시간: 2025-12-01 09:16:01
2025-12-01 09:16:01,409 - INFO - 소요 시간: 51.6초
2025-12-01 09:16:01,417 - INFO - ============================================================
2025-12-01 09:16:01,418 - WARNING - 이메일 설정이 없어 알림을 전송하지 않습니다.
