2025-12-12 11:00:02,240 - INFO - ============================================================
2025-12-12 11:00:02,240 - INFO - 자동 대시보드 업데이트 시작
2025-12-12 11:00:02,240 - INFO - 시작 시간: 2025-12-12 11:00:02
2025-12-12 11:00:02,240 - INFO - ============================================================
2025-12-12 11:00:02,256 - WARNING - 이메일 설정이 없어 알림을 전송하지 않습니다.
2025-12-12 11:00:02,256 - INFO - ============================================================
2025-12-12 11:00:02,256 - INFO - [1] SQL에서 CSV 생성 시작
2025-12-12 11:00:02,257 - INFO - ============================================================
2025-12-12 11:00:25,720 - INFO - SQL → CSV 생성 완료
2025-12-12 11:00:25,720 - INFO - None
2025-12-12 11:00:25,722 - INFO - ============================================================
2025-12-12 11:00:25,723 - INFO - [NON 시즌 처리 시작]
2025-12-12 11:00:25,723 - INFO - ============================================================
2025-12-12 11:00:25,723 - INFO - ============================================================
2025-12-12 11:00:25,724 - INFO - [NON 환율 CSV 생성] FX_NON.csv 생성 시작
2025-12-12 11:00:25,724 - INFO - ============================================================
2025-12-12 11:00:40,542 - INFO - FX_NON.csv 생성 완료
2025-12-12 11:00:40,543 - INFO - None
2025-12-12 11:00:40,543 - INFO - ============================================================
2025-12-12 11:00:40,543 - INFO - [NON CSV 생성] 25FW 시즌 CSV 생성 시작
2025-12-12 11:00:40,543 - INFO - ============================================================
2025-12-12 11:01:41,099 - INFO - 25FW NON 시즌 CSV 생성 완료
2025-12-12 11:01:41,099 - INFO - None
2025-12-12 11:01:41,099 - INFO - ============================================================
2025-12-12 11:01:41,099 - INFO - [NON SUMMARY 생성] 25FW 시즌 SUMMARY JSON 생성 시작
2025-12-12 11:01:41,099 - INFO - ============================================================
2025-12-12 11:01:41,099 - INFO - 
25FW NON 브랜드 M 처리 중...
2025-12-12 11:01:42,166 - INFO - 25FW NON 브랜드 M SUMMARY 생성 완료
2025-12-12 11:01:42,166 - INFO - 
25FW NON 브랜드 I 처리 중...
2025-12-12 11:01:43,158 - INFO - 25FW NON 브랜드 I SUMMARY 생성 완료
2025-12-12 11:01:43,158 - INFO - 
25FW NON 브랜드 X 처리 중...
2025-12-12 11:01:44,115 - INFO - 25FW NON 브랜드 X SUMMARY 생성 완료
2025-12-12 11:01:44,115 - INFO - 
25FW NON SUMMARY 생성 완료: 3/3
2025-12-12 11:01:44,115 - INFO - 25FW_NON 인사이트 생성 (규칙 기반)
2025-12-12 11:01:44,115 - INFO - ============================================================
2025-12-12 11:01:44,115 - INFO - [인사이트 생성] 25FW_NON 시즌 인사이트 CSV 생성 시작
2025-12-12 11:01:44,115 - INFO - ============================================================
2025-12-12 11:01:45,099 - INFO - 25FW_NON 인사이트 CSV 생성 완료
2025-12-12 11:01:45,099 - INFO - None
2025-12-12 11:01:45,100 - INFO - ============================================================
2025-12-12 11:01:45,100 - INFO - [NON CSV 생성] 26SS 시즌 CSV 생성 시작
2025-12-12 11:01:45,100 - INFO - ============================================================
2025-12-12 11:02:28,146 - INFO - 26SS NON 시즌 CSV 생성 완료
2025-12-12 11:02:28,146 - INFO - None
2025-12-12 11:02:28,146 - INFO - ============================================================
2025-12-12 11:02:28,146 - INFO - [NON SUMMARY 생성] 26SS 시즌 SUMMARY JSON 생성 시작
2025-12-12 11:02:28,146 - INFO - ============================================================
2025-12-12 11:02:28,146 - INFO - 
26SS NON 브랜드 M 처리 중...
2025-12-12 11:02:29,099 - INFO - 26SS NON 브랜드 M SUMMARY 생성 완료
2025-12-12 11:02:29,099 - INFO - 
26SS NON 브랜드 I 처리 중...
2025-12-12 11:02:30,052 - INFO - 26SS NON 브랜드 I SUMMARY 생성 완료
2025-12-12 11:02:30,053 - INFO - 
26SS NON 브랜드 X 처리 중...
2025-12-12 11:02:30,976 - INFO - 26SS NON 브랜드 X SUMMARY 생성 완료
2025-12-12 11:02:30,976 - INFO - 
26SS NON SUMMARY 생성 완료: 3/3
2025-12-12 11:02:30,976 - INFO - 26SS_NON 인사이트 생성 (규칙 기반)
2025-12-12 11:02:30,976 - INFO - ============================================================
2025-12-12 11:02:30,976 - INFO - [인사이트 생성] 26SS_NON 시즌 인사이트 CSV 생성 시작
2025-12-12 11:02:30,976 - INFO - ============================================================
2025-12-12 11:02:31,856 - INFO - 26SS_NON 인사이트 CSV 생성 완료
2025-12-12 11:02:31,856 - INFO - None
2025-12-12 11:02:31,857 - INFO - ============================================================
2025-12-12 11:02:31,857 - INFO - [NON CSV 생성] 26FW 시즌 CSV 생성 시작
2025-12-12 11:02:31,857 - INFO - ============================================================
2025-12-12 11:03:15,012 - INFO - 26FW NON 시즌 CSV 생성 완료
2025-12-12 11:03:15,013 - INFO - None
2025-12-12 11:03:15,013 - INFO - ============================================================
2025-12-12 11:03:15,013 - INFO - [NON SUMMARY 생성] 26FW 시즌 SUMMARY JSON 생성 시작
2025-12-12 11:03:15,013 - INFO - ============================================================
2025-12-12 11:03:15,013 - INFO - 
26FW NON 브랜드 M 처리 중...
2025-12-12 11:03:15,961 - INFO - 26FW NON 브랜드 M SUMMARY 생성 완료
2025-12-12 11:03:15,962 - INFO - 
26FW NON 브랜드 I 처리 중...
2025-12-12 11:03:16,819 - INFO - 26FW NON 브랜드 I SUMMARY 생성 완료
2025-12-12 11:03:16,820 - INFO - 
26FW NON 브랜드 X 처리 중...
2025-12-12 11:03:17,743 - INFO - 26FW NON 브랜드 X SUMMARY 생성 완료
2025-12-12 11:03:17,743 - INFO - 
26FW NON SUMMARY 생성 완료: 3/3
2025-12-12 11:03:17,743 - INFO - 26FW_NON 인사이트 생성 (규칙 기반)
2025-12-12 11:03:17,743 - INFO - ============================================================
2025-12-12 11:03:17,743 - INFO - [인사이트 생성] 26FW_NON 시즌 인사이트 CSV 생성 시작
2025-12-12 11:03:17,743 - INFO - ============================================================
2025-12-12 11:03:18,714 - INFO - 26FW_NON 인사이트 CSV 생성 완료
2025-12-12 11:03:18,714 - INFO - None
2025-12-12 11:03:18,714 - INFO - ============================================================
2025-12-12 11:03:18,714 - INFO - [2] 25FW SUMMARY JSON 생성 시작
2025-12-12 11:03:18,715 - INFO - ============================================================
2025-12-12 11:03:18,715 - INFO - 
25FW 브랜드 M 처리 중...
2025-12-12 11:03:23,457 - INFO - 25FW 브랜드 M SUMMARY 생성 완료
2025-12-12 11:03:23,458 - INFO - 
25FW 브랜드 I 처리 중...
2025-12-12 11:03:25,050 - INFO - 25FW 브랜드 I SUMMARY 생성 완료
2025-12-12 11:03:25,050 - INFO - 
25FW 브랜드 X 처리 중...
2025-12-12 11:03:27,228 - INFO - 25FW 브랜드 X SUMMARY 생성 완료
2025-12-12 11:03:27,228 - INFO - 
25FW 브랜드 ST 처리 중...
2025-12-12 11:03:28,472 - INFO - 25FW 브랜드 ST SUMMARY 생성 완료
2025-12-12 11:03:28,472 - INFO - 
25FW 브랜드 V 처리 중...
2025-12-12 11:03:29,965 - INFO - 25FW 브랜드 V SUMMARY 생성 완료
2025-12-12 11:03:29,965 - INFO - 
25FW SUMMARY 생성 완료: 5/5
2025-12-12 11:03:29,965 - INFO - 25FW 인사이트 생성 (제외 브랜드: M, I, X)
2025-12-12 11:03:29,965 - INFO - ============================================================
2025-12-12 11:03:29,965 - INFO - [인사이트 생성] 25FW 시즌 인사이트 CSV 생성 시작
2025-12-12 11:03:29,965 - INFO - ============================================================
2025-12-12 11:03:30,857 - INFO - 25FW 인사이트 CSV 생성 완료
2025-12-12 11:03:30,857 - INFO - None
2025-12-12 11:03:30,857 - INFO - 25FW DISCOVERY-KIDS 인사이트 생성 (DISCOVERY 인사이트는 건드리지 않음)
2025-12-12 11:03:31,815 - INFO - 25FW DISCOVERY-KIDS 인사이트 생성 완료
2025-12-12 11:03:31,816 - INFO - None
2025-12-12 11:03:31,816 - INFO - 25SS 시즌 처리 (generate_summary_26ss.py 사용)
2025-12-12 11:03:31,816 - INFO - ============================================================
2025-12-12 11:03:31,816 - INFO - [3] 25SS SUMMARY JSON 생성 시작
2025-12-12 11:03:31,816 - INFO - ============================================================
2025-12-12 11:03:31,816 - INFO - 
25SS 브랜드 M 처리 중...
2025-12-12 11:03:36,918 - INFO - 25SS 브랜드 M SUMMARY 생성 완료
2025-12-12 11:03:36,919 - INFO - 
25SS 브랜드 I 처리 중...
2025-12-12 11:03:38,873 - INFO - 25SS 브랜드 I SUMMARY 생성 완료
2025-12-12 11:03:38,873 - INFO - 
25SS 브랜드 X 처리 중...
2025-12-12 11:03:41,193 - INFO - 25SS 브랜드 X SUMMARY 생성 완료
2025-12-12 11:03:41,193 - INFO - 
25SS 브랜드 ST 처리 중...
2025-12-12 11:03:42,574 - INFO - 25SS 브랜드 ST SUMMARY 생성 완료
2025-12-12 11:03:42,574 - INFO - 
25SS 브랜드 V 처리 중...
2025-12-12 11:03:44,009 - INFO - 25SS 브랜드 V SUMMARY 생성 완료
2025-12-12 11:03:44,009 - INFO - 
25SS SUMMARY 생성 완료: 5/5
2025-12-12 11:03:44,009 - INFO - 25SS 인사이트 생성 (규칙 기반)
2025-12-12 11:03:44,009 - INFO - ============================================================
2025-12-12 11:03:44,009 - INFO - [인사이트 생성] 25SS 시즌 인사이트 CSV 생성 시작
2025-12-12 11:03:44,009 - INFO - ============================================================
2025-12-12 11:03:44,999 - INFO - 25SS 인사이트 CSV 생성 완료
2025-12-12 11:03:44,999 - INFO - None
2025-12-12 11:03:44,999 - INFO - ============================================================
2025-12-12 11:03:44,999 - INFO - [3] 26SS SUMMARY JSON 생성 시작
2025-12-12 11:03:44,999 - INFO - ============================================================
2025-12-12 11:03:44,999 - INFO - 
26SS 브랜드 M 처리 중...
2025-12-12 11:03:49,459 - INFO - 26SS 브랜드 M SUMMARY 생성 완료
2025-12-12 11:03:49,460 - INFO - 
26SS 브랜드 I 처리 중...
2025-12-12 11:03:51,518 - INFO - 26SS 브랜드 I SUMMARY 생성 완료
2025-12-12 11:03:51,518 - INFO - 
26SS 브랜드 X 처리 중...
2025-12-12 11:03:53,345 - INFO - 26SS 브랜드 X SUMMARY 생성 완료
2025-12-12 11:03:53,345 - INFO - 
26SS 브랜드 ST 처리 중...
2025-12-12 11:03:54,691 - INFO - 26SS 브랜드 ST SUMMARY 생성 완료
2025-12-12 11:03:54,692 - INFO - 
26SS 브랜드 V 처리 중...
2025-12-12 11:03:55,859 - INFO - 26SS 브랜드 V SUMMARY 생성 완료
2025-12-12 11:03:55,859 - INFO - 
26SS SUMMARY 생성 완료: 5/5
2025-12-12 11:03:55,859 - INFO - 26SS 인사이트 생성 (규칙 기반)
2025-12-12 11:03:55,860 - INFO - ============================================================
2025-12-12 11:03:55,860 - INFO - [인사이트 생성] 26SS 시즌 인사이트 CSV 생성 시작
2025-12-12 11:03:55,860 - INFO - ============================================================
2025-12-12 11:03:56,893 - INFO - 26SS 인사이트 CSV 생성 완료
2025-12-12 11:03:56,893 - INFO - None
2025-12-12 11:03:56,893 - INFO - 26FW 시즌 처리 (generate_summary_26ss.py 사용)
2025-12-12 11:03:56,893 - INFO - ============================================================
2025-12-12 11:03:56,893 - INFO - [3] 26FW SUMMARY JSON 생성 시작
2025-12-12 11:03:56,893 - INFO - ============================================================
2025-12-12 11:03:56,893 - INFO - 
26FW 브랜드 M 처리 중...
2025-12-12 11:03:57,773 - INFO - 26FW 브랜드 M SUMMARY 생성 완료
2025-12-12 11:03:57,773 - INFO - 
26FW 브랜드 I 처리 중...
2025-12-12 11:03:58,721 - INFO - 26FW 브랜드 I SUMMARY 생성 완료
2025-12-12 11:03:58,721 - INFO - 
26FW 브랜드 X 처리 중...
2025-12-12 11:03:59,757 - INFO - 26FW 브랜드 X SUMMARY 생성 완료
2025-12-12 11:03:59,757 - INFO - 
26FW 브랜드 ST 처리 중...
2025-12-12 11:04:00,674 - INFO - 26FW 브랜드 ST SUMMARY 생성 완료
2025-12-12 11:04:00,675 - INFO - 
26FW 브랜드 V 처리 중...
2025-12-12 11:04:01,604 - INFO - 26FW 브랜드 V SUMMARY 생성 완료
2025-12-12 11:04:01,604 - INFO - 
26FW SUMMARY 생성 완료: 5/5
2025-12-12 11:04:01,604 - INFO - 26FW 인사이트 생성 (규칙 기반)
2025-12-12 11:04:01,604 - INFO - ============================================================
2025-12-12 11:04:01,604 - INFO - [인사이트 생성] 26FW 시즌 인사이트 CSV 생성 시작
2025-12-12 11:04:01,605 - INFO - ============================================================
2025-12-12 11:04:02,537 - INFO - 26FW 인사이트 CSV 생성 완료
2025-12-12 11:04:02,537 - INFO - None
2025-12-12 11:04:02,537 - INFO - ============================================================
2025-12-12 11:04:02,537 - INFO - [5] 파일 검증 시작
2025-12-12 11:04:02,537 - INFO - ============================================================
2025-12-12 11:04:02,537 - WARNING - 인사이트 CSV 없음: public\COST RAW\25FW\M_insight_25fw.csv
2025-12-12 11:04:02,537 - WARNING - 인사이트 CSV 없음: public\COST RAW\25FW\I_insight_25fw.csv
2025-12-12 11:04:02,538 - WARNING - 인사이트 CSV 없음: public\COST RAW\25FW\X_insight_25fw.csv
2025-12-12 11:04:02,542 - WARNING - CSV 파일 없음: public\COST RAW\26FW\M_26F.csv
2025-12-12 11:04:02,543 - WARNING - SUMMARY JSON 없음: public\COST RAW\26FW\summary_26fw_m.json
2025-12-12 11:04:02,544 - WARNING - 인사이트 CSV 없음: public\COST RAW\26FW\M_insight_26fw.csv
2025-12-12 11:04:02,545 - WARNING - CSV 파일 없음: public\COST RAW\26FW\I_26F.csv
2025-12-12 11:04:02,546 - WARNING - SUMMARY JSON 없음: public\COST RAW\26FW\summary_26fw_i.json
2025-12-12 11:04:02,546 - WARNING - 인사이트 CSV 없음: public\COST RAW\26FW\I_insight_26fw.csv
2025-12-12 11:04:02,547 - WARNING - CSV 파일 없음: public\COST RAW\26FW\X_26F.csv
2025-12-12 11:04:02,547 - WARNING - SUMMARY JSON 없음: public\COST RAW\26FW\summary_26fw_x.json
2025-12-12 11:04:02,548 - WARNING - DISCOVERY-KIDS SUMMARY JSON 없음: public\COST RAW\26FW\summary_26fw_x_kids.json
2025-12-12 11:04:02,549 - WARNING - 인사이트 CSV 없음: public\COST RAW\26FW\X_insight_26fw.csv
2025-12-12 11:04:02,549 - WARNING - DISCOVERY-KIDS 인사이트 CSV 없음: public\COST RAW\26FW\X_insight_26fw_kids.csv
2025-12-12 11:04:02,550 - WARNING - CSV 파일 없음: public\COST RAW\26FW\ST_26F.csv
2025-12-12 11:04:02,550 - WARNING - SUMMARY JSON 없음: public\COST RAW\26FW\summary_26fw_st.json
2025-12-12 11:04:02,551 - WARNING - 인사이트 CSV 없음: public\COST RAW\26FW\ST_insight_26fw.csv
2025-12-12 11:04:02,551 - WARNING - CSV 파일 없음: public\COST RAW\26FW\V_26F.csv
2025-12-12 11:04:02,552 - WARNING - SUMMARY JSON 없음: public\COST RAW\26FW\summary_26fw_v.json
2025-12-12 11:04:02,555 - WARNING - 인사이트 CSV 없음: public\COST RAW\26FW\V_insight_26fw.csv
2025-12-12 11:04:02,556 - WARNING - NON SUMMARY JSON 없음: public\COST RAW\25FW\summary_25fw_non_m_non.json
2025-12-12 11:04:02,557 - WARNING - NON 인사이트 CSV 없음: public\COST RAW\25FW\M_insight_25fw_non_non.csv
2025-12-12 11:04:02,558 - WARNING - NON SUMMARY JSON 없음: public\COST RAW\25FW\summary_25fw_non_i_non.json
2025-12-12 11:04:02,559 - WARNING - NON 인사이트 CSV 없음: public\COST RAW\25FW\I_insight_25fw_non_non.csv
2025-12-12 11:04:02,559 - WARNING - NON SUMMARY JSON 없음: public\COST RAW\25FW\summary_25fw_non_x_non.json
2025-12-12 11:04:02,560 - WARNING - NON 인사이트 CSV 없음: public\COST RAW\25FW\X_insight_25fw_non_non.csv
2025-12-12 11:04:02,560 - WARNING - NON SUMMARY JSON 없음: public\COST RAW\26SS\summary_26ss_non_m_non.json
2025-12-12 11:04:02,561 - WARNING - NON 인사이트 CSV 없음: public\COST RAW\26SS\M_insight_26ss_non_non.csv
2025-12-12 11:04:02,562 - WARNING - NON SUMMARY JSON 없음: public\COST RAW\26SS\summary_26ss_non_i_non.json
2025-12-12 11:04:02,563 - WARNING - NON 인사이트 CSV 없음: public\COST RAW\26SS\I_insight_26ss_non_non.csv
2025-12-12 11:04:02,563 - WARNING - NON SUMMARY JSON 없음: public\COST RAW\26SS\summary_26ss_non_x_non.json
2025-12-12 11:04:02,564 - WARNING - NON 인사이트 CSV 없음: public\COST RAW\26SS\X_insight_26ss_non_non.csv
2025-12-12 11:04:02,565 - WARNING - NON SUMMARY JSON 없음: public\COST RAW\26FW\summary_26fw_non_m_non.json
2025-12-12 11:04:02,565 - WARNING - NON 인사이트 CSV 없음: public\COST RAW\26FW\M_insight_26fw_non_non.csv
2025-12-12 11:04:02,566 - WARNING - NON SUMMARY JSON 없음: public\COST RAW\26FW\summary_26fw_non_i_non.json
2025-12-12 11:04:02,567 - WARNING - NON 인사이트 CSV 없음: public\COST RAW\26FW\I_insight_26fw_non_non.csv
2025-12-12 11:04:02,568 - WARNING - NON SUMMARY JSON 없음: public\COST RAW\26FW\summary_26fw_non_x_non.json
2025-12-12 11:04:02,568 - WARNING - NON 인사이트 CSV 없음: public\COST RAW\26FW\X_insight_26fw_non_non.csv
2025-12-12 11:04:02,570 - WARNING - 일부 파일이 누락되었습니다.
2025-12-12 11:04:02,570 - INFO - ============================================================
2025-12-12 11:04:02,572 - INFO - [5] Git 커밋 및 푸시 시작
2025-12-12 11:04:02,572 - INFO - ============================================================
2025-12-12 11:04:02,936 - INFO - 변경된 파일을 Git에 추가 중...
2025-12-12 11:04:03,156 - INFO - Git 커밋 중: Auto update: 2025-12-12 11:04:03
2025-12-12 11:04:03,474 - INFO - Git 커밋 완료
2025-12-12 11:04:03,474 - INFO - Git 푸시 중...
2025-12-12 11:04:07,240 - INFO - Git 푸시 완료
2025-12-12 11:04:07,240 - INFO - ============================================================
2025-12-12 11:04:07,240 - INFO - [5] Git 커밋 및 푸시 완료
2025-12-12 11:04:07,241 - INFO - ============================================================
2025-12-12 11:04:07,241 - INFO - ============================================================
2025-12-12 11:04:07,241 - INFO - [6] Vercel 배포 시작
2025-12-12 11:04:07,242 - INFO - ============================================================
2025-12-12 11:04:07,244 - WARNING - Vercel CLI가 설치되어 있지 않습니다. 배포를 건너뜁니다.
2025-12-12 11:04:07,245 - WARNING - Vercel 배포 실패했지만 계속 진행합니다.
2025-12-12 11:04:07,245 - INFO - ============================================================
2025-12-12 11:04:07,245 - INFO - 자동 대시보드 업데이트 완료
2025-12-12 11:04:07,245 - INFO - 종료 시간: 2025-12-12 11:04:07
2025-12-12 11:04:07,245 - INFO - 소요 시간: 245.0초
2025-12-12 11:04:07,246 - INFO - ============================================================
2025-12-12 11:04:07,246 - WARNING - 이메일 설정이 없어 알림을 전송하지 않습니다.
2025-12-12 11:14:11,113 - INFO - 윈도우 팝업 알림 표시 완료
2025-12-12 11:14:11,113 - INFO - Teams 메시지 전송 시도 중...
2025-12-12 11:14:11,113 - INFO - Teams Webhook URL 확인됨: https://fnf365.webhook.office.com/webhookb2/dae107...
2025-12-12 11:14:14,230 - INFO - Teams 메시지 전송 완료
