2025-12-17 11:00:02,530 - INFO - ============================================================
2025-12-17 11:00:02,530 - INFO - 자동 대시보드 업데이트 시작
2025-12-17 11:00:02,530 - INFO - 시작 시간: 2025-12-17 11:00:02
2025-12-17 11:00:02,530 - INFO - ============================================================
2025-12-17 11:00:02,544 - WARNING - 이메일 설정이 없어 알림을 전송하지 않습니다.
2025-12-17 11:00:02,544 - INFO - ============================================================
2025-12-17 11:00:02,544 - INFO - [1] SQL에서 CSV 생성 시작
2025-12-17 11:00:02,545 - INFO - ============================================================
2025-12-17 11:00:37,205 - INFO - SQL → CSV 생성 완료
2025-12-17 11:00:37,205 - INFO - None
2025-12-17 11:00:37,206 - INFO - ============================================================
2025-12-17 11:00:37,206 - INFO - [NON 시즌 처리 시작]
2025-12-17 11:00:37,206 - INFO - ============================================================
2025-12-17 11:00:37,207 - INFO - ============================================================
2025-12-17 11:00:37,208 - INFO - [NON 환율 CSV 생성] FX_NON.csv 생성 시작
2025-12-17 11:00:37,209 - INFO - ============================================================
2025-12-17 11:00:58,309 - INFO - FX_NON.csv 생성 완료
2025-12-17 11:00:58,309 - INFO - None
2025-12-17 11:00:58,310 - INFO - ============================================================
2025-12-17 11:00:58,310 - INFO - [NON CSV 생성] 25FW 시즌 CSV 생성 시작
2025-12-17 11:00:58,310 - INFO - ============================================================
2025-12-17 11:02:11,451 - INFO - 25FW NON 시즌 CSV 생성 완료
2025-12-17 11:02:11,451 - INFO - None
2025-12-17 11:02:11,451 - INFO - ============================================================
2025-12-17 11:02:11,451 - INFO - [NON SUMMARY 생성] 25FW 시즌 SUMMARY JSON 생성 시작
2025-12-17 11:02:11,451 - INFO - ============================================================
2025-12-17 11:02:11,451 - INFO - 
25FW NON 브랜드 M 처리 중...
2025-12-17 11:02:12,461 - INFO - 25FW NON 브랜드 M SUMMARY 생성 완료
2025-12-17 11:02:12,461 - INFO - 
25FW NON 브랜드 I 처리 중...
2025-12-17 11:02:13,446 - INFO - 25FW NON 브랜드 I SUMMARY 생성 완료
2025-12-17 11:02:13,446 - INFO - 
25FW NON 브랜드 X 처리 중...
2025-12-17 11:02:14,417 - INFO - 25FW NON 브랜드 X SUMMARY 생성 완료
2025-12-17 11:02:14,417 - INFO - 
25FW NON SUMMARY 생성 완료: 3/3
2025-12-17 11:02:14,417 - INFO - 25FW_NON 인사이트 생성 (규칙 기반)
2025-12-17 11:02:14,417 - INFO - ============================================================
2025-12-17 11:02:14,418 - INFO - [인사이트 생성] 25FW_NON 시즌 인사이트 CSV 생성 시작
2025-12-17 11:02:14,418 - INFO - ============================================================
2025-12-17 11:02:15,321 - INFO - 25FW_NON 인사이트 CSV 생성 완료
2025-12-17 11:02:15,321 - INFO - None
2025-12-17 11:02:15,321 - INFO - ============================================================
2025-12-17 11:02:15,322 - INFO - [NON CSV 생성] 26SS 시즌 CSV 생성 시작
2025-12-17 11:02:15,322 - INFO - ============================================================
2025-12-17 11:03:02,773 - INFO - 26SS NON 시즌 CSV 생성 완료
2025-12-17 11:03:02,773 - INFO - None
2025-12-17 11:03:02,773 - INFO - ============================================================
2025-12-17 11:03:02,773 - INFO - [NON SUMMARY 생성] 26SS 시즌 SUMMARY JSON 생성 시작
2025-12-17 11:03:02,773 - INFO - ============================================================
2025-12-17 11:03:02,773 - INFO - 
26SS NON 브랜드 M 처리 중...
2025-12-17 11:03:03,766 - INFO - 26SS NON 브랜드 M SUMMARY 생성 완료
2025-12-17 11:03:03,766 - INFO - 
26SS NON 브랜드 I 처리 중...
2025-12-17 11:03:04,672 - INFO - 26SS NON 브랜드 I SUMMARY 생성 완료
2025-12-17 11:03:04,673 - INFO - 
26SS NON 브랜드 X 처리 중...
2025-12-17 11:03:05,562 - INFO - 26SS NON 브랜드 X SUMMARY 생성 완료
2025-12-17 11:03:05,564 - INFO - 
26SS NON SUMMARY 생성 완료: 3/3
2025-12-17 11:03:05,564 - INFO - 26SS_NON 인사이트 생성 (규칙 기반)
2025-12-17 11:03:05,564 - INFO - ============================================================
2025-12-17 11:03:05,564 - INFO - [인사이트 생성] 26SS_NON 시즌 인사이트 CSV 생성 시작
2025-12-17 11:03:05,564 - INFO - ============================================================
2025-12-17 11:03:06,491 - INFO - 26SS_NON 인사이트 CSV 생성 완료
2025-12-17 11:03:06,492 - INFO - None
2025-12-17 11:03:06,492 - INFO - ============================================================
2025-12-17 11:03:06,492 - INFO - [NON CSV 생성] 26FW 시즌 CSV 생성 시작
2025-12-17 11:03:06,492 - INFO - ============================================================
2025-12-17 11:03:53,340 - INFO - 26FW NON 시즌 CSV 생성 완료
2025-12-17 11:03:53,341 - INFO - None
2025-12-17 11:03:53,341 - INFO - ============================================================
2025-12-17 11:03:53,341 - INFO - [NON SUMMARY 생성] 26FW 시즌 SUMMARY JSON 생성 시작
2025-12-17 11:03:53,342 - INFO - ============================================================
2025-12-17 11:03:53,342 - INFO - 
26FW NON 브랜드 M 처리 중...
2025-12-17 11:03:54,342 - INFO - 26FW NON 브랜드 M SUMMARY 생성 완료
2025-12-17 11:03:54,342 - INFO - 
26FW NON 브랜드 I 처리 중...
2025-12-17 11:03:55,451 - INFO - 26FW NON 브랜드 I SUMMARY 생성 완료
2025-12-17 11:03:55,451 - INFO - 
26FW NON 브랜드 X 처리 중...
2025-12-17 11:03:56,476 - INFO - 26FW NON 브랜드 X SUMMARY 생성 완료
2025-12-17 11:03:56,476 - INFO - 
26FW NON SUMMARY 생성 완료: 3/3
2025-12-17 11:03:56,477 - INFO - 26FW_NON 인사이트 생성 (규칙 기반)
2025-12-17 11:03:56,477 - INFO - ============================================================
2025-12-17 11:03:56,477 - INFO - [인사이트 생성] 26FW_NON 시즌 인사이트 CSV 생성 시작
2025-12-17 11:03:56,477 - INFO - ============================================================
2025-12-17 11:03:57,459 - INFO - 26FW_NON 인사이트 CSV 생성 완료
2025-12-17 11:03:57,459 - INFO - None
2025-12-17 11:03:57,459 - INFO - ============================================================
2025-12-17 11:03:57,459 - INFO - [2] 25FW SUMMARY JSON 생성 시작
2025-12-17 11:03:57,459 - INFO - ============================================================
2025-12-17 11:03:57,459 - INFO - 
25FW 브랜드 M 처리 중...
2025-12-17 11:04:03,435 - INFO - 25FW 브랜드 M SUMMARY 생성 완료
2025-12-17 11:04:03,435 - INFO - 
25FW 브랜드 I 처리 중...
2025-12-17 11:04:05,235 - INFO - 25FW 브랜드 I SUMMARY 생성 완료
2025-12-17 11:04:05,236 - INFO - 
25FW 브랜드 X 처리 중...
2025-12-17 11:04:07,444 - INFO - 25FW 브랜드 X SUMMARY 생성 완료
2025-12-17 11:04:07,445 - INFO - 
25FW 브랜드 ST 처리 중...
2025-12-17 11:04:08,461 - INFO - 25FW 브랜드 ST SUMMARY 생성 완료
2025-12-17 11:04:08,461 - INFO - 
25FW 브랜드 V 처리 중...
2025-12-17 11:04:09,889 - INFO - 25FW 브랜드 V SUMMARY 생성 완료
2025-12-17 11:04:09,889 - INFO - 
25FW SUMMARY 생성 완료: 5/5
2025-12-17 11:04:09,890 - INFO - 25FW 인사이트 생성 (제외 브랜드: M, I, X)
2025-12-17 11:04:09,890 - INFO - ============================================================
2025-12-17 11:04:09,890 - INFO - [인사이트 생성] 25FW 시즌 인사이트 CSV 생성 시작
2025-12-17 11:04:09,890 - INFO - ============================================================
2025-12-17 11:04:10,823 - INFO - 25FW 인사이트 CSV 생성 완료
2025-12-17 11:04:10,824 - INFO - None
2025-12-17 11:04:10,824 - INFO - 25FW DISCOVERY-KIDS 인사이트 생성 (DISCOVERY 인사이트는 건드리지 않음)
2025-12-17 11:04:11,801 - INFO - 25FW DISCOVERY-KIDS 인사이트 생성 완료
2025-12-17 11:04:11,801 - INFO - None
2025-12-17 11:04:11,801 - INFO - 25SS 시즌 처리 (generate_summary_26ss.py 사용)
2025-12-17 11:04:11,801 - INFO - ============================================================
2025-12-17 11:04:11,801 - INFO - [3] 25SS SUMMARY JSON 생성 시작
2025-12-17 11:04:11,801 - INFO - ============================================================
2025-12-17 11:04:11,801 - INFO - 
25SS 브랜드 M 처리 중...
2025-12-17 11:04:17,104 - INFO - 25SS 브랜드 M SUMMARY 생성 완료
2025-12-17 11:04:17,104 - INFO - 
25SS 브랜드 I 처리 중...
2025-12-17 11:04:19,085 - INFO - 25SS 브랜드 I SUMMARY 생성 완료
2025-12-17 11:04:19,085 - INFO - 
25SS 브랜드 X 처리 중...
2025-12-17 11:04:21,604 - INFO - 25SS 브랜드 X SUMMARY 생성 완료
2025-12-17 11:04:21,604 - INFO - 
25SS 브랜드 ST 처리 중...
2025-12-17 11:04:22,987 - INFO - 25SS 브랜드 ST SUMMARY 생성 완료
2025-12-17 11:04:22,987 - INFO - 
25SS 브랜드 V 처리 중...
2025-12-17 11:04:24,377 - INFO - 25SS 브랜드 V SUMMARY 생성 완료
2025-12-17 11:04:24,378 - INFO - 
25SS SUMMARY 생성 완료: 5/5
2025-12-17 11:04:24,378 - INFO - 25SS 인사이트 생성 (규칙 기반)
2025-12-17 11:04:24,378 - INFO - ============================================================
2025-12-17 11:04:24,378 - INFO - [인사이트 생성] 25SS 시즌 인사이트 CSV 생성 시작
2025-12-17 11:04:24,378 - INFO - ============================================================
2025-12-17 11:04:25,357 - INFO - 25SS 인사이트 CSV 생성 완료
2025-12-17 11:04:25,357 - INFO - None
2025-12-17 11:04:25,358 - INFO - ============================================================
2025-12-17 11:04:25,358 - INFO - [3] 26SS SUMMARY JSON 생성 시작
2025-12-17 11:04:25,358 - INFO - ============================================================
2025-12-17 11:04:25,358 - INFO - 
26SS 브랜드 M 처리 중...
2025-12-17 11:04:30,610 - INFO - 26SS 브랜드 M SUMMARY 생성 완료
2025-12-17 11:04:30,610 - INFO - 
26SS 브랜드 I 처리 중...
2025-12-17 11:04:32,923 - INFO - 26SS 브랜드 I SUMMARY 생성 완료
2025-12-17 11:04:32,924 - INFO - 
26SS 브랜드 X 처리 중...
2025-12-17 11:04:35,219 - INFO - 26SS 브랜드 X SUMMARY 생성 완료
2025-12-17 11:04:35,220 - INFO - 
26SS 브랜드 ST 처리 중...
2025-12-17 11:04:36,198 - INFO - 26SS 브랜드 ST SUMMARY 생성 완료
2025-12-17 11:04:36,198 - INFO - 
26SS 브랜드 V 처리 중...
2025-12-17 11:04:36,735 - INFO - 26SS 브랜드 V SUMMARY 생성 완료
2025-12-17 11:04:36,736 - INFO - 
26SS SUMMARY 생성 완료: 5/5
2025-12-17 11:04:36,736 - INFO - 26SS 인사이트 생성 (규칙 기반)
2025-12-17 11:04:36,736 - INFO - ============================================================
2025-12-17 11:04:36,736 - INFO - [인사이트 생성] 26SS 시즌 인사이트 CSV 생성 시작
2025-12-17 11:04:36,736 - INFO - ============================================================
2025-12-17 11:04:37,482 - INFO - 26SS 인사이트 CSV 생성 완료
2025-12-17 11:04:37,482 - INFO - None
2025-12-17 11:04:37,482 - INFO - 26FW 시즌 처리 (generate_summary_26ss.py 사용)
2025-12-17 11:04:37,483 - INFO - ============================================================
2025-12-17 11:04:37,483 - INFO - [3] 26FW SUMMARY JSON 생성 시작
2025-12-17 11:04:37,483 - INFO - ============================================================
2025-12-17 11:04:37,483 - INFO - 
26FW 브랜드 M 처리 중...
2025-12-17 11:04:38,373 - INFO - 26FW 브랜드 M SUMMARY 생성 완료
2025-12-17 11:04:38,373 - INFO - 
26FW 브랜드 I 처리 중...
2025-12-17 11:04:39,201 - INFO - 26FW 브랜드 I SUMMARY 생성 완료
2025-12-17 11:04:39,201 - INFO - 
26FW 브랜드 X 처리 중...
2025-12-17 11:04:40,068 - INFO - 26FW 브랜드 X SUMMARY 생성 완료
2025-12-17 11:04:40,068 - INFO - 
26FW 브랜드 ST 처리 중...
2025-12-17 11:04:40,896 - INFO - 26FW 브랜드 ST SUMMARY 생성 완료
2025-12-17 11:04:40,896 - INFO - 
26FW 브랜드 V 처리 중...
2025-12-17 11:04:41,779 - INFO - 26FW 브랜드 V SUMMARY 생성 완료
2025-12-17 11:04:41,779 - INFO - 
26FW SUMMARY 생성 완료: 5/5
2025-12-17 11:04:41,780 - INFO - 26FW 인사이트 생성 (규칙 기반)
2025-12-17 11:04:41,780 - INFO - ============================================================
2025-12-17 11:04:41,780 - INFO - [인사이트 생성] 26FW 시즌 인사이트 CSV 생성 시작
2025-12-17 11:04:41,780 - INFO - ============================================================
2025-12-17 11:04:42,679 - INFO - 26FW 인사이트 CSV 생성 완료
2025-12-17 11:04:42,679 - INFO - None
2025-12-17 11:04:42,680 - INFO - ============================================================
2025-12-17 11:04:42,680 - INFO - [5] 파일 검증 시작
2025-12-17 11:04:42,681 - INFO - ============================================================
2025-12-17 11:04:42,681 - WARNING - 인사이트 CSV 없음: public\COST RAW\25FW\M_insight_25fw.csv
2025-12-17 11:04:42,682 - WARNING - 인사이트 CSV 없음: public\COST RAW\25FW\I_insight_25fw.csv
2025-12-17 11:04:42,682 - WARNING - 인사이트 CSV 없음: public\COST RAW\25FW\X_insight_25fw.csv
2025-12-17 11:04:42,686 - WARNING - CSV 파일 없음: public\COST RAW\26FW\M_26F.csv
2025-12-17 11:04:42,686 - WARNING - SUMMARY JSON 없음: public\COST RAW\26FW\summary_26fw_m.json
2025-12-17 11:04:42,686 - WARNING - 인사이트 CSV 없음: public\COST RAW\26FW\M_insight_26fw.csv
2025-12-17 11:04:42,687 - WARNING - CSV 파일 없음: public\COST RAW\26FW\I_26F.csv
2025-12-17 11:04:42,687 - WARNING - SUMMARY JSON 없음: public\COST RAW\26FW\summary_26fw_i.json
2025-12-17 11:04:42,688 - WARNING - 인사이트 CSV 없음: public\COST RAW\26FW\I_insight_26fw.csv
2025-12-17 11:04:42,689 - WARNING - CSV 파일 없음: public\COST RAW\26FW\X_26F.csv
2025-12-17 11:04:42,689 - WARNING - SUMMARY JSON 없음: public\COST RAW\26FW\summary_26fw_x.json
2025-12-17 11:04:42,689 - WARNING - DISCOVERY-KIDS SUMMARY JSON 없음: public\COST RAW\26FW\summary_26fw_x_kids.json
2025-12-17 11:04:42,690 - WARNING - 인사이트 CSV 없음: public\COST RAW\26FW\X_insight_26fw.csv
2025-12-17 11:04:42,690 - WARNING - DISCOVERY-KIDS 인사이트 CSV 없음: public\COST RAW\26FW\X_insight_26fw_kids.csv
2025-12-17 11:04:42,690 - WARNING - CSV 파일 없음: public\COST RAW\26FW\ST_26F.csv
2025-12-17 11:04:42,690 - WARNING - SUMMARY JSON 없음: public\COST RAW\26FW\summary_26fw_st.json
2025-12-17 11:04:42,690 - WARNING - 인사이트 CSV 없음: public\COST RAW\26FW\ST_insight_26fw.csv
2025-12-17 11:04:42,691 - WARNING - CSV 파일 없음: public\COST RAW\26FW\V_26F.csv
2025-12-17 11:04:42,691 - WARNING - SUMMARY JSON 없음: public\COST RAW\26FW\summary_26fw_v.json
2025-12-17 11:04:42,691 - WARNING - 인사이트 CSV 없음: public\COST RAW\26FW\V_insight_26fw.csv
2025-12-17 11:04:42,692 - WARNING - NON SUMMARY JSON 없음: public\COST RAW\25FW\summary_25fw_non_m_non.json
2025-12-17 11:04:42,694 - WARNING - NON 인사이트 CSV 없음: public\COST RAW\25FW\M_insight_25fw_non_non.csv
2025-12-17 11:04:42,694 - WARNING - NON SUMMARY JSON 없음: public\COST RAW\25FW\summary_25fw_non_i_non.json
2025-12-17 11:04:42,694 - WARNING - NON 인사이트 CSV 없음: public\COST RAW\25FW\I_insight_25fw_non_non.csv
2025-12-17 11:04:42,695 - WARNING - NON SUMMARY JSON 없음: public\COST RAW\25FW\summary_25fw_non_x_non.json
2025-12-17 11:04:42,695 - WARNING - NON 인사이트 CSV 없음: public\COST RAW\25FW\X_insight_25fw_non_non.csv
2025-12-17 11:04:42,695 - WARNING - NON SUMMARY JSON 없음: public\COST RAW\26SS\summary_26ss_non_m_non.json
2025-12-17 11:04:42,695 - WARNING - NON 인사이트 CSV 없음: public\COST RAW\26SS\M_insight_26ss_non_non.csv
2025-12-17 11:04:42,696 - WARNING - NON SUMMARY JSON 없음: public\COST RAW\26SS\summary_26ss_non_i_non.json
2025-12-17 11:04:42,697 - WARNING - NON 인사이트 CSV 없음: public\COST RAW\26SS\I_insight_26ss_non_non.csv
2025-12-17 11:04:42,697 - WARNING - NON SUMMARY JSON 없음: public\COST RAW\26SS\summary_26ss_non_x_non.json
2025-12-17 11:04:42,697 - WARNING - NON 인사이트 CSV 없음: public\COST RAW\26SS\X_insight_26ss_non_non.csv
2025-12-17 11:04:42,698 - WARNING - NON SUMMARY JSON 없음: public\COST RAW\26FW\summary_26fw_non_m_non.json
2025-12-17 11:04:42,698 - WARNING - NON 인사이트 CSV 없음: public\COST RAW\26FW\M_insight_26fw_non_non.csv
2025-12-17 11:04:42,699 - WARNING - NON SUMMARY JSON 없음: public\COST RAW\26FW\summary_26fw_non_i_non.json
2025-12-17 11:04:42,699 - WARNING - NON 인사이트 CSV 없음: public\COST RAW\26FW\I_insight_26fw_non_non.csv
2025-12-17 11:04:42,700 - WARNING - NON SUMMARY JSON 없음: public\COST RAW\26FW\summary_26fw_non_x_non.json
2025-12-17 11:04:42,700 - WARNING - NON 인사이트 CSV 없음: public\COST RAW\26FW\X_insight_26fw_non_non.csv
2025-12-17 11:04:42,700 - WARNING - 일부 파일이 누락되었습니다.
2025-12-17 11:04:42,700 - INFO - ============================================================
2025-12-17 11:04:42,700 - INFO - [5] Git 커밋 및 푸시 시작
2025-12-17 11:04:42,700 - INFO - ============================================================
2025-12-17 11:04:43,092 - INFO - 변경된 파일을 Git에 추가 중...
2025-12-17 11:04:43,249 - INFO - Git 커밋 중: Auto update: 2025-12-17 11:04:43
2025-12-17 11:04:43,414 - INFO - Git 커밋 완료
2025-12-17 11:04:43,414 - INFO - Git 푸시 중...
2025-12-17 11:04:46,711 - INFO - Git 푸시 완료
2025-12-17 11:04:46,712 - INFO - ============================================================
2025-12-17 11:04:46,712 - INFO - [5] Git 커밋 및 푸시 완료
2025-12-17 11:04:46,712 - INFO - ============================================================
2025-12-17 11:04:46,713 - INFO - ============================================================
2025-12-17 11:04:46,713 - INFO - [6] Vercel 배포 시작
2025-12-17 11:04:46,713 - INFO - ============================================================
2025-12-17 11:04:46,715 - WARNING - Vercel CLI가 설치되어 있지 않습니다. 배포를 건너뜁니다.
2025-12-17 11:04:46,715 - WARNING - Vercel 배포 실패했지만 계속 진행합니다.
2025-12-17 11:04:46,716 - INFO - ============================================================
2025-12-17 11:04:46,716 - INFO - 자동 대시보드 업데이트 완료
2025-12-17 11:04:46,716 - INFO - 종료 시간: 2025-12-17 11:04:46
2025-12-17 11:04:46,716 - INFO - 소요 시간: 284.2초
2025-12-17 11:04:46,717 - INFO - ============================================================
2025-12-17 11:04:46,717 - WARNING - 이메일 설정이 없어 알림을 전송하지 않습니다.
2025-12-17 11:09:26,709 - INFO - 윈도우 팝업 알림 표시 완료
2025-12-17 11:09:26,710 - INFO - Teams 메시지 전송 시도 중...
2025-12-17 11:09:26,710 - INFO - Teams Webhook URL 확인됨: https://fnf365.webhook.office.com/webhookb2/dae107...
2025-12-17 11:09:28,884 - INFO - Teams 메시지 전송 완료
