2025-11-27 11:14:35,280 - INFO - ============================================================
2025-11-27 11:14:35,280 - INFO - 자동 대시보드 업데이트 시작
2025-11-27 11:14:35,280 - INFO - 시작 시간: 2025-11-27 11:14:35
2025-11-27 11:14:35,281 - INFO - ============================================================
2025-11-27 11:14:35,281 - WARNING - 이메일 설정이 없어 알림을 전송하지 않습니다.
2025-11-27 11:14:35,281 - INFO - ============================================================
2025-11-27 11:14:35,281 - INFO - [1] SQL에서 CSV 생성 시작
2025-11-27 11:14:35,281 - INFO - ============================================================
2025-11-27 11:14:55,070 - INFO - SQL → CSV 생성 완료
2025-11-27 11:14:55,070 - INFO - None
2025-11-27 11:14:55,070 - INFO - ============================================================
2025-11-27 11:14:55,070 - INFO - [2] 25FW SUMMARY JSON 생성 시작
2025-11-27 11:14:55,070 - INFO - ============================================================
2025-11-27 11:14:55,070 - INFO - 
25FW 브랜드 M 처리 중...
2025-11-27 11:14:57,635 - INFO - 25FW 브랜드 M SUMMARY 생성 완료
2025-11-27 11:14:57,635 - INFO - 
25FW 브랜드 I 처리 중...
2025-11-27 11:14:58,457 - INFO - 25FW 브랜드 I SUMMARY 생성 완료
2025-11-27 11:14:58,457 - INFO - 
25FW 브랜드 X 처리 중...
2025-11-27 11:14:59,613 - INFO - 25FW 브랜드 X SUMMARY 생성 완료
2025-11-27 11:14:59,613 - INFO - 
25FW 브랜드 ST 처리 중...
2025-11-27 11:15:00,159 - INFO - 25FW 브랜드 ST SUMMARY 생성 완료
2025-11-27 11:15:00,160 - INFO - 
25FW 브랜드 V 처리 중...
2025-11-27 11:15:00,909 - INFO - 25FW 브랜드 V SUMMARY 생성 완료
2025-11-27 11:15:00,909 - INFO - 
25FW SUMMARY 생성 완료: 5/5
2025-11-27 11:15:00,909 - INFO - ============================================================
2025-11-27 11:15:00,909 - INFO - [3] 26SS SUMMARY JSON 생성 시작
2025-11-27 11:15:00,909 - INFO - ============================================================
2025-11-27 11:15:00,909 - INFO - 
26SS 브랜드 M 처리 중...
2025-11-27 11:15:03,076 - INFO - 26SS 브랜드 M SUMMARY 생성 완료
2025-11-27 11:15:03,076 - INFO - 
26SS 브랜드 I 처리 중...
2025-11-27 11:15:03,911 - INFO - 26SS 브랜드 I SUMMARY 생성 완료
2025-11-27 11:15:03,911 - INFO - 
26SS 브랜드 X 처리 중...
2025-11-27 11:15:04,342 - INFO - 26SS 브랜드 X SUMMARY 생성 완료
2025-11-27 11:15:04,342 - INFO - 
26SS 브랜드 ST 처리 중...
2025-11-27 11:15:04,941 - INFO - 26SS 브랜드 ST SUMMARY 생성 완료
2025-11-27 11:15:04,941 - INFO - 
26SS 브랜드 V 처리 중...
2025-11-27 11:15:05,448 - INFO - 26SS 브랜드 V SUMMARY 생성 완료
2025-11-27 11:15:05,448 - INFO - 
26SS SUMMARY 생성 완료: 5/5
2025-11-27 11:15:05,448 - INFO - ============================================================
2025-11-27 11:15:05,448 - INFO - [4] 26SS 인사이트 CSV 생성 시작
2025-11-27 11:15:05,448 - INFO - ============================================================
2025-11-27 11:15:05,924 - INFO - 26SS 인사이트 CSV 생성 완료
2025-11-27 11:15:05,924 - INFO - None
2025-11-27 11:15:05,924 - INFO - ============================================================
2025-11-27 11:15:05,924 - INFO - [5] 파일 검증 시작
2025-11-27 11:15:05,924 - INFO - ============================================================
2025-11-27 11:15:05,925 - INFO - 모든 파일 검증 완료
2025-11-27 11:15:05,925 - INFO - ============================================================
2025-11-27 11:15:05,925 - INFO - 자동 대시보드 업데이트 완료
2025-11-27 11:15:05,925 - INFO - 종료 시간: 2025-11-27 11:15:05
2025-11-27 11:15:05,925 - INFO - 소요 시간: 30.6초
2025-11-27 11:15:05,925 - INFO - ============================================================
2025-11-27 11:15:05,925 - WARNING - 이메일 설정이 없어 알림을 전송하지 않습니다.
2025-11-27 11:23:23,287 - INFO - ============================================================
2025-11-27 11:23:23,287 - INFO - 자동 대시보드 업데이트 시작
2025-11-27 11:23:23,287 - INFO - 시작 시간: 2025-11-27 11:23:23
2025-11-27 11:23:23,287 - INFO - ============================================================
2025-11-27 11:23:23,287 - WARNING - 이메일 설정이 없어 알림을 전송하지 않습니다.
2025-11-27 11:23:23,287 - INFO - ============================================================
2025-11-27 11:23:23,287 - INFO - [1] SQL에서 CSV 생성 시작
2025-11-27 11:23:23,287 - INFO - ============================================================
2025-11-27 11:23:40,949 - INFO - SQL → CSV 생성 완료
2025-11-27 11:23:40,949 - INFO - None
2025-11-27 11:23:40,949 - INFO - ============================================================
2025-11-27 11:23:40,949 - INFO - [2] 25FW SUMMARY JSON 생성 시작
2025-11-27 11:23:40,949 - INFO - ============================================================
2025-11-27 11:23:40,949 - INFO - 
25FW 브랜드 M 처리 중...
2025-11-27 11:23:43,477 - INFO - 25FW 브랜드 M SUMMARY 생성 완료
2025-11-27 11:23:43,477 - INFO - 
25FW 브랜드 I 처리 중...
2025-11-27 11:23:44,281 - INFO - 25FW 브랜드 I SUMMARY 생성 완료
2025-11-27 11:23:44,281 - INFO - 
25FW 브랜드 X 처리 중...
2025-11-27 11:23:45,326 - INFO - 25FW 브랜드 X SUMMARY 생성 완료
2025-11-27 11:23:45,326 - INFO - 
25FW 브랜드 ST 처리 중...
2025-11-27 11:23:45,895 - INFO - 25FW 브랜드 ST SUMMARY 생성 완료
2025-11-27 11:23:45,895 - INFO - 
25FW 브랜드 V 처리 중...
2025-11-27 11:23:46,661 - INFO - 25FW 브랜드 V SUMMARY 생성 완료
2025-11-27 11:23:46,661 - INFO - 
25FW SUMMARY 생성 완료: 5/5
2025-11-27 11:23:46,661 - INFO - ============================================================
2025-11-27 11:23:46,661 - INFO - [3] 26SS SUMMARY JSON 생성 시작
2025-11-27 11:23:46,661 - INFO - ============================================================
2025-11-27 11:23:46,661 - INFO - 
26SS 브랜드 M 처리 중...
2025-11-27 11:23:48,855 - INFO - 26SS 브랜드 M SUMMARY 생성 완료
2025-11-27 11:23:48,855 - INFO - 
26SS 브랜드 I 처리 중...
2025-11-27 11:23:49,700 - INFO - 26SS 브랜드 I SUMMARY 생성 완료
2025-11-27 11:23:49,700 - INFO - 
26SS 브랜드 X 처리 중...
2025-11-27 11:23:50,577 - INFO - 26SS 브랜드 X SUMMARY 생성 완료
2025-11-27 11:23:50,577 - INFO - 
26SS 브랜드 ST 처리 중...
2025-11-27 11:23:51,176 - INFO - 26SS 브랜드 ST SUMMARY 생성 완료
2025-11-27 11:23:51,176 - INFO - 
26SS 브랜드 V 처리 중...
2025-11-27 11:23:51,687 - INFO - 26SS 브랜드 V SUMMARY 생성 완료
2025-11-27 11:23:51,687 - INFO - 
26SS SUMMARY 생성 완료: 5/5
2025-11-27 11:23:51,687 - INFO - ============================================================
2025-11-27 11:23:51,687 - INFO - [4] 26SS 인사이트 CSV 생성 시작
2025-11-27 11:23:51,688 - INFO - ============================================================
2025-11-27 11:23:52,171 - INFO - 26SS 인사이트 CSV 생성 완료
2025-11-27 11:23:52,171 - INFO - None
2025-11-27 11:23:52,171 - INFO - ============================================================
2025-11-27 11:23:52,171 - INFO - [5] 파일 검증 시작
2025-11-27 11:23:52,171 - INFO - ============================================================
2025-11-27 11:23:52,172 - INFO - 모든 파일 검증 완료
2025-11-27 11:23:52,172 - INFO - ============================================================
2025-11-27 11:23:52,173 - INFO - 자동 대시보드 업데이트 완료
2025-11-27 11:23:52,173 - INFO - 종료 시간: 2025-11-27 11:23:52
2025-11-27 11:23:52,173 - INFO - 소요 시간: 28.9초
2025-11-27 11:23:52,173 - INFO - ============================================================
2025-11-27 11:23:52,173 - WARNING - 이메일 설정이 없어 알림을 전송하지 않습니다.
2025-11-27 15:06:41,372 - INFO - ============================================================
2025-11-27 15:06:41,372 - INFO - 자동 대시보드 업데이트 시작
2025-11-27 15:06:41,372 - INFO - 시작 시간: 2025-11-27 15:06:41
2025-11-27 15:06:41,372 - INFO - ============================================================
2025-11-27 15:06:41,372 - WARNING - 이메일 설정이 없어 알림을 전송하지 않습니다.
2025-11-27 15:06:41,373 - INFO - ============================================================
2025-11-27 15:06:41,373 - INFO - [1] SQL에서 CSV 생성 시작
2025-11-27 15:06:41,373 - INFO - ============================================================
2025-11-27 15:07:00,626 - INFO - SQL → CSV 생성 완료
2025-11-27 15:07:00,626 - INFO - None
2025-11-27 15:07:00,627 - INFO - ============================================================
2025-11-27 15:07:00,627 - INFO - [2] 25FW SUMMARY JSON 생성 시작
2025-11-27 15:07:00,627 - INFO - ============================================================
2025-11-27 15:07:00,627 - INFO - 
25FW 브랜드 M 처리 중...
2025-11-27 15:07:03,225 - INFO - 25FW 브랜드 M SUMMARY 생성 완료
2025-11-27 15:07:03,225 - INFO - 
25FW 브랜드 I 처리 중...
2025-11-27 15:07:04,033 - INFO - 25FW 브랜드 I SUMMARY 생성 완료
2025-11-27 15:07:04,033 - INFO - 
25FW 브랜드 X 처리 중...
2025-11-27 15:07:04,682 - INFO - 25FW 브랜드 X SUMMARY 생성 완료
2025-11-27 15:07:04,682 - INFO - 
25FW 브랜드 ST 처리 중...
2025-11-27 15:07:05,250 - INFO - 25FW 브랜드 ST SUMMARY 생성 완료
2025-11-27 15:07:05,250 - INFO - 
25FW 브랜드 V 처리 중...
2025-11-27 15:07:06,047 - INFO - 25FW 브랜드 V SUMMARY 생성 완료
2025-11-27 15:07:06,047 - INFO - 
25FW SUMMARY 생성 완료: 5/5
2025-11-27 15:07:06,047 - INFO - 25SS 시즌 처리 (generate_summary_26ss.py 사용)
2025-11-27 15:07:06,047 - INFO - ============================================================
2025-11-27 15:07:06,047 - INFO - [3] 25SS SUMMARY JSON 생성 시작
2025-11-27 15:07:06,047 - INFO - ============================================================
2025-11-27 15:07:06,047 - INFO - 
25SS 브랜드 M 처리 중...
2025-11-27 15:07:08,790 - INFO - 25SS 브랜드 M SUMMARY 생성 완료
2025-11-27 15:07:08,790 - INFO - 
25SS 브랜드 I 처리 중...
2025-11-27 15:07:09,746 - INFO - 25SS 브랜드 I SUMMARY 생성 완료
2025-11-27 15:07:09,746 - INFO - 
25SS 브랜드 X 처리 중...
2025-11-27 15:07:10,532 - INFO - 25SS 브랜드 X SUMMARY 생성 완료
2025-11-27 15:07:10,532 - INFO - 
25SS 브랜드 ST 처리 중...
2025-11-27 15:07:11,184 - INFO - 25SS 브랜드 ST SUMMARY 생성 완료
2025-11-27 15:07:11,184 - INFO - 
25SS 브랜드 V 처리 중...
2025-11-27 15:07:11,896 - INFO - 25SS 브랜드 V SUMMARY 생성 완료
2025-11-27 15:07:11,896 - INFO - 
25SS SUMMARY 생성 완료: 5/5
2025-11-27 15:07:11,896 - INFO - ============================================================
2025-11-27 15:07:11,896 - INFO - [3] 26SS SUMMARY JSON 생성 시작
2025-11-27 15:07:11,896 - INFO - ============================================================
2025-11-27 15:07:11,896 - INFO - 
26SS 브랜드 M 처리 중...
2025-11-27 15:07:14,069 - INFO - 26SS 브랜드 M SUMMARY 생성 완료
2025-11-27 15:07:14,069 - INFO - 
26SS 브랜드 I 처리 중...
2025-11-27 15:07:14,904 - INFO - 26SS 브랜드 I SUMMARY 생성 완료
2025-11-27 15:07:14,905 - INFO - 
26SS 브랜드 X 처리 중...
2025-11-27 15:07:15,468 - INFO - 26SS 브랜드 X SUMMARY 생성 완료
2025-11-27 15:07:15,469 - INFO - 
26SS 브랜드 ST 처리 중...
2025-11-27 15:07:16,078 - INFO - 26SS 브랜드 ST SUMMARY 생성 완료
2025-11-27 15:07:16,078 - INFO - 
26SS 브랜드 V 처리 중...
2025-11-27 15:07:16,700 - INFO - 26SS 브랜드 V SUMMARY 생성 완료
2025-11-27 15:07:16,701 - INFO - 
26SS SUMMARY 생성 완료: 5/5
2025-11-27 15:07:16,701 - INFO - ============================================================
2025-11-27 15:07:16,701 - INFO - [4] 26SS 인사이트 CSV 생성 시작
2025-11-27 15:07:16,701 - INFO - ============================================================
2025-11-27 15:07:17,164 - INFO - 26SS 인사이트 CSV 생성 완료
2025-11-27 15:07:17,164 - INFO - None
2025-11-27 15:07:17,164 - INFO - 26FW 시즌 처리 (generate_summary_26ss.py 사용)
2025-11-27 15:07:17,164 - INFO - ============================================================
2025-11-27 15:07:17,164 - INFO - [3] 26FW SUMMARY JSON 생성 시작
2025-11-27 15:07:17,164 - INFO - ============================================================
2025-11-27 15:07:17,164 - INFO - 
26FW 브랜드 M 처리 중...
2025-11-27 15:07:17,579 - INFO - 26FW 브랜드 M SUMMARY 생성 완료
2025-11-27 15:07:17,579 - INFO - 
26FW 브랜드 I 처리 중...
2025-11-27 15:07:17,991 - INFO - 26FW 브랜드 I SUMMARY 생성 완료
2025-11-27 15:07:17,991 - INFO - 
26FW 브랜드 X 처리 중...
2025-11-27 15:07:18,495 - INFO - 26FW 브랜드 X SUMMARY 생성 완료
2025-11-27 15:07:18,495 - INFO - 
26FW 브랜드 ST 처리 중...
2025-11-27 15:07:18,996 - INFO - 26FW 브랜드 ST SUMMARY 생성 완료
2025-11-27 15:07:18,996 - INFO - 
26FW 브랜드 V 처리 중...
2025-11-27 15:07:19,447 - INFO - 26FW 브랜드 V SUMMARY 생성 완료
2025-11-27 15:07:19,448 - INFO - 
26FW SUMMARY 생성 완료: 5/5
2025-11-27 15:07:19,448 - INFO - 26FW 인사이트 생성 (규칙 기반)
2025-11-27 15:07:19,448 - INFO - ============================================================
2025-11-27 15:07:19,448 - INFO - [5] 파일 검증 시작
2025-11-27 15:07:19,448 - INFO - ============================================================
2025-11-27 15:07:19,449 - WARNING - CSV 파일 없음: public\COST RAW\26FW\M_26F.csv
2025-11-27 15:07:19,449 - WARNING - SUMMARY JSON 없음: public\COST RAW\26FW\summary_26fw_m.json
2025-11-27 15:07:19,449 - WARNING - 인사이트 CSV 없음: public\COST RAW\26FW\M_insight_26fw.csv
2025-11-27 15:07:19,450 - WARNING - CSV 파일 없음: public\COST RAW\26FW\I_26F.csv
2025-11-27 15:07:19,450 - WARNING - SUMMARY JSON 없음: public\COST RAW\26FW\summary_26fw_i.json
2025-11-27 15:07:19,450 - WARNING - 인사이트 CSV 없음: public\COST RAW\26FW\I_insight_26fw.csv
2025-11-27 15:07:19,450 - WARNING - CSV 파일 없음: public\COST RAW\26FW\X_26F.csv
2025-11-27 15:07:19,450 - WARNING - SUMMARY JSON 없음: public\COST RAW\26FW\summary_26fw_x.json
2025-11-27 15:07:19,450 - WARNING - DISCOVERY-KIDS SUMMARY JSON 없음: public\COST RAW\26FW\summary_26fw_x_kids.json
2025-11-27 15:07:19,450 - WARNING - 인사이트 CSV 없음: public\COST RAW\26FW\X_insight_26fw.csv
2025-11-27 15:07:19,450 - WARNING - DISCOVERY-KIDS 인사이트 CSV 없음: public\COST RAW\26FW\X_insight_26fw_kids.csv
2025-11-27 15:07:19,450 - WARNING - CSV 파일 없음: public\COST RAW\26FW\ST_26F.csv
2025-11-27 15:07:19,450 - WARNING - SUMMARY JSON 없음: public\COST RAW\26FW\summary_26fw_st.json
2025-11-27 15:07:19,450 - WARNING - 인사이트 CSV 없음: public\COST RAW\26FW\ST_insight_26fw.csv
2025-11-27 15:07:19,450 - WARNING - CSV 파일 없음: public\COST RAW\26FW\V_26F.csv
2025-11-27 15:07:19,450 - WARNING - SUMMARY JSON 없음: public\COST RAW\26FW\summary_26fw_v.json
2025-11-27 15:07:19,450 - WARNING - 인사이트 CSV 없음: public\COST RAW\26FW\V_insight_26fw.csv
2025-11-27 15:07:19,450 - WARNING - 일부 파일이 누락되었습니다.
2025-11-27 15:07:19,450 - INFO - ============================================================
2025-11-27 15:07:19,450 - INFO - [5] Git 커밋 및 푸시 시작
2025-11-27 15:07:19,450 - INFO - ============================================================
2025-11-27 15:07:19,609 - INFO - 변경된 파일을 Git에 추가 중...
2025-11-27 15:07:19,668 - INFO - Git 커밋 중: Auto update: 2025-11-27 15:07:19
2025-11-27 15:07:19,751 - INFO - Git 커밋 완료
2025-11-27 15:07:19,751 - INFO - Git 푸시 중...
2025-11-27 15:07:21,584 - INFO - Git 푸시 완료
2025-11-27 15:07:21,584 - INFO - ============================================================
2025-11-27 15:07:21,584 - INFO - [5] Git 커밋 및 푸시 완료
2025-11-27 15:07:21,584 - INFO - ============================================================
2025-11-27 15:07:21,584 - INFO - ============================================================
2025-11-27 15:07:21,584 - INFO - 자동 대시보드 업데이트 완료
2025-11-27 15:07:21,584 - INFO - 종료 시간: 2025-11-27 15:07:21
2025-11-27 15:07:21,584 - INFO - 소요 시간: 40.2초
2025-11-27 15:07:21,584 - INFO - ============================================================
2025-11-27 15:07:21,584 - WARNING - 이메일 설정이 없어 알림을 전송하지 않습니다.
2025-11-27 16:08:23,353 - INFO - ============================================================
2025-11-27 16:08:23,353 - INFO - 자동 대시보드 업데이트 시작
2025-11-27 16:08:23,353 - INFO - 시작 시간: 2025-11-27 16:08:23
2025-11-27 16:08:23,353 - INFO - ============================================================
2025-11-27 16:08:23,353 - WARNING - 이메일 설정이 없어 알림을 전송하지 않습니다.
2025-11-27 16:08:23,353 - INFO - ============================================================
2025-11-27 16:08:23,353 - INFO - [1] SQL에서 CSV 생성 시작
2025-11-27 16:08:23,353 - INFO - ============================================================
2025-11-27 16:08:41,372 - INFO - SQL → CSV 생성 완료
2025-11-27 16:08:41,372 - INFO - None
2025-11-27 16:08:41,372 - INFO - ============================================================
2025-11-27 16:08:41,372 - INFO - [2] 25FW SUMMARY JSON 생성 시작
2025-11-27 16:08:41,372 - INFO - ============================================================
2025-11-27 16:08:41,372 - INFO - 
25FW 브랜드 M 처리 중...
2025-11-27 16:08:43,674 - INFO - 25FW 브랜드 M SUMMARY 생성 완료
2025-11-27 16:08:43,674 - INFO - 
25FW 브랜드 I 처리 중...
2025-11-27 16:08:44,459 - INFO - 25FW 브랜드 I SUMMARY 생성 완료
2025-11-27 16:08:44,459 - INFO - 
25FW 브랜드 X 처리 중...
2025-11-27 16:08:45,063 - INFO - 25FW 브랜드 X SUMMARY 생성 완료
2025-11-27 16:08:45,063 - INFO - 
25FW 브랜드 ST 처리 중...
2025-11-27 16:08:45,678 - INFO - 25FW 브랜드 ST SUMMARY 생성 완료
2025-11-27 16:08:45,678 - INFO - 
25FW 브랜드 V 처리 중...
2025-11-27 16:08:46,407 - INFO - 25FW 브랜드 V SUMMARY 생성 완료
2025-11-27 16:08:46,407 - INFO - 
25FW SUMMARY 생성 완료: 5/5
2025-11-27 16:08:46,407 - INFO - 25FW 인사이트 생성 (제외 브랜드: M, I, X)
2025-11-27 16:08:46,407 - INFO - ============================================================
2025-11-27 16:08:46,407 - INFO - [인사이트 생성] 25FW 시즌 인사이트 CSV 생성 시작
2025-11-27 16:08:46,407 - INFO - ============================================================
2025-11-27 16:08:46,825 - INFO - 25FW 인사이트 CSV 생성 완료
2025-11-27 16:08:46,825 - INFO - None
2025-11-27 16:08:46,825 - INFO - 25SS 시즌 처리 (generate_summary_26ss.py 사용)
2025-11-27 16:08:46,825 - INFO - ============================================================
2025-11-27 16:08:46,825 - INFO - [3] 25SS SUMMARY JSON 생성 시작
2025-11-27 16:08:46,825 - INFO - ============================================================
2025-11-27 16:08:46,825 - INFO - 
25SS 브랜드 M 처리 중...
2025-11-27 16:08:49,343 - INFO - 25SS 브랜드 M SUMMARY 생성 완료
2025-11-27 16:08:49,343 - INFO - 
25SS 브랜드 I 처리 중...
2025-11-27 16:08:50,242 - INFO - 25SS 브랜드 I SUMMARY 생성 완료
2025-11-27 16:08:50,243 - INFO - 
25SS 브랜드 X 처리 중...
2025-11-27 16:08:50,927 - INFO - 25SS 브랜드 X SUMMARY 생성 완료
2025-11-27 16:08:50,927 - INFO - 
25SS 브랜드 ST 처리 중...
2025-11-27 16:08:51,569 - INFO - 25SS 브랜드 ST SUMMARY 생성 완료
2025-11-27 16:08:51,569 - INFO - 
25SS 브랜드 V 처리 중...
2025-11-27 16:08:52,246 - INFO - 25SS 브랜드 V SUMMARY 생성 완료
2025-11-27 16:08:52,246 - INFO - 
25SS SUMMARY 생성 완료: 5/5
2025-11-27 16:08:52,246 - INFO - 25SS 인사이트 생성 (규칙 기반)
2025-11-27 16:08:52,246 - INFO - ============================================================
2025-11-27 16:08:52,246 - INFO - [인사이트 생성] 25SS 시즌 인사이트 CSV 생성 시작
2025-11-27 16:08:52,246 - INFO - ============================================================
2025-11-27 16:08:52,706 - INFO - 25SS 인사이트 CSV 생성 완료
2025-11-27 16:08:52,706 - INFO - None
2025-11-27 16:08:52,706 - INFO - ============================================================
2025-11-27 16:08:52,706 - INFO - [3] 26SS SUMMARY JSON 생성 시작
2025-11-27 16:08:52,706 - INFO - ============================================================
2025-11-27 16:08:52,706 - INFO - 
26SS 브랜드 M 처리 중...
2025-11-27 16:08:54,746 - INFO - 26SS 브랜드 M SUMMARY 생성 완료
2025-11-27 16:08:54,746 - INFO - 
26SS 브랜드 I 처리 중...
2025-11-27 16:08:55,544 - INFO - 26SS 브랜드 I SUMMARY 생성 완료
2025-11-27 16:08:55,544 - INFO - 
26SS 브랜드 X 처리 중...
2025-11-27 16:08:56,104 - INFO - 26SS 브랜드 X SUMMARY 생성 완료
2025-11-27 16:08:56,104 - INFO - 
26SS 브랜드 ST 처리 중...
2025-11-27 16:08:56,695 - INFO - 26SS 브랜드 ST SUMMARY 생성 완료
2025-11-27 16:08:56,695 - INFO - 
26SS 브랜드 V 처리 중...
2025-11-27 16:08:57,184 - INFO - 26SS 브랜드 V SUMMARY 생성 완료
2025-11-27 16:08:57,184 - INFO - 
26SS SUMMARY 생성 완료: 5/5
2025-11-27 16:08:57,184 - INFO - 26SS 인사이트 생성 (규칙 기반)
2025-11-27 16:08:57,184 - INFO - ============================================================
2025-11-27 16:08:57,184 - INFO - [인사이트 생성] 26SS 시즌 인사이트 CSV 생성 시작
2025-11-27 16:08:57,184 - INFO - ============================================================
2025-11-27 16:08:57,659 - INFO - 26SS 인사이트 CSV 생성 완료
2025-11-27 16:08:57,659 - INFO - None
2025-11-27 16:08:57,659 - INFO - 26FW 시즌 처리 (generate_summary_26ss.py 사용)
2025-11-27 16:08:57,659 - INFO - ============================================================
2025-11-27 16:08:57,659 - INFO - [3] 26FW SUMMARY JSON 생성 시작
2025-11-27 16:08:57,659 - INFO - ============================================================
2025-11-27 16:08:57,659 - INFO - 
26FW 브랜드 M 처리 중...
2025-11-27 16:08:58,058 - INFO - 26FW 브랜드 M SUMMARY 생성 완료
2025-11-27 16:08:58,058 - INFO - 
26FW 브랜드 I 처리 중...
2025-11-27 16:08:58,480 - INFO - 26FW 브랜드 I SUMMARY 생성 완료
2025-11-27 16:08:58,480 - INFO - 
26FW 브랜드 X 처리 중...
2025-11-27 16:08:58,868 - INFO - 26FW 브랜드 X SUMMARY 생성 완료
2025-11-27 16:08:58,868 - INFO - 
26FW 브랜드 ST 처리 중...
2025-11-27 16:08:59,265 - INFO - 26FW 브랜드 ST SUMMARY 생성 완료
2025-11-27 16:08:59,265 - INFO - 
26FW 브랜드 V 처리 중...
2025-11-27 16:08:59,657 - INFO - 26FW 브랜드 V SUMMARY 생성 완료
2025-11-27 16:08:59,657 - INFO - 
26FW SUMMARY 생성 완료: 5/5
2025-11-27 16:08:59,657 - INFO - 26FW 인사이트 생성 (규칙 기반)
2025-11-27 16:08:59,657 - INFO - ============================================================
2025-11-27 16:08:59,657 - INFO - [인사이트 생성] 26FW 시즌 인사이트 CSV 생성 시작
2025-11-27 16:08:59,657 - INFO - ============================================================
2025-11-27 16:09:00,050 - INFO - 26FW 인사이트 CSV 생성 완료
2025-11-27 16:09:00,050 - INFO - None
2025-11-27 16:09:00,050 - INFO - ============================================================
2025-11-27 16:09:00,050 - INFO - [5] 파일 검증 시작
2025-11-27 16:09:00,050 - INFO - ============================================================
2025-11-27 16:09:00,050 - WARNING - 인사이트 CSV 없음: public\COST RAW\25FW\M_insight_25fw.csv
2025-11-27 16:09:00,051 - WARNING - 인사이트 CSV 없음: public\COST RAW\25FW\I_insight_25fw.csv
2025-11-27 16:09:00,051 - WARNING - 인사이트 CSV 없음: public\COST RAW\25FW\X_insight_25fw.csv
2025-11-27 16:09:00,051 - WARNING - DISCOVERY-KIDS 인사이트 CSV 없음: public\COST RAW\25FW\X_insight_25fw_kids.csv
2025-11-27 16:09:00,052 - WARNING - CSV 파일 없음: public\COST RAW\26FW\M_26F.csv
2025-11-27 16:09:00,052 - WARNING - SUMMARY JSON 없음: public\COST RAW\26FW\summary_26fw_m.json
2025-11-27 16:09:00,052 - WARNING - 인사이트 CSV 없음: public\COST RAW\26FW\M_insight_26fw.csv
2025-11-27 16:09:00,052 - WARNING - CSV 파일 없음: public\COST RAW\26FW\I_26F.csv
2025-11-27 16:09:00,052 - WARNING - SUMMARY JSON 없음: public\COST RAW\26FW\summary_26fw_i.json
2025-11-27 16:09:00,052 - WARNING - 인사이트 CSV 없음: public\COST RAW\26FW\I_insight_26fw.csv
2025-11-27 16:09:00,053 - WARNING - CSV 파일 없음: public\COST RAW\26FW\X_26F.csv
2025-11-27 16:09:00,053 - WARNING - SUMMARY JSON 없음: public\COST RAW\26FW\summary_26fw_x.json
2025-11-27 16:09:00,053 - WARNING - DISCOVERY-KIDS SUMMARY JSON 없음: public\COST RAW\26FW\summary_26fw_x_kids.json
2025-11-27 16:09:00,053 - WARNING - 인사이트 CSV 없음: public\COST RAW\26FW\X_insight_26fw.csv
2025-11-27 16:09:00,053 - WARNING - DISCOVERY-KIDS 인사이트 CSV 없음: public\COST RAW\26FW\X_insight_26fw_kids.csv
2025-11-27 16:09:00,053 - WARNING - CSV 파일 없음: public\COST RAW\26FW\ST_26F.csv
2025-11-27 16:09:00,053 - WARNING - SUMMARY JSON 없음: public\COST RAW\26FW\summary_26fw_st.json
2025-11-27 16:09:00,053 - WARNING - 인사이트 CSV 없음: public\COST RAW\26FW\ST_insight_26fw.csv
2025-11-27 16:09:00,053 - WARNING - CSV 파일 없음: public\COST RAW\26FW\V_26F.csv
2025-11-27 16:09:00,053 - WARNING - SUMMARY JSON 없음: public\COST RAW\26FW\summary_26fw_v.json
2025-11-27 16:09:00,053 - WARNING - 인사이트 CSV 없음: public\COST RAW\26FW\V_insight_26fw.csv
2025-11-27 16:09:00,053 - WARNING - 일부 파일이 누락되었습니다.
2025-11-27 16:09:00,053 - INFO - ============================================================
2025-11-27 16:09:00,053 - INFO - [5] Git 커밋 및 푸시 시작
2025-11-27 16:09:00,053 - INFO - ============================================================
2025-11-27 16:09:00,130 - INFO - 변경된 파일을 Git에 추가 중...
2025-11-27 16:09:00,189 - INFO - Git 커밋 중: Auto update: 2025-11-27 16:09:00
2025-11-27 16:09:00,275 - INFO - Git 커밋 완료
2025-11-27 16:09:00,275 - INFO - Git 푸시 중...
2025-11-27 16:09:02,191 - INFO - Git 푸시 완료
2025-11-27 16:09:02,191 - INFO - ============================================================
2025-11-27 16:09:02,191 - INFO - [5] Git 커밋 및 푸시 완료
2025-11-27 16:09:02,191 - INFO - ============================================================
2025-11-27 16:09:02,191 - INFO - ============================================================
2025-11-27 16:09:02,191 - INFO - 자동 대시보드 업데이트 완료
2025-11-27 16:09:02,191 - INFO - 종료 시간: 2025-11-27 16:09:02
2025-11-27 16:09:02,191 - INFO - 소요 시간: 38.8초
2025-11-27 16:09:02,191 - INFO - ============================================================
2025-11-27 16:09:02,191 - WARNING - 이메일 설정이 없어 알림을 전송하지 않습니다.
