2025-12-03 11:00:02,453 - INFO - ============================================================
2025-12-03 11:00:02,453 - INFO - 자동 대시보드 업데이트 시작
2025-12-03 11:00:02,453 - INFO - 시작 시간: 2025-12-03 11:00:02
2025-12-03 11:00:02,453 - INFO - ============================================================
2025-12-03 11:00:02,463 - WARNING - 이메일 설정이 없어 알림을 전송하지 않습니다.
2025-12-03 11:00:02,464 - INFO - ============================================================
2025-12-03 11:00:02,464 - INFO - [1] SQL에서 CSV 생성 시작
2025-12-03 11:00:02,464 - INFO - ============================================================
2025-12-03 11:00:24,545 - INFO - SQL → CSV 생성 완료
2025-12-03 11:00:24,546 - INFO - None
2025-12-03 11:00:24,546 - INFO - ============================================================
2025-12-03 11:00:24,546 - INFO - [NON 시즌 처리 시작]
2025-12-03 11:00:24,546 - INFO - ============================================================
2025-12-03 11:00:24,546 - INFO - ============================================================
2025-12-03 11:00:24,546 - INFO - [NON 환율 CSV 생성] FX_NON.csv 생성 시작
2025-12-03 11:00:24,547 - INFO - ============================================================
2025-12-03 11:00:41,100 - INFO - FX_NON.csv 생성 완료
2025-12-03 11:00:41,100 - INFO - None
2025-12-03 11:00:41,100 - INFO - ============================================================
2025-12-03 11:00:41,101 - INFO - [NON CSV 생성] 25FW 시즌 CSV 생성 시작
2025-12-03 11:00:41,101 - INFO - ============================================================
2025-12-03 11:01:20,602 - INFO - 25FW NON 시즌 CSV 생성 완료
2025-12-03 11:01:20,603 - INFO - None
2025-12-03 11:01:20,603 - INFO - ============================================================
2025-12-03 11:01:20,603 - INFO - [NON SUMMARY 생성] 25FW 시즌 SUMMARY JSON 생성 시작
2025-12-03 11:01:20,603 - INFO - ============================================================
2025-12-03 11:01:20,603 - INFO - 
25FW NON 브랜드 M 처리 중...
2025-12-03 11:01:21,136 - INFO - 25FW NON 브랜드 M SUMMARY 생성 완료
2025-12-03 11:01:21,137 - INFO - 
25FW NON 브랜드 I 처리 중...
2025-12-03 11:01:21,566 - INFO - 25FW NON 브랜드 I SUMMARY 생성 완료
2025-12-03 11:01:21,566 - INFO - 
25FW NON 브랜드 X 처리 중...
2025-12-03 11:01:22,015 - INFO - 25FW NON 브랜드 X SUMMARY 생성 완료
2025-12-03 11:01:22,015 - INFO - 
25FW NON SUMMARY 생성 완료: 3/3
2025-12-03 11:01:22,015 - INFO - 25FW_NON 인사이트 생성 (규칙 기반)
2025-12-03 11:01:22,015 - INFO - ============================================================
2025-12-03 11:01:22,015 - INFO - [인사이트 생성] 25FW_NON 시즌 인사이트 CSV 생성 시작
2025-12-03 11:01:22,015 - INFO - ============================================================
2025-12-03 11:01:22,498 - INFO - 25FW_NON 인사이트 CSV 생성 완료
2025-12-03 11:01:22,498 - INFO - None
2025-12-03 11:01:22,498 - INFO - ============================================================
2025-12-03 11:01:22,499 - INFO - [NON CSV 생성] 26SS 시즌 CSV 생성 시작
2025-12-03 11:01:22,500 - INFO - ============================================================
2025-12-03 11:01:44,238 - INFO - 26SS NON 시즌 CSV 생성 완료
2025-12-03 11:01:44,238 - INFO - None
2025-12-03 11:01:44,238 - INFO - ============================================================
2025-12-03 11:01:44,240 - INFO - [NON SUMMARY 생성] 26SS 시즌 SUMMARY JSON 생성 시작
2025-12-03 11:01:44,244 - INFO - ============================================================
2025-12-03 11:01:44,244 - INFO - 
26SS NON 브랜드 M 처리 중...
2025-12-03 11:01:44,714 - INFO - 26SS NON 브랜드 M SUMMARY 생성 완료
2025-12-03 11:01:44,714 - INFO - 
26SS NON 브랜드 I 처리 중...
2025-12-03 11:01:45,161 - INFO - 26SS NON 브랜드 I SUMMARY 생성 완료
2025-12-03 11:01:45,161 - INFO - 
26SS NON 브랜드 X 처리 중...
2025-12-03 11:01:45,630 - INFO - 26SS NON 브랜드 X SUMMARY 생성 완료
2025-12-03 11:01:45,630 - INFO - 
26SS NON SUMMARY 생성 완료: 3/3
2025-12-03 11:01:45,630 - INFO - 26SS_NON 인사이트 생성 (규칙 기반)
2025-12-03 11:01:45,630 - INFO - ============================================================
2025-12-03 11:01:45,630 - INFO - [인사이트 생성] 26SS_NON 시즌 인사이트 CSV 생성 시작
2025-12-03 11:01:45,630 - INFO - ============================================================
2025-12-03 11:01:46,093 - INFO - 26SS_NON 인사이트 CSV 생성 완료
2025-12-03 11:01:46,093 - INFO - None
2025-12-03 11:01:46,093 - INFO - ============================================================
2025-12-03 11:01:46,093 - INFO - [NON CSV 생성] 26FW 시즌 CSV 생성 시작
2025-12-03 11:01:46,093 - INFO - ============================================================
2025-12-03 11:02:10,045 - INFO - 26FW NON 시즌 CSV 생성 완료
2025-12-03 11:02:10,045 - INFO - None
2025-12-03 11:02:10,045 - INFO - ============================================================
2025-12-03 11:02:10,046 - INFO - [NON SUMMARY 생성] 26FW 시즌 SUMMARY JSON 생성 시작
2025-12-03 11:02:10,046 - INFO - ============================================================
2025-12-03 11:02:10,046 - INFO - 
26FW NON 브랜드 M 처리 중...
2025-12-03 11:02:10,520 - INFO - 26FW NON 브랜드 M SUMMARY 생성 완료
2025-12-03 11:02:10,520 - INFO - 
26FW NON 브랜드 I 처리 중...
2025-12-03 11:02:10,948 - INFO - 26FW NON 브랜드 I SUMMARY 생성 완료
2025-12-03 11:02:10,948 - INFO - 
26FW NON 브랜드 X 처리 중...
2025-12-03 11:02:11,365 - INFO - 26FW NON 브랜드 X SUMMARY 생성 완료
2025-12-03 11:02:11,366 - INFO - 
26FW NON SUMMARY 생성 완료: 3/3
2025-12-03 11:02:11,366 - INFO - 26FW_NON 인사이트 생성 (규칙 기반)
2025-12-03 11:02:11,366 - INFO - ============================================================
2025-12-03 11:02:11,366 - INFO - [인사이트 생성] 26FW_NON 시즌 인사이트 CSV 생성 시작
2025-12-03 11:02:11,366 - INFO - ============================================================
2025-12-03 11:02:11,778 - INFO - 26FW_NON 인사이트 CSV 생성 완료
2025-12-03 11:02:11,778 - INFO - None
2025-12-03 11:02:11,778 - INFO - ============================================================
2025-12-03 11:02:11,778 - INFO - [2] 25FW SUMMARY JSON 생성 시작
2025-12-03 11:02:11,778 - INFO - ============================================================
2025-12-03 11:02:11,778 - INFO - 
25FW 브랜드 M 처리 중...
2025-12-03 11:02:14,043 - INFO - 25FW 브랜드 M SUMMARY 생성 완료
2025-12-03 11:02:14,043 - INFO - 
25FW 브랜드 I 처리 중...
2025-12-03 11:02:14,774 - INFO - 25FW 브랜드 I SUMMARY 생성 완료
2025-12-03 11:02:14,774 - INFO - 
25FW 브랜드 X 처리 중...
2025-12-03 11:02:15,768 - INFO - 25FW 브랜드 X SUMMARY 생성 완료
2025-12-03 11:02:15,768 - INFO - 
25FW 브랜드 ST 처리 중...
2025-12-03 11:02:16,302 - INFO - 25FW 브랜드 ST SUMMARY 생성 완료
2025-12-03 11:02:16,302 - INFO - 
25FW 브랜드 V 처리 중...
2025-12-03 11:02:17,017 - INFO - 25FW 브랜드 V SUMMARY 생성 완료
2025-12-03 11:02:17,018 - INFO - 
25FW SUMMARY 생성 완료: 5/5
2025-12-03 11:02:17,018 - INFO - 25FW 인사이트 생성 (제외 브랜드: M, I, X)
2025-12-03 11:02:17,018 - INFO - ============================================================
2025-12-03 11:02:17,018 - INFO - [인사이트 생성] 25FW 시즌 인사이트 CSV 생성 시작
2025-12-03 11:02:17,018 - INFO - ============================================================
2025-12-03 11:02:17,413 - INFO - 25FW 인사이트 CSV 생성 완료
2025-12-03 11:02:17,413 - INFO - None
2025-12-03 11:02:17,413 - INFO - 25FW DISCOVERY-KIDS 인사이트 생성 (DISCOVERY 인사이트는 건드리지 않음)
2025-12-03 11:02:17,798 - INFO - 25FW DISCOVERY-KIDS 인사이트 생성 완료
2025-12-03 11:02:17,798 - INFO - None
2025-12-03 11:02:17,798 - INFO - 25SS 시즌 처리 (generate_summary_26ss.py 사용)
2025-12-03 11:02:17,799 - INFO - ============================================================
2025-12-03 11:02:17,799 - INFO - [3] 25SS SUMMARY JSON 생성 시작
2025-12-03 11:02:17,799 - INFO - ============================================================
2025-12-03 11:02:17,799 - INFO - 
25SS 브랜드 M 처리 중...
2025-12-03 11:02:20,121 - INFO - 25SS 브랜드 M SUMMARY 생성 완료
2025-12-03 11:02:20,124 - INFO - 
25SS 브랜드 I 처리 중...
2025-12-03 11:02:21,104 - INFO - 25SS 브랜드 I SUMMARY 생성 완료
2025-12-03 11:02:21,104 - INFO - 
25SS 브랜드 X 처리 중...
2025-12-03 11:02:22,207 - INFO - 25SS 브랜드 X SUMMARY 생성 완료
2025-12-03 11:02:22,207 - INFO - 
25SS 브랜드 ST 처리 중...
2025-12-03 11:02:22,814 - INFO - 25SS 브랜드 ST SUMMARY 생성 완료
2025-12-03 11:02:22,814 - INFO - 
25SS 브랜드 V 처리 중...
2025-12-03 11:02:23,487 - INFO - 25SS 브랜드 V SUMMARY 생성 완료
2025-12-03 11:02:23,487 - INFO - 
25SS SUMMARY 생성 완료: 5/5
2025-12-03 11:02:23,487 - INFO - 25SS 인사이트 생성 (규칙 기반)
2025-12-03 11:02:23,487 - INFO - ============================================================
2025-12-03 11:02:23,487 - INFO - [인사이트 생성] 25SS 시즌 인사이트 CSV 생성 시작
2025-12-03 11:02:23,487 - INFO - ============================================================
2025-12-03 11:02:23,924 - INFO - 25SS 인사이트 CSV 생성 완료
2025-12-03 11:02:23,924 - INFO - None
2025-12-03 11:02:23,924 - INFO - ============================================================
2025-12-03 11:02:23,924 - INFO - [3] 26SS SUMMARY JSON 생성 시작
2025-12-03 11:02:23,926 - INFO - ============================================================
2025-12-03 11:02:23,926 - INFO - 
26SS 브랜드 M 처리 중...
2025-12-03 11:02:25,879 - INFO - 26SS 브랜드 M SUMMARY 생성 완료
2025-12-03 11:02:25,879 - INFO - 
26SS 브랜드 I 처리 중...
2025-12-03 11:02:26,710 - INFO - 26SS 브랜드 I SUMMARY 생성 완료
2025-12-03 11:02:26,710 - INFO - 
26SS 브랜드 X 처리 중...
2025-12-03 11:02:27,544 - INFO - 26SS 브랜드 X SUMMARY 생성 완료
2025-12-03 11:02:27,544 - INFO - 
26SS 브랜드 ST 처리 중...
2025-12-03 11:02:28,086 - INFO - 26SS 브랜드 ST SUMMARY 생성 완료
2025-12-03 11:02:28,086 - INFO - 
26SS 브랜드 V 처리 중...
2025-12-03 11:02:28,569 - INFO - 26SS 브랜드 V SUMMARY 생성 완료
2025-12-03 11:02:28,569 - INFO - 
26SS SUMMARY 생성 완료: 5/5
2025-12-03 11:02:28,570 - INFO - 26SS 인사이트 생성 (규칙 기반)
2025-12-03 11:02:28,570 - INFO - ============================================================
2025-12-03 11:02:28,570 - INFO - [인사이트 생성] 26SS 시즌 인사이트 CSV 생성 시작
2025-12-03 11:02:28,570 - INFO - ============================================================
2025-12-03 11:02:29,043 - INFO - 26SS 인사이트 CSV 생성 완료
2025-12-03 11:02:29,043 - INFO - None
2025-12-03 11:02:29,043 - INFO - 26FW 시즌 처리 (generate_summary_26ss.py 사용)
2025-12-03 11:02:29,043 - INFO - ============================================================
2025-12-03 11:02:29,043 - INFO - [3] 26FW SUMMARY JSON 생성 시작
2025-12-03 11:02:29,043 - INFO - ============================================================
2025-12-03 11:02:29,043 - INFO - 
26FW 브랜드 M 처리 중...
2025-12-03 11:02:29,433 - INFO - 26FW 브랜드 M SUMMARY 생성 완료
2025-12-03 11:02:29,433 - INFO - 
26FW 브랜드 I 처리 중...
2025-12-03 11:02:29,820 - INFO - 26FW 브랜드 I SUMMARY 생성 완료
2025-12-03 11:02:29,820 - INFO - 
26FW 브랜드 X 처리 중...
2025-12-03 11:02:30,241 - INFO - 26FW 브랜드 X SUMMARY 생성 완료
2025-12-03 11:02:30,241 - INFO - 
26FW 브랜드 ST 처리 중...
2025-12-03 11:02:30,663 - INFO - 26FW 브랜드 ST SUMMARY 생성 완료
2025-12-03 11:02:30,663 - INFO - 
26FW 브랜드 V 처리 중...
2025-12-03 11:02:31,384 - INFO - 26FW 브랜드 V SUMMARY 생성 완료
2025-12-03 11:02:31,384 - INFO - 
26FW SUMMARY 생성 완료: 5/5
2025-12-03 11:02:31,384 - INFO - 26FW 인사이트 생성 (규칙 기반)
2025-12-03 11:02:31,384 - INFO - ============================================================
2025-12-03 11:02:31,384 - INFO - [인사이트 생성] 26FW 시즌 인사이트 CSV 생성 시작
2025-12-03 11:02:31,384 - INFO - ============================================================
2025-12-03 11:02:31,758 - INFO - 26FW 인사이트 CSV 생성 완료
2025-12-03 11:02:31,759 - INFO - None
2025-12-03 11:02:31,759 - INFO - ============================================================
2025-12-03 11:02:31,759 - INFO - [5] 파일 검증 시작
2025-12-03 11:02:31,759 - INFO - ============================================================
2025-12-03 11:02:31,759 - WARNING - 인사이트 CSV 없음: public\COST RAW\25FW\M_insight_25fw.csv
2025-12-03 11:02:31,759 - WARNING - 인사이트 CSV 없음: public\COST RAW\25FW\I_insight_25fw.csv
2025-12-03 11:02:31,759 - WARNING - 인사이트 CSV 없음: public\COST RAW\25FW\X_insight_25fw.csv
2025-12-03 11:02:31,761 - WARNING - CSV 파일 없음: public\COST RAW\26FW\M_26F.csv
2025-12-03 11:02:31,762 - WARNING - SUMMARY JSON 없음: public\COST RAW\26FW\summary_26fw_m.json
2025-12-03 11:02:31,762 - WARNING - 인사이트 CSV 없음: public\COST RAW\26FW\M_insight_26fw.csv
2025-12-03 11:02:31,762 - WARNING - CSV 파일 없음: public\COST RAW\26FW\I_26F.csv
2025-12-03 11:02:31,762 - WARNING - SUMMARY JSON 없음: public\COST RAW\26FW\summary_26fw_i.json
2025-12-03 11:02:31,762 - WARNING - 인사이트 CSV 없음: public\COST RAW\26FW\I_insight_26fw.csv
2025-12-03 11:02:31,762 - WARNING - CSV 파일 없음: public\COST RAW\26FW\X_26F.csv
2025-12-03 11:02:31,762 - WARNING - SUMMARY JSON 없음: public\COST RAW\26FW\summary_26fw_x.json
2025-12-03 11:02:31,762 - WARNING - DISCOVERY-KIDS SUMMARY JSON 없음: public\COST RAW\26FW\summary_26fw_x_kids.json
2025-12-03 11:02:31,762 - WARNING - 인사이트 CSV 없음: public\COST RAW\26FW\X_insight_26fw.csv
2025-12-03 11:02:31,762 - WARNING - DISCOVERY-KIDS 인사이트 CSV 없음: public\COST RAW\26FW\X_insight_26fw_kids.csv
2025-12-03 11:02:31,762 - WARNING - CSV 파일 없음: public\COST RAW\26FW\ST_26F.csv
2025-12-03 11:02:31,762 - WARNING - SUMMARY JSON 없음: public\COST RAW\26FW\summary_26fw_st.json
2025-12-03 11:02:31,762 - WARNING - 인사이트 CSV 없음: public\COST RAW\26FW\ST_insight_26fw.csv
2025-12-03 11:02:31,763 - WARNING - CSV 파일 없음: public\COST RAW\26FW\V_26F.csv
2025-12-03 11:02:31,763 - WARNING - SUMMARY JSON 없음: public\COST RAW\26FW\summary_26fw_v.json
2025-12-03 11:02:31,763 - WARNING - 인사이트 CSV 없음: public\COST RAW\26FW\V_insight_26fw.csv
2025-12-03 11:02:31,763 - WARNING - NON SUMMARY JSON 없음: public\COST RAW\25FW\summary_25fw_non_m_non.json
2025-12-03 11:02:31,763 - WARNING - NON 인사이트 CSV 없음: public\COST RAW\25FW\M_insight_25fw_non_non.csv
2025-12-03 11:02:31,763 - WARNING - NON SUMMARY JSON 없음: public\COST RAW\25FW\summary_25fw_non_i_non.json
2025-12-03 11:02:31,763 - WARNING - NON 인사이트 CSV 없음: public\COST RAW\25FW\I_insight_25fw_non_non.csv
2025-12-03 11:02:31,763 - WARNING - NON SUMMARY JSON 없음: public\COST RAW\25FW\summary_25fw_non_x_non.json
2025-12-03 11:02:31,763 - WARNING - NON 인사이트 CSV 없음: public\COST RAW\25FW\X_insight_25fw_non_non.csv
2025-12-03 11:02:31,763 - WARNING - NON SUMMARY JSON 없음: public\COST RAW\26SS\summary_26ss_non_m_non.json
2025-12-03 11:02:31,763 - WARNING - NON 인사이트 CSV 없음: public\COST RAW\26SS\M_insight_26ss_non_non.csv
2025-12-03 11:02:31,764 - WARNING - NON SUMMARY JSON 없음: public\COST RAW\26SS\summary_26ss_non_i_non.json
2025-12-03 11:02:31,764 - WARNING - NON 인사이트 CSV 없음: public\COST RAW\26SS\I_insight_26ss_non_non.csv
2025-12-03 11:02:31,764 - WARNING - NON SUMMARY JSON 없음: public\COST RAW\26SS\summary_26ss_non_x_non.json
2025-12-03 11:02:31,764 - WARNING - NON 인사이트 CSV 없음: public\COST RAW\26SS\X_insight_26ss_non_non.csv
2025-12-03 11:02:31,764 - WARNING - NON SUMMARY JSON 없음: public\COST RAW\26FW\summary_26fw_non_m_non.json
2025-12-03 11:02:31,764 - WARNING - NON 인사이트 CSV 없음: public\COST RAW\26FW\M_insight_26fw_non_non.csv
2025-12-03 11:02:31,764 - WARNING - NON SUMMARY JSON 없음: public\COST RAW\26FW\summary_26fw_non_i_non.json
2025-12-03 11:02:31,764 - WARNING - NON 인사이트 CSV 없음: public\COST RAW\26FW\I_insight_26fw_non_non.csv
2025-12-03 11:02:31,764 - WARNING - NON SUMMARY JSON 없음: public\COST RAW\26FW\summary_26fw_non_x_non.json
2025-12-03 11:02:31,764 - WARNING - NON 인사이트 CSV 없음: public\COST RAW\26FW\X_insight_26fw_non_non.csv
2025-12-03 11:02:31,765 - WARNING - 일부 파일이 누락되었습니다.
2025-12-03 11:02:31,765 - INFO - ============================================================
2025-12-03 11:02:31,765 - INFO - [5] Git 커밋 및 푸시 시작
2025-12-03 11:02:31,765 - INFO - ============================================================
2025-12-03 11:02:31,953 - INFO - 변경된 파일을 Git에 추가 중...
2025-12-03 11:02:32,064 - INFO - Git 커밋 중: Auto update: 2025-12-03 11:02:32
2025-12-03 11:02:32,182 - INFO - Git 커밋 완료
2025-12-03 11:02:32,182 - INFO - Git 푸시 중...
2025-12-03 11:02:35,172 - INFO - Git 푸시 완료
2025-12-03 11:02:35,172 - INFO - ============================================================
2025-12-03 11:02:35,172 - INFO - [5] Git 커밋 및 푸시 완료
2025-12-03 11:02:35,172 - INFO - ============================================================
2025-12-03 11:02:35,173 - INFO - ============================================================
2025-12-03 11:02:35,173 - INFO - 자동 대시보드 업데이트 완료
2025-12-03 11:02:35,173 - INFO - 종료 시간: 2025-12-03 11:02:35
2025-12-03 11:02:35,173 - INFO - 소요 시간: 152.7초
2025-12-03 11:02:35,173 - INFO - ============================================================
2025-12-03 11:02:35,173 - WARNING - 이메일 설정이 없어 알림을 전송하지 않습니다.
2025-12-03 11:04:46,391 - INFO - 윈도우 팝업 알림 표시 완료
2025-12-03 11:04:48,822 - INFO - Teams 메시지 전송 완료
