2025-12-15 08:20:55,253 - INFO - ============================================================
2025-12-15 08:20:55,253 - INFO - 자동 대시보드 업데이트 시작
2025-12-15 08:20:55,254 - INFO - 시작 시간: 2025-12-15 08:20:55
2025-12-15 08:20:55,254 - INFO - ============================================================
2025-12-15 08:20:55,283 - WARNING - 이메일 설정이 없어 알림을 전송하지 않습니다.
2025-12-15 08:20:55,284 - INFO - ============================================================
2025-12-15 08:20:55,284 - INFO - [1] SQL에서 CSV 생성 시작
2025-12-15 08:20:55,285 - INFO - ============================================================
2025-12-15 08:21:17,529 - INFO - SQL → CSV 생성 완료
2025-12-15 08:21:17,530 - INFO - None
2025-12-15 08:21:17,530 - INFO - ============================================================
2025-12-15 08:21:17,530 - INFO - [NON 시즌 처리 시작]
2025-12-15 08:21:17,530 - INFO - ============================================================
2025-12-15 08:21:17,530 - INFO - ============================================================
2025-12-15 08:21:17,530 - INFO - [NON 환율 CSV 생성] FX_NON.csv 생성 시작
2025-12-15 08:21:17,530 - INFO - ============================================================
2025-12-15 08:21:31,298 - INFO - FX_NON.csv 생성 완료
2025-12-15 08:21:31,299 - INFO - None
2025-12-15 08:21:31,300 - INFO - ============================================================
2025-12-15 08:21:31,300 - INFO - [NON CSV 생성] 25FW 시즌 CSV 생성 시작
2025-12-15 08:21:31,300 - INFO - ============================================================
2025-12-15 08:22:08,452 - INFO - 25FW NON 시즌 CSV 생성 완료
2025-12-15 08:22:08,459 - INFO - None
2025-12-15 08:22:08,460 - INFO - ============================================================
2025-12-15 08:22:08,461 - INFO - [NON SUMMARY 생성] 25FW 시즌 SUMMARY JSON 생성 시작
2025-12-15 08:22:08,461 - INFO - ============================================================
2025-12-15 08:22:08,462 - INFO - 
25FW NON 브랜드 M 처리 중...
2025-12-15 08:22:08,957 - INFO - 25FW NON 브랜드 M SUMMARY 생성 완료
2025-12-15 08:22:08,957 - INFO - 
25FW NON 브랜드 I 처리 중...
2025-12-15 08:22:09,379 - INFO - 25FW NON 브랜드 I SUMMARY 생성 완료
2025-12-15 08:22:09,379 - INFO - 
25FW NON 브랜드 X 처리 중...
2025-12-15 08:22:09,844 - INFO - 25FW NON 브랜드 X SUMMARY 생성 완료
2025-12-15 08:22:09,844 - INFO - 
25FW NON SUMMARY 생성 완료: 3/3
2025-12-15 08:22:09,844 - INFO - 25FW_NON 인사이트 생성 (규칙 기반)
2025-12-15 08:22:09,844 - INFO - ============================================================
2025-12-15 08:22:09,844 - INFO - [인사이트 생성] 25FW_NON 시즌 인사이트 CSV 생성 시작
2025-12-15 08:22:09,844 - INFO - ============================================================
2025-12-15 08:22:10,300 - INFO - 25FW_NON 인사이트 CSV 생성 완료
2025-12-15 08:22:10,300 - INFO - None
2025-12-15 08:22:10,300 - INFO - ============================================================
2025-12-15 08:22:10,300 - INFO - [NON CSV 생성] 26SS 시즌 CSV 생성 시작
2025-12-15 08:22:10,300 - INFO - ============================================================
2025-12-15 08:22:33,978 - INFO - 26SS NON 시즌 CSV 생성 완료
2025-12-15 08:22:33,979 - INFO - None
2025-12-15 08:22:33,982 - INFO - ============================================================
2025-12-15 08:22:33,983 - INFO - [NON SUMMARY 생성] 26SS 시즌 SUMMARY JSON 생성 시작
2025-12-15 08:22:33,984 - INFO - ============================================================
2025-12-15 08:22:33,985 - INFO - 
26SS NON 브랜드 M 처리 중...
2025-12-15 08:22:34,507 - INFO - 26SS NON 브랜드 M SUMMARY 생성 완료
2025-12-15 08:22:34,508 - INFO - 
26SS NON 브랜드 I 처리 중...
2025-12-15 08:22:34,930 - INFO - 26SS NON 브랜드 I SUMMARY 생성 완료
2025-12-15 08:22:34,930 - INFO - 
26SS NON 브랜드 X 처리 중...
2025-12-15 08:22:35,347 - INFO - 26SS NON 브랜드 X SUMMARY 생성 완료
2025-12-15 08:22:35,347 - INFO - 
26SS NON SUMMARY 생성 완료: 3/3
2025-12-15 08:22:35,347 - INFO - 26SS_NON 인사이트 생성 (규칙 기반)
2025-12-15 08:22:35,347 - INFO - ============================================================
2025-12-15 08:22:35,347 - INFO - [인사이트 생성] 26SS_NON 시즌 인사이트 CSV 생성 시작
2025-12-15 08:22:35,347 - INFO - ============================================================
2025-12-15 08:22:35,985 - INFO - 26SS_NON 인사이트 CSV 생성 완료
2025-12-15 08:22:35,985 - INFO - None
2025-12-15 08:22:35,985 - INFO - ============================================================
2025-12-15 08:22:35,985 - INFO - [NON CSV 생성] 26FW 시즌 CSV 생성 시작
2025-12-15 08:22:35,985 - INFO - ============================================================
2025-12-15 08:22:58,243 - INFO - 26FW NON 시즌 CSV 생성 완료
2025-12-15 08:22:58,244 - INFO - None
2025-12-15 08:22:58,244 - INFO - ============================================================
2025-12-15 08:22:58,245 - INFO - [NON SUMMARY 생성] 26FW 시즌 SUMMARY JSON 생성 시작
2025-12-15 08:22:58,245 - INFO - ============================================================
2025-12-15 08:22:58,245 - INFO - 
26FW NON 브랜드 M 처리 중...
2025-12-15 08:22:58,737 - INFO - 26FW NON 브랜드 M SUMMARY 생성 완료
2025-12-15 08:22:58,737 - INFO - 
26FW NON 브랜드 I 처리 중...
2025-12-15 08:22:59,156 - INFO - 26FW NON 브랜드 I SUMMARY 생성 완료
2025-12-15 08:22:59,156 - INFO - 
26FW NON 브랜드 X 처리 중...
2025-12-15 08:22:59,583 - INFO - 26FW NON 브랜드 X SUMMARY 생성 완료
2025-12-15 08:22:59,583 - INFO - 
26FW NON SUMMARY 생성 완료: 3/3
2025-12-15 08:22:59,583 - INFO - 26FW_NON 인사이트 생성 (규칙 기반)
2025-12-15 08:22:59,583 - INFO - ============================================================
2025-12-15 08:22:59,584 - INFO - [인사이트 생성] 26FW_NON 시즌 인사이트 CSV 생성 시작
2025-12-15 08:22:59,584 - INFO - ============================================================
2025-12-15 08:23:00,009 - INFO - 26FW_NON 인사이트 CSV 생성 완료
2025-12-15 08:23:00,009 - INFO - None
2025-12-15 08:23:00,009 - INFO - ============================================================
2025-12-15 08:23:00,009 - INFO - [2] 25FW SUMMARY JSON 생성 시작
2025-12-15 08:23:00,009 - INFO - ============================================================
2025-12-15 08:23:00,009 - INFO - 
25FW 브랜드 M 처리 중...
2025-12-15 08:23:02,329 - INFO - 25FW 브랜드 M SUMMARY 생성 완료
2025-12-15 08:23:02,329 - INFO - 
25FW 브랜드 I 처리 중...
2025-12-15 08:23:03,101 - INFO - 25FW 브랜드 I SUMMARY 생성 완료
2025-12-15 08:23:03,101 - INFO - 
25FW 브랜드 X 처리 중...
2025-12-15 08:23:04,145 - INFO - 25FW 브랜드 X SUMMARY 생성 완료
2025-12-15 08:23:04,145 - INFO - 
25FW 브랜드 ST 처리 중...
2025-12-15 08:23:04,709 - INFO - 25FW 브랜드 ST SUMMARY 생성 완료
2025-12-15 08:23:04,709 - INFO - 
25FW 브랜드 V 처리 중...
2025-12-15 08:23:05,438 - INFO - 25FW 브랜드 V SUMMARY 생성 완료
2025-12-15 08:23:05,439 - INFO - 
25FW SUMMARY 생성 완료: 5/5
2025-12-15 08:23:05,439 - INFO - 25FW 인사이트 생성 (제외 브랜드: M, I, X)
2025-12-15 08:23:05,439 - INFO - ============================================================
2025-12-15 08:23:05,439 - INFO - [인사이트 생성] 25FW 시즌 인사이트 CSV 생성 시작
2025-12-15 08:23:05,439 - INFO - ============================================================
2025-12-15 08:23:05,846 - INFO - 25FW 인사이트 CSV 생성 완료
2025-12-15 08:23:05,846 - INFO - None
2025-12-15 08:23:05,846 - INFO - 25FW DISCOVERY-KIDS 인사이트 생성 (DISCOVERY 인사이트는 건드리지 않음)
2025-12-15 08:23:06,270 - INFO - 25FW DISCOVERY-KIDS 인사이트 생성 완료
2025-12-15 08:23:06,275 - INFO - None
2025-12-15 08:23:06,276 - INFO - 25SS 시즌 처리 (generate_summary_26ss.py 사용)
2025-12-15 08:23:06,276 - INFO - ============================================================
2025-12-15 08:23:06,276 - INFO - [3] 25SS SUMMARY JSON 생성 시작
2025-12-15 08:23:06,277 - INFO - ============================================================
2025-12-15 08:23:06,277 - INFO - 
25SS 브랜드 M 처리 중...
2025-12-15 08:23:08,841 - INFO - 25SS 브랜드 M SUMMARY 생성 완료
2025-12-15 08:23:08,841 - INFO - 
25SS 브랜드 I 처리 중...
2025-12-15 08:23:09,713 - INFO - 25SS 브랜드 I SUMMARY 생성 완료
2025-12-15 08:23:09,713 - INFO - 
25SS 브랜드 X 처리 중...
2025-12-15 08:23:10,843 - INFO - 25SS 브랜드 X SUMMARY 생성 완료
2025-12-15 08:23:10,843 - INFO - 
25SS 브랜드 ST 처리 중...
2025-12-15 08:23:11,466 - INFO - 25SS 브랜드 ST SUMMARY 생성 완료
2025-12-15 08:23:11,466 - INFO - 
25SS 브랜드 V 처리 중...
2025-12-15 08:23:12,129 - INFO - 25SS 브랜드 V SUMMARY 생성 완료
2025-12-15 08:23:12,130 - INFO - 
25SS SUMMARY 생성 완료: 5/5
2025-12-15 08:23:12,130 - INFO - 25SS 인사이트 생성 (규칙 기반)
2025-12-15 08:23:12,130 - INFO - ============================================================
2025-12-15 08:23:12,130 - INFO - [인사이트 생성] 25SS 시즌 인사이트 CSV 생성 시작
2025-12-15 08:23:12,130 - INFO - ============================================================
2025-12-15 08:23:12,613 - INFO - 25SS 인사이트 CSV 생성 완료
2025-12-15 08:23:12,613 - INFO - None
2025-12-15 08:23:12,614 - INFO - ============================================================
2025-12-15 08:23:12,614 - INFO - [3] 26SS SUMMARY JSON 생성 시작
2025-12-15 08:23:12,614 - INFO - ============================================================
2025-12-15 08:23:12,614 - INFO - 
26SS 브랜드 M 처리 중...
2025-12-15 08:23:15,000 - INFO - 26SS 브랜드 M SUMMARY 생성 완료
2025-12-15 08:23:15,000 - INFO - 
26SS 브랜드 I 처리 중...
2025-12-15 08:23:15,894 - INFO - 26SS 브랜드 I SUMMARY 생성 완료
2025-12-15 08:23:15,894 - INFO - 
26SS 브랜드 X 처리 중...
2025-12-15 08:23:16,721 - INFO - 26SS 브랜드 X SUMMARY 생성 완료
2025-12-15 08:23:16,721 - INFO - 
26SS 브랜드 ST 처리 중...
2025-12-15 08:23:17,290 - INFO - 26SS 브랜드 ST SUMMARY 생성 완료
2025-12-15 08:23:17,290 - INFO - 
26SS 브랜드 V 처리 중...
2025-12-15 08:23:17,791 - INFO - 26SS 브랜드 V SUMMARY 생성 완료
2025-12-15 08:23:17,791 - INFO - 
26SS SUMMARY 생성 완료: 5/5
2025-12-15 08:23:17,791 - INFO - 26SS 인사이트 생성 (규칙 기반)
2025-12-15 08:23:17,792 - INFO - ============================================================
2025-12-15 08:23:17,792 - INFO - [인사이트 생성] 26SS 시즌 인사이트 CSV 생성 시작
2025-12-15 08:23:17,792 - INFO - ============================================================
2025-12-15 08:23:18,252 - INFO - 26SS 인사이트 CSV 생성 완료
2025-12-15 08:23:18,253 - INFO - None
2025-12-15 08:23:18,253 - INFO - 26FW 시즌 처리 (generate_summary_26ss.py 사용)
2025-12-15 08:23:18,253 - INFO - ============================================================
2025-12-15 08:23:18,253 - INFO - [3] 26FW SUMMARY JSON 생성 시작
2025-12-15 08:23:18,253 - INFO - ============================================================
2025-12-15 08:23:18,253 - INFO - 
26FW 브랜드 M 처리 중...
2025-12-15 08:23:18,680 - INFO - 26FW 브랜드 M SUMMARY 생성 완료
2025-12-15 08:23:18,680 - INFO - 
26FW 브랜드 I 처리 중...
2025-12-15 08:23:19,076 - INFO - 26FW 브랜드 I SUMMARY 생성 완료
2025-12-15 08:23:19,076 - INFO - 
26FW 브랜드 X 처리 중...
2025-12-15 08:23:19,591 - INFO - 26FW 브랜드 X SUMMARY 생성 완료
2025-12-15 08:23:19,591 - INFO - 
26FW 브랜드 ST 처리 중...
2025-12-15 08:23:20,096 - INFO - 26FW 브랜드 ST SUMMARY 생성 완료
2025-12-15 08:23:20,096 - INFO - 
26FW 브랜드 V 처리 중...
2025-12-15 08:23:20,489 - INFO - 26FW 브랜드 V SUMMARY 생성 완료
2025-12-15 08:23:20,490 - INFO - 
26FW SUMMARY 생성 완료: 5/5
2025-12-15 08:23:20,490 - INFO - 26FW 인사이트 생성 (규칙 기반)
2025-12-15 08:23:20,490 - INFO - ============================================================
2025-12-15 08:23:20,491 - INFO - [인사이트 생성] 26FW 시즌 인사이트 CSV 생성 시작
2025-12-15 08:23:20,491 - INFO - ============================================================
2025-12-15 08:23:20,874 - INFO - 26FW 인사이트 CSV 생성 완료
2025-12-15 08:23:20,874 - INFO - None
2025-12-15 08:23:20,874 - INFO - ============================================================
2025-12-15 08:23:20,874 - INFO - [5] 파일 검증 시작
2025-12-15 08:23:20,874 - INFO - ============================================================
2025-12-15 08:23:20,874 - WARNING - 인사이트 CSV 없음: public\COST RAW\25FW\M_insight_25fw.csv
2025-12-15 08:23:20,875 - WARNING - 인사이트 CSV 없음: public\COST RAW\25FW\I_insight_25fw.csv
2025-12-15 08:23:20,875 - WARNING - 인사이트 CSV 없음: public\COST RAW\25FW\X_insight_25fw.csv
2025-12-15 08:23:20,876 - WARNING - CSV 파일 없음: public\COST RAW\26FW\M_26F.csv
2025-12-15 08:23:20,876 - WARNING - SUMMARY JSON 없음: public\COST RAW\26FW\summary_26fw_m.json
2025-12-15 08:23:20,876 - WARNING - 인사이트 CSV 없음: public\COST RAW\26FW\M_insight_26fw.csv
2025-12-15 08:23:20,877 - WARNING - CSV 파일 없음: public\COST RAW\26FW\I_26F.csv
2025-12-15 08:23:20,877 - WARNING - SUMMARY JSON 없음: public\COST RAW\26FW\summary_26fw_i.json
2025-12-15 08:23:20,877 - WARNING - 인사이트 CSV 없음: public\COST RAW\26FW\I_insight_26fw.csv
2025-12-15 08:23:20,877 - WARNING - CSV 파일 없음: public\COST RAW\26FW\X_26F.csv
2025-12-15 08:23:20,877 - WARNING - SUMMARY JSON 없음: public\COST RAW\26FW\summary_26fw_x.json
2025-12-15 08:23:20,877 - WARNING - DISCOVERY-KIDS SUMMARY JSON 없음: public\COST RAW\26FW\summary_26fw_x_kids.json
2025-12-15 08:23:20,877 - WARNING - 인사이트 CSV 없음: public\COST RAW\26FW\X_insight_26fw.csv
2025-12-15 08:23:20,877 - WARNING - DISCOVERY-KIDS 인사이트 CSV 없음: public\COST RAW\26FW\X_insight_26fw_kids.csv
2025-12-15 08:23:20,877 - WARNING - CSV 파일 없음: public\COST RAW\26FW\ST_26F.csv
2025-12-15 08:23:20,877 - WARNING - SUMMARY JSON 없음: public\COST RAW\26FW\summary_26fw_st.json
2025-12-15 08:23:20,878 - WARNING - 인사이트 CSV 없음: public\COST RAW\26FW\ST_insight_26fw.csv
2025-12-15 08:23:20,878 - WARNING - CSV 파일 없음: public\COST RAW\26FW\V_26F.csv
2025-12-15 08:23:20,878 - WARNING - SUMMARY JSON 없음: public\COST RAW\26FW\summary_26fw_v.json
2025-12-15 08:23:20,878 - WARNING - 인사이트 CSV 없음: public\COST RAW\26FW\V_insight_26fw.csv
2025-12-15 08:23:20,878 - WARNING - NON SUMMARY JSON 없음: public\COST RAW\25FW\summary_25fw_non_m_non.json
2025-12-15 08:23:20,878 - WARNING - NON 인사이트 CSV 없음: public\COST RAW\25FW\M_insight_25fw_non_non.csv
2025-12-15 08:23:20,878 - WARNING - NON SUMMARY JSON 없음: public\COST RAW\25FW\summary_25fw_non_i_non.json
2025-12-15 08:23:20,878 - WARNING - NON 인사이트 CSV 없음: public\COST RAW\25FW\I_insight_25fw_non_non.csv
2025-12-15 08:23:20,878 - WARNING - NON SUMMARY JSON 없음: public\COST RAW\25FW\summary_25fw_non_x_non.json
2025-12-15 08:23:20,878 - WARNING - NON 인사이트 CSV 없음: public\COST RAW\25FW\X_insight_25fw_non_non.csv
2025-12-15 08:23:20,879 - WARNING - NON SUMMARY JSON 없음: public\COST RAW\26SS\summary_26ss_non_m_non.json
2025-12-15 08:23:20,879 - WARNING - NON 인사이트 CSV 없음: public\COST RAW\26SS\M_insight_26ss_non_non.csv
2025-12-15 08:23:20,879 - WARNING - NON SUMMARY JSON 없음: public\COST RAW\26SS\summary_26ss_non_i_non.json
2025-12-15 08:23:20,879 - WARNING - NON 인사이트 CSV 없음: public\COST RAW\26SS\I_insight_26ss_non_non.csv
2025-12-15 08:23:20,879 - WARNING - NON SUMMARY JSON 없음: public\COST RAW\26SS\summary_26ss_non_x_non.json
2025-12-15 08:23:20,879 - WARNING - NON 인사이트 CSV 없음: public\COST RAW\26SS\X_insight_26ss_non_non.csv
2025-12-15 08:23:20,879 - WARNING - NON SUMMARY JSON 없음: public\COST RAW\26FW\summary_26fw_non_m_non.json
2025-12-15 08:23:20,879 - WARNING - NON 인사이트 CSV 없음: public\COST RAW\26FW\M_insight_26fw_non_non.csv
2025-12-15 08:23:20,879 - WARNING - NON SUMMARY JSON 없음: public\COST RAW\26FW\summary_26fw_non_i_non.json
2025-12-15 08:23:20,879 - WARNING - NON 인사이트 CSV 없음: public\COST RAW\26FW\I_insight_26fw_non_non.csv
2025-12-15 08:23:20,881 - WARNING - NON SUMMARY JSON 없음: public\COST RAW\26FW\summary_26fw_non_x_non.json
2025-12-15 08:23:20,881 - WARNING - NON 인사이트 CSV 없음: public\COST RAW\26FW\X_insight_26fw_non_non.csv
2025-12-15 08:23:20,881 - WARNING - 일부 파일이 누락되었습니다.
2025-12-15 08:23:20,881 - INFO - ============================================================
2025-12-15 08:23:20,881 - INFO - [5] Git 커밋 및 푸시 시작
2025-12-15 08:23:20,881 - INFO - ============================================================
2025-12-15 08:23:21,119 - INFO - 변경된 파일을 Git에 추가 중...
2025-12-15 08:23:21,183 - INFO - Git 커밋 중: Auto update: 2025-12-15 08:23:21
2025-12-15 08:23:21,281 - INFO - Git 커밋 완료
2025-12-15 08:23:21,282 - INFO - Git 푸시 중...
2025-12-15 08:23:23,870 - INFO - Git 푸시 완료
2025-12-15 08:23:23,871 - INFO - ============================================================
2025-12-15 08:23:23,871 - INFO - [5] Git 커밋 및 푸시 완료
2025-12-15 08:23:23,871 - INFO - ============================================================
2025-12-15 08:23:23,877 - INFO - ============================================================
2025-12-15 08:23:23,877 - INFO - [6] Vercel 배포 시작
2025-12-15 08:23:23,877 - INFO - ============================================================
2025-12-15 08:23:23,894 - WARNING - Vercel CLI가 설치되어 있지 않습니다. 배포를 건너뜁니다.
2025-12-15 08:23:23,895 - WARNING - Vercel 배포 실패했지만 계속 진행합니다.
2025-12-15 08:23:23,895 - INFO - ============================================================
2025-12-15 08:23:23,896 - INFO - 자동 대시보드 업데이트 완료
2025-12-15 08:23:23,896 - INFO - 종료 시간: 2025-12-15 08:23:23
2025-12-15 08:23:23,896 - INFO - 소요 시간: 148.6초
2025-12-15 08:23:23,897 - INFO - ============================================================
2025-12-15 08:23:23,897 - WARNING - 이메일 설정이 없어 알림을 전송하지 않습니다.
2025-12-15 11:00:02,404 - INFO - ============================================================
2025-12-15 11:00:02,405 - INFO - 자동 대시보드 업데이트 시작
2025-12-15 11:00:02,405 - INFO - 시작 시간: 2025-12-15 11:00:02
2025-12-15 11:00:02,407 - INFO - ============================================================
2025-12-15 11:00:02,420 - WARNING - 이메일 설정이 없어 알림을 전송하지 않습니다.
2025-12-15 11:00:02,420 - INFO - ============================================================
2025-12-15 11:00:02,422 - INFO - [1] SQL에서 CSV 생성 시작
2025-12-15 11:00:02,422 - INFO - ============================================================
2025-12-15 11:00:35,354 - INFO - SQL → CSV 생성 완료
2025-12-15 11:00:35,354 - INFO - None
2025-12-15 11:00:35,354 - INFO - ============================================================
2025-12-15 11:00:35,354 - INFO - [NON 시즌 처리 시작]
2025-12-15 11:00:35,354 - INFO - ============================================================
2025-12-15 11:00:35,354 - INFO - ============================================================
2025-12-15 11:00:35,354 - INFO - [NON 환율 CSV 생성] FX_NON.csv 생성 시작
2025-12-15 11:00:35,354 - INFO - ============================================================
2025-12-15 11:00:42,895 - INFO - FX_NON.csv 생성 완료
2025-12-15 11:00:42,895 - INFO - None
2025-12-15 11:00:42,895 - INFO - ============================================================
2025-12-15 11:00:42,895 - INFO - [NON CSV 생성] 25FW 시즌 CSV 생성 시작
2025-12-15 11:00:42,895 - INFO - ============================================================
2025-12-15 11:01:54,460 - INFO - 25FW NON 시즌 CSV 생성 완료
2025-12-15 11:01:54,460 - INFO - None
2025-12-15 11:01:54,460 - INFO - ============================================================
2025-12-15 11:01:54,460 - INFO - [NON SUMMARY 생성] 25FW 시즌 SUMMARY JSON 생성 시작
2025-12-15 11:01:54,460 - INFO - ============================================================
2025-12-15 11:01:54,460 - INFO - 
25FW NON 브랜드 M 처리 중...
2025-12-15 11:01:55,477 - INFO - 25FW NON 브랜드 M SUMMARY 생성 완료
2025-12-15 11:01:55,477 - INFO - 
25FW NON 브랜드 I 처리 중...
2025-12-15 11:01:56,444 - INFO - 25FW NON 브랜드 I SUMMARY 생성 완료
2025-12-15 11:01:56,444 - INFO - 
25FW NON 브랜드 X 처리 중...
2025-12-15 11:01:57,380 - INFO - 25FW NON 브랜드 X SUMMARY 생성 완료
2025-12-15 11:01:57,380 - INFO - 
25FW NON SUMMARY 생성 완료: 3/3
2025-12-15 11:01:57,380 - INFO - 25FW_NON 인사이트 생성 (규칙 기반)
2025-12-15 11:01:57,380 - INFO - ============================================================
2025-12-15 11:01:57,380 - INFO - [인사이트 생성] 25FW_NON 시즌 인사이트 CSV 생성 시작
2025-12-15 11:01:57,380 - INFO - ============================================================
2025-12-15 11:01:58,348 - INFO - 25FW_NON 인사이트 CSV 생성 완료
2025-12-15 11:01:58,348 - INFO - None
2025-12-15 11:01:58,348 - INFO - ============================================================
2025-12-15 11:01:58,348 - INFO - [NON CSV 생성] 26SS 시즌 CSV 생성 시작
2025-12-15 11:01:58,348 - INFO - ============================================================
2025-12-15 11:02:42,138 - INFO - 26SS NON 시즌 CSV 생성 완료
2025-12-15 11:02:42,138 - INFO - None
2025-12-15 11:02:42,138 - INFO - ============================================================
2025-12-15 11:02:42,138 - INFO - [NON SUMMARY 생성] 26SS 시즌 SUMMARY JSON 생성 시작
2025-12-15 11:02:42,138 - INFO - ============================================================
2025-12-15 11:02:42,138 - INFO - 
26SS NON 브랜드 M 처리 중...
2025-12-15 11:02:43,054 - INFO - 26SS NON 브랜드 M SUMMARY 생성 완료
2025-12-15 11:02:43,054 - INFO - 
26SS NON 브랜드 I 처리 중...
2025-12-15 11:02:43,957 - INFO - 26SS NON 브랜드 I SUMMARY 생성 완료
2025-12-15 11:02:43,957 - INFO - 
26SS NON 브랜드 X 처리 중...
2025-12-15 11:02:44,956 - INFO - 26SS NON 브랜드 X SUMMARY 생성 완료
2025-12-15 11:02:44,956 - INFO - 
26SS NON SUMMARY 생성 완료: 3/3
2025-12-15 11:02:44,956 - INFO - 26SS_NON 인사이트 생성 (규칙 기반)
2025-12-15 11:02:44,956 - INFO - ============================================================
2025-12-15 11:02:44,956 - INFO - [인사이트 생성] 26SS_NON 시즌 인사이트 CSV 생성 시작
2025-12-15 11:02:44,956 - INFO - ============================================================
2025-12-15 11:02:45,925 - INFO - 26SS_NON 인사이트 CSV 생성 완료
2025-12-15 11:02:45,925 - INFO - None
2025-12-15 11:02:45,925 - INFO - ============================================================
2025-12-15 11:02:45,925 - INFO - [NON CSV 생성] 26FW 시즌 CSV 생성 시작
2025-12-15 11:02:45,925 - INFO - ============================================================
2025-12-15 11:03:30,993 - INFO - 26FW NON 시즌 CSV 생성 완료
2025-12-15 11:03:30,993 - INFO - None
2025-12-15 11:03:30,993 - INFO - ============================================================
2025-12-15 11:03:30,993 - INFO - [NON SUMMARY 생성] 26FW 시즌 SUMMARY JSON 생성 시작
2025-12-15 11:03:30,993 - INFO - ============================================================
2025-12-15 11:03:30,993 - INFO - 
26FW NON 브랜드 M 처리 중...
2025-12-15 11:03:31,784 - INFO - 26FW NON 브랜드 M SUMMARY 생성 완료
2025-12-15 11:03:31,784 - INFO - 
26FW NON 브랜드 I 처리 중...
2025-12-15 11:03:32,512 - INFO - 26FW NON 브랜드 I SUMMARY 생성 완료
2025-12-15 11:03:32,512 - INFO - 
26FW NON 브랜드 X 처리 중...
2025-12-15 11:03:33,404 - INFO - 26FW NON 브랜드 X SUMMARY 생성 완료
2025-12-15 11:03:33,404 - INFO - 
26FW NON SUMMARY 생성 완료: 3/3
2025-12-15 11:03:33,404 - INFO - 26FW_NON 인사이트 생성 (규칙 기반)
2025-12-15 11:03:33,404 - INFO - ============================================================
2025-12-15 11:03:33,404 - INFO - [인사이트 생성] 26FW_NON 시즌 인사이트 CSV 생성 시작
2025-12-15 11:03:33,404 - INFO - ============================================================
2025-12-15 11:03:34,405 - INFO - 26FW_NON 인사이트 CSV 생성 완료
2025-12-15 11:03:34,405 - INFO - None
2025-12-15 11:03:34,405 - INFO - ============================================================
2025-12-15 11:03:34,405 - INFO - [2] 25FW SUMMARY JSON 생성 시작
2025-12-15 11:03:34,405 - INFO - ============================================================
2025-12-15 11:03:34,405 - INFO - 
25FW 브랜드 M 처리 중...
2025-12-15 11:03:39,529 - INFO - 25FW 브랜드 M SUMMARY 생성 완료
2025-12-15 11:03:39,529 - INFO - 
25FW 브랜드 I 처리 중...
2025-12-15 11:03:41,162 - INFO - 25FW 브랜드 I SUMMARY 생성 완료
2025-12-15 11:03:41,163 - INFO - 
25FW 브랜드 X 처리 중...
2025-12-15 11:03:43,370 - INFO - 25FW 브랜드 X SUMMARY 생성 완료
2025-12-15 11:03:43,374 - INFO - 
25FW 브랜드 ST 처리 중...
2025-12-15 11:03:44,371 - INFO - 25FW 브랜드 ST SUMMARY 생성 완료
2025-12-15 11:03:44,371 - INFO - 
25FW 브랜드 V 처리 중...
2025-12-15 11:03:45,778 - INFO - 25FW 브랜드 V SUMMARY 생성 완료
2025-12-15 11:03:45,778 - INFO - 
25FW SUMMARY 생성 완료: 5/5
2025-12-15 11:03:45,778 - INFO - 25FW 인사이트 생성 (제외 브랜드: M, I, X)
2025-12-15 11:03:45,778 - INFO - ============================================================
2025-12-15 11:03:45,778 - INFO - [인사이트 생성] 25FW 시즌 인사이트 CSV 생성 시작
2025-12-15 11:03:45,778 - INFO - ============================================================
2025-12-15 11:03:46,820 - INFO - 25FW 인사이트 CSV 생성 완료
2025-12-15 11:03:46,820 - INFO - None
2025-12-15 11:03:46,820 - INFO - 25FW DISCOVERY-KIDS 인사이트 생성 (DISCOVERY 인사이트는 건드리지 않음)
2025-12-15 11:03:47,786 - INFO - 25FW DISCOVERY-KIDS 인사이트 생성 완료
2025-12-15 11:03:47,786 - INFO - None
2025-12-15 11:03:47,786 - INFO - 25SS 시즌 처리 (generate_summary_26ss.py 사용)
2025-12-15 11:03:47,786 - INFO - ============================================================
2025-12-15 11:03:47,786 - INFO - [3] 25SS SUMMARY JSON 생성 시작
2025-12-15 11:03:47,786 - INFO - ============================================================
2025-12-15 11:03:47,786 - INFO - 
25SS 브랜드 M 처리 중...
2025-12-15 11:03:53,215 - INFO - 25SS 브랜드 M SUMMARY 생성 완료
2025-12-15 11:03:53,215 - INFO - 
25SS 브랜드 I 처리 중...
2025-12-15 11:03:55,052 - INFO - 25SS 브랜드 I SUMMARY 생성 완료
2025-12-15 11:03:55,052 - INFO - 
25SS 브랜드 X 처리 중...
2025-12-15 11:03:57,472 - INFO - 25SS 브랜드 X SUMMARY 생성 완료
2025-12-15 11:03:57,472 - INFO - 
25SS 브랜드 ST 처리 중...
2025-12-15 11:03:58,990 - INFO - 25SS 브랜드 ST SUMMARY 생성 완료
2025-12-15 11:03:58,990 - INFO - 
25SS 브랜드 V 처리 중...
2025-12-15 11:04:00,342 - INFO - 25SS 브랜드 V SUMMARY 생성 완료
2025-12-15 11:04:00,358 - INFO - 
25SS SUMMARY 생성 완료: 5/5
2025-12-15 11:04:00,358 - INFO - 25SS 인사이트 생성 (규칙 기반)
2025-12-15 11:04:00,358 - INFO - ============================================================
2025-12-15 11:04:00,358 - INFO - [인사이트 생성] 25SS 시즌 인사이트 CSV 생성 시작
2025-12-15 11:04:00,358 - INFO - ============================================================
2025-12-15 11:04:01,489 - INFO - 25SS 인사이트 CSV 생성 완료
2025-12-15 11:04:01,489 - INFO - None
2025-12-15 11:04:01,489 - INFO - ============================================================
2025-12-15 11:04:01,489 - INFO - [3] 26SS SUMMARY JSON 생성 시작
2025-12-15 11:04:01,489 - INFO - ============================================================
2025-12-15 11:04:01,489 - INFO - 
26SS 브랜드 M 처리 중...
2025-12-15 11:04:06,272 - INFO - 26SS 브랜드 M SUMMARY 생성 완료
2025-12-15 11:04:06,272 - INFO - 
26SS 브랜드 I 처리 중...
2025-12-15 11:04:08,195 - INFO - 26SS 브랜드 I SUMMARY 생성 완료
2025-12-15 11:04:08,195 - INFO - 
26SS 브랜드 X 처리 중...
2025-12-15 11:04:10,015 - INFO - 26SS 브랜드 X SUMMARY 생성 완료
2025-12-15 11:04:10,015 - INFO - 
26SS 브랜드 ST 처리 중...
2025-12-15 11:04:11,157 - INFO - 26SS 브랜드 ST SUMMARY 생성 완료
2025-12-15 11:04:11,173 - INFO - 
26SS 브랜드 V 처리 중...
2025-12-15 11:04:12,092 - INFO - 26SS 브랜드 V SUMMARY 생성 완료
2025-12-15 11:04:12,092 - INFO - 
26SS SUMMARY 생성 완료: 5/5
2025-12-15 11:04:12,092 - INFO - 26SS 인사이트 생성 (규칙 기반)
2025-12-15 11:04:12,092 - INFO - ============================================================
2025-12-15 11:04:12,108 - INFO - [인사이트 생성] 26SS 시즌 인사이트 CSV 생성 시작
2025-12-15 11:04:12,108 - INFO - ============================================================
2025-12-15 11:04:12,949 - INFO - 26SS 인사이트 CSV 생성 완료
2025-12-15 11:04:12,949 - INFO - None
2025-12-15 11:04:12,949 - INFO - 26FW 시즌 처리 (generate_summary_26ss.py 사용)
2025-12-15 11:04:12,949 - INFO - ============================================================
2025-12-15 11:04:12,949 - INFO - [3] 26FW SUMMARY JSON 생성 시작
2025-12-15 11:04:12,949 - INFO - ============================================================
2025-12-15 11:04:12,949 - INFO - 
26FW 브랜드 M 처리 중...
2025-12-15 11:04:13,677 - INFO - 26FW 브랜드 M SUMMARY 생성 완료
2025-12-15 11:04:13,677 - INFO - 
26FW 브랜드 I 처리 중...
2025-12-15 11:04:14,423 - INFO - 26FW 브랜드 I SUMMARY 생성 완료
2025-12-15 11:04:14,423 - INFO - 
26FW 브랜드 X 처리 중...
2025-12-15 11:04:15,154 - INFO - 26FW 브랜드 X SUMMARY 생성 완료
2025-12-15 11:04:15,154 - INFO - 
26FW 브랜드 ST 처리 중...
2025-12-15 11:04:15,867 - INFO - 26FW 브랜드 ST SUMMARY 생성 완료
2025-12-15 11:04:15,867 - INFO - 
26FW 브랜드 V 처리 중...
2025-12-15 11:04:16,658 - INFO - 26FW 브랜드 V SUMMARY 생성 완료
2025-12-15 11:04:16,658 - INFO - 
26FW SUMMARY 생성 완료: 5/5
2025-12-15 11:04:16,658 - INFO - 26FW 인사이트 생성 (규칙 기반)
2025-12-15 11:04:16,658 - INFO - ============================================================
2025-12-15 11:04:16,658 - INFO - [인사이트 생성] 26FW 시즌 인사이트 CSV 생성 시작
2025-12-15 11:04:16,658 - INFO - ============================================================
2025-12-15 11:04:17,435 - INFO - 26FW 인사이트 CSV 생성 완료
2025-12-15 11:04:17,435 - INFO - None
2025-12-15 11:04:17,435 - INFO - ============================================================
2025-12-15 11:04:17,435 - INFO - [5] 파일 검증 시작
2025-12-15 11:04:17,435 - INFO - ============================================================
2025-12-15 11:04:17,435 - WARNING - 인사이트 CSV 없음: public\COST RAW\25FW\M_insight_25fw.csv
2025-12-15 11:04:17,435 - WARNING - 인사이트 CSV 없음: public\COST RAW\25FW\I_insight_25fw.csv
2025-12-15 11:04:17,435 - WARNING - 인사이트 CSV 없음: public\COST RAW\25FW\X_insight_25fw.csv
2025-12-15 11:04:17,435 - WARNING - CSV 파일 없음: public\COST RAW\26FW\M_26F.csv
2025-12-15 11:04:17,435 - WARNING - SUMMARY JSON 없음: public\COST RAW\26FW\summary_26fw_m.json
2025-12-15 11:04:17,435 - WARNING - 인사이트 CSV 없음: public\COST RAW\26FW\M_insight_26fw.csv
2025-12-15 11:04:17,435 - WARNING - CSV 파일 없음: public\COST RAW\26FW\I_26F.csv
2025-12-15 11:04:17,435 - WARNING - SUMMARY JSON 없음: public\COST RAW\26FW\summary_26fw_i.json
2025-12-15 11:04:17,435 - WARNING - 인사이트 CSV 없음: public\COST RAW\26FW\I_insight_26fw.csv
2025-12-15 11:04:17,435 - WARNING - CSV 파일 없음: public\COST RAW\26FW\X_26F.csv
2025-12-15 11:04:17,435 - WARNING - SUMMARY JSON 없음: public\COST RAW\26FW\summary_26fw_x.json
2025-12-15 11:04:17,435 - WARNING - DISCOVERY-KIDS SUMMARY JSON 없음: public\COST RAW\26FW\summary_26fw_x_kids.json
2025-12-15 11:04:17,435 - WARNING - 인사이트 CSV 없음: public\COST RAW\26FW\X_insight_26fw.csv
2025-12-15 11:04:17,435 - WARNING - DISCOVERY-KIDS 인사이트 CSV 없음: public\COST RAW\26FW\X_insight_26fw_kids.csv
2025-12-15 11:04:17,435 - WARNING - CSV 파일 없음: public\COST RAW\26FW\ST_26F.csv
2025-12-15 11:04:17,435 - WARNING - SUMMARY JSON 없음: public\COST RAW\26FW\summary_26fw_st.json
2025-12-15 11:04:17,435 - WARNING - 인사이트 CSV 없음: public\COST RAW\26FW\ST_insight_26fw.csv
2025-12-15 11:04:17,435 - WARNING - CSV 파일 없음: public\COST RAW\26FW\V_26F.csv
2025-12-15 11:04:17,435 - WARNING - SUMMARY JSON 없음: public\COST RAW\26FW\summary_26fw_v.json
2025-12-15 11:04:17,435 - WARNING - 인사이트 CSV 없음: public\COST RAW\26FW\V_insight_26fw.csv
2025-12-15 11:04:17,435 - WARNING - NON SUMMARY JSON 없음: public\COST RAW\25FW\summary_25fw_non_m_non.json
2025-12-15 11:04:17,435 - WARNING - NON 인사이트 CSV 없음: public\COST RAW\25FW\M_insight_25fw_non_non.csv
2025-12-15 11:04:17,435 - WARNING - NON SUMMARY JSON 없음: public\COST RAW\25FW\summary_25fw_non_i_non.json
2025-12-15 11:04:17,435 - WARNING - NON 인사이트 CSV 없음: public\COST RAW\25FW\I_insight_25fw_non_non.csv
2025-12-15 11:04:17,435 - WARNING - NON SUMMARY JSON 없음: public\COST RAW\25FW\summary_25fw_non_x_non.json
2025-12-15 11:04:17,435 - WARNING - NON 인사이트 CSV 없음: public\COST RAW\25FW\X_insight_25fw_non_non.csv
2025-12-15 11:04:17,435 - WARNING - NON SUMMARY JSON 없음: public\COST RAW\26SS\summary_26ss_non_m_non.json
2025-12-15 11:04:17,435 - WARNING - NON 인사이트 CSV 없음: public\COST RAW\26SS\M_insight_26ss_non_non.csv
2025-12-15 11:04:17,435 - WARNING - NON SUMMARY JSON 없음: public\COST RAW\26SS\summary_26ss_non_i_non.json
2025-12-15 11:04:17,435 - WARNING - NON 인사이트 CSV 없음: public\COST RAW\26SS\I_insight_26ss_non_non.csv
2025-12-15 11:04:17,435 - WARNING - NON SUMMARY JSON 없음: public\COST RAW\26SS\summary_26ss_non_x_non.json
2025-12-15 11:04:17,435 - WARNING - NON 인사이트 CSV 없음: public\COST RAW\26SS\X_insight_26ss_non_non.csv
2025-12-15 11:04:17,435 - WARNING - NON SUMMARY JSON 없음: public\COST RAW\26FW\summary_26fw_non_m_non.json
2025-12-15 11:04:17,435 - WARNING - NON 인사이트 CSV 없음: public\COST RAW\26FW\M_insight_26fw_non_non.csv
2025-12-15 11:04:17,435 - WARNING - NON SUMMARY JSON 없음: public\COST RAW\26FW\summary_26fw_non_i_non.json
2025-12-15 11:04:17,435 - WARNING - NON 인사이트 CSV 없음: public\COST RAW\26FW\I_insight_26fw_non_non.csv
2025-12-15 11:04:17,435 - WARNING - NON SUMMARY JSON 없음: public\COST RAW\26FW\summary_26fw_non_x_non.json
2025-12-15 11:04:17,435 - WARNING - NON 인사이트 CSV 없음: public\COST RAW\26FW\X_insight_26fw_non_non.csv
2025-12-15 11:04:17,435 - WARNING - 일부 파일이 누락되었습니다.
2025-12-15 11:04:17,435 - INFO - ============================================================
2025-12-15 11:04:17,435 - INFO - [5] Git 커밋 및 푸시 시작
2025-12-15 11:04:17,435 - INFO - ============================================================
2025-12-15 11:04:17,910 - INFO - 변경된 파일이 없습니다. Git 커밋/푸시를 건너뜁니다.
2025-12-15 11:04:17,910 - INFO - ============================================================
2025-12-15 11:04:17,910 - INFO - [6] Vercel 배포 시작
2025-12-15 11:04:17,910 - INFO - ============================================================
2025-12-15 11:04:17,910 - WARNING - Vercel CLI가 설치되어 있지 않습니다. 배포를 건너뜁니다.
2025-12-15 11:04:17,910 - WARNING - Vercel 배포 실패했지만 계속 진행합니다.
2025-12-15 11:04:17,910 - INFO - ============================================================
2025-12-15 11:04:17,910 - INFO - 자동 대시보드 업데이트 완료
2025-12-15 11:04:17,910 - INFO - 종료 시간: 2025-12-15 11:04:17
2025-12-15 11:04:17,910 - INFO - 소요 시간: 255.5초
2025-12-15 11:04:17,910 - INFO - ============================================================
2025-12-15 11:04:17,910 - WARNING - 이메일 설정이 없어 알림을 전송하지 않습니다.
2025-12-15 11:07:22,227 - INFO - 윈도우 팝업 알림 표시 완료
2025-12-15 11:07:22,227 - INFO - Teams 메시지 전송 시도 중...
2025-12-15 11:07:22,227 - INFO - Teams Webhook URL 확인됨: https://fnf365.webhook.office.com/webhookb2/dae107...
2025-12-15 11:07:25,599 - INFO - Teams 메시지 전송 완료
