2025-12-02 11:00:02,540 - INFO - ============================================================
2025-12-02 11:00:02,540 - INFO - 자동 대시보드 업데이트 시작
2025-12-02 11:00:02,540 - INFO - 시작 시간: 2025-12-02 11:00:02
2025-12-02 11:00:02,540 - INFO - ============================================================
2025-12-02 11:00:02,552 - WARNING - 이메일 설정이 없어 알림을 전송하지 않습니다.
2025-12-02 11:00:02,552 - INFO - ============================================================
2025-12-02 11:00:02,552 - INFO - [1] SQL에서 CSV 생성 시작
2025-12-02 11:00:02,553 - INFO - ============================================================
2025-12-02 11:00:33,246 - INFO - SQL → CSV 생성 완료
2025-12-02 11:00:33,246 - INFO - None
2025-12-02 11:00:33,246 - INFO - ============================================================
2025-12-02 11:00:33,246 - INFO - [NON 시즌 처리 시작]
2025-12-02 11:00:33,246 - INFO - ============================================================
2025-12-02 11:00:33,246 - INFO - ============================================================
2025-12-02 11:00:33,246 - INFO - [NON 환율 CSV 생성] FX_NON.csv 생성 시작
2025-12-02 11:00:33,246 - INFO - ============================================================
2025-12-02 11:00:49,735 - INFO - FX_NON.csv 생성 완료
2025-12-02 11:00:49,735 - INFO - None
2025-12-02 11:00:49,735 - INFO - ============================================================
2025-12-02 11:00:49,735 - INFO - [NON CSV 생성] 25FW 시즌 CSV 생성 시작
2025-12-02 11:00:49,735 - INFO - ============================================================
2025-12-02 11:01:58,227 - INFO - 25FW NON 시즌 CSV 생성 완료
2025-12-02 11:01:58,227 - INFO - None
2025-12-02 11:01:58,227 - INFO - ============================================================
2025-12-02 11:01:58,227 - INFO - [NON SUMMARY 생성] 25FW 시즌 SUMMARY JSON 생성 시작
2025-12-02 11:01:58,227 - INFO - ============================================================
2025-12-02 11:01:58,227 - INFO - 
25FW NON 브랜드 M 처리 중...
2025-12-02 11:01:59,171 - INFO - 25FW NON 브랜드 M SUMMARY 생성 완료
2025-12-02 11:01:59,171 - INFO - 
25FW NON 브랜드 I 처리 중...
2025-12-02 11:02:00,064 - INFO - 25FW NON 브랜드 I SUMMARY 생성 완료
2025-12-02 11:02:00,064 - INFO - 
25FW NON 브랜드 X 처리 중...
2025-12-02 11:02:00,887 - INFO - 25FW NON 브랜드 X SUMMARY 생성 완료
2025-12-02 11:02:00,887 - INFO - 
25FW NON SUMMARY 생성 완료: 3/3
2025-12-02 11:02:00,887 - INFO - 25FW_NON 인사이트 생성 (규칙 기반)
2025-12-02 11:02:00,887 - INFO - ============================================================
2025-12-02 11:02:00,887 - INFO - [인사이트 생성] 25FW_NON 시즌 인사이트 CSV 생성 시작
2025-12-02 11:02:00,887 - INFO - ============================================================
2025-12-02 11:02:01,790 - INFO - 25FW_NON 인사이트 CSV 생성 완료
2025-12-02 11:02:01,790 - INFO - None
2025-12-02 11:02:01,790 - INFO - ============================================================
2025-12-02 11:02:01,790 - INFO - [NON CSV 생성] 26SS 시즌 CSV 생성 시작
2025-12-02 11:02:01,790 - INFO - ============================================================
2025-12-02 11:02:36,102 - INFO - 26SS NON 시즌 CSV 생성 완료
2025-12-02 11:02:36,102 - INFO - None
2025-12-02 11:02:36,102 - INFO - ============================================================
2025-12-02 11:02:36,102 - INFO - [NON SUMMARY 생성] 26SS 시즌 SUMMARY JSON 생성 시작
2025-12-02 11:02:36,102 - INFO - ============================================================
2025-12-02 11:02:36,102 - INFO - 
26SS NON 브랜드 M 처리 중...
2025-12-02 11:02:37,024 - INFO - 26SS NON 브랜드 M SUMMARY 생성 완료
2025-12-02 11:02:37,024 - INFO - 
26SS NON 브랜드 I 처리 중...
2025-12-02 11:02:37,898 - INFO - 26SS NON 브랜드 I SUMMARY 생성 완료
2025-12-02 11:02:37,898 - INFO - 
26SS NON 브랜드 X 처리 중...
2025-12-02 11:02:38,771 - INFO - 26SS NON 브랜드 X SUMMARY 생성 완료
2025-12-02 11:02:38,771 - INFO - 
26SS NON SUMMARY 생성 완료: 3/3
2025-12-02 11:02:38,771 - INFO - 26SS_NON 인사이트 생성 (규칙 기반)
2025-12-02 11:02:38,771 - INFO - ============================================================
2025-12-02 11:02:38,771 - INFO - [인사이트 생성] 26SS_NON 시즌 인사이트 CSV 생성 시작
2025-12-02 11:02:38,771 - INFO - ============================================================
2025-12-02 11:02:39,629 - INFO - 26SS_NON 인사이트 CSV 생성 완료
2025-12-02 11:02:39,629 - INFO - None
2025-12-02 11:02:39,629 - INFO - ============================================================
2025-12-02 11:02:39,629 - INFO - [NON CSV 생성] 26FW 시즌 CSV 생성 시작
2025-12-02 11:02:39,629 - INFO - ============================================================
2025-12-02 11:03:24,421 - INFO - 26FW NON 시즌 CSV 생성 완료
2025-12-02 11:03:24,421 - INFO - None
2025-12-02 11:03:24,421 - INFO - ============================================================
2025-12-02 11:03:24,421 - INFO - [NON SUMMARY 생성] 26FW 시즌 SUMMARY JSON 생성 시작
2025-12-02 11:03:24,421 - INFO - ============================================================
2025-12-02 11:03:24,421 - INFO - 
26FW NON 브랜드 M 처리 중...
2025-12-02 11:03:25,496 - INFO - 26FW NON 브랜드 M SUMMARY 생성 완료
2025-12-02 11:03:25,496 - INFO - 
26FW NON 브랜드 I 처리 중...
2025-12-02 11:03:26,401 - INFO - 26FW NON 브랜드 I SUMMARY 생성 완료
2025-12-02 11:03:26,401 - INFO - 
26FW NON 브랜드 X 처리 중...
2025-12-02 11:03:27,380 - INFO - 26FW NON 브랜드 X SUMMARY 생성 완료
2025-12-02 11:03:27,380 - INFO - 
26FW NON SUMMARY 생성 완료: 3/3
2025-12-02 11:03:27,380 - INFO - 26FW_NON 인사이트 생성 (규칙 기반)
2025-12-02 11:03:27,380 - INFO - ============================================================
2025-12-02 11:03:27,380 - INFO - [인사이트 생성] 26FW_NON 시즌 인사이트 CSV 생성 시작
2025-12-02 11:03:27,380 - INFO - ============================================================
2025-12-02 11:03:28,329 - INFO - 26FW_NON 인사이트 CSV 생성 완료
2025-12-02 11:03:28,329 - INFO - None
2025-12-02 11:03:28,329 - INFO - ============================================================
2025-12-02 11:03:28,329 - INFO - [2] 25FW SUMMARY JSON 생성 시작
2025-12-02 11:03:28,329 - INFO - ============================================================
2025-12-02 11:03:28,329 - INFO - 
25FW 브랜드 M 처리 중...
2025-12-02 11:03:33,571 - INFO - 25FW 브랜드 M SUMMARY 생성 완료
2025-12-02 11:03:33,571 - INFO - 
25FW 브랜드 I 처리 중...
2025-12-02 11:03:35,151 - INFO - 25FW 브랜드 I SUMMARY 생성 완료
2025-12-02 11:03:35,151 - INFO - 
25FW 브랜드 X 처리 중...
2025-12-02 11:03:37,264 - INFO - 25FW 브랜드 X SUMMARY 생성 완료
2025-12-02 11:03:37,264 - INFO - 
25FW 브랜드 ST 처리 중...
2025-12-02 11:03:38,404 - INFO - 25FW 브랜드 ST SUMMARY 생성 완료
2025-12-02 11:03:38,405 - INFO - 
25FW 브랜드 V 처리 중...
2025-12-02 11:03:39,984 - INFO - 25FW 브랜드 V SUMMARY 생성 완료
2025-12-02 11:03:39,984 - INFO - 
25FW SUMMARY 생성 완료: 5/5
2025-12-02 11:03:39,984 - INFO - 25FW 인사이트 생성 (제외 브랜드: M, I, X)
2025-12-02 11:03:39,984 - INFO - ============================================================
2025-12-02 11:03:39,984 - INFO - [인사이트 생성] 25FW 시즌 인사이트 CSV 생성 시작
2025-12-02 11:03:39,984 - INFO - ============================================================
2025-12-02 11:03:40,930 - INFO - 25FW 인사이트 CSV 생성 완료
2025-12-02 11:03:40,930 - INFO - None
2025-12-02 11:03:40,930 - INFO - 25FW DISCOVERY-KIDS 인사이트 생성 (DISCOVERY 인사이트는 건드리지 않음)
2025-12-02 11:03:41,795 - INFO - 25FW DISCOVERY-KIDS 인사이트 생성 완료
2025-12-02 11:03:41,795 - INFO - None
2025-12-02 11:03:41,795 - INFO - 25SS 시즌 처리 (generate_summary_26ss.py 사용)
2025-12-02 11:03:41,795 - INFO - ============================================================
2025-12-02 11:03:41,795 - INFO - [3] 25SS SUMMARY JSON 생성 시작
2025-12-02 11:03:41,795 - INFO - ============================================================
2025-12-02 11:03:41,795 - INFO - 
25SS 브랜드 M 처리 중...
2025-12-02 11:03:47,351 - INFO - 25SS 브랜드 M SUMMARY 생성 완료
2025-12-02 11:03:47,351 - INFO - 
25SS 브랜드 I 처리 중...
2025-12-02 11:03:49,285 - INFO - 25SS 브랜드 I SUMMARY 생성 완료
2025-12-02 11:03:49,285 - INFO - 
25SS 브랜드 X 처리 중...
2025-12-02 11:03:51,741 - INFO - 25SS 브랜드 X SUMMARY 생성 완료
2025-12-02 11:03:51,741 - INFO - 
25SS 브랜드 ST 처리 중...
2025-12-02 11:03:53,156 - INFO - 25SS 브랜드 ST SUMMARY 생성 완료
2025-12-02 11:03:53,157 - INFO - 
25SS 브랜드 V 처리 중...
2025-12-02 11:03:54,664 - INFO - 25SS 브랜드 V SUMMARY 생성 완료
2025-12-02 11:03:54,666 - INFO - 
25SS SUMMARY 생성 완료: 5/5
2025-12-02 11:03:54,666 - INFO - 25SS 인사이트 생성 (규칙 기반)
2025-12-02 11:03:54,666 - INFO - ============================================================
2025-12-02 11:03:54,666 - INFO - [인사이트 생성] 25SS 시즌 인사이트 CSV 생성 시작
2025-12-02 11:03:54,668 - INFO - ============================================================
2025-12-02 11:03:55,672 - INFO - 25SS 인사이트 CSV 생성 완료
2025-12-02 11:03:55,672 - INFO - None
2025-12-02 11:03:55,672 - INFO - ============================================================
2025-12-02 11:03:55,672 - INFO - [3] 26SS SUMMARY JSON 생성 시작
2025-12-02 11:03:55,672 - INFO - ============================================================
2025-12-02 11:03:55,672 - INFO - 
26SS 브랜드 M 처리 중...
2025-12-02 11:04:00,209 - INFO - 26SS 브랜드 M SUMMARY 생성 완료
2025-12-02 11:04:00,209 - INFO - 
26SS 브랜드 I 처리 중...
2025-12-02 11:04:02,020 - INFO - 26SS 브랜드 I SUMMARY 생성 완료
2025-12-02 11:04:02,020 - INFO - 
26SS 브랜드 X 처리 중...
2025-12-02 11:04:03,943 - INFO - 26SS 브랜드 X SUMMARY 생성 완료
2025-12-02 11:04:03,943 - INFO - 
26SS 브랜드 ST 처리 중...
2025-12-02 11:04:05,091 - INFO - 26SS 브랜드 ST SUMMARY 생성 완료
2025-12-02 11:04:05,092 - INFO - 
26SS 브랜드 V 처리 중...
2025-12-02 11:04:06,138 - INFO - 26SS 브랜드 V SUMMARY 생성 완료
2025-12-02 11:04:06,138 - INFO - 
26SS SUMMARY 생성 완료: 5/5
2025-12-02 11:04:06,139 - INFO - 26SS 인사이트 생성 (규칙 기반)
2025-12-02 11:04:06,139 - INFO - ============================================================
2025-12-02 11:04:06,139 - INFO - [인사이트 생성] 26SS 시즌 인사이트 CSV 생성 시작
2025-12-02 11:04:06,140 - INFO - ============================================================
2025-12-02 11:04:07,086 - INFO - 26SS 인사이트 CSV 생성 완료
2025-12-02 11:04:07,086 - INFO - None
2025-12-02 11:04:07,087 - INFO - 26FW 시즌 처리 (generate_summary_26ss.py 사용)
2025-12-02 11:04:07,088 - INFO - ============================================================
2025-12-02 11:04:07,088 - INFO - [3] 26FW SUMMARY JSON 생성 시작
2025-12-02 11:04:07,089 - INFO - ============================================================
2025-12-02 11:04:07,089 - INFO - 
26FW 브랜드 M 처리 중...
2025-12-02 11:04:08,001 - INFO - 26FW 브랜드 M SUMMARY 생성 완료
2025-12-02 11:04:08,002 - INFO - 
26FW 브랜드 I 처리 중...
2025-12-02 11:04:08,904 - INFO - 26FW 브랜드 I SUMMARY 생성 완료
2025-12-02 11:04:08,904 - INFO - 
26FW 브랜드 X 처리 중...
2025-12-02 11:04:09,661 - INFO - 26FW 브랜드 X SUMMARY 생성 완료
2025-12-02 11:04:09,661 - INFO - 
26FW 브랜드 ST 처리 중...
2025-12-02 11:04:10,503 - INFO - 26FW 브랜드 ST SUMMARY 생성 완료
2025-12-02 11:04:10,503 - INFO - 
26FW 브랜드 V 처리 중...
2025-12-02 11:04:11,360 - INFO - 26FW 브랜드 V SUMMARY 생성 완료
2025-12-02 11:04:11,360 - INFO - 
26FW SUMMARY 생성 완료: 5/5
2025-12-02 11:04:11,360 - INFO - 26FW 인사이트 생성 (규칙 기반)
2025-12-02 11:04:11,360 - INFO - ============================================================
2025-12-02 11:04:11,360 - INFO - [인사이트 생성] 26FW 시즌 인사이트 CSV 생성 시작
2025-12-02 11:04:11,360 - INFO - ============================================================
2025-12-02 11:04:12,335 - INFO - 26FW 인사이트 CSV 생성 완료
2025-12-02 11:04:12,335 - INFO - None
2025-12-02 11:04:12,335 - INFO - ============================================================
2025-12-02 11:04:12,335 - INFO - [5] 파일 검증 시작
2025-12-02 11:04:12,335 - INFO - ============================================================
2025-12-02 11:04:12,335 - WARNING - 인사이트 CSV 없음: public\COST RAW\25FW\M_insight_25fw.csv
2025-12-02 11:04:12,335 - WARNING - 인사이트 CSV 없음: public\COST RAW\25FW\I_insight_25fw.csv
2025-12-02 11:04:12,335 - WARNING - 인사이트 CSV 없음: public\COST RAW\25FW\X_insight_25fw.csv
2025-12-02 11:04:12,352 - WARNING - CSV 파일 없음: public\COST RAW\26FW\M_26F.csv
2025-12-02 11:04:12,352 - WARNING - SUMMARY JSON 없음: public\COST RAW\26FW\summary_26fw_m.json
2025-12-02 11:04:12,352 - WARNING - 인사이트 CSV 없음: public\COST RAW\26FW\M_insight_26fw.csv
2025-12-02 11:04:12,352 - WARNING - CSV 파일 없음: public\COST RAW\26FW\I_26F.csv
2025-12-02 11:04:12,352 - WARNING - SUMMARY JSON 없음: public\COST RAW\26FW\summary_26fw_i.json
2025-12-02 11:04:12,352 - WARNING - 인사이트 CSV 없음: public\COST RAW\26FW\I_insight_26fw.csv
2025-12-02 11:04:12,352 - WARNING - CSV 파일 없음: public\COST RAW\26FW\X_26F.csv
2025-12-02 11:04:12,352 - WARNING - SUMMARY JSON 없음: public\COST RAW\26FW\summary_26fw_x.json
2025-12-02 11:04:12,352 - WARNING - DISCOVERY-KIDS SUMMARY JSON 없음: public\COST RAW\26FW\summary_26fw_x_kids.json
2025-12-02 11:04:12,352 - WARNING - 인사이트 CSV 없음: public\COST RAW\26FW\X_insight_26fw.csv
2025-12-02 11:04:12,352 - WARNING - DISCOVERY-KIDS 인사이트 CSV 없음: public\COST RAW\26FW\X_insight_26fw_kids.csv
2025-12-02 11:04:12,352 - WARNING - CSV 파일 없음: public\COST RAW\26FW\ST_26F.csv
2025-12-02 11:04:12,352 - WARNING - SUMMARY JSON 없음: public\COST RAW\26FW\summary_26fw_st.json
2025-12-02 11:04:12,352 - WARNING - 인사이트 CSV 없음: public\COST RAW\26FW\ST_insight_26fw.csv
2025-12-02 11:04:12,352 - WARNING - CSV 파일 없음: public\COST RAW\26FW\V_26F.csv
2025-12-02 11:04:12,352 - WARNING - SUMMARY JSON 없음: public\COST RAW\26FW\summary_26fw_v.json
2025-12-02 11:04:12,352 - WARNING - 인사이트 CSV 없음: public\COST RAW\26FW\V_insight_26fw.csv
2025-12-02 11:04:12,352 - WARNING - NON SUMMARY JSON 없음: public\COST RAW\25FW\summary_25fw_non_m_non.json
2025-12-02 11:04:12,352 - WARNING - NON 인사이트 CSV 없음: public\COST RAW\25FW\M_insight_25fw_non_non.csv
2025-12-02 11:04:12,352 - WARNING - NON SUMMARY JSON 없음: public\COST RAW\25FW\summary_25fw_non_i_non.json
2025-12-02 11:04:12,352 - WARNING - NON 인사이트 CSV 없음: public\COST RAW\25FW\I_insight_25fw_non_non.csv
2025-12-02 11:04:12,368 - WARNING - NON SUMMARY JSON 없음: public\COST RAW\25FW\summary_25fw_non_x_non.json
2025-12-02 11:04:12,368 - WARNING - NON 인사이트 CSV 없음: public\COST RAW\25FW\X_insight_25fw_non_non.csv
2025-12-02 11:04:12,368 - WARNING - NON SUMMARY JSON 없음: public\COST RAW\26SS\summary_26ss_non_m_non.json
2025-12-02 11:04:12,368 - WARNING - NON 인사이트 CSV 없음: public\COST RAW\26SS\M_insight_26ss_non_non.csv
2025-12-02 11:04:12,368 - WARNING - NON SUMMARY JSON 없음: public\COST RAW\26SS\summary_26ss_non_i_non.json
2025-12-02 11:04:12,368 - WARNING - NON 인사이트 CSV 없음: public\COST RAW\26SS\I_insight_26ss_non_non.csv
2025-12-02 11:04:12,368 - WARNING - NON SUMMARY JSON 없음: public\COST RAW\26SS\summary_26ss_non_x_non.json
2025-12-02 11:04:12,368 - WARNING - NON 인사이트 CSV 없음: public\COST RAW\26SS\X_insight_26ss_non_non.csv
2025-12-02 11:04:12,368 - WARNING - NON SUMMARY JSON 없음: public\COST RAW\26FW\summary_26fw_non_m_non.json
2025-12-02 11:04:12,368 - WARNING - NON 인사이트 CSV 없음: public\COST RAW\26FW\M_insight_26fw_non_non.csv
2025-12-02 11:04:12,368 - WARNING - NON SUMMARY JSON 없음: public\COST RAW\26FW\summary_26fw_non_i_non.json
2025-12-02 11:04:12,368 - WARNING - NON 인사이트 CSV 없음: public\COST RAW\26FW\I_insight_26fw_non_non.csv
2025-12-02 11:04:12,373 - WARNING - NON SUMMARY JSON 없음: public\COST RAW\26FW\summary_26fw_non_x_non.json
2025-12-02 11:04:12,373 - WARNING - NON 인사이트 CSV 없음: public\COST RAW\26FW\X_insight_26fw_non_non.csv
2025-12-02 11:04:12,373 - WARNING - 일부 파일이 누락되었습니다.
2025-12-02 11:04:12,373 - INFO - ============================================================
2025-12-02 11:04:12,373 - INFO - [5] Git 커밋 및 푸시 시작
2025-12-02 11:04:12,373 - INFO - ============================================================
2025-12-02 11:04:12,785 - INFO - 변경된 파일을 Git에 추가 중...
2025-12-02 11:04:13,080 - INFO - Git 커밋 중: Auto update: 2025-12-02 11:04:13
2025-12-02 11:04:13,392 - INFO - Git 커밋 완료
2025-12-02 11:04:13,392 - INFO - Git 푸시 중...
2025-12-02 11:04:17,418 - INFO - Git 푸시 완료
2025-12-02 11:04:17,418 - INFO - ============================================================
2025-12-02 11:04:17,419 - INFO - [5] Git 커밋 및 푸시 완료
2025-12-02 11:04:17,420 - INFO - ============================================================
2025-12-02 11:04:17,420 - INFO - ============================================================
2025-12-02 11:04:17,420 - INFO - 자동 대시보드 업데이트 완료
2025-12-02 11:04:17,420 - INFO - 종료 시간: 2025-12-02 11:04:17
2025-12-02 11:04:17,420 - INFO - 소요 시간: 254.9초
2025-12-02 11:04:17,420 - INFO - ============================================================
2025-12-02 11:04:17,420 - WARNING - 이메일 설정이 없어 알림을 전송하지 않습니다.
2025-12-02 11:04:28,218 - INFO - 윈도우 팝업 알림 표시 완료
