2025-12-09 09:53:28,445 - INFO - ============================================================
2025-12-09 09:53:28,447 - INFO - 자동 대시보드 업데이트 시작
2025-12-09 09:53:28,447 - INFO - 시작 시간: 2025-12-09 09:53:28
2025-12-09 09:53:28,447 - INFO - ============================================================
2025-12-09 09:53:28,456 - WARNING - 이메일 설정이 없어 알림을 전송하지 않습니다.
2025-12-09 09:53:28,456 - INFO - ============================================================
2025-12-09 09:53:28,456 - INFO - [1] SQL에서 CSV 생성 시작
2025-12-09 09:53:28,456 - INFO - ============================================================
2025-12-09 09:53:46,989 - INFO - SQL → CSV 생성 완료
2025-12-09 09:53:46,990 - INFO - None
2025-12-09 09:53:46,990 - INFO - ============================================================
2025-12-09 09:53:46,990 - INFO - [NON 시즌 처리 시작]
2025-12-09 09:53:46,990 - INFO - ============================================================
2025-12-09 09:53:46,990 - INFO - ============================================================
2025-12-09 09:53:46,990 - INFO - [NON 환율 CSV 생성] FX_NON.csv 생성 시작
2025-12-09 09:53:46,990 - INFO - ============================================================
2025-12-09 09:54:00,803 - INFO - FX_NON.csv 생성 완료
2025-12-09 09:54:00,803 - INFO - None
2025-12-09 09:54:00,803 - INFO - ============================================================
2025-12-09 09:54:00,803 - INFO - [NON CSV 생성] 25FW 시즌 CSV 생성 시작
2025-12-09 09:54:00,803 - INFO - ============================================================
2025-12-09 09:54:38,808 - INFO - 25FW NON 시즌 CSV 생성 완료
2025-12-09 09:54:38,808 - INFO - None
2025-12-09 09:54:38,808 - INFO - ============================================================
2025-12-09 09:54:38,808 - INFO - [NON SUMMARY 생성] 25FW 시즌 SUMMARY JSON 생성 시작
2025-12-09 09:54:38,808 - INFO - ============================================================
2025-12-09 09:54:38,808 - INFO - 
25FW NON 브랜드 M 처리 중...
2025-12-09 09:54:39,280 - INFO - 25FW NON 브랜드 M SUMMARY 생성 완료
2025-12-09 09:54:39,280 - INFO - 
25FW NON 브랜드 I 처리 중...
2025-12-09 09:54:39,717 - INFO - 25FW NON 브랜드 I SUMMARY 생성 완료
2025-12-09 09:54:39,717 - INFO - 
25FW NON 브랜드 X 처리 중...
2025-12-09 09:54:40,155 - INFO - 25FW NON 브랜드 X SUMMARY 생성 완료
2025-12-09 09:54:40,155 - INFO - 
25FW NON SUMMARY 생성 완료: 3/3
2025-12-09 09:54:40,155 - INFO - 25FW_NON 인사이트 생성 (규칙 기반)
2025-12-09 09:54:40,155 - INFO - ============================================================
2025-12-09 09:54:40,155 - INFO - [인사이트 생성] 25FW_NON 시즌 인사이트 CSV 생성 시작
2025-12-09 09:54:40,155 - INFO - ============================================================
2025-12-09 09:54:40,611 - INFO - 25FW_NON 인사이트 CSV 생성 완료
2025-12-09 09:54:40,611 - INFO - None
2025-12-09 09:54:40,611 - INFO - ============================================================
2025-12-09 09:54:40,611 - INFO - [NON CSV 생성] 26SS 시즌 CSV 생성 시작
2025-12-09 09:54:40,611 - INFO - ============================================================
2025-12-09 09:54:58,500 - INFO - 26SS NON 시즌 CSV 생성 완료
2025-12-09 09:54:58,501 - INFO - None
2025-12-09 09:54:58,501 - INFO - ============================================================
2025-12-09 09:54:58,501 - INFO - [NON SUMMARY 생성] 26SS 시즌 SUMMARY JSON 생성 시작
2025-12-09 09:54:58,501 - INFO - ============================================================
2025-12-09 09:54:58,501 - INFO - 
26SS NON 브랜드 M 처리 중...
2025-12-09 09:54:58,958 - INFO - 26SS NON 브랜드 M SUMMARY 생성 완료
2025-12-09 09:54:58,958 - INFO - 
26SS NON 브랜드 I 처리 중...
2025-12-09 09:54:59,390 - INFO - 26SS NON 브랜드 I SUMMARY 생성 완료
2025-12-09 09:54:59,390 - INFO - 
26SS NON 브랜드 X 처리 중...
2025-12-09 09:54:59,827 - INFO - 26SS NON 브랜드 X SUMMARY 생성 완료
2025-12-09 09:54:59,827 - INFO - 
26SS NON SUMMARY 생성 완료: 3/3
2025-12-09 09:54:59,827 - INFO - 26SS_NON 인사이트 생성 (규칙 기반)
2025-12-09 09:54:59,827 - INFO - ============================================================
2025-12-09 09:54:59,827 - INFO - [인사이트 생성] 26SS_NON 시즌 인사이트 CSV 생성 시작
2025-12-09 09:54:59,827 - INFO - ============================================================
2025-12-09 09:55:00,271 - INFO - 26SS_NON 인사이트 CSV 생성 완료
2025-12-09 09:55:00,271 - INFO - None
2025-12-09 09:55:00,271 - INFO - ============================================================
2025-12-09 09:55:00,271 - INFO - [NON CSV 생성] 26FW 시즌 CSV 생성 시작
2025-12-09 09:55:00,271 - INFO - ============================================================
2025-12-09 09:55:24,061 - INFO - 26FW NON 시즌 CSV 생성 완료
2025-12-09 09:55:24,061 - INFO - None
2025-12-09 09:55:24,061 - INFO - ============================================================
2025-12-09 09:55:24,061 - INFO - [NON SUMMARY 생성] 26FW 시즌 SUMMARY JSON 생성 시작
2025-12-09 09:55:24,061 - INFO - ============================================================
2025-12-09 09:55:24,061 - INFO - 
26FW NON 브랜드 M 처리 중...
2025-12-09 09:55:24,509 - INFO - 26FW NON 브랜드 M SUMMARY 생성 완료
2025-12-09 09:55:24,509 - INFO - 
26FW NON 브랜드 I 처리 중...
2025-12-09 09:55:24,931 - INFO - 26FW NON 브랜드 I SUMMARY 생성 완료
2025-12-09 09:55:24,931 - INFO - 
26FW NON 브랜드 X 처리 중...
2025-12-09 09:55:25,356 - INFO - 26FW NON 브랜드 X SUMMARY 생성 완료
2025-12-09 09:55:25,356 - INFO - 
26FW NON SUMMARY 생성 완료: 3/3
2025-12-09 09:55:25,356 - INFO - 26FW_NON 인사이트 생성 (규칙 기반)
2025-12-09 09:55:25,356 - INFO - ============================================================
2025-12-09 09:55:25,356 - INFO - [인사이트 생성] 26FW_NON 시즌 인사이트 CSV 생성 시작
2025-12-09 09:55:25,356 - INFO - ============================================================
2025-12-09 09:55:25,793 - INFO - 26FW_NON 인사이트 CSV 생성 완료
2025-12-09 09:55:25,793 - INFO - None
2025-12-09 09:55:25,793 - INFO - ============================================================
2025-12-09 09:55:25,793 - INFO - [2] 25FW SUMMARY JSON 생성 시작
2025-12-09 09:55:25,793 - INFO - ============================================================
2025-12-09 09:55:25,793 - INFO - 
25FW 브랜드 M 처리 중...
2025-12-09 09:55:28,165 - INFO - 25FW 브랜드 M SUMMARY 생성 완료
2025-12-09 09:55:28,165 - INFO - 
25FW 브랜드 I 처리 중...
2025-12-09 09:55:28,948 - INFO - 25FW 브랜드 I SUMMARY 생성 완료
2025-12-09 09:55:28,948 - INFO - 
25FW 브랜드 X 처리 중...
2025-12-09 09:55:30,013 - INFO - 25FW 브랜드 X SUMMARY 생성 완료
2025-12-09 09:55:30,013 - INFO - 
25FW 브랜드 ST 처리 중...
2025-12-09 09:55:30,559 - INFO - 25FW 브랜드 ST SUMMARY 생성 완료
2025-12-09 09:55:30,559 - INFO - 
25FW 브랜드 V 처리 중...
2025-12-09 09:55:31,285 - INFO - 25FW 브랜드 V SUMMARY 생성 완료
2025-12-09 09:55:31,285 - INFO - 
25FW SUMMARY 생성 완료: 5/5
2025-12-09 09:55:31,285 - INFO - 25FW 인사이트 생성 (제외 브랜드: M, I, X)
2025-12-09 09:55:31,285 - INFO - ============================================================
2025-12-09 09:55:31,285 - INFO - [인사이트 생성] 25FW 시즌 인사이트 CSV 생성 시작
2025-12-09 09:55:31,285 - INFO - ============================================================
2025-12-09 09:55:31,708 - INFO - 25FW 인사이트 CSV 생성 완료
2025-12-09 09:55:31,708 - INFO - None
2025-12-09 09:55:31,708 - INFO - 25FW DISCOVERY-KIDS 인사이트 생성 (DISCOVERY 인사이트는 건드리지 않음)
2025-12-09 09:55:32,111 - INFO - 25FW DISCOVERY-KIDS 인사이트 생성 완료
2025-12-09 09:55:32,111 - INFO - None
2025-12-09 09:55:32,111 - INFO - 25SS 시즌 처리 (generate_summary_26ss.py 사용)
2025-12-09 09:55:32,111 - INFO - ============================================================
2025-12-09 09:55:32,111 - INFO - [3] 25SS SUMMARY JSON 생성 시작
2025-12-09 09:55:32,111 - INFO - ============================================================
2025-12-09 09:55:32,111 - INFO - 
25SS 브랜드 M 처리 중...
2025-12-09 09:55:34,617 - INFO - 25SS 브랜드 M SUMMARY 생성 완료
2025-12-09 09:55:34,617 - INFO - 
25SS 브랜드 I 처리 중...
2025-12-09 09:55:35,516 - INFO - 25SS 브랜드 I SUMMARY 생성 완료
2025-12-09 09:55:35,516 - INFO - 
25SS 브랜드 X 처리 중...
2025-12-09 09:55:36,659 - INFO - 25SS 브랜드 X SUMMARY 생성 완료
2025-12-09 09:55:36,659 - INFO - 
25SS 브랜드 ST 처리 중...
2025-12-09 09:55:37,313 - INFO - 25SS 브랜드 ST SUMMARY 생성 완료
2025-12-09 09:55:37,313 - INFO - 
25SS 브랜드 V 처리 중...
2025-12-09 09:55:38,019 - INFO - 25SS 브랜드 V SUMMARY 생성 완료
2025-12-09 09:55:38,019 - INFO - 
25SS SUMMARY 생성 완료: 5/5
2025-12-09 09:55:38,019 - INFO - 25SS 인사이트 생성 (규칙 기반)
2025-12-09 09:55:38,019 - INFO - ============================================================
2025-12-09 09:55:38,019 - INFO - [인사이트 생성] 25SS 시즌 인사이트 CSV 생성 시작
2025-12-09 09:55:38,019 - INFO - ============================================================
2025-12-09 09:55:38,486 - INFO - 25SS 인사이트 CSV 생성 완료
2025-12-09 09:55:38,486 - INFO - None
2025-12-09 09:55:38,486 - INFO - ============================================================
2025-12-09 09:55:38,486 - INFO - [3] 26SS SUMMARY JSON 생성 시작
2025-12-09 09:55:38,486 - INFO - ============================================================
2025-12-09 09:55:38,486 - INFO - 
26SS 브랜드 M 처리 중...
2025-12-09 09:55:40,674 - INFO - 26SS 브랜드 M SUMMARY 생성 완료
2025-12-09 09:55:40,674 - INFO - 
26SS 브랜드 I 처리 중...
2025-12-09 09:55:41,563 - INFO - 26SS 브랜드 I SUMMARY 생성 완료
2025-12-09 09:55:41,563 - INFO - 
26SS 브랜드 X 처리 중...
2025-12-09 09:55:42,439 - INFO - 26SS 브랜드 X SUMMARY 생성 완료
2025-12-09 09:55:42,439 - INFO - 
26SS 브랜드 ST 처리 중...
2025-12-09 09:55:43,017 - INFO - 26SS 브랜드 ST SUMMARY 생성 완료
2025-12-09 09:55:43,017 - INFO - 
26SS 브랜드 V 처리 중...
2025-12-09 09:55:43,537 - INFO - 26SS 브랜드 V SUMMARY 생성 완료
2025-12-09 09:55:43,537 - INFO - 
26SS SUMMARY 생성 완료: 5/5
2025-12-09 09:55:43,537 - INFO - 26SS 인사이트 생성 (규칙 기반)
2025-12-09 09:55:43,537 - INFO - ============================================================
2025-12-09 09:55:43,537 - INFO - [인사이트 생성] 26SS 시즌 인사이트 CSV 생성 시작
2025-12-09 09:55:43,537 - INFO - ============================================================
2025-12-09 09:55:44,021 - INFO - 26SS 인사이트 CSV 생성 완료
2025-12-09 09:55:44,021 - INFO - None
2025-12-09 09:55:44,021 - INFO - 26FW 시즌 처리 (generate_summary_26ss.py 사용)
2025-12-09 09:55:44,021 - INFO - ============================================================
2025-12-09 09:55:44,021 - INFO - [3] 26FW SUMMARY JSON 생성 시작
2025-12-09 09:55:44,021 - INFO - ============================================================
2025-12-09 09:55:44,021 - INFO - 
26FW 브랜드 M 처리 중...
2025-12-09 09:55:44,417 - INFO - 26FW 브랜드 M SUMMARY 생성 완료
2025-12-09 09:55:44,417 - INFO - 
26FW 브랜드 I 처리 중...
2025-12-09 09:55:44,804 - INFO - 26FW 브랜드 I SUMMARY 생성 완료
2025-12-09 09:55:44,804 - INFO - 
26FW 브랜드 X 처리 중...
2025-12-09 09:55:45,200 - INFO - 26FW 브랜드 X SUMMARY 생성 완료
2025-12-09 09:55:45,200 - INFO - 
26FW 브랜드 ST 처리 중...
2025-12-09 09:55:45,594 - INFO - 26FW 브랜드 ST SUMMARY 생성 완료
2025-12-09 09:55:45,594 - INFO - 
26FW 브랜드 V 처리 중...
2025-12-09 09:55:45,982 - INFO - 26FW 브랜드 V SUMMARY 생성 완료
2025-12-09 09:55:45,982 - INFO - 
26FW SUMMARY 생성 완료: 5/5
2025-12-09 09:55:45,982 - INFO - 26FW 인사이트 생성 (규칙 기반)
2025-12-09 09:55:45,982 - INFO - ============================================================
2025-12-09 09:55:45,982 - INFO - [인사이트 생성] 26FW 시즌 인사이트 CSV 생성 시작
2025-12-09 09:55:45,982 - INFO - ============================================================
2025-12-09 09:55:46,368 - INFO - 26FW 인사이트 CSV 생성 완료
2025-12-09 09:55:46,368 - INFO - None
2025-12-09 09:55:46,368 - INFO - ============================================================
2025-12-09 09:55:46,368 - INFO - [5] 파일 검증 시작
2025-12-09 09:55:46,368 - INFO - ============================================================
2025-12-09 09:55:46,368 - WARNING - 인사이트 CSV 없음: public\COST RAW\25FW\M_insight_25fw.csv
2025-12-09 09:55:46,368 - WARNING - 인사이트 CSV 없음: public\COST RAW\25FW\I_insight_25fw.csv
2025-12-09 09:55:46,368 - WARNING - 인사이트 CSV 없음: public\COST RAW\25FW\X_insight_25fw.csv
2025-12-09 09:55:46,370 - WARNING - CSV 파일 없음: public\COST RAW\26FW\M_26F.csv
2025-12-09 09:55:46,370 - WARNING - SUMMARY JSON 없음: public\COST RAW\26FW\summary_26fw_m.json
2025-12-09 09:55:46,370 - WARNING - 인사이트 CSV 없음: public\COST RAW\26FW\M_insight_26fw.csv
2025-12-09 09:55:46,370 - WARNING - CSV 파일 없음: public\COST RAW\26FW\I_26F.csv
2025-12-09 09:55:46,370 - WARNING - SUMMARY JSON 없음: public\COST RAW\26FW\summary_26fw_i.json
2025-12-09 09:55:46,370 - WARNING - 인사이트 CSV 없음: public\COST RAW\26FW\I_insight_26fw.csv
2025-12-09 09:55:46,370 - WARNING - CSV 파일 없음: public\COST RAW\26FW\X_26F.csv
2025-12-09 09:55:46,370 - WARNING - SUMMARY JSON 없음: public\COST RAW\26FW\summary_26fw_x.json
2025-12-09 09:55:46,370 - WARNING - DISCOVERY-KIDS SUMMARY JSON 없음: public\COST RAW\26FW\summary_26fw_x_kids.json
2025-12-09 09:55:46,370 - WARNING - 인사이트 CSV 없음: public\COST RAW\26FW\X_insight_26fw.csv
2025-12-09 09:55:46,370 - WARNING - DISCOVERY-KIDS 인사이트 CSV 없음: public\COST RAW\26FW\X_insight_26fw_kids.csv
2025-12-09 09:55:46,370 - WARNING - CSV 파일 없음: public\COST RAW\26FW\ST_26F.csv
2025-12-09 09:55:46,370 - WARNING - SUMMARY JSON 없음: public\COST RAW\26FW\summary_26fw_st.json
2025-12-09 09:55:46,371 - WARNING - 인사이트 CSV 없음: public\COST RAW\26FW\ST_insight_26fw.csv
2025-12-09 09:55:46,371 - WARNING - CSV 파일 없음: public\COST RAW\26FW\V_26F.csv
2025-12-09 09:55:46,371 - WARNING - SUMMARY JSON 없음: public\COST RAW\26FW\summary_26fw_v.json
2025-12-09 09:55:46,371 - WARNING - 인사이트 CSV 없음: public\COST RAW\26FW\V_insight_26fw.csv
2025-12-09 09:55:46,371 - WARNING - NON SUMMARY JSON 없음: public\COST RAW\25FW\summary_25fw_non_m_non.json
2025-12-09 09:55:46,371 - WARNING - NON 인사이트 CSV 없음: public\COST RAW\25FW\M_insight_25fw_non_non.csv
2025-12-09 09:55:46,371 - WARNING - NON SUMMARY JSON 없음: public\COST RAW\25FW\summary_25fw_non_i_non.json
2025-12-09 09:55:46,371 - WARNING - NON 인사이트 CSV 없음: public\COST RAW\25FW\I_insight_25fw_non_non.csv
2025-12-09 09:55:46,371 - WARNING - NON SUMMARY JSON 없음: public\COST RAW\25FW\summary_25fw_non_x_non.json
2025-12-09 09:55:46,371 - WARNING - NON 인사이트 CSV 없음: public\COST RAW\25FW\X_insight_25fw_non_non.csv
2025-12-09 09:55:46,371 - WARNING - NON SUMMARY JSON 없음: public\COST RAW\26SS\summary_26ss_non_m_non.json
2025-12-09 09:55:46,371 - WARNING - NON 인사이트 CSV 없음: public\COST RAW\26SS\M_insight_26ss_non_non.csv
2025-12-09 09:55:46,372 - WARNING - NON SUMMARY JSON 없음: public\COST RAW\26SS\summary_26ss_non_i_non.json
2025-12-09 09:55:46,372 - WARNING - NON 인사이트 CSV 없음: public\COST RAW\26SS\I_insight_26ss_non_non.csv
2025-12-09 09:55:46,372 - WARNING - NON SUMMARY JSON 없음: public\COST RAW\26SS\summary_26ss_non_x_non.json
2025-12-09 09:55:46,372 - WARNING - NON 인사이트 CSV 없음: public\COST RAW\26SS\X_insight_26ss_non_non.csv
2025-12-09 09:55:46,372 - WARNING - NON SUMMARY JSON 없음: public\COST RAW\26FW\summary_26fw_non_m_non.json
2025-12-09 09:55:46,372 - WARNING - NON 인사이트 CSV 없음: public\COST RAW\26FW\M_insight_26fw_non_non.csv
2025-12-09 09:55:46,372 - WARNING - NON SUMMARY JSON 없음: public\COST RAW\26FW\summary_26fw_non_i_non.json
2025-12-09 09:55:46,372 - WARNING - NON 인사이트 CSV 없음: public\COST RAW\26FW\I_insight_26fw_non_non.csv
2025-12-09 09:55:46,372 - WARNING - NON SUMMARY JSON 없음: public\COST RAW\26FW\summary_26fw_non_x_non.json
2025-12-09 09:55:46,372 - WARNING - NON 인사이트 CSV 없음: public\COST RAW\26FW\X_insight_26fw_non_non.csv
2025-12-09 09:55:46,372 - WARNING - 일부 파일이 누락되었습니다.
2025-12-09 09:55:46,372 - INFO - ============================================================
2025-12-09 09:55:46,373 - INFO - [5] Git 커밋 및 푸시 시작
2025-12-09 09:55:46,373 - INFO - ============================================================
2025-12-09 09:55:46,454 - INFO - 변경된 파일을 Git에 추가 중...
2025-12-09 09:55:46,640 - INFO - Git 커밋 중: Auto update: 2025-12-09 09:55:46
2025-12-09 09:55:46,778 - INFO - Git 커밋 완료
2025-12-09 09:55:46,778 - INFO - Git 푸시 중...
2025-12-09 09:55:50,060 - INFO - Git 푸시 완료
2025-12-09 09:55:50,060 - INFO - ============================================================
2025-12-09 09:55:50,060 - INFO - [5] Git 커밋 및 푸시 완료
2025-12-09 09:55:50,060 - INFO - ============================================================
2025-12-09 09:55:50,060 - INFO - ============================================================
2025-12-09 09:55:50,060 - INFO - 자동 대시보드 업데이트 완료
2025-12-09 09:55:50,060 - INFO - 종료 시간: 2025-12-09 09:55:50
2025-12-09 09:55:50,060 - INFO - 소요 시간: 141.6초
2025-12-09 09:55:50,060 - INFO - ============================================================
2025-12-09 09:55:50,060 - WARNING - 이메일 설정이 없어 알림을 전송하지 않습니다.
2025-12-09 09:57:19,792 - INFO - 윈도우 팝업 알림 표시 완료
2025-12-09 09:57:19,792 - INFO - Teams 메시지 전송 시도 중...
2025-12-09 09:57:19,792 - INFO - Teams Webhook URL 확인됨: https://fnf365.webhook.office.com/webhookb2/dae107...
2025-12-09 09:57:21,272 - INFO - Teams 메시지 전송 완료
2025-12-09 10:22:53,297 - INFO - ============================================================
2025-12-09 10:22:53,298 - INFO - 자동 대시보드 업데이트 시작
2025-12-09 10:22:53,298 - INFO - 시작 시간: 2025-12-09 10:22:53
2025-12-09 10:22:53,298 - INFO - ============================================================
2025-12-09 10:22:53,298 - WARNING - 이메일 설정이 없어 알림을 전송하지 않습니다.
2025-12-09 10:22:53,298 - INFO - ============================================================
2025-12-09 10:22:53,298 - INFO - [1] SQL에서 CSV 생성 시작
2025-12-09 10:22:53,298 - INFO - ============================================================
2025-12-09 10:23:08,146 - INFO - SQL → CSV 생성 완료
2025-12-09 10:23:08,146 - INFO - None
2025-12-09 10:23:08,146 - INFO - ============================================================
2025-12-09 10:23:08,146 - INFO - [NON 시즌 처리 시작]
2025-12-09 10:23:08,146 - INFO - ============================================================
2025-12-09 10:23:08,146 - INFO - ============================================================
2025-12-09 10:23:08,146 - INFO - [NON 환율 CSV 생성] FX_NON.csv 생성 시작
2025-12-09 10:23:08,146 - INFO - ============================================================
2025-12-09 10:23:20,584 - INFO - FX_NON.csv 생성 완료
2025-12-09 10:23:20,584 - INFO - None
2025-12-09 10:23:20,584 - INFO - ============================================================
2025-12-09 10:23:20,584 - INFO - [NON CSV 생성] 25FW 시즌 CSV 생성 시작
2025-12-09 10:23:20,584 - INFO - ============================================================
2025-12-09 10:23:58,098 - INFO - 25FW NON 시즌 CSV 생성 완료
2025-12-09 10:23:58,098 - INFO - None
2025-12-09 10:23:58,098 - INFO - ============================================================
2025-12-09 10:23:58,098 - INFO - [NON SUMMARY 생성] 25FW 시즌 SUMMARY JSON 생성 시작
2025-12-09 10:23:58,098 - INFO - ============================================================
2025-12-09 10:23:58,098 - INFO - 
25FW NON 브랜드 M 처리 중...
2025-12-09 10:23:58,565 - INFO - 25FW NON 브랜드 M SUMMARY 생성 완료
2025-12-09 10:23:58,565 - INFO - 
25FW NON 브랜드 I 처리 중...
2025-12-09 10:23:58,992 - INFO - 25FW NON 브랜드 I SUMMARY 생성 완료
2025-12-09 10:23:58,992 - INFO - 
25FW NON 브랜드 X 처리 중...
2025-12-09 10:23:59,437 - INFO - 25FW NON 브랜드 X SUMMARY 생성 완료
2025-12-09 10:23:59,437 - INFO - 
25FW NON SUMMARY 생성 완료: 3/3
2025-12-09 10:23:59,437 - INFO - 25FW_NON 인사이트 생성 (규칙 기반)
2025-12-09 10:23:59,437 - INFO - ============================================================
2025-12-09 10:23:59,437 - INFO - [인사이트 생성] 25FW_NON 시즌 인사이트 CSV 생성 시작
2025-12-09 10:23:59,437 - INFO - ============================================================
2025-12-09 10:23:59,849 - INFO - 25FW_NON 인사이트 CSV 생성 완료
2025-12-09 10:23:59,849 - INFO - None
2025-12-09 10:23:59,849 - INFO - ============================================================
2025-12-09 10:23:59,849 - INFO - [NON CSV 생성] 26SS 시즌 CSV 생성 시작
2025-12-09 10:23:59,849 - INFO - ============================================================
2025-12-09 10:24:23,267 - INFO - 26SS NON 시즌 CSV 생성 완료
2025-12-09 10:24:23,267 - INFO - None
2025-12-09 10:24:23,267 - INFO - ============================================================
2025-12-09 10:24:23,267 - INFO - [NON SUMMARY 생성] 26SS 시즌 SUMMARY JSON 생성 시작
2025-12-09 10:24:23,267 - INFO - ============================================================
2025-12-09 10:24:23,267 - INFO - 
26SS NON 브랜드 M 처리 중...
2025-12-09 10:24:23,715 - INFO - 26SS NON 브랜드 M SUMMARY 생성 완료
2025-12-09 10:24:23,715 - INFO - 
26SS NON 브랜드 I 처리 중...
2025-12-09 10:24:24,152 - INFO - 26SS NON 브랜드 I SUMMARY 생성 완료
2025-12-09 10:24:24,152 - INFO - 
26SS NON 브랜드 X 처리 중...
2025-12-09 10:24:24,600 - INFO - 26SS NON 브랜드 X SUMMARY 생성 완료
2025-12-09 10:24:24,600 - INFO - 
26SS NON SUMMARY 생성 완료: 3/3
2025-12-09 10:24:24,600 - INFO - 26SS_NON 인사이트 생성 (규칙 기반)
2025-12-09 10:24:24,600 - INFO - ============================================================
2025-12-09 10:24:24,600 - INFO - [인사이트 생성] 26SS_NON 시즌 인사이트 CSV 생성 시작
2025-12-09 10:24:24,600 - INFO - ============================================================
2025-12-09 10:24:25,032 - INFO - 26SS_NON 인사이트 CSV 생성 완료
2025-12-09 10:24:25,032 - INFO - None
2025-12-09 10:24:25,032 - INFO - ============================================================
2025-12-09 10:24:25,032 - INFO - [NON CSV 생성] 26FW 시즌 CSV 생성 시작
2025-12-09 10:24:25,032 - INFO - ============================================================
2025-12-09 10:24:50,501 - INFO - 26FW NON 시즌 CSV 생성 완료
2025-12-09 10:24:50,501 - INFO - None
2025-12-09 10:24:50,501 - INFO - ============================================================
2025-12-09 10:24:50,501 - INFO - [NON SUMMARY 생성] 26FW 시즌 SUMMARY JSON 생성 시작
2025-12-09 10:24:50,501 - INFO - ============================================================
2025-12-09 10:24:50,501 - INFO - 
26FW NON 브랜드 M 처리 중...
2025-12-09 10:24:50,954 - INFO - 26FW NON 브랜드 M SUMMARY 생성 완료
2025-12-09 10:24:50,954 - INFO - 
26FW NON 브랜드 I 처리 중...
2025-12-09 10:24:51,396 - INFO - 26FW NON 브랜드 I SUMMARY 생성 완료
2025-12-09 10:24:51,396 - INFO - 
26FW NON 브랜드 X 처리 중...
2025-12-09 10:24:51,828 - INFO - 26FW NON 브랜드 X SUMMARY 생성 완료
2025-12-09 10:24:51,828 - INFO - 
26FW NON SUMMARY 생성 완료: 3/3
2025-12-09 10:24:51,828 - INFO - 26FW_NON 인사이트 생성 (규칙 기반)
2025-12-09 10:24:51,828 - INFO - ============================================================
2025-12-09 10:24:51,828 - INFO - [인사이트 생성] 26FW_NON 시즌 인사이트 CSV 생성 시작
2025-12-09 10:24:51,828 - INFO - ============================================================
2025-12-09 10:24:52,239 - INFO - 26FW_NON 인사이트 CSV 생성 완료
2025-12-09 10:24:52,240 - INFO - None
2025-12-09 10:24:52,240 - INFO - ============================================================
2025-12-09 10:24:52,240 - INFO - [2] 25FW SUMMARY JSON 생성 시작
2025-12-09 10:24:52,240 - INFO - ============================================================
2025-12-09 10:24:52,240 - INFO - 
25FW 브랜드 M 처리 중...
2025-12-09 10:24:54,557 - INFO - 25FW 브랜드 M SUMMARY 생성 완료
2025-12-09 10:24:54,557 - INFO - 
25FW 브랜드 I 처리 중...
2025-12-09 10:24:55,335 - INFO - 25FW 브랜드 I SUMMARY 생성 완료
2025-12-09 10:24:55,335 - INFO - 
25FW 브랜드 X 처리 중...
2025-12-09 10:24:56,353 - INFO - 25FW 브랜드 X SUMMARY 생성 완료
2025-12-09 10:24:56,353 - INFO - 
25FW 브랜드 ST 처리 중...
2025-12-09 10:24:56,903 - INFO - 25FW 브랜드 ST SUMMARY 생성 완료
2025-12-09 10:24:56,903 - INFO - 
25FW 브랜드 V 처리 중...
2025-12-09 10:24:57,638 - INFO - 25FW 브랜드 V SUMMARY 생성 완료
2025-12-09 10:24:57,638 - INFO - 
25FW SUMMARY 생성 완료: 5/5
2025-12-09 10:24:57,638 - INFO - 25FW 인사이트 생성 (제외 브랜드: M, I, X)
2025-12-09 10:24:57,638 - INFO - ============================================================
2025-12-09 10:24:57,638 - INFO - [인사이트 생성] 25FW 시즌 인사이트 CSV 생성 시작
2025-12-09 10:24:57,639 - INFO - ============================================================
2025-12-09 10:24:58,045 - INFO - 25FW 인사이트 CSV 생성 완료
2025-12-09 10:24:58,045 - INFO - None
2025-12-09 10:24:58,045 - INFO - 25FW DISCOVERY-KIDS 인사이트 생성 (DISCOVERY 인사이트는 건드리지 않음)
2025-12-09 10:24:58,473 - INFO - 25FW DISCOVERY-KIDS 인사이트 생성 완료
2025-12-09 10:24:58,473 - INFO - None
2025-12-09 10:24:58,473 - INFO - 25SS 시즌 처리 (generate_summary_26ss.py 사용)
2025-12-09 10:24:58,473 - INFO - ============================================================
2025-12-09 10:24:58,473 - INFO - [3] 25SS SUMMARY JSON 생성 시작
2025-12-09 10:24:58,473 - INFO - ============================================================
2025-12-09 10:24:58,473 - INFO - 
25SS 브랜드 M 처리 중...
2025-12-09 10:25:00,970 - INFO - 25SS 브랜드 M SUMMARY 생성 완료
2025-12-09 10:25:00,970 - INFO - 
25SS 브랜드 I 처리 중...
2025-12-09 10:25:01,872 - INFO - 25SS 브랜드 I SUMMARY 생성 완료
2025-12-09 10:25:01,872 - INFO - 
25SS 브랜드 X 처리 중...
2025-12-09 10:25:03,023 - INFO - 25SS 브랜드 X SUMMARY 생성 완료
2025-12-09 10:25:03,023 - INFO - 
25SS 브랜드 ST 처리 중...
2025-12-09 10:25:03,671 - INFO - 25SS 브랜드 ST SUMMARY 생성 완료
2025-12-09 10:25:03,671 - INFO - 
25SS 브랜드 V 처리 중...
2025-12-09 10:25:04,361 - INFO - 25SS 브랜드 V SUMMARY 생성 완료
2025-12-09 10:25:04,361 - INFO - 
25SS SUMMARY 생성 완료: 5/5
2025-12-09 10:25:04,361 - INFO - 25SS 인사이트 생성 (규칙 기반)
2025-12-09 10:25:04,361 - INFO - ============================================================
2025-12-09 10:25:04,361 - INFO - [인사이트 생성] 25SS 시즌 인사이트 CSV 생성 시작
2025-12-09 10:25:04,361 - INFO - ============================================================
2025-12-09 10:25:04,812 - INFO - 25SS 인사이트 CSV 생성 완료
2025-12-09 10:25:04,812 - INFO - None
2025-12-09 10:25:04,812 - INFO - ============================================================
2025-12-09 10:25:04,812 - INFO - [3] 26SS SUMMARY JSON 생성 시작
2025-12-09 10:25:04,812 - INFO - ============================================================
2025-12-09 10:25:04,812 - INFO - 
26SS 브랜드 M 처리 중...
2025-12-09 10:25:06,958 - INFO - 26SS 브랜드 M SUMMARY 생성 완료
2025-12-09 10:25:06,958 - INFO - 
26SS 브랜드 I 처리 중...
2025-12-09 10:25:07,835 - INFO - 26SS 브랜드 I SUMMARY 생성 완료
2025-12-09 10:25:07,835 - INFO - 
26SS 브랜드 X 처리 중...
2025-12-09 10:25:08,713 - INFO - 26SS 브랜드 X SUMMARY 생성 완료
2025-12-09 10:25:08,713 - INFO - 
26SS 브랜드 ST 처리 중...
2025-12-09 10:25:09,317 - INFO - 26SS 브랜드 ST SUMMARY 생성 완료
2025-12-09 10:25:09,317 - INFO - 
26SS 브랜드 V 처리 중...
2025-12-09 10:25:09,824 - INFO - 26SS 브랜드 V SUMMARY 생성 완료
2025-12-09 10:25:09,824 - INFO - 
26SS SUMMARY 생성 완료: 5/5
2025-12-09 10:25:09,824 - INFO - 26SS 인사이트 생성 (규칙 기반)
2025-12-09 10:25:09,824 - INFO - ============================================================
2025-12-09 10:25:09,824 - INFO - [인사이트 생성] 26SS 시즌 인사이트 CSV 생성 시작
2025-12-09 10:25:09,824 - INFO - ============================================================
2025-12-09 10:25:10,264 - INFO - 26SS 인사이트 CSV 생성 완료
2025-12-09 10:25:10,264 - INFO - None
2025-12-09 10:25:10,264 - INFO - 26FW 시즌 처리 (generate_summary_26ss.py 사용)
2025-12-09 10:25:10,264 - INFO - ============================================================
2025-12-09 10:25:10,264 - INFO - [3] 26FW SUMMARY JSON 생성 시작
2025-12-09 10:25:10,264 - INFO - ============================================================
2025-12-09 10:25:10,264 - INFO - 
26FW 브랜드 M 처리 중...
2025-12-09 10:25:10,663 - INFO - 26FW 브랜드 M SUMMARY 생성 완료
2025-12-09 10:25:10,663 - INFO - 
26FW 브랜드 I 처리 중...
2025-12-09 10:25:11,058 - INFO - 26FW 브랜드 I SUMMARY 생성 완료
2025-12-09 10:25:11,058 - INFO - 
26FW 브랜드 X 처리 중...
2025-12-09 10:25:11,451 - INFO - 26FW 브랜드 X SUMMARY 생성 완료
2025-12-09 10:25:11,451 - INFO - 
26FW 브랜드 ST 처리 중...
2025-12-09 10:25:11,848 - INFO - 26FW 브랜드 ST SUMMARY 생성 완료
2025-12-09 10:25:11,848 - INFO - 
26FW 브랜드 V 처리 중...
2025-12-09 10:25:12,251 - INFO - 26FW 브랜드 V SUMMARY 생성 완료
2025-12-09 10:25:12,251 - INFO - 
26FW SUMMARY 생성 완료: 5/5
2025-12-09 10:25:12,251 - INFO - 26FW 인사이트 생성 (규칙 기반)
2025-12-09 10:25:12,251 - INFO - ============================================================
2025-12-09 10:25:12,251 - INFO - [인사이트 생성] 26FW 시즌 인사이트 CSV 생성 시작
2025-12-09 10:25:12,251 - INFO - ============================================================
2025-12-09 10:25:12,653 - INFO - 26FW 인사이트 CSV 생성 완료
2025-12-09 10:25:12,653 - INFO - None
2025-12-09 10:25:12,653 - INFO - ============================================================
2025-12-09 10:25:12,653 - INFO - [5] 파일 검증 시작
2025-12-09 10:25:12,653 - INFO - ============================================================
2025-12-09 10:25:12,653 - WARNING - 인사이트 CSV 없음: public\COST RAW\25FW\M_insight_25fw.csv
2025-12-09 10:25:12,653 - WARNING - 인사이트 CSV 없음: public\COST RAW\25FW\I_insight_25fw.csv
2025-12-09 10:25:12,654 - WARNING - 인사이트 CSV 없음: public\COST RAW\25FW\X_insight_25fw.csv
2025-12-09 10:25:12,655 - WARNING - CSV 파일 없음: public\COST RAW\26FW\M_26F.csv
2025-12-09 10:25:12,655 - WARNING - SUMMARY JSON 없음: public\COST RAW\26FW\summary_26fw_m.json
2025-12-09 10:25:12,655 - WARNING - 인사이트 CSV 없음: public\COST RAW\26FW\M_insight_26fw.csv
2025-12-09 10:25:12,655 - WARNING - CSV 파일 없음: public\COST RAW\26FW\I_26F.csv
2025-12-09 10:25:12,655 - WARNING - SUMMARY JSON 없음: public\COST RAW\26FW\summary_26fw_i.json
2025-12-09 10:25:12,655 - WARNING - 인사이트 CSV 없음: public\COST RAW\26FW\I_insight_26fw.csv
2025-12-09 10:25:12,656 - WARNING - CSV 파일 없음: public\COST RAW\26FW\X_26F.csv
2025-12-09 10:25:12,656 - WARNING - SUMMARY JSON 없음: public\COST RAW\26FW\summary_26fw_x.json
2025-12-09 10:25:12,656 - WARNING - DISCOVERY-KIDS SUMMARY JSON 없음: public\COST RAW\26FW\summary_26fw_x_kids.json
2025-12-09 10:25:12,656 - WARNING - 인사이트 CSV 없음: public\COST RAW\26FW\X_insight_26fw.csv
2025-12-09 10:25:12,656 - WARNING - DISCOVERY-KIDS 인사이트 CSV 없음: public\COST RAW\26FW\X_insight_26fw_kids.csv
2025-12-09 10:25:12,656 - WARNING - CSV 파일 없음: public\COST RAW\26FW\ST_26F.csv
2025-12-09 10:25:12,656 - WARNING - SUMMARY JSON 없음: public\COST RAW\26FW\summary_26fw_st.json
2025-12-09 10:25:12,656 - WARNING - 인사이트 CSV 없음: public\COST RAW\26FW\ST_insight_26fw.csv
2025-12-09 10:25:12,656 - WARNING - CSV 파일 없음: public\COST RAW\26FW\V_26F.csv
2025-12-09 10:25:12,656 - WARNING - SUMMARY JSON 없음: public\COST RAW\26FW\summary_26fw_v.json
2025-12-09 10:25:12,656 - WARNING - 인사이트 CSV 없음: public\COST RAW\26FW\V_insight_26fw.csv
2025-12-09 10:25:12,656 - WARNING - NON SUMMARY JSON 없음: public\COST RAW\25FW\summary_25fw_non_m_non.json
2025-12-09 10:25:12,656 - WARNING - NON 인사이트 CSV 없음: public\COST RAW\25FW\M_insight_25fw_non_non.csv
2025-12-09 10:25:12,656 - WARNING - NON SUMMARY JSON 없음: public\COST RAW\25FW\summary_25fw_non_i_non.json
2025-12-09 10:25:12,657 - WARNING - NON 인사이트 CSV 없음: public\COST RAW\25FW\I_insight_25fw_non_non.csv
2025-12-09 10:25:12,657 - WARNING - NON SUMMARY JSON 없음: public\COST RAW\25FW\summary_25fw_non_x_non.json
2025-12-09 10:25:12,657 - WARNING - NON 인사이트 CSV 없음: public\COST RAW\25FW\X_insight_25fw_non_non.csv
2025-12-09 10:25:12,657 - WARNING - NON SUMMARY JSON 없음: public\COST RAW\26SS\summary_26ss_non_m_non.json
2025-12-09 10:25:12,657 - WARNING - NON 인사이트 CSV 없음: public\COST RAW\26SS\M_insight_26ss_non_non.csv
2025-12-09 10:25:12,657 - WARNING - NON SUMMARY JSON 없음: public\COST RAW\26SS\summary_26ss_non_i_non.json
2025-12-09 10:25:12,657 - WARNING - NON 인사이트 CSV 없음: public\COST RAW\26SS\I_insight_26ss_non_non.csv
2025-12-09 10:25:12,657 - WARNING - NON SUMMARY JSON 없음: public\COST RAW\26SS\summary_26ss_non_x_non.json
2025-12-09 10:25:12,657 - WARNING - NON 인사이트 CSV 없음: public\COST RAW\26SS\X_insight_26ss_non_non.csv
2025-12-09 10:25:12,657 - WARNING - NON SUMMARY JSON 없음: public\COST RAW\26FW\summary_26fw_non_m_non.json
2025-12-09 10:25:12,658 - WARNING - NON 인사이트 CSV 없음: public\COST RAW\26FW\M_insight_26fw_non_non.csv
2025-12-09 10:25:12,658 - WARNING - NON SUMMARY JSON 없음: public\COST RAW\26FW\summary_26fw_non_i_non.json
2025-12-09 10:25:12,658 - WARNING - NON 인사이트 CSV 없음: public\COST RAW\26FW\I_insight_26fw_non_non.csv
2025-12-09 10:25:12,658 - WARNING - NON SUMMARY JSON 없음: public\COST RAW\26FW\summary_26fw_non_x_non.json
2025-12-09 10:25:12,658 - WARNING - NON 인사이트 CSV 없음: public\COST RAW\26FW\X_insight_26fw_non_non.csv
2025-12-09 10:25:12,658 - WARNING - 일부 파일이 누락되었습니다.
2025-12-09 10:25:12,658 - INFO - ============================================================
2025-12-09 10:25:12,658 - INFO - [5] Git 커밋 및 푸시 시작
2025-12-09 10:25:12,658 - INFO - ============================================================
2025-12-09 10:25:12,749 - INFO - 변경된 파일을 Git에 추가 중...
2025-12-09 10:25:12,819 - INFO - Git 커밋 중: Auto update: 2025-12-09 10:25:12
2025-12-09 10:25:12,907 - INFO - Git 커밋 완료
2025-12-09 10:25:12,907 - INFO - Git 푸시 중...
2025-12-09 10:25:14,985 - INFO - Git 푸시 완료
2025-12-09 10:25:14,985 - INFO - ============================================================
2025-12-09 10:25:14,986 - INFO - [5] Git 커밋 및 푸시 완료
2025-12-09 10:25:14,986 - INFO - ============================================================
2025-12-09 10:25:14,986 - INFO - ============================================================
2025-12-09 10:25:14,986 - INFO - [6] Vercel 배포 시작
2025-12-09 10:25:14,986 - INFO - ============================================================
2025-12-09 10:25:14,987 - WARNING - Vercel CLI가 설치되어 있지 않습니다. 배포를 건너뜁니다.
2025-12-09 10:25:14,987 - WARNING - Vercel 배포 실패했지만 계속 진행합니다.
2025-12-09 10:25:14,987 - INFO - ============================================================
2025-12-09 10:25:14,987 - INFO - 자동 대시보드 업데이트 완료
2025-12-09 10:25:14,987 - INFO - 종료 시간: 2025-12-09 10:25:14
2025-12-09 10:25:14,987 - INFO - 소요 시간: 141.7초
2025-12-09 10:25:14,987 - INFO - ============================================================
2025-12-09 10:25:14,987 - WARNING - 이메일 설정이 없어 알림을 전송하지 않습니다.
2025-12-09 10:25:21,431 - INFO - 윈도우 팝업 알림 표시 완료
2025-12-09 10:25:21,431 - INFO - Teams 메시지 전송 시도 중...
2025-12-09 10:25:21,431 - INFO - Teams Webhook URL 확인됨: https://fnf365.webhook.office.com/webhookb2/dae107...
2025-12-09 10:25:22,992 - INFO - Teams 메시지 전송 완료
2025-12-09 11:00:02,503 - INFO - ============================================================
2025-12-09 11:00:02,504 - INFO - 자동 대시보드 업데이트 시작
2025-12-09 11:00:02,504 - INFO - 시작 시간: 2025-12-09 11:00:02
2025-12-09 11:00:02,504 - INFO - ============================================================
2025-12-09 11:00:02,515 - WARNING - 이메일 설정이 없어 알림을 전송하지 않습니다.
2025-12-09 11:00:02,515 - INFO - ============================================================
2025-12-09 11:00:02,515 - INFO - [1] SQL에서 CSV 생성 시작
2025-12-09 11:00:02,515 - INFO - ============================================================
2025-12-09 11:00:19,471 - INFO - SQL → CSV 생성 완료
2025-12-09 11:00:19,472 - INFO - None
2025-12-09 11:00:19,472 - INFO - ============================================================
2025-12-09 11:00:19,472 - INFO - [NON 시즌 처리 시작]
2025-12-09 11:00:19,472 - INFO - ============================================================
2025-12-09 11:00:19,472 - INFO - ============================================================
2025-12-09 11:00:19,472 - INFO - [NON 환율 CSV 생성] FX_NON.csv 생성 시작
2025-12-09 11:00:19,472 - INFO - ============================================================
2025-12-09 11:00:26,029 - INFO - FX_NON.csv 생성 완료
2025-12-09 11:00:26,030 - INFO - None
2025-12-09 11:00:26,030 - INFO - ============================================================
2025-12-09 11:00:26,030 - INFO - [NON CSV 생성] 25FW 시즌 CSV 생성 시작
2025-12-09 11:00:26,031 - INFO - ============================================================
2025-12-09 11:01:02,967 - INFO - 25FW NON 시즌 CSV 생성 완료
2025-12-09 11:01:02,968 - INFO - None
2025-12-09 11:01:02,969 - INFO - ============================================================
2025-12-09 11:01:02,969 - INFO - [NON SUMMARY 생성] 25FW 시즌 SUMMARY JSON 생성 시작
2025-12-09 11:01:02,969 - INFO - ============================================================
2025-12-09 11:01:02,969 - INFO - 
25FW NON 브랜드 M 처리 중...
2025-12-09 11:01:03,459 - INFO - 25FW NON 브랜드 M SUMMARY 생성 완료
2025-12-09 11:01:03,459 - INFO - 
25FW NON 브랜드 I 처리 중...
2025-12-09 11:01:03,888 - INFO - 25FW NON 브랜드 I SUMMARY 생성 완료
2025-12-09 11:01:03,888 - INFO - 
25FW NON 브랜드 X 처리 중...
2025-12-09 11:01:04,566 - INFO - 25FW NON 브랜드 X SUMMARY 생성 완료
2025-12-09 11:01:04,566 - INFO - 
25FW NON SUMMARY 생성 완료: 3/3
2025-12-09 11:01:04,566 - INFO - 25FW_NON 인사이트 생성 (규칙 기반)
2025-12-09 11:01:04,567 - INFO - ============================================================
2025-12-09 11:01:04,567 - INFO - [인사이트 생성] 25FW_NON 시즌 인사이트 CSV 생성 시작
2025-12-09 11:01:04,567 - INFO - ============================================================
2025-12-09 11:01:05,088 - INFO - 25FW_NON 인사이트 CSV 생성 완료
2025-12-09 11:01:05,088 - INFO - None
2025-12-09 11:01:05,088 - INFO - ============================================================
2025-12-09 11:01:05,088 - INFO - [NON CSV 생성] 26SS 시즌 CSV 생성 시작
2025-12-09 11:01:05,088 - INFO - ============================================================
2025-12-09 11:01:28,396 - INFO - 26SS NON 시즌 CSV 생성 완료
2025-12-09 11:01:28,399 - INFO - None
2025-12-09 11:01:28,399 - INFO - ============================================================
2025-12-09 11:01:28,400 - INFO - [NON SUMMARY 생성] 26SS 시즌 SUMMARY JSON 생성 시작
2025-12-09 11:01:28,401 - INFO - ============================================================
2025-12-09 11:01:28,401 - INFO - 
26SS NON 브랜드 M 처리 중...
2025-12-09 11:01:28,889 - INFO - 26SS NON 브랜드 M SUMMARY 생성 완료
2025-12-09 11:01:28,889 - INFO - 
26SS NON 브랜드 I 처리 중...
2025-12-09 11:01:29,381 - INFO - 26SS NON 브랜드 I SUMMARY 생성 완료
2025-12-09 11:01:29,381 - INFO - 
26SS NON 브랜드 X 처리 중...
2025-12-09 11:01:29,956 - INFO - 26SS NON 브랜드 X SUMMARY 생성 완료
2025-12-09 11:01:29,956 - INFO - 
26SS NON SUMMARY 생성 완료: 3/3
2025-12-09 11:01:29,957 - INFO - 26SS_NON 인사이트 생성 (규칙 기반)
2025-12-09 11:01:29,957 - INFO - ============================================================
2025-12-09 11:01:29,957 - INFO - [인사이트 생성] 26SS_NON 시즌 인사이트 CSV 생성 시작
2025-12-09 11:01:29,958 - INFO - ============================================================
2025-12-09 11:01:30,397 - INFO - 26SS_NON 인사이트 CSV 생성 완료
2025-12-09 11:01:30,397 - INFO - None
2025-12-09 11:01:30,398 - INFO - ============================================================
2025-12-09 11:01:30,398 - INFO - [NON CSV 생성] 26FW 시즌 CSV 생성 시작
2025-12-09 11:01:30,398 - INFO - ============================================================
2025-12-09 11:01:52,713 - INFO - 26FW NON 시즌 CSV 생성 완료
2025-12-09 11:01:52,714 - INFO - None
2025-12-09 11:01:52,714 - INFO - ============================================================
2025-12-09 11:01:52,715 - INFO - [NON SUMMARY 생성] 26FW 시즌 SUMMARY JSON 생성 시작
2025-12-09 11:01:52,715 - INFO - ============================================================
2025-12-09 11:01:52,726 - INFO - 
26FW NON 브랜드 M 처리 중...
2025-12-09 11:01:53,214 - INFO - 26FW NON 브랜드 M SUMMARY 생성 완료
2025-12-09 11:01:53,214 - INFO - 
26FW NON 브랜드 I 처리 중...
2025-12-09 11:01:53,621 - INFO - 26FW NON 브랜드 I SUMMARY 생성 완료
2025-12-09 11:01:53,621 - INFO - 
26FW NON 브랜드 X 처리 중...
2025-12-09 11:01:54,123 - INFO - 26FW NON 브랜드 X SUMMARY 생성 완료
2025-12-09 11:01:54,123 - INFO - 
26FW NON SUMMARY 생성 완료: 3/3
2025-12-09 11:01:54,123 - INFO - 26FW_NON 인사이트 생성 (규칙 기반)
2025-12-09 11:01:54,124 - INFO - ============================================================
2025-12-09 11:01:54,124 - INFO - [인사이트 생성] 26FW_NON 시즌 인사이트 CSV 생성 시작
2025-12-09 11:01:54,124 - INFO - ============================================================
2025-12-09 11:01:54,594 - INFO - 26FW_NON 인사이트 CSV 생성 완료
2025-12-09 11:01:54,596 - INFO - None
2025-12-09 11:01:54,596 - INFO - ============================================================
2025-12-09 11:01:54,596 - INFO - [2] 25FW SUMMARY JSON 생성 시작
2025-12-09 11:01:54,596 - INFO - ============================================================
2025-12-09 11:01:54,596 - INFO - 
25FW 브랜드 M 처리 중...
2025-12-09 11:01:56,890 - INFO - 25FW 브랜드 M SUMMARY 생성 완료
2025-12-09 11:01:56,890 - INFO - 
25FW 브랜드 I 처리 중...
2025-12-09 11:01:57,682 - INFO - 25FW 브랜드 I SUMMARY 생성 완료
2025-12-09 11:01:57,682 - INFO - 
25FW 브랜드 X 처리 중...
2025-12-09 11:01:58,700 - INFO - 25FW 브랜드 X SUMMARY 생성 완료
2025-12-09 11:01:58,700 - INFO - 
25FW 브랜드 ST 처리 중...
2025-12-09 11:01:59,514 - INFO - 25FW 브랜드 ST SUMMARY 생성 완료
2025-12-09 11:01:59,515 - INFO - 
25FW 브랜드 V 처리 중...
2025-12-09 11:02:00,767 - INFO - 25FW 브랜드 V SUMMARY 생성 완료
2025-12-09 11:02:00,767 - INFO - 
25FW SUMMARY 생성 완료: 5/5
2025-12-09 11:02:00,767 - INFO - 25FW 인사이트 생성 (제외 브랜드: M, I, X)
2025-12-09 11:02:00,767 - INFO - ============================================================
2025-12-09 11:02:00,768 - INFO - [인사이트 생성] 25FW 시즌 인사이트 CSV 생성 시작
2025-12-09 11:02:00,768 - INFO - ============================================================
2025-12-09 11:02:01,833 - INFO - 25FW 인사이트 CSV 생성 완료
2025-12-09 11:02:01,833 - INFO - None
2025-12-09 11:02:01,833 - INFO - 25FW DISCOVERY-KIDS 인사이트 생성 (DISCOVERY 인사이트는 건드리지 않음)
2025-12-09 11:02:02,732 - INFO - 25FW DISCOVERY-KIDS 인사이트 생성 완료
2025-12-09 11:02:02,733 - INFO - None
2025-12-09 11:02:02,733 - INFO - 25SS 시즌 처리 (generate_summary_26ss.py 사용)
2025-12-09 11:02:02,733 - INFO - ============================================================
2025-12-09 11:02:02,733 - INFO - [3] 25SS SUMMARY JSON 생성 시작
2025-12-09 11:02:02,733 - INFO - ============================================================
2025-12-09 11:02:02,733 - INFO - 
25SS 브랜드 M 처리 중...
2025-12-09 11:02:07,339 - INFO - 25SS 브랜드 M SUMMARY 생성 완료
2025-12-09 11:02:07,340 - INFO - 
25SS 브랜드 I 처리 중...
2025-12-09 11:02:09,353 - INFO - 25SS 브랜드 I SUMMARY 생성 완료
2025-12-09 11:02:09,353 - INFO - 
25SS 브랜드 X 처리 중...
2025-12-09 11:02:11,649 - INFO - 25SS 브랜드 X SUMMARY 생성 완료
2025-12-09 11:02:11,649 - INFO - 
25SS 브랜드 ST 처리 중...
2025-12-09 11:02:13,019 - INFO - 25SS 브랜드 ST SUMMARY 생성 완료
2025-12-09 11:02:13,019 - INFO - 
25SS 브랜드 V 처리 중...
2025-12-09 11:02:14,481 - INFO - 25SS 브랜드 V SUMMARY 생성 완료
2025-12-09 11:02:14,481 - INFO - 
25SS SUMMARY 생성 완료: 5/5
2025-12-09 11:02:14,482 - INFO - 25SS 인사이트 생성 (규칙 기반)
2025-12-09 11:02:14,482 - INFO - ============================================================
2025-12-09 11:02:14,483 - INFO - [인사이트 생성] 25SS 시즌 인사이트 CSV 생성 시작
2025-12-09 11:02:14,483 - INFO - ============================================================
2025-12-09 11:02:15,471 - INFO - 25SS 인사이트 CSV 생성 완료
2025-12-09 11:02:15,471 - INFO - None
2025-12-09 11:02:15,472 - INFO - ============================================================
2025-12-09 11:02:15,472 - INFO - [3] 26SS SUMMARY JSON 생성 시작
2025-12-09 11:02:15,472 - INFO - ============================================================
2025-12-09 11:02:15,472 - INFO - 
26SS 브랜드 M 처리 중...
2025-12-09 11:02:19,916 - INFO - 26SS 브랜드 M SUMMARY 생성 완료
2025-12-09 11:02:19,916 - INFO - 
26SS 브랜드 I 처리 중...
2025-12-09 11:02:20,794 - INFO - 26SS 브랜드 I SUMMARY 생성 완료
2025-12-09 11:02:20,794 - INFO - 
26SS 브랜드 X 처리 중...
2025-12-09 11:02:22,457 - INFO - 26SS 브랜드 X SUMMARY 생성 완료
2025-12-09 11:02:22,457 - INFO - 
26SS 브랜드 ST 처리 중...
2025-12-09 11:02:23,718 - INFO - 26SS 브랜드 ST SUMMARY 생성 완료
2025-12-09 11:02:23,719 - INFO - 
26SS 브랜드 V 처리 중...
2025-12-09 11:02:24,736 - INFO - 26SS 브랜드 V SUMMARY 생성 완료
2025-12-09 11:02:24,736 - INFO - 
26SS SUMMARY 생성 완료: 5/5
2025-12-09 11:02:24,737 - INFO - 26SS 인사이트 생성 (규칙 기반)
2025-12-09 11:02:24,737 - INFO - ============================================================
2025-12-09 11:02:24,737 - INFO - [인사이트 생성] 26SS 시즌 인사이트 CSV 생성 시작
2025-12-09 11:02:24,738 - INFO - ============================================================
2025-12-09 11:02:25,661 - INFO - 26SS 인사이트 CSV 생성 완료
2025-12-09 11:02:25,661 - INFO - None
2025-12-09 11:02:25,662 - INFO - 26FW 시즌 처리 (generate_summary_26ss.py 사용)
2025-12-09 11:02:25,662 - INFO - ============================================================
2025-12-09 11:02:25,662 - INFO - [3] 26FW SUMMARY JSON 생성 시작
2025-12-09 11:02:25,662 - INFO - ============================================================
2025-12-09 11:02:25,662 - INFO - 
26FW 브랜드 M 처리 중...
2025-12-09 11:02:26,595 - INFO - 26FW 브랜드 M SUMMARY 생성 완료
2025-12-09 11:02:26,595 - INFO - 
26FW 브랜드 I 처리 중...
2025-12-09 11:02:27,424 - INFO - 26FW 브랜드 I SUMMARY 생성 완료
2025-12-09 11:02:27,424 - INFO - 
26FW 브랜드 X 처리 중...
2025-12-09 11:02:28,309 - INFO - 26FW 브랜드 X SUMMARY 생성 완료
2025-12-09 11:02:28,309 - INFO - 
26FW 브랜드 ST 처리 중...
2025-12-09 11:02:29,176 - INFO - 26FW 브랜드 ST SUMMARY 생성 완료
2025-12-09 11:02:29,176 - INFO - 
26FW 브랜드 V 처리 중...
2025-12-09 11:02:30,058 - INFO - 26FW 브랜드 V SUMMARY 생성 완료
2025-12-09 11:02:30,058 - INFO - 
26FW SUMMARY 생성 완료: 5/5
2025-12-09 11:02:30,058 - INFO - 26FW 인사이트 생성 (규칙 기반)
2025-12-09 11:02:30,058 - INFO - ============================================================
2025-12-09 11:02:30,058 - INFO - [인사이트 생성] 26FW 시즌 인사이트 CSV 생성 시작
2025-12-09 11:02:30,058 - INFO - ============================================================
2025-12-09 11:02:30,891 - INFO - 26FW 인사이트 CSV 생성 완료
2025-12-09 11:02:30,892 - INFO - None
2025-12-09 11:02:30,892 - INFO - ============================================================
2025-12-09 11:02:30,892 - INFO - [5] 파일 검증 시작
2025-12-09 11:02:30,892 - INFO - ============================================================
2025-12-09 11:02:30,894 - WARNING - 인사이트 CSV 없음: public\COST RAW\25FW\M_insight_25fw.csv
2025-12-09 11:02:30,894 - WARNING - 인사이트 CSV 없음: public\COST RAW\25FW\I_insight_25fw.csv
2025-12-09 11:02:30,895 - WARNING - 인사이트 CSV 없음: public\COST RAW\25FW\X_insight_25fw.csv
2025-12-09 11:02:30,899 - WARNING - CSV 파일 없음: public\COST RAW\26FW\M_26F.csv
2025-12-09 11:02:30,899 - WARNING - SUMMARY JSON 없음: public\COST RAW\26FW\summary_26fw_m.json
2025-12-09 11:02:30,899 - WARNING - 인사이트 CSV 없음: public\COST RAW\26FW\M_insight_26fw.csv
2025-12-09 11:02:30,900 - WARNING - CSV 파일 없음: public\COST RAW\26FW\I_26F.csv
2025-12-09 11:02:30,900 - WARNING - SUMMARY JSON 없음: public\COST RAW\26FW\summary_26fw_i.json
2025-12-09 11:02:30,900 - WARNING - 인사이트 CSV 없음: public\COST RAW\26FW\I_insight_26fw.csv
2025-12-09 11:02:30,901 - WARNING - CSV 파일 없음: public\COST RAW\26FW\X_26F.csv
2025-12-09 11:02:30,901 - WARNING - SUMMARY JSON 없음: public\COST RAW\26FW\summary_26fw_x.json
2025-12-09 11:02:30,901 - WARNING - DISCOVERY-KIDS SUMMARY JSON 없음: public\COST RAW\26FW\summary_26fw_x_kids.json
2025-12-09 11:02:30,902 - WARNING - 인사이트 CSV 없음: public\COST RAW\26FW\X_insight_26fw.csv
2025-12-09 11:02:30,902 - WARNING - DISCOVERY-KIDS 인사이트 CSV 없음: public\COST RAW\26FW\X_insight_26fw_kids.csv
2025-12-09 11:02:30,902 - WARNING - CSV 파일 없음: public\COST RAW\26FW\ST_26F.csv
2025-12-09 11:02:30,903 - WARNING - SUMMARY JSON 없음: public\COST RAW\26FW\summary_26fw_st.json
2025-12-09 11:02:30,903 - WARNING - 인사이트 CSV 없음: public\COST RAW\26FW\ST_insight_26fw.csv
2025-12-09 11:02:30,903 - WARNING - CSV 파일 없음: public\COST RAW\26FW\V_26F.csv
2025-12-09 11:02:30,903 - WARNING - SUMMARY JSON 없음: public\COST RAW\26FW\summary_26fw_v.json
2025-12-09 11:02:30,904 - WARNING - 인사이트 CSV 없음: public\COST RAW\26FW\V_insight_26fw.csv
2025-12-09 11:02:30,904 - WARNING - NON SUMMARY JSON 없음: public\COST RAW\25FW\summary_25fw_non_m_non.json
2025-12-09 11:02:30,904 - WARNING - NON 인사이트 CSV 없음: public\COST RAW\25FW\M_insight_25fw_non_non.csv
2025-12-09 11:02:30,905 - WARNING - NON SUMMARY JSON 없음: public\COST RAW\25FW\summary_25fw_non_i_non.json
2025-12-09 11:02:30,905 - WARNING - NON 인사이트 CSV 없음: public\COST RAW\25FW\I_insight_25fw_non_non.csv
2025-12-09 11:02:30,905 - WARNING - NON SUMMARY JSON 없음: public\COST RAW\25FW\summary_25fw_non_x_non.json
2025-12-09 11:02:30,906 - WARNING - NON 인사이트 CSV 없음: public\COST RAW\25FW\X_insight_25fw_non_non.csv
2025-12-09 11:02:30,906 - WARNING - NON SUMMARY JSON 없음: public\COST RAW\26SS\summary_26ss_non_m_non.json
2025-12-09 11:02:30,906 - WARNING - NON 인사이트 CSV 없음: public\COST RAW\26SS\M_insight_26ss_non_non.csv
2025-12-09 11:02:30,906 - WARNING - NON SUMMARY JSON 없음: public\COST RAW\26SS\summary_26ss_non_i_non.json
2025-12-09 11:02:30,907 - WARNING - NON 인사이트 CSV 없음: public\COST RAW\26SS\I_insight_26ss_non_non.csv
2025-12-09 11:02:30,907 - WARNING - NON SUMMARY JSON 없음: public\COST RAW\26SS\summary_26ss_non_x_non.json
2025-12-09 11:02:30,907 - WARNING - NON 인사이트 CSV 없음: public\COST RAW\26SS\X_insight_26ss_non_non.csv
2025-12-09 11:02:30,908 - WARNING - NON SUMMARY JSON 없음: public\COST RAW\26FW\summary_26fw_non_m_non.json
2025-12-09 11:02:30,908 - WARNING - NON 인사이트 CSV 없음: public\COST RAW\26FW\M_insight_26fw_non_non.csv
2025-12-09 11:02:30,908 - WARNING - NON SUMMARY JSON 없음: public\COST RAW\26FW\summary_26fw_non_i_non.json
2025-12-09 11:02:30,909 - WARNING - NON 인사이트 CSV 없음: public\COST RAW\26FW\I_insight_26fw_non_non.csv
2025-12-09 11:02:30,909 - WARNING - NON SUMMARY JSON 없음: public\COST RAW\26FW\summary_26fw_non_x_non.json
2025-12-09 11:02:30,909 - WARNING - NON 인사이트 CSV 없음: public\COST RAW\26FW\X_insight_26fw_non_non.csv
2025-12-09 11:02:30,909 - WARNING - 일부 파일이 누락되었습니다.
2025-12-09 11:02:30,910 - INFO - ============================================================
2025-12-09 11:02:30,910 - INFO - [5] Git 커밋 및 푸시 시작
2025-12-09 11:02:30,910 - INFO - ============================================================
2025-12-09 11:02:31,271 - INFO - 변경된 파일이 없습니다. Git 커밋/푸시를 건너뜁니다.
2025-12-09 11:02:31,272 - INFO - ============================================================
2025-12-09 11:02:31,272 - INFO - [6] Vercel 배포 시작
2025-12-09 11:02:31,272 - INFO - ============================================================
2025-12-09 11:02:31,274 - WARNING - Vercel CLI가 설치되어 있지 않습니다. 배포를 건너뜁니다.
2025-12-09 11:02:31,274 - WARNING - Vercel 배포 실패했지만 계속 진행합니다.
2025-12-09 11:02:31,274 - INFO - ============================================================
2025-12-09 11:02:31,274 - INFO - 자동 대시보드 업데이트 완료
2025-12-09 11:02:31,274 - INFO - 종료 시간: 2025-12-09 11:02:31
2025-12-09 11:02:31,274 - INFO - 소요 시간: 148.8초
2025-12-09 11:02:31,275 - INFO - ============================================================
2025-12-09 11:02:31,275 - WARNING - 이메일 설정이 없어 알림을 전송하지 않습니다.
2025-12-09 11:03:47,582 - INFO - 윈도우 팝업 알림 표시 완료
2025-12-09 11:03:47,582 - INFO - Teams 메시지 전송 시도 중...
2025-12-09 11:03:47,582 - INFO - Teams Webhook URL 확인됨: https://fnf365.webhook.office.com/webhookb2/dae107...
2025-12-09 11:03:49,456 - INFO - Teams 메시지 전송 완료
