2025-11-28 11:00:02,227 - INFO - ============================================================
2025-11-28 11:00:02,227 - INFO - 자동 대시보드 업데이트 시작
2025-11-28 11:00:02,228 - INFO - 시작 시간: 2025-11-28 11:00:02
2025-11-28 11:00:02,228 - INFO - ============================================================
2025-11-28 11:00:02,247 - WARNING - 이메일 설정이 없어 알림을 전송하지 않습니다.
2025-11-28 11:00:02,247 - INFO - ============================================================
2025-11-28 11:00:02,247 - INFO - [1] SQL에서 CSV 생성 시작
2025-11-28 11:00:02,247 - INFO - ============================================================
2025-11-28 11:00:33,117 - INFO - SQL → CSV 생성 완료
2025-11-28 11:00:33,117 - INFO - None
2025-11-28 11:00:33,118 - INFO - ============================================================
2025-11-28 11:00:33,118 - INFO - [2] 25FW SUMMARY JSON 생성 시작
2025-11-28 11:00:33,120 - INFO - ============================================================
2025-11-28 11:00:33,121 - INFO - 
25FW 브랜드 M 처리 중...
2025-11-28 11:00:38,462 - INFO - 25FW 브랜드 M SUMMARY 생성 완료
2025-11-28 11:00:38,462 - INFO - 
25FW 브랜드 I 처리 중...
2025-11-28 11:00:40,299 - INFO - 25FW 브랜드 I SUMMARY 생성 완료
2025-11-28 11:00:40,299 - INFO - 
25FW 브랜드 X 처리 중...
2025-11-28 11:00:41,702 - INFO - 25FW 브랜드 X SUMMARY 생성 완료
2025-11-28 11:00:41,703 - INFO - 
25FW 브랜드 ST 처리 중...
2025-11-28 11:00:42,930 - INFO - 25FW 브랜드 ST SUMMARY 생성 완료
2025-11-28 11:00:42,930 - INFO - 
25FW 브랜드 V 처리 중...
2025-11-28 11:00:44,645 - INFO - 25FW 브랜드 V SUMMARY 생성 완료
2025-11-28 11:00:44,645 - INFO - 
25FW SUMMARY 생성 완료: 5/5
2025-11-28 11:00:44,645 - INFO - 25FW 인사이트 생성 (제외 브랜드: M, I, X)
2025-11-28 11:00:44,645 - INFO - ============================================================
2025-11-28 11:00:44,646 - INFO - [인사이트 생성] 25FW 시즌 인사이트 CSV 생성 시작
2025-11-28 11:00:44,646 - INFO - ============================================================
2025-11-28 11:00:45,573 - INFO - 25FW 인사이트 CSV 생성 완료
2025-11-28 11:00:45,573 - INFO - None
2025-11-28 11:00:45,574 - INFO - 25FW DISCOVERY-KIDS 인사이트 생성 (DISCOVERY 인사이트는 건드리지 않음)
2025-11-28 11:00:46,554 - INFO - 25FW DISCOVERY-KIDS 인사이트 생성 완료
2025-11-28 11:00:46,554 - INFO - None
2025-11-28 11:00:46,555 - INFO - 25SS 시즌 처리 (generate_summary_26ss.py 사용)
2025-11-28 11:00:46,555 - INFO - ============================================================
2025-11-28 11:00:46,555 - INFO - [3] 25SS SUMMARY JSON 생성 시작
2025-11-28 11:00:46,555 - INFO - ============================================================
2025-11-28 11:00:46,556 - INFO - 
25SS 브랜드 M 처리 중...
2025-11-28 11:00:52,039 - INFO - 25SS 브랜드 M SUMMARY 생성 완료
2025-11-28 11:00:52,039 - INFO - 
25SS 브랜드 I 처리 중...
2025-11-28 11:00:54,155 - INFO - 25SS 브랜드 I SUMMARY 생성 완료
2025-11-28 11:00:54,156 - INFO - 
25SS 브랜드 X 처리 중...
2025-11-28 11:00:58,171 - INFO - 25SS 브랜드 X SUMMARY 생성 완료
2025-11-28 11:00:58,171 - INFO - 
25SS 브랜드 ST 처리 중...
2025-11-28 11:00:59,686 - INFO - 25SS 브랜드 ST SUMMARY 생성 완료
2025-11-28 11:00:59,687 - INFO - 
25SS 브랜드 V 처리 중...
2025-11-28 11:01:01,147 - INFO - 25SS 브랜드 V SUMMARY 생성 완료
2025-11-28 11:01:01,147 - INFO - 
25SS SUMMARY 생성 완료: 5/5
2025-11-28 11:01:01,148 - INFO - 25SS 인사이트 생성 (규칙 기반)
2025-11-28 11:01:01,148 - INFO - ============================================================
2025-11-28 11:01:01,148 - INFO - [인사이트 생성] 25SS 시즌 인사이트 CSV 생성 시작
2025-11-28 11:01:01,148 - INFO - ============================================================
2025-11-28 11:01:02,069 - INFO - 25SS 인사이트 CSV 생성 완료
2025-11-28 11:01:02,070 - INFO - None
2025-11-28 11:01:02,070 - INFO - ============================================================
2025-11-28 11:01:02,070 - INFO - [3] 26SS SUMMARY JSON 생성 시작
2025-11-28 11:01:02,070 - INFO - ============================================================
2025-11-28 11:01:02,070 - INFO - 
26SS 브랜드 M 처리 중...
2025-11-28 11:01:06,627 - INFO - 26SS 브랜드 M SUMMARY 생성 완료
2025-11-28 11:01:06,627 - INFO - 
26SS 브랜드 I 처리 중...
2025-11-28 11:01:08,436 - INFO - 26SS 브랜드 I SUMMARY 생성 완료
2025-11-28 11:01:08,436 - INFO - 
26SS 브랜드 X 처리 중...
2025-11-28 11:01:09,579 - INFO - 26SS 브랜드 X SUMMARY 생성 완료
2025-11-28 11:01:09,579 - INFO - 
26SS 브랜드 ST 처리 중...
2025-11-28 11:01:10,723 - INFO - 26SS 브랜드 ST SUMMARY 생성 완료
2025-11-28 11:01:10,723 - INFO - 
26SS 브랜드 V 처리 중...
2025-11-28 11:01:11,737 - INFO - 26SS 브랜드 V SUMMARY 생성 완료
2025-11-28 11:01:11,737 - INFO - 
26SS SUMMARY 생성 완료: 5/5
2025-11-28 11:01:11,737 - INFO - 26SS 인사이트 생성 (규칙 기반)
2025-11-28 11:01:11,738 - INFO - ============================================================
2025-11-28 11:01:11,738 - INFO - [인사이트 생성] 26SS 시즌 인사이트 CSV 생성 시작
2025-11-28 11:01:11,738 - INFO - ============================================================
2025-11-28 11:01:12,772 - INFO - 26SS 인사이트 CSV 생성 완료
2025-11-28 11:01:12,772 - INFO - None
2025-11-28 11:01:12,772 - INFO - 26FW 시즌 처리 (generate_summary_26ss.py 사용)
2025-11-28 11:01:12,772 - INFO - ============================================================
2025-11-28 11:01:12,772 - INFO - [3] 26FW SUMMARY JSON 생성 시작
2025-11-28 11:01:12,772 - INFO - ============================================================
2025-11-28 11:01:12,772 - INFO - 
26FW 브랜드 M 처리 중...
2025-11-28 11:01:13,709 - INFO - 26FW 브랜드 M SUMMARY 생성 완료
2025-11-28 11:01:13,709 - INFO - 
26FW 브랜드 I 처리 중...
2025-11-28 11:01:14,598 - INFO - 26FW 브랜드 I SUMMARY 생성 완료
2025-11-28 11:01:14,598 - INFO - 
26FW 브랜드 X 처리 중...
2025-11-28 11:01:15,599 - INFO - 26FW 브랜드 X SUMMARY 생성 완료
2025-11-28 11:01:15,599 - INFO - 
26FW 브랜드 ST 처리 중...
2025-11-28 11:01:16,453 - INFO - 26FW 브랜드 ST SUMMARY 생성 완료
2025-11-28 11:01:16,454 - INFO - 
26FW 브랜드 V 처리 중...
2025-11-28 11:01:17,374 - INFO - 26FW 브랜드 V SUMMARY 생성 완료
2025-11-28 11:01:17,374 - INFO - 
26FW SUMMARY 생성 완료: 5/5
2025-11-28 11:01:17,374 - INFO - 26FW 인사이트 생성 (규칙 기반)
2025-11-28 11:01:17,374 - INFO - ============================================================
2025-11-28 11:01:17,374 - INFO - [인사이트 생성] 26FW 시즌 인사이트 CSV 생성 시작
2025-11-28 11:01:17,374 - INFO - ============================================================
2025-11-28 11:01:18,387 - INFO - 26FW 인사이트 CSV 생성 완료
2025-11-28 11:01:18,387 - INFO - None
2025-11-28 11:01:18,388 - INFO - 25FW_NON 시즌 처리 (generate_summary_26ss.py 사용)
2025-11-28 11:01:18,388 - INFO - ============================================================
2025-11-28 11:01:18,388 - INFO - [3] 25FW_NON SUMMARY JSON 생성 시작
2025-11-28 11:01:18,388 - INFO - ============================================================
2025-11-28 11:01:18,388 - INFO - 
25FW_NON 브랜드 M 처리 중...
2025-11-28 11:01:19,295 - INFO - 25FW_NON 브랜드 M SUMMARY 생성 완료
2025-11-28 11:01:19,295 - INFO - 
25FW_NON 브랜드 I 처리 중...
2025-11-28 11:01:20,180 - INFO - 25FW_NON 브랜드 I SUMMARY 생성 완료
2025-11-28 11:01:20,180 - INFO - 
25FW_NON 브랜드 X 처리 중...
2025-11-28 11:01:21,032 - INFO - 25FW_NON 브랜드 X SUMMARY 생성 완료
2025-11-28 11:01:21,033 - INFO - 
25FW_NON SUMMARY 생성 완료: 3/3
2025-11-28 11:01:21,033 - INFO - 25FW_NON 인사이트 생성 (규칙 기반)
2025-11-28 11:01:21,033 - INFO - ============================================================
2025-11-28 11:01:21,033 - INFO - [인사이트 생성] 25FW_NON 시즌 인사이트 CSV 생성 시작
2025-11-28 11:01:21,033 - INFO - ============================================================
2025-11-28 11:01:21,825 - INFO - 25FW_NON 인사이트 CSV 생성 완료
2025-11-28 11:01:21,826 - INFO - None
2025-11-28 11:01:21,826 - INFO - ============================================================
2025-11-28 11:01:21,826 - INFO - [5] 파일 검증 시작
2025-11-28 11:01:21,826 - INFO - ============================================================
2025-11-28 11:01:21,826 - WARNING - 인사이트 CSV 없음: public\COST RAW\25FW\M_insight_25fw.csv
2025-11-28 11:01:21,826 - WARNING - 인사이트 CSV 없음: public\COST RAW\25FW\I_insight_25fw.csv
2025-11-28 11:01:21,827 - WARNING - 인사이트 CSV 없음: public\COST RAW\25FW\X_insight_25fw.csv
2025-11-28 11:01:21,834 - WARNING - CSV 파일 없음: public\COST RAW\26FW\M_26F.csv
2025-11-28 11:01:21,834 - WARNING - SUMMARY JSON 없음: public\COST RAW\26FW\summary_26fw_m.json
2025-11-28 11:01:21,835 - WARNING - 인사이트 CSV 없음: public\COST RAW\26FW\M_insight_26fw.csv
2025-11-28 11:01:21,835 - WARNING - CSV 파일 없음: public\COST RAW\26FW\I_26F.csv
2025-11-28 11:01:21,836 - WARNING - SUMMARY JSON 없음: public\COST RAW\26FW\summary_26fw_i.json
2025-11-28 11:01:21,836 - WARNING - 인사이트 CSV 없음: public\COST RAW\26FW\I_insight_26fw.csv
2025-11-28 11:01:21,836 - WARNING - CSV 파일 없음: public\COST RAW\26FW\X_26F.csv
2025-11-28 11:01:21,837 - WARNING - SUMMARY JSON 없음: public\COST RAW\26FW\summary_26fw_x.json
2025-11-28 11:01:21,837 - WARNING - DISCOVERY-KIDS SUMMARY JSON 없음: public\COST RAW\26FW\summary_26fw_x_kids.json
2025-11-28 11:01:21,837 - WARNING - 인사이트 CSV 없음: public\COST RAW\26FW\X_insight_26fw.csv
2025-11-28 11:01:21,837 - WARNING - DISCOVERY-KIDS 인사이트 CSV 없음: public\COST RAW\26FW\X_insight_26fw_kids.csv
2025-11-28 11:01:21,839 - WARNING - CSV 파일 없음: public\COST RAW\26FW\ST_26F.csv
2025-11-28 11:01:21,840 - WARNING - SUMMARY JSON 없음: public\COST RAW\26FW\summary_26fw_st.json
2025-11-28 11:01:21,840 - WARNING - 인사이트 CSV 없음: public\COST RAW\26FW\ST_insight_26fw.csv
2025-11-28 11:01:21,840 - WARNING - CSV 파일 없음: public\COST RAW\26FW\V_26F.csv
2025-11-28 11:01:21,841 - WARNING - SUMMARY JSON 없음: public\COST RAW\26FW\summary_26fw_v.json
2025-11-28 11:01:21,841 - WARNING - 인사이트 CSV 없음: public\COST RAW\26FW\V_insight_26fw.csv
2025-11-28 11:01:21,842 - WARNING - SUMMARY JSON 없음: public\COST RAW\25FW\summary_25fw_non_m.json
2025-11-28 11:01:21,842 - WARNING - 인사이트 CSV 없음: public\COST RAW\25FW\M_insight_25fw_non.csv
2025-11-28 11:01:21,843 - WARNING - SUMMARY JSON 없음: public\COST RAW\25FW\summary_25fw_non_i.json
2025-11-28 11:01:21,844 - WARNING - 인사이트 CSV 없음: public\COST RAW\25FW\I_insight_25fw_non.csv
2025-11-28 11:01:21,844 - WARNING - SUMMARY JSON 없음: public\COST RAW\25FW\summary_25fw_non_x.json
2025-11-28 11:01:21,845 - WARNING - DISCOVERY-KIDS SUMMARY JSON 없음: public\COST RAW\25FW\summary_25fw_non_x_kids.json
2025-11-28 11:01:21,846 - WARNING - 인사이트 CSV 없음: public\COST RAW\25FW\X_insight_25fw_non.csv
2025-11-28 11:01:21,846 - WARNING - DISCOVERY-KIDS 인사이트 CSV 없음: public\COST RAW\25FW\X_insight_25fw_non_kids.csv
2025-11-28 11:01:21,846 - WARNING - 일부 파일이 누락되었습니다.
2025-11-28 11:01:21,846 - INFO - ============================================================
2025-11-28 11:01:21,847 - INFO - [5] Git 커밋 및 푸시 시작
2025-11-28 11:01:21,847 - INFO - ============================================================
2025-11-28 11:01:22,057 - INFO - 변경된 파일을 Git에 추가 중...
2025-11-28 11:01:22,261 - INFO - Git 커밋 중: Auto update: 2025-11-28 11:01:22
2025-11-28 11:01:22,480 - INFO - Git 커밋 완료
2025-11-28 11:01:22,480 - INFO - Git 푸시 중...
2025-11-28 11:01:26,295 - INFO - Git 푸시 완료
2025-11-28 11:01:26,295 - INFO - ============================================================
2025-11-28 11:01:26,296 - INFO - [5] Git 커밋 및 푸시 완료
2025-11-28 11:01:26,296 - INFO - ============================================================
2025-11-28 11:01:26,297 - INFO - ============================================================
2025-11-28 11:01:26,297 - INFO - 자동 대시보드 업데이트 완료
2025-11-28 11:01:26,298 - INFO - 종료 시간: 2025-11-28 11:01:26
2025-11-28 11:01:26,298 - INFO - 소요 시간: 84.1초
2025-11-28 11:01:26,299 - INFO - ============================================================
2025-11-28 11:01:26,299 - WARNING - 이메일 설정이 없어 알림을 전송하지 않습니다.
