2025-12-11 11:00:02,174 - INFO - ============================================================
2025-12-11 11:00:02,175 - INFO - 자동 대시보드 업데이트 시작
2025-12-11 11:00:02,175 - INFO - 시작 시간: 2025-12-11 11:00:02
2025-12-11 11:00:02,175 - INFO - ============================================================
2025-12-11 11:00:02,183 - WARNING - 이메일 설정이 없어 알림을 전송하지 않습니다.
2025-12-11 11:00:02,183 - INFO - ============================================================
2025-12-11 11:00:02,185 - INFO - [1] SQL에서 CSV 생성 시작
2025-12-11 11:00:02,185 - INFO - ============================================================
2025-12-11 11:00:23,825 - INFO - SQL → CSV 생성 완료
2025-12-11 11:00:23,825 - INFO - None
2025-12-11 11:00:23,825 - INFO - ============================================================
2025-12-11 11:00:23,825 - INFO - [NON 시즌 처리 시작]
2025-12-11 11:00:23,825 - INFO - ============================================================
2025-12-11 11:00:23,825 - INFO - ============================================================
2025-12-11 11:00:23,825 - INFO - [NON 환율 CSV 생성] FX_NON.csv 생성 시작
2025-12-11 11:00:23,825 - INFO - ============================================================
2025-12-11 11:00:40,430 - INFO - FX_NON.csv 생성 완료
2025-12-11 11:00:40,430 - INFO - None
2025-12-11 11:00:40,430 - INFO - ============================================================
2025-12-11 11:00:40,430 - INFO - [NON CSV 생성] 25FW 시즌 CSV 생성 시작
2025-12-11 11:00:40,430 - INFO - ============================================================
2025-12-11 11:01:29,452 - INFO - 25FW NON 시즌 CSV 생성 완료
2025-12-11 11:01:29,452 - INFO - None
2025-12-11 11:01:29,452 - INFO - ============================================================
2025-12-11 11:01:29,452 - INFO - [NON SUMMARY 생성] 25FW 시즌 SUMMARY JSON 생성 시작
2025-12-11 11:01:29,452 - INFO - ============================================================
2025-12-11 11:01:29,452 - INFO - 
25FW NON 브랜드 M 처리 중...
2025-12-11 11:01:30,487 - INFO - 25FW NON 브랜드 M SUMMARY 생성 완료
2025-12-11 11:01:30,487 - INFO - 
25FW NON 브랜드 I 처리 중...
2025-12-11 11:01:31,319 - INFO - 25FW NON 브랜드 I SUMMARY 생성 완료
2025-12-11 11:01:31,319 - INFO - 
25FW NON 브랜드 X 처리 중...
2025-12-11 11:01:32,194 - INFO - 25FW NON 브랜드 X SUMMARY 생성 완료
2025-12-11 11:01:32,194 - INFO - 
25FW NON SUMMARY 생성 완료: 3/3
2025-12-11 11:01:32,194 - INFO - 25FW_NON 인사이트 생성 (규칙 기반)
2025-12-11 11:01:32,194 - INFO - ============================================================
2025-12-11 11:01:32,194 - INFO - [인사이트 생성] 25FW_NON 시즌 인사이트 CSV 생성 시작
2025-12-11 11:01:32,194 - INFO - ============================================================
2025-12-11 11:01:33,232 - INFO - 25FW_NON 인사이트 CSV 생성 완료
2025-12-11 11:01:33,232 - INFO - None
2025-12-11 11:01:33,232 - INFO - ============================================================
2025-12-11 11:01:33,232 - INFO - [NON CSV 생성] 26SS 시즌 CSV 생성 시작
2025-12-11 11:01:33,232 - INFO - ============================================================
2025-12-11 11:02:17,711 - INFO - 26SS NON 시즌 CSV 생성 완료
2025-12-11 11:02:17,712 - INFO - None
2025-12-11 11:02:17,712 - INFO - ============================================================
2025-12-11 11:02:17,712 - INFO - [NON SUMMARY 생성] 26SS 시즌 SUMMARY JSON 생성 시작
2025-12-11 11:02:17,712 - INFO - ============================================================
2025-12-11 11:02:17,712 - INFO - 
26SS NON 브랜드 M 처리 중...
2025-12-11 11:02:18,553 - INFO - 26SS NON 브랜드 M SUMMARY 생성 완료
2025-12-11 11:02:18,553 - INFO - 
26SS NON 브랜드 I 처리 중...
2025-12-11 11:02:19,432 - INFO - 26SS NON 브랜드 I SUMMARY 생성 완료
2025-12-11 11:02:19,432 - INFO - 
26SS NON 브랜드 X 처리 중...
2025-12-11 11:02:20,336 - INFO - 26SS NON 브랜드 X SUMMARY 생성 완료
2025-12-11 11:02:20,336 - INFO - 
26SS NON SUMMARY 생성 완료: 3/3
2025-12-11 11:02:20,336 - INFO - 26SS_NON 인사이트 생성 (규칙 기반)
2025-12-11 11:02:20,336 - INFO - ============================================================
2025-12-11 11:02:20,336 - INFO - [인사이트 생성] 26SS_NON 시즌 인사이트 CSV 생성 시작
2025-12-11 11:02:20,337 - INFO - ============================================================
2025-12-11 11:02:21,146 - INFO - 26SS_NON 인사이트 CSV 생성 완료
2025-12-11 11:02:21,146 - INFO - None
2025-12-11 11:02:21,146 - INFO - ============================================================
2025-12-11 11:02:21,146 - INFO - [NON CSV 생성] 26FW 시즌 CSV 생성 시작
2025-12-11 11:02:21,146 - INFO - ============================================================
2025-12-11 11:03:06,626 - INFO - 26FW NON 시즌 CSV 생성 완료
2025-12-11 11:03:06,626 - INFO - None
2025-12-11 11:03:06,627 - INFO - ============================================================
2025-12-11 11:03:06,627 - INFO - [NON SUMMARY 생성] 26FW 시즌 SUMMARY JSON 생성 시작
2025-12-11 11:03:06,627 - INFO - ============================================================
2025-12-11 11:03:06,627 - INFO - 
26FW NON 브랜드 M 처리 중...
2025-12-11 11:03:07,467 - INFO - 26FW NON 브랜드 M SUMMARY 생성 완료
2025-12-11 11:03:07,467 - INFO - 
26FW NON 브랜드 I 처리 중...
2025-12-11 11:03:08,375 - INFO - 26FW NON 브랜드 I SUMMARY 생성 완료
2025-12-11 11:03:08,375 - INFO - 
26FW NON 브랜드 X 처리 중...
2025-12-11 11:03:09,348 - INFO - 26FW NON 브랜드 X SUMMARY 생성 완료
2025-12-11 11:03:09,348 - INFO - 
26FW NON SUMMARY 생성 완료: 3/3
2025-12-11 11:03:09,349 - INFO - 26FW_NON 인사이트 생성 (규칙 기반)
2025-12-11 11:03:09,349 - INFO - ============================================================
2025-12-11 11:03:09,349 - INFO - [인사이트 생성] 26FW_NON 시즌 인사이트 CSV 생성 시작
2025-12-11 11:03:09,349 - INFO - ============================================================
2025-12-11 11:03:10,323 - INFO - 26FW_NON 인사이트 CSV 생성 완료
2025-12-11 11:03:10,323 - INFO - None
2025-12-11 11:03:10,323 - INFO - ============================================================
2025-12-11 11:03:10,323 - INFO - [2] 25FW SUMMARY JSON 생성 시작
2025-12-11 11:03:10,323 - INFO - ============================================================
2025-12-11 11:03:10,323 - INFO - 
25FW 브랜드 M 처리 중...
2025-12-11 11:03:15,423 - INFO - 25FW 브랜드 M SUMMARY 생성 완료
2025-12-11 11:03:15,423 - INFO - 
25FW 브랜드 I 처리 중...
2025-12-11 11:03:17,147 - INFO - 25FW 브랜드 I SUMMARY 생성 완료
2025-12-11 11:03:17,147 - INFO - 
25FW 브랜드 X 처리 중...
2025-12-11 11:03:19,596 - INFO - 25FW 브랜드 X SUMMARY 생성 완료
2025-12-11 11:03:19,596 - INFO - 
25FW 브랜드 ST 처리 중...
2025-12-11 11:03:20,725 - INFO - 25FW 브랜드 ST SUMMARY 생성 완료
2025-12-11 11:03:20,725 - INFO - 
25FW 브랜드 V 처리 중...
2025-12-11 11:03:22,387 - INFO - 25FW 브랜드 V SUMMARY 생성 완료
2025-12-11 11:03:22,387 - INFO - 
25FW SUMMARY 생성 완료: 5/5
2025-12-11 11:03:22,387 - INFO - 25FW 인사이트 생성 (제외 브랜드: M, I, X)
2025-12-11 11:03:22,387 - INFO - ============================================================
2025-12-11 11:03:22,387 - INFO - [인사이트 생성] 25FW 시즌 인사이트 CSV 생성 시작
2025-12-11 11:03:22,389 - INFO - ============================================================
2025-12-11 11:03:23,365 - INFO - 25FW 인사이트 CSV 생성 완료
2025-12-11 11:03:23,365 - INFO - None
2025-12-11 11:03:23,365 - INFO - 25FW DISCOVERY-KIDS 인사이트 생성 (DISCOVERY 인사이트는 건드리지 않음)
2025-12-11 11:03:24,268 - INFO - 25FW DISCOVERY-KIDS 인사이트 생성 완료
2025-12-11 11:03:24,268 - INFO - None
2025-12-11 11:03:24,268 - INFO - 25SS 시즌 처리 (generate_summary_26ss.py 사용)
2025-12-11 11:03:24,268 - INFO - ============================================================
2025-12-11 11:03:24,269 - INFO - [3] 25SS SUMMARY JSON 생성 시작
2025-12-11 11:03:24,269 - INFO - ============================================================
2025-12-11 11:03:24,269 - INFO - 
25SS 브랜드 M 처리 중...
2025-12-11 11:03:30,296 - INFO - 25SS 브랜드 M SUMMARY 생성 완료
2025-12-11 11:03:30,296 - INFO - 
25SS 브랜드 I 처리 중...
2025-12-11 11:03:32,292 - INFO - 25SS 브랜드 I SUMMARY 생성 완료
2025-12-11 11:03:32,292 - INFO - 
25SS 브랜드 X 처리 중...
2025-12-11 11:03:34,804 - INFO - 25SS 브랜드 X SUMMARY 생성 완료
2025-12-11 11:03:34,804 - INFO - 
25SS 브랜드 ST 처리 중...
2025-12-11 11:03:35,617 - INFO - 25SS 브랜드 ST SUMMARY 생성 완료
2025-12-11 11:03:35,617 - INFO - 
25SS 브랜드 V 처리 중...
2025-12-11 11:03:36,378 - INFO - 25SS 브랜드 V SUMMARY 생성 완료
2025-12-11 11:03:36,378 - INFO - 
25SS SUMMARY 생성 완료: 5/5
2025-12-11 11:03:36,378 - INFO - 25SS 인사이트 생성 (규칙 기반)
2025-12-11 11:03:36,378 - INFO - ============================================================
2025-12-11 11:03:36,378 - INFO - [인사이트 생성] 25SS 시즌 인사이트 CSV 생성 시작
2025-12-11 11:03:36,378 - INFO - ============================================================
2025-12-11 11:03:36,901 - INFO - 25SS 인사이트 CSV 생성 완료
2025-12-11 11:03:36,901 - INFO - None
2025-12-11 11:03:36,901 - INFO - ============================================================
2025-12-11 11:03:36,901 - INFO - [3] 26SS SUMMARY JSON 생성 시작
2025-12-11 11:03:36,901 - INFO - ============================================================
2025-12-11 11:03:36,901 - INFO - 
26SS 브랜드 M 처리 중...
2025-12-11 11:03:41,875 - INFO - 26SS 브랜드 M SUMMARY 생성 완료
2025-12-11 11:03:41,875 - INFO - 
26SS 브랜드 I 처리 중...
2025-12-11 11:03:43,853 - INFO - 26SS 브랜드 I SUMMARY 생성 완료
2025-12-11 11:03:43,853 - INFO - 
26SS 브랜드 X 처리 중...
2025-12-11 11:03:45,675 - INFO - 26SS 브랜드 X SUMMARY 생성 완료
2025-12-11 11:03:45,675 - INFO - 
26SS 브랜드 ST 처리 중...
2025-12-11 11:03:46,971 - INFO - 26SS 브랜드 ST SUMMARY 생성 완료
2025-12-11 11:03:46,973 - INFO - 
26SS 브랜드 V 처리 중...
2025-12-11 11:03:48,009 - INFO - 26SS 브랜드 V SUMMARY 생성 완료
2025-12-11 11:03:48,009 - INFO - 
26SS SUMMARY 생성 완료: 5/5
2025-12-11 11:03:48,009 - INFO - 26SS 인사이트 생성 (규칙 기반)
2025-12-11 11:03:48,010 - INFO - ============================================================
2025-12-11 11:03:48,010 - INFO - [인사이트 생성] 26SS 시즌 인사이트 CSV 생성 시작
2025-12-11 11:03:48,010 - INFO - ============================================================
2025-12-11 11:03:48,944 - INFO - 26SS 인사이트 CSV 생성 완료
2025-12-11 11:03:48,944 - INFO - None
2025-12-11 11:03:48,944 - INFO - 26FW 시즌 처리 (generate_summary_26ss.py 사용)
2025-12-11 11:03:48,944 - INFO - ============================================================
2025-12-11 11:03:48,944 - INFO - [3] 26FW SUMMARY JSON 생성 시작
2025-12-11 11:03:48,944 - INFO - ============================================================
2025-12-11 11:03:48,944 - INFO - 
26FW 브랜드 M 처리 중...
2025-12-11 11:03:49,877 - INFO - 26FW 브랜드 M SUMMARY 생성 완료
2025-12-11 11:03:49,877 - INFO - 
26FW 브랜드 I 처리 중...
2025-12-11 11:03:50,692 - INFO - 26FW 브랜드 I SUMMARY 생성 완료
2025-12-11 11:03:50,693 - INFO - 
26FW 브랜드 X 처리 중...
2025-12-11 11:03:51,485 - INFO - 26FW 브랜드 X SUMMARY 생성 완료
2025-12-11 11:03:51,485 - INFO - 
26FW 브랜드 ST 처리 중...
2025-12-11 11:03:52,289 - INFO - 26FW 브랜드 ST SUMMARY 생성 완료
2025-12-11 11:03:52,289 - INFO - 
26FW 브랜드 V 처리 중...
2025-12-11 11:03:53,109 - INFO - 26FW 브랜드 V SUMMARY 생성 완료
2025-12-11 11:03:53,109 - INFO - 
26FW SUMMARY 생성 완료: 5/5
2025-12-11 11:03:53,109 - INFO - 26FW 인사이트 생성 (규칙 기반)
2025-12-11 11:03:53,109 - INFO - ============================================================
2025-12-11 11:03:53,109 - INFO - [인사이트 생성] 26FW 시즌 인사이트 CSV 생성 시작
2025-12-11 11:03:53,110 - INFO - ============================================================
2025-12-11 11:03:53,902 - INFO - 26FW 인사이트 CSV 생성 완료
2025-12-11 11:03:53,903 - INFO - None
2025-12-11 11:03:53,903 - INFO - ============================================================
2025-12-11 11:03:53,903 - INFO - [5] 파일 검증 시작
2025-12-11 11:03:53,903 - INFO - ============================================================
2025-12-11 11:03:53,904 - WARNING - 인사이트 CSV 없음: public\COST RAW\25FW\M_insight_25fw.csv
2025-12-11 11:03:53,904 - WARNING - 인사이트 CSV 없음: public\COST RAW\25FW\I_insight_25fw.csv
2025-12-11 11:03:53,905 - WARNING - 인사이트 CSV 없음: public\COST RAW\25FW\X_insight_25fw.csv
2025-12-11 11:03:53,910 - WARNING - CSV 파일 없음: public\COST RAW\26FW\M_26F.csv
2025-12-11 11:03:53,910 - WARNING - SUMMARY JSON 없음: public\COST RAW\26FW\summary_26fw_m.json
2025-12-11 11:03:53,911 - WARNING - 인사이트 CSV 없음: public\COST RAW\26FW\M_insight_26fw.csv
2025-12-11 11:03:53,911 - WARNING - CSV 파일 없음: public\COST RAW\26FW\I_26F.csv
2025-12-11 11:03:53,911 - WARNING - SUMMARY JSON 없음: public\COST RAW\26FW\summary_26fw_i.json
2025-12-11 11:03:53,911 - WARNING - 인사이트 CSV 없음: public\COST RAW\26FW\I_insight_26fw.csv
2025-12-11 11:03:53,912 - WARNING - CSV 파일 없음: public\COST RAW\26FW\X_26F.csv
2025-12-11 11:03:53,912 - WARNING - SUMMARY JSON 없음: public\COST RAW\26FW\summary_26fw_x.json
2025-12-11 11:03:53,912 - WARNING - DISCOVERY-KIDS SUMMARY JSON 없음: public\COST RAW\26FW\summary_26fw_x_kids.json
2025-12-11 11:03:53,912 - WARNING - 인사이트 CSV 없음: public\COST RAW\26FW\X_insight_26fw.csv
2025-12-11 11:03:53,912 - WARNING - DISCOVERY-KIDS 인사이트 CSV 없음: public\COST RAW\26FW\X_insight_26fw_kids.csv
2025-12-11 11:03:53,913 - WARNING - CSV 파일 없음: public\COST RAW\26FW\ST_26F.csv
2025-12-11 11:03:53,913 - WARNING - SUMMARY JSON 없음: public\COST RAW\26FW\summary_26fw_st.json
2025-12-11 11:03:53,913 - WARNING - 인사이트 CSV 없음: public\COST RAW\26FW\ST_insight_26fw.csv
2025-12-11 11:03:53,913 - WARNING - CSV 파일 없음: public\COST RAW\26FW\V_26F.csv
2025-12-11 11:03:53,914 - WARNING - SUMMARY JSON 없음: public\COST RAW\26FW\summary_26fw_v.json
2025-12-11 11:03:53,914 - WARNING - 인사이트 CSV 없음: public\COST RAW\26FW\V_insight_26fw.csv
2025-12-11 11:03:53,914 - WARNING - NON SUMMARY JSON 없음: public\COST RAW\25FW\summary_25fw_non_m_non.json
2025-12-11 11:03:53,914 - WARNING - NON 인사이트 CSV 없음: public\COST RAW\25FW\M_insight_25fw_non_non.csv
2025-12-11 11:03:53,915 - WARNING - NON SUMMARY JSON 없음: public\COST RAW\25FW\summary_25fw_non_i_non.json
2025-12-11 11:03:53,915 - WARNING - NON 인사이트 CSV 없음: public\COST RAW\25FW\I_insight_25fw_non_non.csv
2025-12-11 11:03:53,915 - WARNING - NON SUMMARY JSON 없음: public\COST RAW\25FW\summary_25fw_non_x_non.json
2025-12-11 11:03:53,916 - WARNING - NON 인사이트 CSV 없음: public\COST RAW\25FW\X_insight_25fw_non_non.csv
2025-12-11 11:03:53,916 - WARNING - NON SUMMARY JSON 없음: public\COST RAW\26SS\summary_26ss_non_m_non.json
2025-12-11 11:03:53,916 - WARNING - NON 인사이트 CSV 없음: public\COST RAW\26SS\M_insight_26ss_non_non.csv
2025-12-11 11:03:53,917 - WARNING - NON SUMMARY JSON 없음: public\COST RAW\26SS\summary_26ss_non_i_non.json
2025-12-11 11:03:53,917 - WARNING - NON 인사이트 CSV 없음: public\COST RAW\26SS\I_insight_26ss_non_non.csv
2025-12-11 11:03:53,917 - WARNING - NON SUMMARY JSON 없음: public\COST RAW\26SS\summary_26ss_non_x_non.json
2025-12-11 11:03:53,917 - WARNING - NON 인사이트 CSV 없음: public\COST RAW\26SS\X_insight_26ss_non_non.csv
2025-12-11 11:03:53,918 - WARNING - NON SUMMARY JSON 없음: public\COST RAW\26FW\summary_26fw_non_m_non.json
2025-12-11 11:03:53,918 - WARNING - NON 인사이트 CSV 없음: public\COST RAW\26FW\M_insight_26fw_non_non.csv
2025-12-11 11:03:53,918 - WARNING - NON SUMMARY JSON 없음: public\COST RAW\26FW\summary_26fw_non_i_non.json
2025-12-11 11:03:53,918 - WARNING - NON 인사이트 CSV 없음: public\COST RAW\26FW\I_insight_26fw_non_non.csv
2025-12-11 11:03:53,919 - WARNING - NON SUMMARY JSON 없음: public\COST RAW\26FW\summary_26fw_non_x_non.json
2025-12-11 11:03:53,919 - WARNING - NON 인사이트 CSV 없음: public\COST RAW\26FW\X_insight_26fw_non_non.csv
2025-12-11 11:03:53,919 - WARNING - 일부 파일이 누락되었습니다.
2025-12-11 11:03:53,919 - INFO - ============================================================
2025-12-11 11:03:53,919 - INFO - [5] Git 커밋 및 푸시 시작
2025-12-11 11:03:53,919 - INFO - ============================================================
2025-12-11 11:03:54,225 - INFO - 변경된 파일을 Git에 추가 중...
2025-12-11 11:03:54,420 - INFO - Git 커밋 중: Auto update: 2025-12-11 11:03:54
2025-12-11 11:03:54,586 - INFO - Git 커밋 완료
2025-12-11 11:03:54,587 - INFO - Git 푸시 중...
2025-12-11 11:03:58,353 - INFO - Git 푸시 완료
2025-12-11 11:03:58,354 - INFO - ============================================================
2025-12-11 11:03:58,354 - INFO - [5] Git 커밋 및 푸시 완료
2025-12-11 11:03:58,354 - INFO - ============================================================
2025-12-11 11:03:58,354 - INFO - ============================================================
2025-12-11 11:03:58,354 - INFO - [6] Vercel 배포 시작
2025-12-11 11:03:58,354 - INFO - ============================================================
2025-12-11 11:03:58,357 - WARNING - Vercel CLI가 설치되어 있지 않습니다. 배포를 건너뜁니다.
2025-12-11 11:03:58,358 - WARNING - Vercel 배포 실패했지만 계속 진행합니다.
2025-12-11 11:03:58,359 - INFO - ============================================================
2025-12-11 11:03:58,359 - INFO - 자동 대시보드 업데이트 완료
2025-12-11 11:03:58,360 - INFO - 종료 시간: 2025-12-11 11:03:58
2025-12-11 11:03:58,360 - INFO - 소요 시간: 236.2초
2025-12-11 11:03:58,361 - INFO - ============================================================
2025-12-11 11:03:58,361 - WARNING - 이메일 설정이 없어 알림을 전송하지 않습니다.
2025-12-11 11:05:30,573 - INFO - 윈도우 팝업 알림 표시 완료
2025-12-11 11:05:30,573 - INFO - Teams 메시지 전송 시도 중...
2025-12-11 11:05:30,573 - INFO - Teams Webhook URL 확인됨: https://fnf365.webhook.office.com/webhookb2/dae107...
2025-12-11 11:05:33,147 - INFO - Teams 메시지 전송 완료
