2025-12-18 11:00:02,498 - INFO - ============================================================
2025-12-18 11:00:02,498 - INFO - 자동 대시보드 업데이트 시작
2025-12-18 11:00:02,498 - INFO - 시작 시간: 2025-12-18 11:00:02
2025-12-18 11:00:02,498 - INFO - ============================================================
2025-12-18 11:00:02,510 - WARNING - 이메일 설정이 없어 알림을 전송하지 않습니다.
2025-12-18 11:00:02,510 - INFO - ============================================================
2025-12-18 11:00:02,511 - INFO - [1] SQL에서 CSV 생성 시작
2025-12-18 11:00:02,511 - INFO - ============================================================
2025-12-18 11:00:25,181 - INFO - SQL → CSV 생성 완료
2025-12-18 11:00:25,183 - INFO - None
2025-12-18 11:00:25,185 - INFO - ============================================================
2025-12-18 11:00:25,186 - INFO - [NON 시즌 처리 시작]
2025-12-18 11:00:25,186 - INFO - ============================================================
2025-12-18 11:00:25,188 - INFO - ============================================================
2025-12-18 11:00:25,191 - INFO - [NON 환율 CSV 생성] FX_NON.csv 생성 시작
2025-12-18 11:00:25,193 - INFO - ============================================================
2025-12-18 11:00:39,807 - INFO - FX_NON.csv 생성 완료
2025-12-18 11:00:39,808 - INFO - None
2025-12-18 11:00:39,808 - INFO - ============================================================
2025-12-18 11:00:39,808 - INFO - [NON CSV 생성] 25FW 시즌 CSV 생성 시작
2025-12-18 11:00:39,808 - INFO - ============================================================
2025-12-18 11:01:19,653 - INFO - 25FW NON 시즌 CSV 생성 완료
2025-12-18 11:01:19,653 - INFO - None
2025-12-18 11:01:19,653 - INFO - ============================================================
2025-12-18 11:01:19,653 - INFO - [NON SUMMARY 생성] 25FW 시즌 SUMMARY JSON 생성 시작
2025-12-18 11:01:19,653 - INFO - ============================================================
2025-12-18 11:01:19,653 - INFO - 
25FW NON 브랜드 M 처리 중...
2025-12-18 11:01:20,130 - INFO - 25FW NON 브랜드 M SUMMARY 생성 완료
2025-12-18 11:01:20,130 - INFO - 
25FW NON 브랜드 I 처리 중...
2025-12-18 11:01:20,589 - INFO - 25FW NON 브랜드 I SUMMARY 생성 완료
2025-12-18 11:01:20,593 - INFO - 
25FW NON 브랜드 X 처리 중...
2025-12-18 11:01:21,044 - INFO - 25FW NON 브랜드 X SUMMARY 생성 완료
2025-12-18 11:01:21,044 - INFO - 
25FW NON SUMMARY 생성 완료: 3/3
2025-12-18 11:01:21,045 - INFO - 25FW_NON 인사이트 생성 (규칙 기반)
2025-12-18 11:01:21,045 - INFO - ============================================================
2025-12-18 11:01:21,045 - INFO - [인사이트 생성] 25FW_NON 시즌 인사이트 CSV 생성 시작
2025-12-18 11:01:21,045 - INFO - ============================================================
2025-12-18 11:01:21,503 - INFO - 25FW_NON 인사이트 CSV 생성 완료
2025-12-18 11:01:21,503 - INFO - None
2025-12-18 11:01:21,503 - INFO - ============================================================
2025-12-18 11:01:21,503 - INFO - [NON CSV 생성] 26SS 시즌 CSV 생성 시작
2025-12-18 11:01:21,503 - INFO - ============================================================
2025-12-18 11:01:47,493 - INFO - 26SS NON 시즌 CSV 생성 완료
2025-12-18 11:01:47,495 - INFO - None
2025-12-18 11:01:47,495 - INFO - ============================================================
2025-12-18 11:01:47,495 - INFO - [NON SUMMARY 생성] 26SS 시즌 SUMMARY JSON 생성 시작
2025-12-18 11:01:47,496 - INFO - ============================================================
2025-12-18 11:01:47,496 - INFO - 
26SS NON 브랜드 M 처리 중...
2025-12-18 11:01:47,985 - INFO - 26SS NON 브랜드 M SUMMARY 생성 완료
2025-12-18 11:01:47,985 - INFO - 
26SS NON 브랜드 I 처리 중...
2025-12-18 11:01:48,441 - INFO - 26SS NON 브랜드 I SUMMARY 생성 완료
2025-12-18 11:01:48,441 - INFO - 
26SS NON 브랜드 X 처리 중...
2025-12-18 11:01:48,862 - INFO - 26SS NON 브랜드 X SUMMARY 생성 완료
2025-12-18 11:01:48,862 - INFO - 
26SS NON SUMMARY 생성 완료: 3/3
2025-12-18 11:01:48,862 - INFO - 26SS_NON 인사이트 생성 (규칙 기반)
2025-12-18 11:01:48,862 - INFO - ============================================================
2025-12-18 11:01:48,862 - INFO - [인사이트 생성] 26SS_NON 시즌 인사이트 CSV 생성 시작
2025-12-18 11:01:48,862 - INFO - ============================================================
2025-12-18 11:01:49,292 - INFO - 26SS_NON 인사이트 CSV 생성 완료
2025-12-18 11:01:49,292 - INFO - None
2025-12-18 11:01:49,292 - INFO - ============================================================
2025-12-18 11:01:49,292 - INFO - [NON CSV 생성] 26FW 시즌 CSV 생성 시작
2025-12-18 11:01:49,292 - INFO - ============================================================
2025-12-18 11:02:12,691 - INFO - 26FW NON 시즌 CSV 생성 완료
2025-12-18 11:02:12,692 - INFO - None
2025-12-18 11:02:12,696 - INFO - ============================================================
2025-12-18 11:02:12,703 - INFO - [NON SUMMARY 생성] 26FW 시즌 SUMMARY JSON 생성 시작
2025-12-18 11:02:12,703 - INFO - ============================================================
2025-12-18 11:02:12,704 - INFO - 
26FW NON 브랜드 M 처리 중...
2025-12-18 11:02:13,196 - INFO - 26FW NON 브랜드 M SUMMARY 생성 완료
2025-12-18 11:02:13,196 - INFO - 
26FW NON 브랜드 I 처리 중...
2025-12-18 11:02:13,640 - INFO - 26FW NON 브랜드 I SUMMARY 생성 완료
2025-12-18 11:02:13,641 - INFO - 
26FW NON 브랜드 X 처리 중...
2025-12-18 11:02:14,033 - INFO - 26FW NON 브랜드 X SUMMARY 생성 완료
2025-12-18 11:02:14,033 - INFO - 
26FW NON SUMMARY 생성 완료: 3/3
2025-12-18 11:02:14,033 - INFO - 26FW_NON 인사이트 생성 (규칙 기반)
2025-12-18 11:02:14,033 - INFO - ============================================================
2025-12-18 11:02:14,034 - INFO - [인사이트 생성] 26FW_NON 시즌 인사이트 CSV 생성 시작
2025-12-18 11:02:14,034 - INFO - ============================================================
2025-12-18 11:02:14,467 - INFO - 26FW_NON 인사이트 CSV 생성 완료
2025-12-18 11:02:14,468 - INFO - None
2025-12-18 11:02:14,468 - INFO - ============================================================
2025-12-18 11:02:14,468 - INFO - [2] 25FW SUMMARY JSON 생성 시작
2025-12-18 11:02:14,468 - INFO - ============================================================
2025-12-18 11:02:14,468 - INFO - 
25FW 브랜드 M 처리 중...
2025-12-18 11:02:16,762 - INFO - 25FW 브랜드 M SUMMARY 생성 완료
2025-12-18 11:02:16,762 - INFO - 
25FW 브랜드 I 처리 중...
2025-12-18 11:02:17,518 - INFO - 25FW 브랜드 I SUMMARY 생성 완료
2025-12-18 11:02:17,519 - INFO - 
25FW 브랜드 X 처리 중...
2025-12-18 11:02:18,542 - INFO - 25FW 브랜드 X SUMMARY 생성 완료
2025-12-18 11:02:18,542 - INFO - 
25FW 브랜드 ST 처리 중...
2025-12-18 11:02:19,093 - INFO - 25FW 브랜드 ST SUMMARY 생성 완료
2025-12-18 11:02:19,094 - INFO - 
25FW 브랜드 V 처리 중...
2025-12-18 11:02:19,819 - INFO - 25FW 브랜드 V SUMMARY 생성 완료
2025-12-18 11:02:19,819 - INFO - 
25FW SUMMARY 생성 완료: 5/5
2025-12-18 11:02:19,819 - INFO - 25FW 인사이트 생성 (제외 브랜드: M, I, X)
2025-12-18 11:02:19,819 - INFO - ============================================================
2025-12-18 11:02:19,819 - INFO - [인사이트 생성] 25FW 시즌 인사이트 CSV 생성 시작
2025-12-18 11:02:19,819 - INFO - ============================================================
2025-12-18 11:02:20,223 - INFO - 25FW 인사이트 CSV 생성 완료
2025-12-18 11:02:20,223 - INFO - None
2025-12-18 11:02:20,223 - INFO - 25FW DISCOVERY-KIDS 인사이트 생성 (DISCOVERY 인사이트는 건드리지 않음)
2025-12-18 11:02:20,616 - INFO - 25FW DISCOVERY-KIDS 인사이트 생성 완료
2025-12-18 11:02:20,616 - INFO - None
2025-12-18 11:02:20,616 - INFO - 25SS 시즌 처리 (generate_summary_26ss.py 사용)
2025-12-18 11:02:20,616 - INFO - ============================================================
2025-12-18 11:02:20,616 - INFO - [3] 25SS SUMMARY JSON 생성 시작
2025-12-18 11:02:20,616 - INFO - ============================================================
2025-12-18 11:02:20,616 - INFO - 
25SS 브랜드 M 처리 중...
2025-12-18 11:02:23,005 - INFO - 25SS 브랜드 M SUMMARY 생성 완료
2025-12-18 11:02:23,005 - INFO - 
25SS 브랜드 I 처리 중...
2025-12-18 11:02:23,966 - INFO - 25SS 브랜드 I SUMMARY 생성 완료
2025-12-18 11:02:23,967 - INFO - 
25SS 브랜드 X 처리 중...
2025-12-18 11:02:25,072 - INFO - 25SS 브랜드 X SUMMARY 생성 완료
2025-12-18 11:02:25,072 - INFO - 
25SS 브랜드 ST 처리 중...
2025-12-18 11:02:25,736 - INFO - 25SS 브랜드 ST SUMMARY 생성 완료
2025-12-18 11:02:25,736 - INFO - 
25SS 브랜드 V 처리 중...
2025-12-18 11:02:26,407 - INFO - 25SS 브랜드 V SUMMARY 생성 완료
2025-12-18 11:02:26,407 - INFO - 
25SS SUMMARY 생성 완료: 5/5
2025-12-18 11:02:26,407 - INFO - 25SS 인사이트 생성 (규칙 기반)
2025-12-18 11:02:26,408 - INFO - ============================================================
2025-12-18 11:02:26,408 - INFO - [인사이트 생성] 25SS 시즌 인사이트 CSV 생성 시작
2025-12-18 11:02:26,408 - INFO - ============================================================
2025-12-18 11:02:26,878 - INFO - 25SS 인사이트 CSV 생성 완료
2025-12-18 11:02:26,878 - INFO - None
2025-12-18 11:02:26,878 - INFO - ============================================================
2025-12-18 11:02:26,878 - INFO - [3] 26SS SUMMARY JSON 생성 시작
2025-12-18 11:02:26,878 - INFO - ============================================================
2025-12-18 11:02:26,878 - INFO - 
26SS 브랜드 M 처리 중...
2025-12-18 11:02:29,474 - INFO - 26SS 브랜드 M SUMMARY 생성 완료
2025-12-18 11:02:29,474 - INFO - 
26SS 브랜드 I 처리 중...
2025-12-18 11:02:30,528 - INFO - 26SS 브랜드 I SUMMARY 생성 완료
2025-12-18 11:02:30,528 - INFO - 
26SS 브랜드 X 처리 중...
2025-12-18 11:02:31,374 - INFO - 26SS 브랜드 X SUMMARY 생성 완료
2025-12-18 11:02:31,374 - INFO - 
26SS 브랜드 ST 처리 중...
2025-12-18 11:02:31,960 - INFO - 26SS 브랜드 ST SUMMARY 생성 완료
2025-12-18 11:02:31,961 - INFO - 
26SS 브랜드 V 처리 중...
2025-12-18 11:02:32,453 - INFO - 26SS 브랜드 V SUMMARY 생성 완료
2025-12-18 11:02:32,453 - INFO - 
26SS SUMMARY 생성 완료: 5/5
2025-12-18 11:02:32,453 - INFO - 26SS 인사이트 생성 (규칙 기반)
2025-12-18 11:02:32,454 - INFO - ============================================================
2025-12-18 11:02:32,454 - INFO - [인사이트 생성] 26SS 시즌 인사이트 CSV 생성 시작
2025-12-18 11:02:32,454 - INFO - ============================================================
2025-12-18 11:02:32,904 - INFO - 26SS 인사이트 CSV 생성 완료
2025-12-18 11:02:32,904 - INFO - None
2025-12-18 11:02:32,904 - INFO - 26FW 시즌 처리 (generate_summary_26ss.py 사용)
2025-12-18 11:02:32,904 - INFO - ============================================================
2025-12-18 11:02:32,904 - INFO - [3] 26FW SUMMARY JSON 생성 시작
2025-12-18 11:02:32,904 - INFO - ============================================================
2025-12-18 11:02:32,904 - INFO - 
26FW 브랜드 M 처리 중...
2025-12-18 11:02:33,273 - INFO - 26FW 브랜드 M SUMMARY 생성 완료
2025-12-18 11:02:33,274 - INFO - 
26FW 브랜드 I 처리 중...
2025-12-18 11:02:33,669 - INFO - 26FW 브랜드 I SUMMARY 생성 완료
2025-12-18 11:02:33,669 - INFO - 
26FW 브랜드 X 처리 중...
2025-12-18 11:02:34,053 - INFO - 26FW 브랜드 X SUMMARY 생성 완료
2025-12-18 11:02:34,053 - INFO - 
26FW 브랜드 ST 처리 중...
2025-12-18 11:02:34,476 - INFO - 26FW 브랜드 ST SUMMARY 생성 완료
2025-12-18 11:02:34,476 - INFO - 
26FW 브랜드 V 처리 중...
2025-12-18 11:02:34,852 - INFO - 26FW 브랜드 V SUMMARY 생성 완료
2025-12-18 11:02:34,852 - INFO - 
26FW SUMMARY 생성 완료: 5/5
2025-12-18 11:02:34,852 - INFO - 26FW 인사이트 생성 (규칙 기반)
2025-12-18 11:02:34,853 - INFO - ============================================================
2025-12-18 11:02:34,853 - INFO - [인사이트 생성] 26FW 시즌 인사이트 CSV 생성 시작
2025-12-18 11:02:34,853 - INFO - ============================================================
2025-12-18 11:02:35,226 - INFO - 26FW 인사이트 CSV 생성 완료
2025-12-18 11:02:35,226 - INFO - None
2025-12-18 11:02:35,226 - INFO - ============================================================
2025-12-18 11:02:35,226 - INFO - [5] 파일 검증 시작
2025-12-18 11:02:35,226 - INFO - ============================================================
2025-12-18 11:02:35,226 - WARNING - 인사이트 CSV 없음: public\COST RAW\25FW\M_insight_25fw.csv
2025-12-18 11:02:35,226 - WARNING - 인사이트 CSV 없음: public\COST RAW\25FW\I_insight_25fw.csv
2025-12-18 11:02:35,227 - WARNING - 인사이트 CSV 없음: public\COST RAW\25FW\X_insight_25fw.csv
2025-12-18 11:02:35,229 - WARNING - CSV 파일 없음: public\COST RAW\26FW\M_26F.csv
2025-12-18 11:02:35,229 - WARNING - SUMMARY JSON 없음: public\COST RAW\26FW\summary_26fw_m.json
2025-12-18 11:02:35,229 - WARNING - 인사이트 CSV 없음: public\COST RAW\26FW\M_insight_26fw.csv
2025-12-18 11:02:35,229 - WARNING - CSV 파일 없음: public\COST RAW\26FW\I_26F.csv
2025-12-18 11:02:35,229 - WARNING - SUMMARY JSON 없음: public\COST RAW\26FW\summary_26fw_i.json
2025-12-18 11:02:35,229 - WARNING - 인사이트 CSV 없음: public\COST RAW\26FW\I_insight_26fw.csv
2025-12-18 11:02:35,229 - WARNING - CSV 파일 없음: public\COST RAW\26FW\X_26F.csv
2025-12-18 11:02:35,229 - WARNING - SUMMARY JSON 없음: public\COST RAW\26FW\summary_26fw_x.json
2025-12-18 11:02:35,229 - WARNING - DISCOVERY-KIDS SUMMARY JSON 없음: public\COST RAW\26FW\summary_26fw_x_kids.json
2025-12-18 11:02:35,229 - WARNING - 인사이트 CSV 없음: public\COST RAW\26FW\X_insight_26fw.csv
2025-12-18 11:02:35,230 - WARNING - DISCOVERY-KIDS 인사이트 CSV 없음: public\COST RAW\26FW\X_insight_26fw_kids.csv
2025-12-18 11:02:35,230 - WARNING - CSV 파일 없음: public\COST RAW\26FW\ST_26F.csv
2025-12-18 11:02:35,230 - WARNING - SUMMARY JSON 없음: public\COST RAW\26FW\summary_26fw_st.json
2025-12-18 11:02:35,230 - WARNING - 인사이트 CSV 없음: public\COST RAW\26FW\ST_insight_26fw.csv
2025-12-18 11:02:35,230 - WARNING - CSV 파일 없음: public\COST RAW\26FW\V_26F.csv
2025-12-18 11:02:35,230 - WARNING - SUMMARY JSON 없음: public\COST RAW\26FW\summary_26fw_v.json
2025-12-18 11:02:35,230 - WARNING - 인사이트 CSV 없음: public\COST RAW\26FW\V_insight_26fw.csv
2025-12-18 11:02:35,230 - WARNING - NON SUMMARY JSON 없음: public\COST RAW\25FW\summary_25fw_non_m_non.json
2025-12-18 11:02:35,230 - WARNING - NON 인사이트 CSV 없음: public\COST RAW\25FW\M_insight_25fw_non_non.csv
2025-12-18 11:02:35,230 - WARNING - NON SUMMARY JSON 없음: public\COST RAW\25FW\summary_25fw_non_i_non.json
2025-12-18 11:02:35,230 - WARNING - NON 인사이트 CSV 없음: public\COST RAW\25FW\I_insight_25fw_non_non.csv
2025-12-18 11:02:35,230 - WARNING - NON SUMMARY JSON 없음: public\COST RAW\25FW\summary_25fw_non_x_non.json
2025-12-18 11:02:35,230 - WARNING - NON 인사이트 CSV 없음: public\COST RAW\25FW\X_insight_25fw_non_non.csv
2025-12-18 11:02:35,230 - WARNING - NON SUMMARY JSON 없음: public\COST RAW\26SS\summary_26ss_non_m_non.json
2025-12-18 11:02:35,230 - WARNING - NON 인사이트 CSV 없음: public\COST RAW\26SS\M_insight_26ss_non_non.csv
2025-12-18 11:02:35,231 - WARNING - NON SUMMARY JSON 없음: public\COST RAW\26SS\summary_26ss_non_i_non.json
2025-12-18 11:02:35,231 - WARNING - NON 인사이트 CSV 없음: public\COST RAW\26SS\I_insight_26ss_non_non.csv
2025-12-18 11:02:35,231 - WARNING - NON SUMMARY JSON 없음: public\COST RAW\26SS\summary_26ss_non_x_non.json
2025-12-18 11:02:35,231 - WARNING - NON 인사이트 CSV 없음: public\COST RAW\26SS\X_insight_26ss_non_non.csv
2025-12-18 11:02:35,231 - WARNING - NON SUMMARY JSON 없음: public\COST RAW\26FW\summary_26fw_non_m_non.json
2025-12-18 11:02:35,231 - WARNING - NON 인사이트 CSV 없음: public\COST RAW\26FW\M_insight_26fw_non_non.csv
2025-12-18 11:02:35,231 - WARNING - NON SUMMARY JSON 없음: public\COST RAW\26FW\summary_26fw_non_i_non.json
2025-12-18 11:02:35,231 - WARNING - NON 인사이트 CSV 없음: public\COST RAW\26FW\I_insight_26fw_non_non.csv
2025-12-18 11:02:35,231 - WARNING - NON SUMMARY JSON 없음: public\COST RAW\26FW\summary_26fw_non_x_non.json
2025-12-18 11:02:35,231 - WARNING - NON 인사이트 CSV 없음: public\COST RAW\26FW\X_insight_26fw_non_non.csv
2025-12-18 11:02:35,231 - WARNING - 일부 파일이 누락되었습니다.
2025-12-18 11:02:35,231 - INFO - ============================================================
2025-12-18 11:02:35,231 - INFO - [5] Git 커밋 및 푸시 시작
2025-12-18 11:02:35,231 - INFO - ============================================================
2025-12-18 11:02:35,447 - INFO - 변경된 파일을 Git에 추가 중...
2025-12-18 11:02:35,539 - INFO - Git 커밋 중: Auto update: 2025-12-18 11:02:35
2025-12-18 11:02:35,646 - INFO - Git 커밋 완료
2025-12-18 11:02:35,647 - INFO - Git 푸시 중...
2025-12-18 11:02:38,434 - INFO - Git 푸시 완료
2025-12-18 11:02:38,434 - INFO - ============================================================
2025-12-18 11:02:38,435 - INFO - [5] Git 커밋 및 푸시 완료
2025-12-18 11:02:38,435 - INFO - ============================================================
2025-12-18 11:02:38,435 - INFO - ============================================================
2025-12-18 11:02:38,436 - INFO - [6] Vercel 배포 시작
2025-12-18 11:02:38,437 - INFO - ============================================================
2025-12-18 11:02:38,440 - WARNING - Vercel CLI가 설치되어 있지 않습니다. 배포를 건너뜁니다.
2025-12-18 11:02:38,442 - WARNING - Vercel 배포 실패했지만 계속 진행합니다.
2025-12-18 11:02:38,444 - INFO - ============================================================
2025-12-18 11:02:38,446 - INFO - 자동 대시보드 업데이트 완료
2025-12-18 11:02:38,448 - INFO - 종료 시간: 2025-12-18 11:02:38
2025-12-18 11:02:38,448 - INFO - 소요 시간: 155.9초
2025-12-18 11:02:38,451 - INFO - ============================================================
2025-12-18 11:02:38,451 - WARNING - 이메일 설정이 없어 알림을 전송하지 않습니다.
2025-12-18 11:03:57,639 - INFO - 윈도우 팝업 알림 표시 완료
2025-12-18 11:03:57,639 - INFO - Teams 메시지 전송 시도 중...
2025-12-18 11:03:57,640 - INFO - Teams Webhook URL 확인됨: https://fnf365.webhook.office.com/webhookb2/dae107...
2025-12-18 11:04:00,472 - INFO - Teams 메시지 전송 완료
