2025-12-05 11:00:02,650 - INFO - ============================================================
2025-12-05 11:00:02,650 - INFO - 자동 대시보드 업데이트 시작
2025-12-05 11:00:02,651 - INFO - 시작 시간: 2025-12-05 11:00:02
2025-12-05 11:00:02,651 - INFO - ============================================================
2025-12-05 11:00:02,660 - WARNING - 이메일 설정이 없어 알림을 전송하지 않습니다.
2025-12-05 11:00:02,660 - INFO - ============================================================
2025-12-05 11:00:02,660 - INFO - [1] SQL에서 CSV 생성 시작
2025-12-05 11:00:02,661 - INFO - ============================================================
2025-12-05 11:00:24,918 - INFO - SQL → CSV 생성 완료
2025-12-05 11:00:24,918 - INFO - None
2025-12-05 11:00:24,918 - INFO - ============================================================
2025-12-05 11:00:24,918 - INFO - [NON 시즌 처리 시작]
2025-12-05 11:00:24,918 - INFO - ============================================================
2025-12-05 11:00:24,918 - INFO - ============================================================
2025-12-05 11:00:24,919 - INFO - [NON 환율 CSV 생성] FX_NON.csv 생성 시작
2025-12-05 11:00:24,919 - INFO - ============================================================
2025-12-05 11:00:45,622 - INFO - FX_NON.csv 생성 완료
2025-12-05 11:00:45,622 - INFO - None
2025-12-05 11:00:45,622 - INFO - ============================================================
2025-12-05 11:00:45,622 - INFO - [NON CSV 생성] 25FW 시즌 CSV 생성 시작
2025-12-05 11:00:45,622 - INFO - ============================================================
2025-12-05 11:01:26,300 - INFO - 25FW NON 시즌 CSV 생성 완료
2025-12-05 11:01:26,306 - INFO - None
2025-12-05 11:01:26,306 - INFO - ============================================================
2025-12-05 11:01:26,306 - INFO - [NON SUMMARY 생성] 25FW 시즌 SUMMARY JSON 생성 시작
2025-12-05 11:01:26,306 - INFO - ============================================================
2025-12-05 11:01:26,307 - INFO - 
25FW NON 브랜드 M 처리 중...
2025-12-05 11:01:26,809 - INFO - 25FW NON 브랜드 M SUMMARY 생성 완료
2025-12-05 11:01:26,809 - INFO - 
25FW NON 브랜드 I 처리 중...
2025-12-05 11:01:27,270 - INFO - 25FW NON 브랜드 I SUMMARY 생성 완료
2025-12-05 11:01:27,270 - INFO - 
25FW NON 브랜드 X 처리 중...
2025-12-05 11:01:27,734 - INFO - 25FW NON 브랜드 X SUMMARY 생성 완료
2025-12-05 11:01:27,734 - INFO - 
25FW NON SUMMARY 생성 완료: 3/3
2025-12-05 11:01:27,734 - INFO - 25FW_NON 인사이트 생성 (규칙 기반)
2025-12-05 11:01:27,734 - INFO - ============================================================
2025-12-05 11:01:27,734 - INFO - [인사이트 생성] 25FW_NON 시즌 인사이트 CSV 생성 시작
2025-12-05 11:01:27,734 - INFO - ============================================================
2025-12-05 11:01:28,228 - INFO - 25FW_NON 인사이트 CSV 생성 완료
2025-12-05 11:01:28,228 - INFO - None
2025-12-05 11:01:28,228 - INFO - ============================================================
2025-12-05 11:01:28,228 - INFO - [NON CSV 생성] 26SS 시즌 CSV 생성 시작
2025-12-05 11:01:28,228 - INFO - ============================================================
2025-12-05 11:01:49,490 - INFO - 26SS NON 시즌 CSV 생성 완료
2025-12-05 11:01:49,491 - INFO - None
2025-12-05 11:01:49,491 - INFO - ============================================================
2025-12-05 11:01:49,491 - INFO - [NON SUMMARY 생성] 26SS 시즌 SUMMARY JSON 생성 시작
2025-12-05 11:01:49,491 - INFO - ============================================================
2025-12-05 11:01:49,491 - INFO - 
26SS NON 브랜드 M 처리 중...
2025-12-05 11:01:49,963 - INFO - 26SS NON 브랜드 M SUMMARY 생성 완료
2025-12-05 11:01:49,963 - INFO - 
26SS NON 브랜드 I 처리 중...
2025-12-05 11:01:50,399 - INFO - 26SS NON 브랜드 I SUMMARY 생성 완료
2025-12-05 11:01:50,400 - INFO - 
26SS NON 브랜드 X 처리 중...
2025-12-05 11:01:50,837 - INFO - 26SS NON 브랜드 X SUMMARY 생성 완료
2025-12-05 11:01:50,837 - INFO - 
26SS NON SUMMARY 생성 완료: 3/3
2025-12-05 11:01:50,837 - INFO - 26SS_NON 인사이트 생성 (규칙 기반)
2025-12-05 11:01:50,837 - INFO - ============================================================
2025-12-05 11:01:50,837 - INFO - [인사이트 생성] 26SS_NON 시즌 인사이트 CSV 생성 시작
2025-12-05 11:01:50,837 - INFO - ============================================================
2025-12-05 11:01:51,279 - INFO - 26SS_NON 인사이트 CSV 생성 완료
2025-12-05 11:01:51,279 - INFO - None
2025-12-05 11:01:51,279 - INFO - ============================================================
2025-12-05 11:01:51,279 - INFO - [NON CSV 생성] 26FW 시즌 CSV 생성 시작
2025-12-05 11:01:51,279 - INFO - ============================================================
2025-12-05 11:02:17,004 - INFO - 26FW NON 시즌 CSV 생성 완료
2025-12-05 11:02:17,004 - INFO - None
2025-12-05 11:02:17,004 - INFO - ============================================================
2025-12-05 11:02:17,005 - INFO - [NON SUMMARY 생성] 26FW 시즌 SUMMARY JSON 생성 시작
2025-12-05 11:02:17,009 - INFO - ============================================================
2025-12-05 11:02:17,014 - INFO - 
26FW NON 브랜드 M 처리 중...
2025-12-05 11:02:17,521 - INFO - 26FW NON 브랜드 M SUMMARY 생성 완료
2025-12-05 11:02:17,521 - INFO - 
26FW NON 브랜드 I 처리 중...
2025-12-05 11:02:18,066 - INFO - 26FW NON 브랜드 I SUMMARY 생성 완료
2025-12-05 11:02:18,066 - INFO - 
26FW NON 브랜드 X 처리 중...
2025-12-05 11:02:18,516 - INFO - 26FW NON 브랜드 X SUMMARY 생성 완료
2025-12-05 11:02:18,516 - INFO - 
26FW NON SUMMARY 생성 완료: 3/3
2025-12-05 11:02:18,516 - INFO - 26FW_NON 인사이트 생성 (규칙 기반)
2025-12-05 11:02:18,516 - INFO - ============================================================
2025-12-05 11:02:18,516 - INFO - [인사이트 생성] 26FW_NON 시즌 인사이트 CSV 생성 시작
2025-12-05 11:02:18,516 - INFO - ============================================================
2025-12-05 11:02:18,986 - INFO - 26FW_NON 인사이트 CSV 생성 완료
2025-12-05 11:02:18,987 - INFO - None
2025-12-05 11:02:18,987 - INFO - ============================================================
2025-12-05 11:02:18,987 - INFO - [2] 25FW SUMMARY JSON 생성 시작
2025-12-05 11:02:18,987 - INFO - ============================================================
2025-12-05 11:02:18,987 - INFO - 
25FW 브랜드 M 처리 중...
2025-12-05 11:02:21,440 - INFO - 25FW 브랜드 M SUMMARY 생성 완료
2025-12-05 11:02:21,440 - INFO - 
25FW 브랜드 I 처리 중...
2025-12-05 11:02:22,207 - INFO - 25FW 브랜드 I SUMMARY 생성 완료
2025-12-05 11:02:22,207 - INFO - 
25FW 브랜드 X 처리 중...
2025-12-05 11:02:23,217 - INFO - 25FW 브랜드 X SUMMARY 생성 완료
2025-12-05 11:02:23,217 - INFO - 
25FW 브랜드 ST 처리 중...
2025-12-05 11:02:23,774 - INFO - 25FW 브랜드 ST SUMMARY 생성 완료
2025-12-05 11:02:23,774 - INFO - 
25FW 브랜드 V 처리 중...
2025-12-05 11:02:24,575 - INFO - 25FW 브랜드 V SUMMARY 생성 완료
2025-12-05 11:02:24,575 - INFO - 
25FW SUMMARY 생성 완료: 5/5
2025-12-05 11:02:24,575 - INFO - 25FW 인사이트 생성 (제외 브랜드: M, I, X)
2025-12-05 11:02:24,575 - INFO - ============================================================
2025-12-05 11:02:24,575 - INFO - [인사이트 생성] 25FW 시즌 인사이트 CSV 생성 시작
2025-12-05 11:02:24,576 - INFO - ============================================================
2025-12-05 11:02:25,033 - INFO - 25FW 인사이트 CSV 생성 완료
2025-12-05 11:02:25,035 - INFO - None
2025-12-05 11:02:25,037 - INFO - 25FW DISCOVERY-KIDS 인사이트 생성 (DISCOVERY 인사이트는 건드리지 않음)
2025-12-05 11:02:25,641 - INFO - 25FW DISCOVERY-KIDS 인사이트 생성 완료
2025-12-05 11:02:25,641 - INFO - None
2025-12-05 11:02:25,641 - INFO - 25SS 시즌 처리 (generate_summary_26ss.py 사용)
2025-12-05 11:02:25,641 - INFO - ============================================================
2025-12-05 11:02:25,641 - INFO - [3] 25SS SUMMARY JSON 생성 시작
2025-12-05 11:02:25,641 - INFO - ============================================================
2025-12-05 11:02:25,641 - INFO - 
25SS 브랜드 M 처리 중...
2025-12-05 11:02:28,114 - INFO - 25SS 브랜드 M SUMMARY 생성 완료
2025-12-05 11:02:28,115 - INFO - 
25SS 브랜드 I 처리 중...
2025-12-05 11:02:29,263 - INFO - 25SS 브랜드 I SUMMARY 생성 완료
2025-12-05 11:02:29,263 - INFO - 
25SS 브랜드 X 처리 중...
2025-12-05 11:02:30,432 - INFO - 25SS 브랜드 X SUMMARY 생성 완료
2025-12-05 11:02:30,432 - INFO - 
25SS 브랜드 ST 처리 중...
2025-12-05 11:02:31,106 - INFO - 25SS 브랜드 ST SUMMARY 생성 완료
2025-12-05 11:02:31,106 - INFO - 
25SS 브랜드 V 처리 중...
2025-12-05 11:02:31,792 - INFO - 25SS 브랜드 V SUMMARY 생성 완료
2025-12-05 11:02:31,792 - INFO - 
25SS SUMMARY 생성 완료: 5/5
2025-12-05 11:02:31,792 - INFO - 25SS 인사이트 생성 (규칙 기반)
2025-12-05 11:02:31,792 - INFO - ============================================================
2025-12-05 11:02:31,792 - INFO - [인사이트 생성] 25SS 시즌 인사이트 CSV 생성 시작
2025-12-05 11:02:31,792 - INFO - ============================================================
2025-12-05 11:02:32,296 - INFO - 25SS 인사이트 CSV 생성 완료
2025-12-05 11:02:32,296 - INFO - None
2025-12-05 11:02:32,296 - INFO - ============================================================
2025-12-05 11:02:32,296 - INFO - [3] 26SS SUMMARY JSON 생성 시작
2025-12-05 11:02:32,296 - INFO - ============================================================
2025-12-05 11:02:32,296 - INFO - 
26SS 브랜드 M 처리 중...
2025-12-05 11:02:34,418 - INFO - 26SS 브랜드 M SUMMARY 생성 완료
2025-12-05 11:02:34,418 - INFO - 
26SS 브랜드 I 처리 중...
2025-12-05 11:02:35,268 - INFO - 26SS 브랜드 I SUMMARY 생성 완료
2025-12-05 11:02:35,268 - INFO - 
26SS 브랜드 X 처리 중...
2025-12-05 11:02:36,121 - INFO - 26SS 브랜드 X SUMMARY 생성 완료
2025-12-05 11:02:36,123 - INFO - 
26SS 브랜드 ST 처리 중...
2025-12-05 11:02:36,883 - INFO - 26SS 브랜드 ST SUMMARY 생성 완료
2025-12-05 11:02:36,883 - INFO - 
26SS 브랜드 V 처리 중...
2025-12-05 11:02:37,409 - INFO - 26SS 브랜드 V SUMMARY 생성 완료
2025-12-05 11:02:37,409 - INFO - 
26SS SUMMARY 생성 완료: 5/5
2025-12-05 11:02:37,409 - INFO - 26SS 인사이트 생성 (규칙 기반)
2025-12-05 11:02:37,409 - INFO - ============================================================
2025-12-05 11:02:37,409 - INFO - [인사이트 생성] 26SS 시즌 인사이트 CSV 생성 시작
2025-12-05 11:02:37,409 - INFO - ============================================================
2025-12-05 11:02:37,877 - INFO - 26SS 인사이트 CSV 생성 완료
2025-12-05 11:02:37,877 - INFO - None
2025-12-05 11:02:37,877 - INFO - 26FW 시즌 처리 (generate_summary_26ss.py 사용)
2025-12-05 11:02:37,877 - INFO - ============================================================
2025-12-05 11:02:37,877 - INFO - [3] 26FW SUMMARY JSON 생성 시작
2025-12-05 11:02:37,877 - INFO - ============================================================
2025-12-05 11:02:37,877 - INFO - 
26FW 브랜드 M 처리 중...
2025-12-05 11:02:38,298 - INFO - 26FW 브랜드 M SUMMARY 생성 완료
2025-12-05 11:02:38,298 - INFO - 
26FW 브랜드 I 처리 중...
2025-12-05 11:02:38,707 - INFO - 26FW 브랜드 I SUMMARY 생성 완료
2025-12-05 11:02:38,708 - INFO - 
26FW 브랜드 X 처리 중...
2025-12-05 11:02:39,191 - INFO - 26FW 브랜드 X SUMMARY 생성 완료
2025-12-05 11:02:39,191 - INFO - 
26FW 브랜드 ST 처리 중...
2025-12-05 11:02:39,587 - INFO - 26FW 브랜드 ST SUMMARY 생성 완료
2025-12-05 11:02:39,587 - INFO - 
26FW 브랜드 V 처리 중...
2025-12-05 11:02:40,012 - INFO - 26FW 브랜드 V SUMMARY 생성 완료
2025-12-05 11:02:40,012 - INFO - 
26FW SUMMARY 생성 완료: 5/5
2025-12-05 11:02:40,012 - INFO - 26FW 인사이트 생성 (규칙 기반)
2025-12-05 11:02:40,013 - INFO - ============================================================
2025-12-05 11:02:40,013 - INFO - [인사이트 생성] 26FW 시즌 인사이트 CSV 생성 시작
2025-12-05 11:02:40,013 - INFO - ============================================================
2025-12-05 11:02:40,453 - INFO - 26FW 인사이트 CSV 생성 완료
2025-12-05 11:02:40,454 - INFO - None
2025-12-05 11:02:40,454 - INFO - ============================================================
2025-12-05 11:02:40,454 - INFO - [5] 파일 검증 시작
2025-12-05 11:02:40,454 - INFO - ============================================================
2025-12-05 11:02:40,454 - WARNING - 인사이트 CSV 없음: public\COST RAW\25FW\M_insight_25fw.csv
2025-12-05 11:02:40,454 - WARNING - 인사이트 CSV 없음: public\COST RAW\25FW\I_insight_25fw.csv
2025-12-05 11:02:40,454 - WARNING - 인사이트 CSV 없음: public\COST RAW\25FW\X_insight_25fw.csv
2025-12-05 11:02:40,456 - WARNING - CSV 파일 없음: public\COST RAW\26FW\M_26F.csv
2025-12-05 11:02:40,456 - WARNING - SUMMARY JSON 없음: public\COST RAW\26FW\summary_26fw_m.json
2025-12-05 11:02:40,456 - WARNING - 인사이트 CSV 없음: public\COST RAW\26FW\M_insight_26fw.csv
2025-12-05 11:02:40,456 - WARNING - CSV 파일 없음: public\COST RAW\26FW\I_26F.csv
2025-12-05 11:02:40,456 - WARNING - SUMMARY JSON 없음: public\COST RAW\26FW\summary_26fw_i.json
2025-12-05 11:02:40,456 - WARNING - 인사이트 CSV 없음: public\COST RAW\26FW\I_insight_26fw.csv
2025-12-05 11:02:40,456 - WARNING - CSV 파일 없음: public\COST RAW\26FW\X_26F.csv
2025-12-05 11:02:40,456 - WARNING - SUMMARY JSON 없음: public\COST RAW\26FW\summary_26fw_x.json
2025-12-05 11:02:40,456 - WARNING - DISCOVERY-KIDS SUMMARY JSON 없음: public\COST RAW\26FW\summary_26fw_x_kids.json
2025-12-05 11:02:40,456 - WARNING - 인사이트 CSV 없음: public\COST RAW\26FW\X_insight_26fw.csv
2025-12-05 11:02:40,457 - WARNING - DISCOVERY-KIDS 인사이트 CSV 없음: public\COST RAW\26FW\X_insight_26fw_kids.csv
2025-12-05 11:02:40,457 - WARNING - CSV 파일 없음: public\COST RAW\26FW\ST_26F.csv
2025-12-05 11:02:40,457 - WARNING - SUMMARY JSON 없음: public\COST RAW\26FW\summary_26fw_st.json
2025-12-05 11:02:40,457 - WARNING - 인사이트 CSV 없음: public\COST RAW\26FW\ST_insight_26fw.csv
2025-12-05 11:02:40,457 - WARNING - CSV 파일 없음: public\COST RAW\26FW\V_26F.csv
2025-12-05 11:02:40,457 - WARNING - SUMMARY JSON 없음: public\COST RAW\26FW\summary_26fw_v.json
2025-12-05 11:02:40,457 - WARNING - 인사이트 CSV 없음: public\COST RAW\26FW\V_insight_26fw.csv
2025-12-05 11:02:40,457 - WARNING - NON SUMMARY JSON 없음: public\COST RAW\25FW\summary_25fw_non_m_non.json
2025-12-05 11:02:40,457 - WARNING - NON 인사이트 CSV 없음: public\COST RAW\25FW\M_insight_25fw_non_non.csv
2025-12-05 11:02:40,457 - WARNING - NON SUMMARY JSON 없음: public\COST RAW\25FW\summary_25fw_non_i_non.json
2025-12-05 11:02:40,457 - WARNING - NON 인사이트 CSV 없음: public\COST RAW\25FW\I_insight_25fw_non_non.csv
2025-12-05 11:02:40,457 - WARNING - NON SUMMARY JSON 없음: public\COST RAW\25FW\summary_25fw_non_x_non.json
2025-12-05 11:02:40,458 - WARNING - NON 인사이트 CSV 없음: public\COST RAW\25FW\X_insight_25fw_non_non.csv
2025-12-05 11:02:40,458 - WARNING - NON SUMMARY JSON 없음: public\COST RAW\26SS\summary_26ss_non_m_non.json
2025-12-05 11:02:40,458 - WARNING - NON 인사이트 CSV 없음: public\COST RAW\26SS\M_insight_26ss_non_non.csv
2025-12-05 11:02:40,458 - WARNING - NON SUMMARY JSON 없음: public\COST RAW\26SS\summary_26ss_non_i_non.json
2025-12-05 11:02:40,458 - WARNING - NON 인사이트 CSV 없음: public\COST RAW\26SS\I_insight_26ss_non_non.csv
2025-12-05 11:02:40,458 - WARNING - NON SUMMARY JSON 없음: public\COST RAW\26SS\summary_26ss_non_x_non.json
2025-12-05 11:02:40,458 - WARNING - NON 인사이트 CSV 없음: public\COST RAW\26SS\X_insight_26ss_non_non.csv
2025-12-05 11:02:40,458 - WARNING - NON SUMMARY JSON 없음: public\COST RAW\26FW\summary_26fw_non_m_non.json
2025-12-05 11:02:40,458 - WARNING - NON 인사이트 CSV 없음: public\COST RAW\26FW\M_insight_26fw_non_non.csv
2025-12-05 11:02:40,458 - WARNING - NON SUMMARY JSON 없음: public\COST RAW\26FW\summary_26fw_non_i_non.json
2025-12-05 11:02:40,458 - WARNING - NON 인사이트 CSV 없음: public\COST RAW\26FW\I_insight_26fw_non_non.csv
2025-12-05 11:02:40,458 - WARNING - NON SUMMARY JSON 없음: public\COST RAW\26FW\summary_26fw_non_x_non.json
2025-12-05 11:02:40,459 - WARNING - NON 인사이트 CSV 없음: public\COST RAW\26FW\X_insight_26fw_non_non.csv
2025-12-05 11:02:40,459 - WARNING - 일부 파일이 누락되었습니다.
2025-12-05 11:02:40,459 - INFO - ============================================================
2025-12-05 11:02:40,459 - INFO - [5] Git 커밋 및 푸시 시작
2025-12-05 11:02:40,459 - INFO - ============================================================
2025-12-05 11:02:40,655 - INFO - 변경된 파일을 Git에 추가 중...
2025-12-05 11:02:40,784 - INFO - Git 커밋 중: Auto update: 2025-12-05 11:02:40
2025-12-05 11:02:40,905 - INFO - Git 커밋 완료
2025-12-05 11:02:40,905 - INFO - Git 푸시 중...
2025-12-05 11:02:43,755 - INFO - Git 푸시 완료
2025-12-05 11:02:43,755 - INFO - ============================================================
2025-12-05 11:02:43,755 - INFO - [5] Git 커밋 및 푸시 완료
2025-12-05 11:02:43,755 - INFO - ============================================================
2025-12-05 11:02:43,755 - INFO - ============================================================
2025-12-05 11:02:43,755 - INFO - 자동 대시보드 업데이트 완료
2025-12-05 11:02:43,755 - INFO - 종료 시간: 2025-12-05 11:02:43
2025-12-05 11:02:43,755 - INFO - 소요 시간: 161.1초
2025-12-05 11:02:43,755 - INFO - ============================================================
2025-12-05 11:02:43,755 - WARNING - 이메일 설정이 없어 알림을 전송하지 않습니다.
2025-12-05 11:04:22,776 - INFO - 윈도우 팝업 알림 표시 완료
2025-12-05 11:04:22,776 - INFO - Teams 메시지 전송 시도 중...
2025-12-05 11:04:22,776 - INFO - Teams Webhook URL 확인됨: https://fnf365.webhook.office.com/webhookb2/dae107...
2025-12-05 11:04:24,383 - INFO - Teams 메시지 전송 완료
