2025-12-10 11:00:02,793 - INFO - ============================================================
2025-12-10 11:00:02,793 - INFO - 자동 대시보드 업데이트 시작
2025-12-10 11:00:02,793 - INFO - 시작 시간: 2025-12-10 11:00:02
2025-12-10 11:00:02,793 - INFO - ============================================================
2025-12-10 11:00:02,809 - WARNING - 이메일 설정이 없어 알림을 전송하지 않습니다.
2025-12-10 11:00:02,809 - INFO - ============================================================
2025-12-10 11:00:02,809 - INFO - [1] SQL에서 CSV 생성 시작
2025-12-10 11:00:02,810 - INFO - ============================================================
2025-12-10 11:00:23,571 - INFO - SQL → CSV 생성 완료
2025-12-10 11:00:23,571 - INFO - None
2025-12-10 11:00:23,571 - INFO - ============================================================
2025-12-10 11:00:23,571 - INFO - [NON 시즌 처리 시작]
2025-12-10 11:00:23,571 - INFO - ============================================================
2025-12-10 11:00:23,571 - INFO - ============================================================
2025-12-10 11:00:23,571 - INFO - [NON 환율 CSV 생성] FX_NON.csv 생성 시작
2025-12-10 11:00:23,572 - INFO - ============================================================
2025-12-10 11:00:42,120 - INFO - FX_NON.csv 생성 완료
2025-12-10 11:00:42,120 - INFO - None
2025-12-10 11:00:42,122 - INFO - ============================================================
2025-12-10 11:00:42,122 - INFO - [NON CSV 생성] 25FW 시즌 CSV 생성 시작
2025-12-10 11:00:42,122 - INFO - ============================================================
2025-12-10 11:01:20,550 - INFO - 25FW NON 시즌 CSV 생성 완료
2025-12-10 11:01:20,551 - INFO - None
2025-12-10 11:01:20,551 - INFO - ============================================================
2025-12-10 11:01:20,552 - INFO - [NON SUMMARY 생성] 25FW 시즌 SUMMARY JSON 생성 시작
2025-12-10 11:01:20,556 - INFO - ============================================================
2025-12-10 11:01:20,556 - INFO - 
25FW NON 브랜드 M 처리 중...
2025-12-10 11:01:21,265 - INFO - 25FW NON 브랜드 M SUMMARY 생성 완료
2025-12-10 11:01:21,270 - INFO - 
25FW NON 브랜드 I 처리 중...
2025-12-10 11:01:21,713 - INFO - 25FW NON 브랜드 I SUMMARY 생성 완료
2025-12-10 11:01:21,713 - INFO - 
25FW NON 브랜드 X 처리 중...
2025-12-10 11:01:22,389 - INFO - 25FW NON 브랜드 X SUMMARY 생성 완료
2025-12-10 11:01:22,389 - INFO - 
25FW NON SUMMARY 생성 완료: 3/3
2025-12-10 11:01:22,389 - INFO - 25FW_NON 인사이트 생성 (규칙 기반)
2025-12-10 11:01:22,389 - INFO - ============================================================
2025-12-10 11:01:22,389 - INFO - [인사이트 생성] 25FW_NON 시즌 인사이트 CSV 생성 시작
2025-12-10 11:01:22,389 - INFO - ============================================================
2025-12-10 11:01:22,856 - INFO - 25FW_NON 인사이트 CSV 생성 완료
2025-12-10 11:01:22,856 - INFO - None
2025-12-10 11:01:22,856 - INFO - ============================================================
2025-12-10 11:01:22,856 - INFO - [NON CSV 생성] 26SS 시즌 CSV 생성 시작
2025-12-10 11:01:22,856 - INFO - ============================================================
2025-12-10 11:01:47,068 - INFO - 26SS NON 시즌 CSV 생성 완료
2025-12-10 11:01:47,069 - INFO - None
2025-12-10 11:01:47,069 - INFO - ============================================================
2025-12-10 11:01:47,069 - INFO - [NON SUMMARY 생성] 26SS 시즌 SUMMARY JSON 생성 시작
2025-12-10 11:01:47,069 - INFO - ============================================================
2025-12-10 11:01:47,069 - INFO - 
26SS NON 브랜드 M 처리 중...
2025-12-10 11:01:47,749 - INFO - 26SS NON 브랜드 M SUMMARY 생성 완료
2025-12-10 11:01:47,749 - INFO - 
26SS NON 브랜드 I 처리 중...
2025-12-10 11:01:48,195 - INFO - 26SS NON 브랜드 I SUMMARY 생성 완료
2025-12-10 11:01:48,195 - INFO - 
26SS NON 브랜드 X 처리 중...
2025-12-10 11:01:48,608 - INFO - 26SS NON 브랜드 X SUMMARY 생성 완료
2025-12-10 11:01:48,608 - INFO - 
26SS NON SUMMARY 생성 완료: 3/3
2025-12-10 11:01:48,608 - INFO - 26SS_NON 인사이트 생성 (규칙 기반)
2025-12-10 11:01:48,608 - INFO - ============================================================
2025-12-10 11:01:48,610 - INFO - [인사이트 생성] 26SS_NON 시즌 인사이트 CSV 생성 시작
2025-12-10 11:01:48,610 - INFO - ============================================================
2025-12-10 11:01:49,070 - INFO - 26SS_NON 인사이트 CSV 생성 완료
2025-12-10 11:01:49,070 - INFO - None
2025-12-10 11:01:49,070 - INFO - ============================================================
2025-12-10 11:01:49,070 - INFO - [NON CSV 생성] 26FW 시즌 CSV 생성 시작
2025-12-10 11:01:49,070 - INFO - ============================================================
2025-12-10 11:02:32,469 - INFO - 26FW NON 시즌 CSV 생성 완료
2025-12-10 11:02:32,469 - INFO - None
2025-12-10 11:02:32,469 - INFO - ============================================================
2025-12-10 11:02:32,469 - INFO - [NON SUMMARY 생성] 26FW 시즌 SUMMARY JSON 생성 시작
2025-12-10 11:02:32,469 - INFO - ============================================================
2025-12-10 11:02:32,469 - INFO - 
26FW NON 브랜드 M 처리 중...
2025-12-10 11:02:33,413 - INFO - 26FW NON 브랜드 M SUMMARY 생성 완료
2025-12-10 11:02:33,413 - INFO - 
26FW NON 브랜드 I 처리 중...
2025-12-10 11:02:34,368 - INFO - 26FW NON 브랜드 I SUMMARY 생성 완료
2025-12-10 11:02:34,368 - INFO - 
26FW NON 브랜드 X 처리 중...
2025-12-10 11:02:35,215 - INFO - 26FW NON 브랜드 X SUMMARY 생성 완료
2025-12-10 11:02:35,215 - INFO - 
26FW NON SUMMARY 생성 완료: 3/3
2025-12-10 11:02:35,215 - INFO - 26FW_NON 인사이트 생성 (규칙 기반)
2025-12-10 11:02:35,216 - INFO - ============================================================
2025-12-10 11:02:35,216 - INFO - [인사이트 생성] 26FW_NON 시즌 인사이트 CSV 생성 시작
2025-12-10 11:02:35,216 - INFO - ============================================================
2025-12-10 11:02:36,099 - INFO - 26FW_NON 인사이트 CSV 생성 완료
2025-12-10 11:02:36,099 - INFO - None
2025-12-10 11:02:36,099 - INFO - ============================================================
2025-12-10 11:02:36,099 - INFO - [2] 25FW SUMMARY JSON 생성 시작
2025-12-10 11:02:36,099 - INFO - ============================================================
2025-12-10 11:02:36,100 - INFO - 
25FW 브랜드 M 처리 중...
2025-12-10 11:02:40,939 - INFO - 25FW 브랜드 M SUMMARY 생성 완료
2025-12-10 11:02:40,939 - INFO - 
25FW 브랜드 I 처리 중...
2025-12-10 11:02:42,598 - INFO - 25FW 브랜드 I SUMMARY 생성 완료
2025-12-10 11:02:42,598 - INFO - 
25FW 브랜드 X 처리 중...
2025-12-10 11:02:44,729 - INFO - 25FW 브랜드 X SUMMARY 생성 완료
2025-12-10 11:02:44,729 - INFO - 
25FW 브랜드 ST 처리 중...
2025-12-10 11:02:45,945 - INFO - 25FW 브랜드 ST SUMMARY 생성 완료
2025-12-10 11:02:45,945 - INFO - 
25FW 브랜드 V 처리 중...
2025-12-10 11:02:47,496 - INFO - 25FW 브랜드 V SUMMARY 생성 완료
2025-12-10 11:02:47,498 - INFO - 
25FW SUMMARY 생성 완료: 5/5
2025-12-10 11:02:47,498 - INFO - 25FW 인사이트 생성 (제외 브랜드: M, I, X)
2025-12-10 11:02:47,498 - INFO - ============================================================
2025-12-10 11:02:47,499 - INFO - [인사이트 생성] 25FW 시즌 인사이트 CSV 생성 시작
2025-12-10 11:02:47,499 - INFO - ============================================================
2025-12-10 11:02:48,513 - INFO - 25FW 인사이트 CSV 생성 완료
2025-12-10 11:02:48,513 - INFO - None
2025-12-10 11:02:48,513 - INFO - 25FW DISCOVERY-KIDS 인사이트 생성 (DISCOVERY 인사이트는 건드리지 않음)
2025-12-10 11:02:49,417 - INFO - 25FW DISCOVERY-KIDS 인사이트 생성 완료
2025-12-10 11:02:49,417 - INFO - None
2025-12-10 11:02:49,417 - INFO - 25SS 시즌 처리 (generate_summary_26ss.py 사용)
2025-12-10 11:02:49,417 - INFO - ============================================================
2025-12-10 11:02:49,417 - INFO - [3] 25SS SUMMARY JSON 생성 시작
2025-12-10 11:02:49,417 - INFO - ============================================================
2025-12-10 11:02:49,417 - INFO - 
25SS 브랜드 M 처리 중...
2025-12-10 11:02:54,784 - INFO - 25SS 브랜드 M SUMMARY 생성 완료
2025-12-10 11:02:54,784 - INFO - 
25SS 브랜드 I 처리 중...
2025-12-10 11:02:56,811 - INFO - 25SS 브랜드 I SUMMARY 생성 완료
2025-12-10 11:02:56,811 - INFO - 
25SS 브랜드 X 처리 중...
2025-12-10 11:02:59,288 - INFO - 25SS 브랜드 X SUMMARY 생성 완료
2025-12-10 11:02:59,288 - INFO - 
25SS 브랜드 ST 처리 중...
2025-12-10 11:03:00,705 - INFO - 25SS 브랜드 ST SUMMARY 생성 완료
2025-12-10 11:03:00,705 - INFO - 
25SS 브랜드 V 처리 중...
2025-12-10 11:03:02,282 - INFO - 25SS 브랜드 V SUMMARY 생성 완료
2025-12-10 11:03:02,282 - INFO - 
25SS SUMMARY 생성 완료: 5/5
2025-12-10 11:03:02,283 - INFO - 25SS 인사이트 생성 (규칙 기반)
2025-12-10 11:03:02,283 - INFO - ============================================================
2025-12-10 11:03:02,284 - INFO - [인사이트 생성] 25SS 시즌 인사이트 CSV 생성 시작
2025-12-10 11:03:02,284 - INFO - ============================================================
2025-12-10 11:03:03,398 - INFO - 25SS 인사이트 CSV 생성 완료
2025-12-10 11:03:03,398 - INFO - None
2025-12-10 11:03:03,398 - INFO - ============================================================
2025-12-10 11:03:03,398 - INFO - [3] 26SS SUMMARY JSON 생성 시작
2025-12-10 11:03:03,398 - INFO - ============================================================
2025-12-10 11:03:03,398 - INFO - 
26SS 브랜드 M 처리 중...
2025-12-10 11:03:07,962 - INFO - 26SS 브랜드 M SUMMARY 생성 완료
2025-12-10 11:03:07,962 - INFO - 
26SS 브랜드 I 처리 중...
2025-12-10 11:03:09,980 - INFO - 26SS 브랜드 I SUMMARY 생성 완료
2025-12-10 11:03:09,980 - INFO - 
26SS 브랜드 X 처리 중...
2025-12-10 11:03:12,007 - INFO - 26SS 브랜드 X SUMMARY 생성 완료
2025-12-10 11:03:12,008 - INFO - 
26SS 브랜드 ST 처리 중...
2025-12-10 11:03:13,340 - INFO - 26SS 브랜드 ST SUMMARY 생성 완료
2025-12-10 11:03:13,340 - INFO - 
26SS 브랜드 V 처리 중...
2025-12-10 11:03:14,586 - INFO - 26SS 브랜드 V SUMMARY 생성 완료
2025-12-10 11:03:14,586 - INFO - 
26SS SUMMARY 생성 완료: 5/5
2025-12-10 11:03:14,587 - INFO - 26SS 인사이트 생성 (규칙 기반)
2025-12-10 11:03:14,587 - INFO - ============================================================
2025-12-10 11:03:14,587 - INFO - [인사이트 생성] 26SS 시즌 인사이트 CSV 생성 시작
2025-12-10 11:03:14,587 - INFO - ============================================================
2025-12-10 11:03:15,734 - INFO - 26SS 인사이트 CSV 생성 완료
2025-12-10 11:03:15,734 - INFO - None
2025-12-10 11:03:15,734 - INFO - 26FW 시즌 처리 (generate_summary_26ss.py 사용)
2025-12-10 11:03:15,734 - INFO - ============================================================
2025-12-10 11:03:15,734 - INFO - [3] 26FW SUMMARY JSON 생성 시작
2025-12-10 11:03:15,735 - INFO - ============================================================
2025-12-10 11:03:15,735 - INFO - 
26FW 브랜드 M 처리 중...
2025-12-10 11:03:16,654 - INFO - 26FW 브랜드 M SUMMARY 생성 완료
2025-12-10 11:03:16,655 - INFO - 
26FW 브랜드 I 처리 중...
2025-12-10 11:03:17,590 - INFO - 26FW 브랜드 I SUMMARY 생성 완료
2025-12-10 11:03:17,590 - INFO - 
26FW 브랜드 X 처리 중...
2025-12-10 11:03:18,499 - INFO - 26FW 브랜드 X SUMMARY 생성 완료
2025-12-10 11:03:18,500 - INFO - 
26FW 브랜드 ST 처리 중...
2025-12-10 11:03:19,407 - INFO - 26FW 브랜드 ST SUMMARY 생성 완료
2025-12-10 11:03:19,407 - INFO - 
26FW 브랜드 V 처리 중...
2025-12-10 11:03:20,432 - INFO - 26FW 브랜드 V SUMMARY 생성 완료
2025-12-10 11:03:20,432 - INFO - 
26FW SUMMARY 생성 완료: 5/5
2025-12-10 11:03:20,432 - INFO - 26FW 인사이트 생성 (규칙 기반)
2025-12-10 11:03:20,433 - INFO - ============================================================
2025-12-10 11:03:20,433 - INFO - [인사이트 생성] 26FW 시즌 인사이트 CSV 생성 시작
2025-12-10 11:03:20,433 - INFO - ============================================================
2025-12-10 11:03:21,311 - INFO - 26FW 인사이트 CSV 생성 완료
2025-12-10 11:03:21,311 - INFO - None
2025-12-10 11:03:21,312 - INFO - ============================================================
2025-12-10 11:03:21,312 - INFO - [5] 파일 검증 시작
2025-12-10 11:03:21,312 - INFO - ============================================================
2025-12-10 11:03:21,313 - WARNING - 인사이트 CSV 없음: public\COST RAW\25FW\M_insight_25fw.csv
2025-12-10 11:03:21,313 - WARNING - 인사이트 CSV 없음: public\COST RAW\25FW\I_insight_25fw.csv
2025-12-10 11:03:21,314 - WARNING - 인사이트 CSV 없음: public\COST RAW\25FW\X_insight_25fw.csv
2025-12-10 11:03:21,317 - WARNING - CSV 파일 없음: public\COST RAW\26FW\M_26F.csv
2025-12-10 11:03:21,318 - WARNING - SUMMARY JSON 없음: public\COST RAW\26FW\summary_26fw_m.json
2025-12-10 11:03:21,318 - WARNING - 인사이트 CSV 없음: public\COST RAW\26FW\M_insight_26fw.csv
2025-12-10 11:03:21,318 - WARNING - CSV 파일 없음: public\COST RAW\26FW\I_26F.csv
2025-12-10 11:03:21,319 - WARNING - SUMMARY JSON 없음: public\COST RAW\26FW\summary_26fw_i.json
2025-12-10 11:03:21,319 - WARNING - 인사이트 CSV 없음: public\COST RAW\26FW\I_insight_26fw.csv
2025-12-10 11:03:21,319 - WARNING - CSV 파일 없음: public\COST RAW\26FW\X_26F.csv
2025-12-10 11:03:21,320 - WARNING - SUMMARY JSON 없음: public\COST RAW\26FW\summary_26fw_x.json
2025-12-10 11:03:21,320 - WARNING - DISCOVERY-KIDS SUMMARY JSON 없음: public\COST RAW\26FW\summary_26fw_x_kids.json
2025-12-10 11:03:21,321 - WARNING - 인사이트 CSV 없음: public\COST RAW\26FW\X_insight_26fw.csv
2025-12-10 11:03:21,321 - WARNING - DISCOVERY-KIDS 인사이트 CSV 없음: public\COST RAW\26FW\X_insight_26fw_kids.csv
2025-12-10 11:03:21,322 - WARNING - CSV 파일 없음: public\COST RAW\26FW\ST_26F.csv
2025-12-10 11:03:21,322 - WARNING - SUMMARY JSON 없음: public\COST RAW\26FW\summary_26fw_st.json
2025-12-10 11:03:21,323 - WARNING - 인사이트 CSV 없음: public\COST RAW\26FW\ST_insight_26fw.csv
2025-12-10 11:03:21,323 - WARNING - CSV 파일 없음: public\COST RAW\26FW\V_26F.csv
2025-12-10 11:03:21,324 - WARNING - SUMMARY JSON 없음: public\COST RAW\26FW\summary_26fw_v.json
2025-12-10 11:03:21,324 - WARNING - 인사이트 CSV 없음: public\COST RAW\26FW\V_insight_26fw.csv
2025-12-10 11:03:21,325 - WARNING - NON SUMMARY JSON 없음: public\COST RAW\25FW\summary_25fw_non_m_non.json
2025-12-10 11:03:21,325 - WARNING - NON 인사이트 CSV 없음: public\COST RAW\25FW\M_insight_25fw_non_non.csv
2025-12-10 11:03:21,325 - WARNING - NON SUMMARY JSON 없음: public\COST RAW\25FW\summary_25fw_non_i_non.json
2025-12-10 11:03:21,325 - WARNING - NON 인사이트 CSV 없음: public\COST RAW\25FW\I_insight_25fw_non_non.csv
2025-12-10 11:03:21,326 - WARNING - NON SUMMARY JSON 없음: public\COST RAW\25FW\summary_25fw_non_x_non.json
2025-12-10 11:03:21,326 - WARNING - NON 인사이트 CSV 없음: public\COST RAW\25FW\X_insight_25fw_non_non.csv
2025-12-10 11:03:21,326 - WARNING - NON SUMMARY JSON 없음: public\COST RAW\26SS\summary_26ss_non_m_non.json
2025-12-10 11:03:21,327 - WARNING - NON 인사이트 CSV 없음: public\COST RAW\26SS\M_insight_26ss_non_non.csv
2025-12-10 11:03:21,327 - WARNING - NON SUMMARY JSON 없음: public\COST RAW\26SS\summary_26ss_non_i_non.json
2025-12-10 11:03:21,327 - WARNING - NON 인사이트 CSV 없음: public\COST RAW\26SS\I_insight_26ss_non_non.csv
2025-12-10 11:03:21,327 - WARNING - NON SUMMARY JSON 없음: public\COST RAW\26SS\summary_26ss_non_x_non.json
2025-12-10 11:03:21,327 - WARNING - NON 인사이트 CSV 없음: public\COST RAW\26SS\X_insight_26ss_non_non.csv
2025-12-10 11:03:21,328 - WARNING - NON SUMMARY JSON 없음: public\COST RAW\26FW\summary_26fw_non_m_non.json
2025-12-10 11:03:21,328 - WARNING - NON 인사이트 CSV 없음: public\COST RAW\26FW\M_insight_26fw_non_non.csv
2025-12-10 11:03:21,328 - WARNING - NON SUMMARY JSON 없음: public\COST RAW\26FW\summary_26fw_non_i_non.json
2025-12-10 11:03:21,328 - WARNING - NON 인사이트 CSV 없음: public\COST RAW\26FW\I_insight_26fw_non_non.csv
2025-12-10 11:03:21,329 - WARNING - NON SUMMARY JSON 없음: public\COST RAW\26FW\summary_26fw_non_x_non.json
2025-12-10 11:03:21,329 - WARNING - NON 인사이트 CSV 없음: public\COST RAW\26FW\X_insight_26fw_non_non.csv
2025-12-10 11:03:21,329 - WARNING - 일부 파일이 누락되었습니다.
2025-12-10 11:03:21,329 - INFO - ============================================================
2025-12-10 11:03:21,329 - INFO - [5] Git 커밋 및 푸시 시작
2025-12-10 11:03:21,329 - INFO - ============================================================
2025-12-10 11:03:21,754 - INFO - 변경된 파일을 Git에 추가 중...
2025-12-10 11:03:21,995 - INFO - Git 커밋 중: Auto update: 2025-12-10 11:03:21
2025-12-10 11:03:22,350 - INFO - Git 커밋 완료
2025-12-10 11:03:22,350 - INFO - Git 푸시 중...
2025-12-10 11:03:25,898 - INFO - Git 푸시 완료
2025-12-10 11:03:25,899 - INFO - ============================================================
2025-12-10 11:03:25,899 - INFO - [5] Git 커밋 및 푸시 완료
2025-12-10 11:03:25,899 - INFO - ============================================================
2025-12-10 11:03:25,899 - INFO - ============================================================
2025-12-10 11:03:25,900 - INFO - [6] Vercel 배포 시작
2025-12-10 11:03:25,900 - INFO - ============================================================
2025-12-10 11:03:25,904 - WARNING - Vercel CLI가 설치되어 있지 않습니다. 배포를 건너뜁니다.
2025-12-10 11:03:25,904 - WARNING - Vercel 배포 실패했지만 계속 진행합니다.
2025-12-10 11:03:25,904 - INFO - ============================================================
2025-12-10 11:03:25,904 - INFO - 자동 대시보드 업데이트 완료
2025-12-10 11:03:25,905 - INFO - 종료 시간: 2025-12-10 11:03:25
2025-12-10 11:03:25,905 - INFO - 소요 시간: 203.1초
2025-12-10 11:03:25,905 - INFO - ============================================================
2025-12-10 11:03:25,905 - WARNING - 이메일 설정이 없어 알림을 전송하지 않습니다.
2025-12-10 11:03:30,445 - INFO - 윈도우 팝업 알림 표시 완료
2025-12-10 11:03:30,445 - INFO - Teams 메시지 전송 시도 중...
2025-12-10 11:03:30,446 - INFO - Teams Webhook URL 확인됨: https://fnf365.webhook.office.com/webhookb2/dae107...
2025-12-10 11:03:32,666 - INFO - Teams 메시지 전송 완료
