2025-12-08 11:00:02,721 - INFO - ============================================================
2025-12-08 11:00:02,721 - INFO - 자동 대시보드 업데이트 시작
2025-12-08 11:00:02,722 - INFO - 시작 시간: 2025-12-08 11:00:02
2025-12-08 11:00:02,722 - INFO - ============================================================
2025-12-08 11:00:02,732 - WARNING - 이메일 설정이 없어 알림을 전송하지 않습니다.
2025-12-08 11:00:02,733 - INFO - ============================================================
2025-12-08 11:00:02,733 - INFO - [1] SQL에서 CSV 생성 시작
2025-12-08 11:00:02,734 - INFO - ============================================================
2025-12-08 11:00:22,766 - INFO - SQL → CSV 생성 완료
2025-12-08 11:00:22,766 - INFO - None
2025-12-08 11:00:22,766 - INFO - ============================================================
2025-12-08 11:00:22,767 - INFO - [NON 시즌 처리 시작]
2025-12-08 11:00:22,767 - INFO - ============================================================
2025-12-08 11:00:22,767 - INFO - ============================================================
2025-12-08 11:00:22,768 - INFO - [NON 환율 CSV 생성] FX_NON.csv 생성 시작
2025-12-08 11:00:22,768 - INFO - ============================================================
2025-12-08 11:00:37,737 - INFO - FX_NON.csv 생성 완료
2025-12-08 11:00:37,737 - INFO - None
2025-12-08 11:00:37,737 - INFO - ============================================================
2025-12-08 11:00:37,738 - INFO - [NON CSV 생성] 25FW 시즌 CSV 생성 시작
2025-12-08 11:00:37,738 - INFO - ============================================================
2025-12-08 11:01:13,893 - INFO - 25FW NON 시즌 CSV 생성 완료
2025-12-08 11:01:13,894 - INFO - None
2025-12-08 11:01:13,894 - INFO - ============================================================
2025-12-08 11:01:13,894 - INFO - [NON SUMMARY 생성] 25FW 시즌 SUMMARY JSON 생성 시작
2025-12-08 11:01:13,895 - INFO - ============================================================
2025-12-08 11:01:13,896 - INFO - 
25FW NON 브랜드 M 처리 중...
2025-12-08 11:01:17,552 - INFO - 25FW NON 브랜드 M SUMMARY 생성 완료
2025-12-08 11:01:17,552 - INFO - 
25FW NON 브랜드 I 처리 중...
2025-12-08 11:01:22,346 - INFO - 25FW NON 브랜드 I SUMMARY 생성 완료
2025-12-08 11:01:22,348 - INFO - 
25FW NON 브랜드 X 처리 중...
2025-12-08 11:01:26,642 - INFO - 25FW NON 브랜드 X SUMMARY 생성 완료
2025-12-08 11:01:26,643 - INFO - 
25FW NON SUMMARY 생성 완료: 3/3
2025-12-08 11:01:26,643 - INFO - 25FW_NON 인사이트 생성 (규칙 기반)
2025-12-08 11:01:26,643 - INFO - ============================================================
2025-12-08 11:01:26,643 - INFO - [인사이트 생성] 25FW_NON 시즌 인사이트 CSV 생성 시작
2025-12-08 11:01:26,643 - INFO - ============================================================
2025-12-08 11:01:31,401 - INFO - 25FW_NON 인사이트 CSV 생성 완료
2025-12-08 11:01:31,404 - INFO - None
2025-12-08 11:01:31,406 - INFO - ============================================================
2025-12-08 11:01:31,408 - INFO - [NON CSV 생성] 26SS 시즌 CSV 생성 시작
2025-12-08 11:01:31,411 - INFO - ============================================================
2025-12-08 11:02:00,701 - INFO - 26SS NON 시즌 CSV 생성 완료
2025-12-08 11:02:00,702 - INFO - None
2025-12-08 11:02:00,702 - INFO - ============================================================
2025-12-08 11:02:00,703 - INFO - [NON SUMMARY 생성] 26SS 시즌 SUMMARY JSON 생성 시작
2025-12-08 11:02:00,705 - INFO - ============================================================
2025-12-08 11:02:00,708 - INFO - 
26SS NON 브랜드 M 처리 중...
2025-12-08 11:02:01,856 - INFO - 26SS NON 브랜드 M SUMMARY 생성 완료
2025-12-08 11:02:01,858 - INFO - 
26SS NON 브랜드 I 처리 중...
2025-12-08 11:02:02,522 - INFO - 26SS NON 브랜드 I SUMMARY 생성 완료
2025-12-08 11:02:02,522 - INFO - 
26SS NON 브랜드 X 처리 중...
2025-12-08 11:02:03,171 - INFO - 26SS NON 브랜드 X SUMMARY 생성 완료
2025-12-08 11:02:03,171 - INFO - 
26SS NON SUMMARY 생성 완료: 3/3
2025-12-08 11:02:03,171 - INFO - 26SS_NON 인사이트 생성 (규칙 기반)
2025-12-08 11:02:03,171 - INFO - ============================================================
2025-12-08 11:02:03,171 - INFO - [인사이트 생성] 26SS_NON 시즌 인사이트 CSV 생성 시작
2025-12-08 11:02:03,172 - INFO - ============================================================
2025-12-08 11:02:03,787 - INFO - 26SS_NON 인사이트 CSV 생성 완료
2025-12-08 11:02:03,788 - INFO - None
2025-12-08 11:02:03,788 - INFO - ============================================================
2025-12-08 11:02:03,788 - INFO - [NON CSV 생성] 26FW 시즌 CSV 생성 시작
2025-12-08 11:02:03,788 - INFO - ============================================================
2025-12-08 11:02:27,223 - INFO - 26FW NON 시즌 CSV 생성 완료
2025-12-08 11:02:27,223 - INFO - None
2025-12-08 11:02:27,223 - INFO - ============================================================
2025-12-08 11:02:27,225 - INFO - [NON SUMMARY 생성] 26FW 시즌 SUMMARY JSON 생성 시작
2025-12-08 11:02:27,225 - INFO - ============================================================
2025-12-08 11:02:27,225 - INFO - 
26FW NON 브랜드 M 처리 중...
2025-12-08 11:02:27,922 - INFO - 26FW NON 브랜드 M SUMMARY 생성 완료
2025-12-08 11:02:27,923 - INFO - 
26FW NON 브랜드 I 처리 중...
2025-12-08 11:02:28,577 - INFO - 26FW NON 브랜드 I SUMMARY 생성 완료
2025-12-08 11:02:28,577 - INFO - 
26FW NON 브랜드 X 처리 중...
2025-12-08 11:02:29,113 - INFO - 26FW NON 브랜드 X SUMMARY 생성 완료
2025-12-08 11:02:29,113 - INFO - 
26FW NON SUMMARY 생성 완료: 3/3
2025-12-08 11:02:29,113 - INFO - 26FW_NON 인사이트 생성 (규칙 기반)
2025-12-08 11:02:29,113 - INFO - ============================================================
2025-12-08 11:02:29,113 - INFO - [인사이트 생성] 26FW_NON 시즌 인사이트 CSV 생성 시작
2025-12-08 11:02:29,113 - INFO - ============================================================
2025-12-08 11:02:29,811 - INFO - 26FW_NON 인사이트 CSV 생성 완료
2025-12-08 11:02:29,811 - INFO - None
2025-12-08 11:02:29,811 - INFO - ============================================================
2025-12-08 11:02:29,811 - INFO - [2] 25FW SUMMARY JSON 생성 시작
2025-12-08 11:02:29,811 - INFO - ============================================================
2025-12-08 11:02:29,812 - INFO - 
25FW 브랜드 M 처리 중...
2025-12-08 11:02:32,529 - INFO - 25FW 브랜드 M SUMMARY 생성 완료
2025-12-08 11:02:32,529 - INFO - 
25FW 브랜드 I 처리 중...
2025-12-08 11:02:33,703 - INFO - 25FW 브랜드 I SUMMARY 생성 완료
2025-12-08 11:02:33,705 - INFO - 
25FW 브랜드 X 처리 중...
2025-12-08 11:02:35,196 - INFO - 25FW 브랜드 X SUMMARY 생성 완료
2025-12-08 11:02:35,197 - INFO - 
25FW 브랜드 ST 처리 중...
2025-12-08 11:02:36,135 - INFO - 25FW 브랜드 ST SUMMARY 생성 완료
2025-12-08 11:02:36,135 - INFO - 
25FW 브랜드 V 처리 중...
2025-12-08 11:02:38,192 - INFO - 25FW 브랜드 V SUMMARY 생성 완료
2025-12-08 11:02:38,192 - INFO - 
25FW SUMMARY 생성 완료: 5/5
2025-12-08 11:02:38,193 - INFO - 25FW 인사이트 생성 (제외 브랜드: M, I, X)
2025-12-08 11:02:38,194 - INFO - ============================================================
2025-12-08 11:02:38,194 - INFO - [인사이트 생성] 25FW 시즌 인사이트 CSV 생성 시작
2025-12-08 11:02:38,194 - INFO - ============================================================
2025-12-08 11:02:39,263 - INFO - 25FW 인사이트 CSV 생성 완료
2025-12-08 11:02:39,263 - INFO - None
2025-12-08 11:02:39,264 - INFO - 25FW DISCOVERY-KIDS 인사이트 생성 (DISCOVERY 인사이트는 건드리지 않음)
2025-12-08 11:02:40,080 - INFO - 25FW DISCOVERY-KIDS 인사이트 생성 완료
2025-12-08 11:02:40,080 - INFO - None
2025-12-08 11:02:40,080 - INFO - 25SS 시즌 처리 (generate_summary_26ss.py 사용)
2025-12-08 11:02:40,080 - INFO - ============================================================
2025-12-08 11:02:40,080 - INFO - [3] 25SS SUMMARY JSON 생성 시작
2025-12-08 11:02:40,080 - INFO - ============================================================
2025-12-08 11:02:40,080 - INFO - 
25SS 브랜드 M 처리 중...
2025-12-08 11:02:43,063 - INFO - 25SS 브랜드 M SUMMARY 생성 완료
2025-12-08 11:02:43,063 - INFO - 
25SS 브랜드 I 처리 중...
2025-12-08 11:02:45,097 - INFO - 25SS 브랜드 I SUMMARY 생성 완료
2025-12-08 11:02:45,097 - INFO - 
25SS 브랜드 X 처리 중...
2025-12-08 11:02:50,389 - INFO - 25SS 브랜드 X SUMMARY 생성 완료
2025-12-08 11:02:50,390 - INFO - 
25SS 브랜드 ST 처리 중...
2025-12-08 11:02:52,781 - INFO - 25SS 브랜드 ST SUMMARY 생성 완료
2025-12-08 11:02:52,782 - INFO - 
25SS 브랜드 V 처리 중...
2025-12-08 11:02:56,353 - INFO - 25SS 브랜드 V SUMMARY 생성 완료
2025-12-08 11:02:56,353 - INFO - 
25SS SUMMARY 생성 완료: 5/5
2025-12-08 11:02:56,353 - INFO - 25SS 인사이트 생성 (규칙 기반)
2025-12-08 11:02:56,353 - INFO - ============================================================
2025-12-08 11:02:56,354 - INFO - [인사이트 생성] 25SS 시즌 인사이트 CSV 생성 시작
2025-12-08 11:02:56,354 - INFO - ============================================================
2025-12-08 11:02:58,127 - INFO - 25SS 인사이트 CSV 생성 완료
2025-12-08 11:02:58,127 - INFO - None
2025-12-08 11:02:58,128 - INFO - ============================================================
2025-12-08 11:02:58,128 - INFO - [3] 26SS SUMMARY JSON 생성 시작
2025-12-08 11:02:58,128 - INFO - ============================================================
2025-12-08 11:02:58,129 - INFO - 
26SS 브랜드 M 처리 중...
2025-12-08 11:03:00,692 - INFO - 26SS 브랜드 M SUMMARY 생성 완료
2025-12-08 11:03:00,694 - INFO - 
26SS 브랜드 I 처리 중...
2025-12-08 11:03:03,521 - INFO - 26SS 브랜드 I SUMMARY 생성 완료
2025-12-08 11:03:03,522 - INFO - 
26SS 브랜드 X 처리 중...
2025-12-08 11:03:06,594 - INFO - 26SS 브랜드 X SUMMARY 생성 완료
2025-12-08 11:03:06,594 - INFO - 
26SS 브랜드 ST 처리 중...
2025-12-08 11:03:08,098 - INFO - 26SS 브랜드 ST SUMMARY 생성 완료
2025-12-08 11:03:08,098 - INFO - 
26SS 브랜드 V 처리 중...
2025-12-08 11:03:09,183 - INFO - 26SS 브랜드 V SUMMARY 생성 완료
2025-12-08 11:03:09,184 - INFO - 
26SS SUMMARY 생성 완료: 5/5
2025-12-08 11:03:09,185 - INFO - 26SS 인사이트 생성 (규칙 기반)
2025-12-08 11:03:09,189 - INFO - ============================================================
2025-12-08 11:03:09,189 - INFO - [인사이트 생성] 26SS 시즌 인사이트 CSV 생성 시작
2025-12-08 11:03:09,189 - INFO - ============================================================
2025-12-08 11:03:10,074 - INFO - 26SS 인사이트 CSV 생성 완료
2025-12-08 11:03:10,074 - INFO - None
2025-12-08 11:03:10,075 - INFO - 26FW 시즌 처리 (generate_summary_26ss.py 사용)
2025-12-08 11:03:10,075 - INFO - ============================================================
2025-12-08 11:03:10,075 - INFO - [3] 26FW SUMMARY JSON 생성 시작
2025-12-08 11:03:10,075 - INFO - ============================================================
2025-12-08 11:03:10,075 - INFO - 
26FW 브랜드 M 처리 중...
2025-12-08 11:03:11,507 - INFO - 26FW 브랜드 M SUMMARY 생성 완료
2025-12-08 11:03:11,508 - INFO - 
26FW 브랜드 I 처리 중...
2025-12-08 11:03:15,005 - INFO - 26FW 브랜드 I SUMMARY 생성 완료
2025-12-08 11:03:15,005 - INFO - 
26FW 브랜드 X 처리 중...
2025-12-08 11:03:18,854 - INFO - 26FW 브랜드 X SUMMARY 생성 완료
2025-12-08 11:03:18,854 - INFO - 
26FW 브랜드 ST 처리 중...
2025-12-08 11:03:22,496 - INFO - 26FW 브랜드 ST SUMMARY 생성 완료
2025-12-08 11:03:22,496 - INFO - 
26FW 브랜드 V 처리 중...
2025-12-08 11:03:23,944 - INFO - 26FW 브랜드 V SUMMARY 생성 완료
2025-12-08 11:03:23,946 - INFO - 
26FW SUMMARY 생성 완료: 5/5
2025-12-08 11:03:23,947 - INFO - 26FW 인사이트 생성 (규칙 기반)
2025-12-08 11:03:23,948 - INFO - ============================================================
2025-12-08 11:03:23,950 - INFO - [인사이트 생성] 26FW 시즌 인사이트 CSV 생성 시작
2025-12-08 11:03:23,950 - INFO - ============================================================
2025-12-08 11:03:27,336 - INFO - 26FW 인사이트 CSV 생성 완료
2025-12-08 11:03:27,337 - INFO - None
2025-12-08 11:03:27,339 - INFO - ============================================================
2025-12-08 11:03:27,341 - INFO - [5] 파일 검증 시작
2025-12-08 11:03:27,343 - INFO - ============================================================
2025-12-08 11:03:27,345 - WARNING - 인사이트 CSV 없음: public\COST RAW\25FW\M_insight_25fw.csv
2025-12-08 11:03:27,347 - WARNING - 인사이트 CSV 없음: public\COST RAW\25FW\I_insight_25fw.csv
2025-12-08 11:03:27,349 - WARNING - 인사이트 CSV 없음: public\COST RAW\25FW\X_insight_25fw.csv
2025-12-08 11:03:27,353 - WARNING - CSV 파일 없음: public\COST RAW\26FW\M_26F.csv
2025-12-08 11:03:27,353 - WARNING - SUMMARY JSON 없음: public\COST RAW\26FW\summary_26fw_m.json
2025-12-08 11:03:27,355 - WARNING - 인사이트 CSV 없음: public\COST RAW\26FW\M_insight_26fw.csv
2025-12-08 11:03:27,357 - WARNING - CSV 파일 없음: public\COST RAW\26FW\I_26F.csv
2025-12-08 11:03:27,359 - WARNING - SUMMARY JSON 없음: public\COST RAW\26FW\summary_26fw_i.json
2025-12-08 11:03:27,360 - WARNING - 인사이트 CSV 없음: public\COST RAW\26FW\I_insight_26fw.csv
2025-12-08 11:03:27,361 - WARNING - CSV 파일 없음: public\COST RAW\26FW\X_26F.csv
2025-12-08 11:03:27,363 - WARNING - SUMMARY JSON 없음: public\COST RAW\26FW\summary_26fw_x.json
2025-12-08 11:03:27,365 - WARNING - DISCOVERY-KIDS SUMMARY JSON 없음: public\COST RAW\26FW\summary_26fw_x_kids.json
2025-12-08 11:03:27,367 - WARNING - 인사이트 CSV 없음: public\COST RAW\26FW\X_insight_26fw.csv
2025-12-08 11:03:27,367 - WARNING - DISCOVERY-KIDS 인사이트 CSV 없음: public\COST RAW\26FW\X_insight_26fw_kids.csv
2025-12-08 11:03:27,368 - WARNING - CSV 파일 없음: public\COST RAW\26FW\ST_26F.csv
2025-12-08 11:03:27,368 - WARNING - SUMMARY JSON 없음: public\COST RAW\26FW\summary_26fw_st.json
2025-12-08 11:03:27,370 - WARNING - 인사이트 CSV 없음: public\COST RAW\26FW\ST_insight_26fw.csv
2025-12-08 11:03:27,370 - WARNING - CSV 파일 없음: public\COST RAW\26FW\V_26F.csv
2025-12-08 11:03:27,370 - WARNING - SUMMARY JSON 없음: public\COST RAW\26FW\summary_26fw_v.json
2025-12-08 11:03:27,371 - WARNING - 인사이트 CSV 없음: public\COST RAW\26FW\V_insight_26fw.csv
2025-12-08 11:03:27,371 - WARNING - NON SUMMARY JSON 없음: public\COST RAW\25FW\summary_25fw_non_m_non.json
2025-12-08 11:03:27,372 - WARNING - NON 인사이트 CSV 없음: public\COST RAW\25FW\M_insight_25fw_non_non.csv
2025-12-08 11:03:27,372 - WARNING - NON SUMMARY JSON 없음: public\COST RAW\25FW\summary_25fw_non_i_non.json
2025-12-08 11:03:27,372 - WARNING - NON 인사이트 CSV 없음: public\COST RAW\25FW\I_insight_25fw_non_non.csv
2025-12-08 11:03:27,372 - WARNING - NON SUMMARY JSON 없음: public\COST RAW\25FW\summary_25fw_non_x_non.json
2025-12-08 11:03:27,372 - WARNING - NON 인사이트 CSV 없음: public\COST RAW\25FW\X_insight_25fw_non_non.csv
2025-12-08 11:03:27,373 - WARNING - NON SUMMARY JSON 없음: public\COST RAW\26SS\summary_26ss_non_m_non.json
2025-12-08 11:03:27,373 - WARNING - NON 인사이트 CSV 없음: public\COST RAW\26SS\M_insight_26ss_non_non.csv
2025-12-08 11:03:27,373 - WARNING - NON SUMMARY JSON 없음: public\COST RAW\26SS\summary_26ss_non_i_non.json
2025-12-08 11:03:27,373 - WARNING - NON 인사이트 CSV 없음: public\COST RAW\26SS\I_insight_26ss_non_non.csv
2025-12-08 11:03:27,373 - WARNING - NON SUMMARY JSON 없음: public\COST RAW\26SS\summary_26ss_non_x_non.json
2025-12-08 11:03:27,374 - WARNING - NON 인사이트 CSV 없음: public\COST RAW\26SS\X_insight_26ss_non_non.csv
2025-12-08 11:03:27,374 - WARNING - NON SUMMARY JSON 없음: public\COST RAW\26FW\summary_26fw_non_m_non.json
2025-12-08 11:03:27,374 - WARNING - NON 인사이트 CSV 없음: public\COST RAW\26FW\M_insight_26fw_non_non.csv
2025-12-08 11:03:27,376 - WARNING - NON SUMMARY JSON 없음: public\COST RAW\26FW\summary_26fw_non_i_non.json
2025-12-08 11:03:27,376 - WARNING - NON 인사이트 CSV 없음: public\COST RAW\26FW\I_insight_26fw_non_non.csv
2025-12-08 11:03:27,376 - WARNING - NON SUMMARY JSON 없음: public\COST RAW\26FW\summary_26fw_non_x_non.json
2025-12-08 11:03:27,378 - WARNING - NON 인사이트 CSV 없음: public\COST RAW\26FW\X_insight_26fw_non_non.csv
2025-12-08 11:03:27,380 - WARNING - 일부 파일이 누락되었습니다.
2025-12-08 11:03:27,382 - INFO - ============================================================
2025-12-08 11:03:27,383 - INFO - [5] Git 커밋 및 푸시 시작
2025-12-08 11:03:27,383 - INFO - ============================================================
2025-12-08 11:03:27,679 - INFO - 변경된 파일을 Git에 추가 중...
2025-12-08 11:03:27,755 - INFO - Git 커밋 중: Auto update: 2025-12-08 11:03:27
2025-12-08 11:03:27,900 - INFO - Git 커밋 완료
2025-12-08 11:03:27,901 - INFO - Git 푸시 중...
2025-12-08 11:03:30,477 - INFO - Git 푸시 완료
2025-12-08 11:03:30,479 - INFO - ============================================================
2025-12-08 11:03:30,480 - INFO - [5] Git 커밋 및 푸시 완료
2025-12-08 11:03:30,480 - INFO - ============================================================
2025-12-08 11:03:30,480 - INFO - ============================================================
2025-12-08 11:03:30,480 - INFO - 자동 대시보드 업데이트 완료
2025-12-08 11:03:30,481 - INFO - 종료 시간: 2025-12-08 11:03:30
2025-12-08 11:03:30,481 - INFO - 소요 시간: 207.8초
2025-12-08 11:03:30,481 - INFO - ============================================================
2025-12-08 11:03:30,482 - WARNING - 이메일 설정이 없어 알림을 전송하지 않습니다.
2025-12-08 12:08:49,143 - INFO - 윈도우 팝업 알림 표시 완료
2025-12-08 12:08:49,144 - INFO - Teams 메시지 전송 시도 중...
2025-12-08 12:08:49,144 - INFO - Teams Webhook URL 확인됨: https://fnf365.webhook.office.com/webhookb2/dae107...
2025-12-08 12:08:51,502 - INFO - Teams 메시지 전송 완료
