2025-12-16 11:00:02,562 - INFO - ============================================================
2025-12-16 11:00:02,562 - INFO - 자동 대시보드 업데이트 시작
2025-12-16 11:00:02,562 - INFO - 시작 시간: 2025-12-16 11:00:02
2025-12-16 11:00:02,562 - INFO - ============================================================
2025-12-16 11:00:02,578 - WARNING - 이메일 설정이 없어 알림을 전송하지 않습니다.
2025-12-16 11:00:02,578 - INFO - ============================================================
2025-12-16 11:00:02,578 - INFO - [1] SQL에서 CSV 생성 시작
2025-12-16 11:00:02,578 - INFO - ============================================================
2025-12-16 11:00:38,335 - INFO - SQL → CSV 생성 완료
2025-12-16 11:00:38,335 - INFO - None
2025-12-16 11:00:38,335 - INFO - ============================================================
2025-12-16 11:00:38,335 - INFO - [NON 시즌 처리 시작]
2025-12-16 11:00:38,335 - INFO - ============================================================
2025-12-16 11:00:38,335 - INFO - ============================================================
2025-12-16 11:00:38,341 - INFO - [NON 환율 CSV 생성] FX_NON.csv 생성 시작
2025-12-16 11:00:38,341 - INFO - ============================================================
2025-12-16 11:00:56,648 - INFO - FX_NON.csv 생성 완료
2025-12-16 11:00:56,648 - INFO - None
2025-12-16 11:00:56,648 - INFO - ============================================================
2025-12-16 11:00:56,648 - INFO - [NON CSV 생성] 25FW 시즌 CSV 생성 시작
2025-12-16 11:00:56,648 - INFO - ============================================================
2025-12-16 11:02:11,446 - INFO - 25FW NON 시즌 CSV 생성 완료
2025-12-16 11:02:11,446 - INFO - None
2025-12-16 11:02:11,446 - INFO - ============================================================
2025-12-16 11:02:11,446 - INFO - [NON SUMMARY 생성] 25FW 시즌 SUMMARY JSON 생성 시작
2025-12-16 11:02:11,446 - INFO - ============================================================
2025-12-16 11:02:11,446 - INFO - 
25FW NON 브랜드 M 처리 중...
2025-12-16 11:02:12,442 - INFO - 25FW NON 브랜드 M SUMMARY 생성 완료
2025-12-16 11:02:12,442 - INFO - 
25FW NON 브랜드 I 처리 중...
2025-12-16 11:02:13,444 - INFO - 25FW NON 브랜드 I SUMMARY 생성 완료
2025-12-16 11:02:13,444 - INFO - 
25FW NON 브랜드 X 처리 중...
2025-12-16 11:02:14,474 - INFO - 25FW NON 브랜드 X SUMMARY 생성 완료
2025-12-16 11:02:14,474 - INFO - 
25FW NON SUMMARY 생성 완료: 3/3
2025-12-16 11:02:14,474 - INFO - 25FW_NON 인사이트 생성 (규칙 기반)
2025-12-16 11:02:14,474 - INFO - ============================================================
2025-12-16 11:02:14,474 - INFO - [인사이트 생성] 25FW_NON 시즌 인사이트 CSV 생성 시작
2025-12-16 11:02:14,474 - INFO - ============================================================
2025-12-16 11:02:15,474 - INFO - 25FW_NON 인사이트 CSV 생성 완료
2025-12-16 11:02:15,474 - INFO - None
2025-12-16 11:02:15,474 - INFO - ============================================================
2025-12-16 11:02:15,474 - INFO - [NON CSV 생성] 26SS 시즌 CSV 생성 시작
2025-12-16 11:02:15,474 - INFO - ============================================================
2025-12-16 11:03:02,778 - INFO - 26SS NON 시즌 CSV 생성 완료
2025-12-16 11:03:02,778 - INFO - None
2025-12-16 11:03:02,778 - INFO - ============================================================
2025-12-16 11:03:02,778 - INFO - [NON SUMMARY 생성] 26SS 시즌 SUMMARY JSON 생성 시작
2025-12-16 11:03:02,778 - INFO - ============================================================
2025-12-16 11:03:02,778 - INFO - 
26SS NON 브랜드 M 처리 중...
2025-12-16 11:03:03,921 - INFO - 26SS NON 브랜드 M SUMMARY 생성 완료
2025-12-16 11:03:03,921 - INFO - 
26SS NON 브랜드 I 처리 중...
2025-12-16 11:03:05,055 - INFO - 26SS NON 브랜드 I SUMMARY 생성 완료
2025-12-16 11:03:05,055 - INFO - 
26SS NON 브랜드 X 처리 중...
2025-12-16 11:03:06,083 - INFO - 26SS NON 브랜드 X SUMMARY 생성 완료
2025-12-16 11:03:06,083 - INFO - 
26SS NON SUMMARY 생성 완료: 3/3
2025-12-16 11:03:06,083 - INFO - 26SS_NON 인사이트 생성 (규칙 기반)
2025-12-16 11:03:06,083 - INFO - ============================================================
2025-12-16 11:03:06,083 - INFO - [인사이트 생성] 26SS_NON 시즌 인사이트 CSV 생성 시작
2025-12-16 11:03:06,083 - INFO - ============================================================
2025-12-16 11:03:07,116 - INFO - 26SS_NON 인사이트 CSV 생성 완료
2025-12-16 11:03:07,116 - INFO - None
2025-12-16 11:03:07,116 - INFO - ============================================================
2025-12-16 11:03:07,116 - INFO - [NON CSV 생성] 26FW 시즌 CSV 생성 시작
2025-12-16 11:03:07,116 - INFO - ============================================================
2025-12-16 11:03:54,408 - INFO - 26FW NON 시즌 CSV 생성 완료
2025-12-16 11:03:54,408 - INFO - None
2025-12-16 11:03:54,408 - INFO - ============================================================
2025-12-16 11:03:54,408 - INFO - [NON SUMMARY 생성] 26FW 시즌 SUMMARY JSON 생성 시작
2025-12-16 11:03:54,408 - INFO - ============================================================
2025-12-16 11:03:54,408 - INFO - 
26FW NON 브랜드 M 처리 중...
2025-12-16 11:03:55,457 - INFO - 26FW NON 브랜드 M SUMMARY 생성 완료
2025-12-16 11:03:55,457 - INFO - 
26FW NON 브랜드 I 처리 중...
2025-12-16 11:03:56,361 - INFO - 26FW NON 브랜드 I SUMMARY 생성 완료
2025-12-16 11:03:56,361 - INFO - 
26FW NON 브랜드 X 처리 중...
2025-12-16 11:03:57,170 - INFO - 26FW NON 브랜드 X SUMMARY 생성 완료
2025-12-16 11:03:57,170 - INFO - 
26FW NON SUMMARY 생성 완료: 3/3
2025-12-16 11:03:57,170 - INFO - 26FW_NON 인사이트 생성 (규칙 기반)
2025-12-16 11:03:57,170 - INFO - ============================================================
2025-12-16 11:03:57,170 - INFO - [인사이트 생성] 26FW_NON 시즌 인사이트 CSV 생성 시작
2025-12-16 11:03:57,170 - INFO - ============================================================
2025-12-16 11:03:58,136 - INFO - 26FW_NON 인사이트 CSV 생성 완료
2025-12-16 11:03:58,136 - INFO - None
2025-12-16 11:03:58,136 - INFO - ============================================================
2025-12-16 11:03:58,136 - INFO - [2] 25FW SUMMARY JSON 생성 시작
2025-12-16 11:03:58,136 - INFO - ============================================================
2025-12-16 11:03:58,136 - INFO - 
25FW 브랜드 M 처리 중...
2025-12-16 11:04:03,594 - INFO - 25FW 브랜드 M SUMMARY 생성 완료
2025-12-16 11:04:03,594 - INFO - 
25FW 브랜드 I 처리 중...
2025-12-16 11:04:05,499 - INFO - 25FW 브랜드 I SUMMARY 생성 완료
2025-12-16 11:04:05,499 - INFO - 
25FW 브랜드 X 처리 중...
2025-12-16 11:04:07,997 - INFO - 25FW 브랜드 X SUMMARY 생성 완료
2025-12-16 11:04:07,997 - INFO - 
25FW 브랜드 ST 처리 중...
2025-12-16 11:04:09,363 - INFO - 25FW 브랜드 ST SUMMARY 생성 완료
2025-12-16 11:04:09,363 - INFO - 
25FW 브랜드 V 처리 중...
2025-12-16 11:04:11,072 - INFO - 25FW 브랜드 V SUMMARY 생성 완료
2025-12-16 11:04:11,072 - INFO - 
25FW SUMMARY 생성 완료: 5/5
2025-12-16 11:04:11,072 - INFO - 25FW 인사이트 생성 (제외 브랜드: M, I, X)
2025-12-16 11:04:11,072 - INFO - ============================================================
2025-12-16 11:04:11,088 - INFO - [인사이트 생성] 25FW 시즌 인사이트 CSV 생성 시작
2025-12-16 11:04:11,088 - INFO - ============================================================
2025-12-16 11:04:12,055 - INFO - 25FW 인사이트 CSV 생성 완료
2025-12-16 11:04:12,055 - INFO - None
2025-12-16 11:04:12,055 - INFO - 25FW DISCOVERY-KIDS 인사이트 생성 (DISCOVERY 인사이트는 건드리지 않음)
2025-12-16 11:04:13,150 - INFO - 25FW DISCOVERY-KIDS 인사이트 생성 완료
2025-12-16 11:04:13,150 - INFO - None
2025-12-16 11:04:13,150 - INFO - 25SS 시즌 처리 (generate_summary_26ss.py 사용)
2025-12-16 11:04:13,150 - INFO - ============================================================
2025-12-16 11:04:13,150 - INFO - [3] 25SS SUMMARY JSON 생성 시작
2025-12-16 11:04:13,150 - INFO - ============================================================
2025-12-16 11:04:13,150 - INFO - 
25SS 브랜드 M 처리 중...
2025-12-16 11:04:18,760 - INFO - 25SS 브랜드 M SUMMARY 생성 완료
2025-12-16 11:04:18,760 - INFO - 
25SS 브랜드 I 처리 중...
2025-12-16 11:04:20,804 - INFO - 25SS 브랜드 I SUMMARY 생성 완료
2025-12-16 11:04:20,804 - INFO - 
25SS 브랜드 X 처리 중...
2025-12-16 11:04:23,322 - INFO - 25SS 브랜드 X SUMMARY 생성 완료
2025-12-16 11:04:23,322 - INFO - 
25SS 브랜드 ST 처리 중...
2025-12-16 11:04:24,713 - INFO - 25SS 브랜드 ST SUMMARY 생성 완료
2025-12-16 11:04:24,713 - INFO - 
25SS 브랜드 V 처리 중...
2025-12-16 11:04:26,249 - INFO - 25SS 브랜드 V SUMMARY 생성 완료
2025-12-16 11:04:26,249 - INFO - 
25SS SUMMARY 생성 완료: 5/5
2025-12-16 11:04:26,249 - INFO - 25SS 인사이트 생성 (규칙 기반)
2025-12-16 11:04:26,249 - INFO - ============================================================
2025-12-16 11:04:26,249 - INFO - [인사이트 생성] 25SS 시즌 인사이트 CSV 생성 시작
2025-12-16 11:04:26,249 - INFO - ============================================================
2025-12-16 11:04:27,359 - INFO - 25SS 인사이트 CSV 생성 완료
2025-12-16 11:04:27,359 - INFO - None
2025-12-16 11:04:27,359 - INFO - ============================================================
2025-12-16 11:04:27,359 - INFO - [3] 26SS SUMMARY JSON 생성 시작
2025-12-16 11:04:27,359 - INFO - ============================================================
2025-12-16 11:04:27,359 - INFO - 
26SS 브랜드 M 처리 중...
2025-12-16 11:04:32,215 - INFO - 26SS 브랜드 M SUMMARY 생성 완료
2025-12-16 11:04:32,215 - INFO - 
26SS 브랜드 I 처리 중...
2025-12-16 11:04:34,177 - INFO - 26SS 브랜드 I SUMMARY 생성 완료
2025-12-16 11:04:34,177 - INFO - 
26SS 브랜드 X 처리 중...
2025-12-16 11:04:36,004 - INFO - 26SS 브랜드 X SUMMARY 생성 완료
2025-12-16 11:04:36,004 - INFO - 
26SS 브랜드 ST 처리 중...
2025-12-16 11:04:37,343 - INFO - 26SS 브랜드 ST SUMMARY 생성 완료
2025-12-16 11:04:37,343 - INFO - 
26SS 브랜드 V 처리 중...
2025-12-16 11:04:38,571 - INFO - 26SS 브랜드 V SUMMARY 생성 완료
2025-12-16 11:04:38,571 - INFO - 
26SS SUMMARY 생성 완료: 5/5
2025-12-16 11:04:38,571 - INFO - 26SS 인사이트 생성 (규칙 기반)
2025-12-16 11:04:38,571 - INFO - ============================================================
2025-12-16 11:04:38,571 - INFO - [인사이트 생성] 26SS 시즌 인사이트 CSV 생성 시작
2025-12-16 11:04:38,571 - INFO - ============================================================
2025-12-16 11:04:39,735 - INFO - 26SS 인사이트 CSV 생성 완료
2025-12-16 11:04:39,735 - INFO - None
2025-12-16 11:04:39,735 - INFO - 26FW 시즌 처리 (generate_summary_26ss.py 사용)
2025-12-16 11:04:39,735 - INFO - ============================================================
2025-12-16 11:04:39,735 - INFO - [3] 26FW SUMMARY JSON 생성 시작
2025-12-16 11:04:39,735 - INFO - ============================================================
2025-12-16 11:04:39,735 - INFO - 
26FW 브랜드 M 처리 중...
2025-12-16 11:04:40,608 - INFO - 26FW 브랜드 M SUMMARY 생성 완료
2025-12-16 11:04:40,608 - INFO - 
26FW 브랜드 I 처리 중...
2025-12-16 11:04:41,560 - INFO - 26FW 브랜드 I SUMMARY 생성 완료
2025-12-16 11:04:41,560 - INFO - 
26FW 브랜드 X 처리 중...
2025-12-16 11:04:42,506 - INFO - 26FW 브랜드 X SUMMARY 생성 완료
2025-12-16 11:04:42,506 - INFO - 
26FW 브랜드 ST 처리 중...
2025-12-16 11:04:43,623 - INFO - 26FW 브랜드 ST SUMMARY 생성 완료
2025-12-16 11:04:43,623 - INFO - 
26FW 브랜드 V 처리 중...
2025-12-16 11:04:44,667 - INFO - 26FW 브랜드 V SUMMARY 생성 완료
2025-12-16 11:04:44,667 - INFO - 
26FW SUMMARY 생성 완료: 5/5
2025-12-16 11:04:44,667 - INFO - 26FW 인사이트 생성 (규칙 기반)
2025-12-16 11:04:44,667 - INFO - ============================================================
2025-12-16 11:04:44,667 - INFO - [인사이트 생성] 26FW 시즌 인사이트 CSV 생성 시작
2025-12-16 11:04:44,667 - INFO - ============================================================
2025-12-16 11:04:45,729 - INFO - 26FW 인사이트 CSV 생성 완료
2025-12-16 11:04:45,729 - INFO - None
2025-12-16 11:04:45,729 - INFO - ============================================================
2025-12-16 11:04:45,729 - INFO - [5] 파일 검증 시작
2025-12-16 11:04:45,729 - INFO - ============================================================
2025-12-16 11:04:45,729 - WARNING - 인사이트 CSV 없음: public\COST RAW\25FW\M_insight_25fw.csv
2025-12-16 11:04:45,729 - WARNING - 인사이트 CSV 없음: public\COST RAW\25FW\I_insight_25fw.csv
2025-12-16 11:04:45,729 - WARNING - 인사이트 CSV 없음: public\COST RAW\25FW\X_insight_25fw.csv
2025-12-16 11:04:45,746 - WARNING - CSV 파일 없음: public\COST RAW\26FW\M_26F.csv
2025-12-16 11:04:45,746 - WARNING - SUMMARY JSON 없음: public\COST RAW\26FW\summary_26fw_m.json
2025-12-16 11:04:45,746 - WARNING - 인사이트 CSV 없음: public\COST RAW\26FW\M_insight_26fw.csv
2025-12-16 11:04:45,746 - WARNING - CSV 파일 없음: public\COST RAW\26FW\I_26F.csv
2025-12-16 11:04:45,746 - WARNING - SUMMARY JSON 없음: public\COST RAW\26FW\summary_26fw_i.json
2025-12-16 11:04:45,746 - WARNING - 인사이트 CSV 없음: public\COST RAW\26FW\I_insight_26fw.csv
2025-12-16 11:04:45,746 - WARNING - CSV 파일 없음: public\COST RAW\26FW\X_26F.csv
2025-12-16 11:04:45,746 - WARNING - SUMMARY JSON 없음: public\COST RAW\26FW\summary_26fw_x.json
2025-12-16 11:04:45,746 - WARNING - DISCOVERY-KIDS SUMMARY JSON 없음: public\COST RAW\26FW\summary_26fw_x_kids.json
2025-12-16 11:04:45,746 - WARNING - 인사이트 CSV 없음: public\COST RAW\26FW\X_insight_26fw.csv
2025-12-16 11:04:45,746 - WARNING - DISCOVERY-KIDS 인사이트 CSV 없음: public\COST RAW\26FW\X_insight_26fw_kids.csv
2025-12-16 11:04:45,746 - WARNING - CSV 파일 없음: public\COST RAW\26FW\ST_26F.csv
2025-12-16 11:04:45,746 - WARNING - SUMMARY JSON 없음: public\COST RAW\26FW\summary_26fw_st.json
2025-12-16 11:04:45,761 - WARNING - 인사이트 CSV 없음: public\COST RAW\26FW\ST_insight_26fw.csv
2025-12-16 11:04:45,761 - WARNING - CSV 파일 없음: public\COST RAW\26FW\V_26F.csv
2025-12-16 11:04:45,761 - WARNING - SUMMARY JSON 없음: public\COST RAW\26FW\summary_26fw_v.json
2025-12-16 11:04:45,761 - WARNING - 인사이트 CSV 없음: public\COST RAW\26FW\V_insight_26fw.csv
2025-12-16 11:04:45,761 - WARNING - NON SUMMARY JSON 없음: public\COST RAW\25FW\summary_25fw_non_m_non.json
2025-12-16 11:04:45,761 - WARNING - NON 인사이트 CSV 없음: public\COST RAW\25FW\M_insight_25fw_non_non.csv
2025-12-16 11:04:45,761 - WARNING - NON SUMMARY JSON 없음: public\COST RAW\25FW\summary_25fw_non_i_non.json
2025-12-16 11:04:45,761 - WARNING - NON 인사이트 CSV 없음: public\COST RAW\25FW\I_insight_25fw_non_non.csv
2025-12-16 11:04:45,761 - WARNING - NON SUMMARY JSON 없음: public\COST RAW\25FW\summary_25fw_non_x_non.json
2025-12-16 11:04:45,761 - WARNING - NON 인사이트 CSV 없음: public\COST RAW\25FW\X_insight_25fw_non_non.csv
2025-12-16 11:04:45,761 - WARNING - NON SUMMARY JSON 없음: public\COST RAW\26SS\summary_26ss_non_m_non.json
2025-12-16 11:04:45,761 - WARNING - NON 인사이트 CSV 없음: public\COST RAW\26SS\M_insight_26ss_non_non.csv
2025-12-16 11:04:45,761 - WARNING - NON SUMMARY JSON 없음: public\COST RAW\26SS\summary_26ss_non_i_non.json
2025-12-16 11:04:45,761 - WARNING - NON 인사이트 CSV 없음: public\COST RAW\26SS\I_insight_26ss_non_non.csv
2025-12-16 11:04:45,761 - WARNING - NON SUMMARY JSON 없음: public\COST RAW\26SS\summary_26ss_non_x_non.json
2025-12-16 11:04:45,761 - WARNING - NON 인사이트 CSV 없음: public\COST RAW\26SS\X_insight_26ss_non_non.csv
2025-12-16 11:04:45,761 - WARNING - NON SUMMARY JSON 없음: public\COST RAW\26FW\summary_26fw_non_m_non.json
2025-12-16 11:04:45,761 - WARNING - NON 인사이트 CSV 없음: public\COST RAW\26FW\M_insight_26fw_non_non.csv
2025-12-16 11:04:45,777 - WARNING - NON SUMMARY JSON 없음: public\COST RAW\26FW\summary_26fw_non_i_non.json
2025-12-16 11:04:45,777 - WARNING - NON 인사이트 CSV 없음: public\COST RAW\26FW\I_insight_26fw_non_non.csv
2025-12-16 11:04:45,777 - WARNING - NON SUMMARY JSON 없음: public\COST RAW\26FW\summary_26fw_non_x_non.json
2025-12-16 11:04:45,777 - WARNING - NON 인사이트 CSV 없음: public\COST RAW\26FW\X_insight_26fw_non_non.csv
2025-12-16 11:04:45,777 - WARNING - 일부 파일이 누락되었습니다.
2025-12-16 11:04:45,777 - INFO - ============================================================
2025-12-16 11:04:45,777 - INFO - [5] Git 커밋 및 푸시 시작
2025-12-16 11:04:45,777 - INFO - ============================================================
2025-12-16 11:04:46,109 - INFO - 변경된 파일을 Git에 추가 중...
2025-12-16 11:04:46,263 - INFO - Git 커밋 중: Auto update: 2025-12-16 11:04:46
2025-12-16 11:04:46,487 - INFO - Git 커밋 완료
2025-12-16 11:04:46,487 - INFO - Git 푸시 중...
2025-12-16 11:04:50,034 - INFO - Git 푸시 완료
2025-12-16 11:04:50,034 - INFO - ============================================================
2025-12-16 11:04:50,034 - INFO - [5] Git 커밋 및 푸시 완료
2025-12-16 11:04:50,034 - INFO - ============================================================
2025-12-16 11:04:50,034 - INFO - ============================================================
2025-12-16 11:04:50,034 - INFO - [6] Vercel 배포 시작
2025-12-16 11:04:50,034 - INFO - ============================================================
2025-12-16 11:04:50,034 - WARNING - Vercel CLI가 설치되어 있지 않습니다. 배포를 건너뜁니다.
2025-12-16 11:04:50,034 - WARNING - Vercel 배포 실패했지만 계속 진행합니다.
2025-12-16 11:04:50,034 - INFO - ============================================================
2025-12-16 11:04:50,034 - INFO - 자동 대시보드 업데이트 완료
2025-12-16 11:04:50,034 - INFO - 종료 시간: 2025-12-16 11:04:50
2025-12-16 11:04:50,034 - INFO - 소요 시간: 287.5초
2025-12-16 11:04:50,034 - INFO - ============================================================
2025-12-16 11:04:50,034 - WARNING - 이메일 설정이 없어 알림을 전송하지 않습니다.
2025-12-16 11:04:54,093 - INFO - 윈도우 팝업 알림 표시 완료
2025-12-16 11:04:54,093 - INFO - Teams 메시지 전송 시도 중...
2025-12-16 11:04:54,093 - INFO - Teams Webhook URL 확인됨: https://fnf365.webhook.office.com/webhookb2/dae107...
2025-12-16 11:04:55,504 - INFO - Teams 메시지 전송 완료
